# JRE version: Java(TM) SE Runtime Environment (19.0.2+7) (build 19.0.2+7-44)
# Java VM: Java HotSpot(TM) 64-Bit Server VM (19.0.2+7-44, mixed mode, sharing, tiered, compressed oops, compressed class ptrs, g1 gc, windows-amd64)
GC Precious Log:
 CardTable entry size: 512
 Card Set container configuration: InlinePtr #cards 4 size 8 Array Of Cards #cards 16 size 48 Howl #buckets 8 coarsen threshold 3686 Howl Bitmap #cards 512 size 80 coarsen threshold 460 Card regions per heap region 1 cards per card region 4096
 CPUs: 16 total, 16 available
 Memory: 16005M
 Large Page Support: Disabled
 NUMA Support: Disabled
 Compressed Oops: Enabled (Zero based)
 Heap Region Size: 2M
 Heap Min Capacity: 8M
 Heap Initial Capacity: 252M
 Heap Max Capacity: 4002M
 Pre-touch: Disabled
 Parallel Workers: 13
 Concurrent Workers: 3
 Concurrent Refinement Workers: 13
 Periodic GC: Disabled
Heap:
 garbage-first heap   total 258048K, used 162449K [0x0000000705e00000, 0x0000000800000000)
  region size 2048K, 56 young (114688K), 6 survivors (12288K)
 Metaspace       used 36422K, committed 37056K, reserved 1114112K
  class space    used 3749K, committed 4096K, reserved 1048576K
GC Heap History (20 events):
Event: 3.476 GC heap before
{Heap before GC invocations=10 (full 0):
 garbage-first heap   total 104448K, used 75194K [0x0000000705e00000, 0x0000000800000000)
  region size 2048K, 14 young (28672K), 2 survivors (4096K)
 Metaspace       used 27451K, committed 27840K, reserved 1114112K
  class space    used 2860K, committed 3072K, reserved 1048576K
}
Event: 3.479 GC heap after
{Heap after GC invocations=11 (full 0):
 garbage-first heap   total 104448K, used 51826K [0x0000000705e00000, 0x0000000800000000)
  region size 2048K, 1 young (2048K), 1 survivors (2048K)
 Metaspace       used 27451K, committed 27840K, reserved 1114112K
  class space    used 2860K, committed 3072K, reserved 1048576K
}
Event: 3.559 GC heap before
{Heap before GC invocations=12 (full 0):
 garbage-first heap   total 104448K, used 76402K [0x0000000705e00000, 0x0000000800000000)
  region size 2048K, 13 young (26624K), 1 survivors (2048K)
 Metaspace       used 27559K, committed 28032K, reserved 1114112K
  class space    used 2866K, committed 3072K, reserved 1048576K
}
Event: 3.560 GC heap after
{Heap after GC invocations=13 (full 0):
 garbage-first heap   total 104448K, used 51882K [0x0000000705e00000, 0x0000000800000000)
  region size 2048K, 1 young (2048K), 1 survivors (2048K)
 Metaspace       used 27559K, committed 28032K, reserved 1114112K
  class space    used 2866K, committed 3072K, reserved 1048576K
}
Event: 3.566 GC heap before
{Heap before GC invocations=13 (full 0):
 garbage-first heap   total 104448K, used 53930K [0x0000000705e00000, 0x0000000800000000)
  region size 2048K, 2 young (4096K), 1 survivors (2048K)
 Metaspace       used 27575K, committed 28096K, reserved 1114112K
  class space    used 2867K, committed 3136K, reserved 1048576K
}
Event: 3.568 GC heap after
{Heap after GC invocations=14 (full 0):
 garbage-first heap   total 139264K, used 51126K [0x0000000705e00000, 0x0000000800000000)
  region size 2048K, 1 young (2048K), 1 survivors (2048K)
 Metaspace       used 27575K, committed 28096K, reserved 1114112K
  class space    used 2867K, committed 3136K, reserved 1048576K
}
Event: 3.747 GC heap before
{Heap before GC invocations=14 (full 0):
 garbage-first heap   total 139264K, used 100278K [0x0000000705e00000, 0x0000000800000000)
  region size 2048K, 26 young (53248K), 1 survivors (2048K)
 Metaspace       used 27924K, committed 28416K, reserved 1114112K
  class space    used 2924K, committed 3200K, reserved 1048576K
}
Event: 3.749 GC heap after
{Heap after GC invocations=15 (full 0):
 garbage-first heap   total 139264K, used 51321K [0x0000000705e00000, 0x0000000800000000)
  region size 2048K, 1 young (2048K), 1 survivors (2048K)
 Metaspace       used 27924K, committed 28416K, reserved 1114112K
  class space    used 2924K, committed 3200K, reserved 1048576K
}
Event: 3.916 GC heap before
{Heap before GC invocations=15 (full 0):
 garbage-first heap   total 139264K, used 102521K [0x0000000705e00000, 0x0000000800000000)
  region size 2048K, 27 young (55296K), 1 survivors (2048K)
 Metaspace       used 28348K, committed 28928K, reserved 1114112K
  class space    used 2958K, committed 3264K, reserved 1048576K
}
Event: 3.918 GC heap after
{Heap after GC invocations=16 (full 0):
 garbage-first heap   total 139264K, used 52430K [0x0000000705e00000, 0x0000000800000000)
  region size 2048K, 1 young (2048K), 1 survivors (2048K)
 Metaspace       used 28348K, committed 28928K, reserved 1114112K
  class space    used 2958K, committed 3264K, reserved 1048576K
}
Event: 4.012 GC heap before
{Heap before GC invocations=16 (full 0):
 garbage-first heap   total 139264K, used 109774K [0x0000000705e00000, 0x0000000800000000)
  region size 2048K, 29 young (59392K), 1 survivors (2048K)
 Metaspace       used 28522K, committed 29120K, reserved 1114112K
  class space    used 2965K, committed 3264K, reserved 1048576K
}
Event: 4.015 GC heap after
{Heap after GC invocations=17 (full 0):
 garbage-first heap   total 139264K, used 53317K [0x0000000705e00000, 0x0000000800000000)
  region size 2048K, 2 young (4096K), 2 survivors (4096K)
 Metaspace       used 28522K, committed 29120K, reserved 1114112K
  class space    used 2965K, committed 3264K, reserved 1048576K
}
Event: 4.108 GC heap before
{Heap before GC invocations=17 (full 0):
 garbage-first heap   total 139264K, used 110661K [0x0000000705e00000, 0x0000000800000000)
  region size 2048K, 30 young (61440K), 2 survivors (4096K)
 Metaspace       used 28580K, committed 29120K, reserved 1114112K
  class space    used 2968K, committed 3264K, reserved 1048576K
}
Event: 4.111 GC heap after
{Heap after GC invocations=18 (full 0):
 garbage-first heap   total 139264K, used 54514K [0x0000000705e00000, 0x0000000800000000)
  region size 2048K, 2 young (4096K), 2 survivors (4096K)
 Metaspace       used 28580K, committed 29120K, reserved 1114112K
  class space    used 2968K, committed 3264K, reserved 1048576K
}
Event: 4.226 GC heap before
{Heap before GC invocations=18 (full 0):
 garbage-first heap   total 139264K, used 111858K [0x0000000705e00000, 0x0000000800000000)
  region size 2048K, 30 young (61440K), 2 survivors (4096K)
 Metaspace       used 28705K, committed 29248K, reserved 1114112K
  class space    used 2968K, committed 3264K, reserved 1048576K
}
Event: 4.231 GC heap after
{Heap after GC invocations=19 (full 0):
 garbage-first heap   total 258048K, used 54636K [0x0000000705e00000, 0x0000000800000000)
  region size 2048K, 2 young (4096K), 2 survivors (4096K)
 Metaspace       used 28705K, committed 29248K, reserved 1114112K
  class space    used 2968K, committed 3264K, reserved 1048576K
}
Event: 5.555 GC heap before
{Heap before GC invocations=19 (full 0):
 garbage-first heap   total 258048K, used 204140K [0x0000000705e00000, 0x0000000800000000)
  region size 2048K, 75 young (153600K), 2 survivors (4096K)
 Metaspace       used 31452K, committed 32000K, reserved 1114112K
  class space    used 3224K, committed 3520K, reserved 1048576K
}
Event: 5.559 GC heap after
{Heap after GC invocations=20 (full 0):
 garbage-first heap   total 258048K, used 57067K [0x0000000705e00000, 0x0000000800000000)
  region size 2048K, 4 young (8192K), 4 survivors (8192K)
 Metaspace       used 31452K, committed 32000K, reserved 1114112K
  class space    used 3224K, committed 3520K, reserved 1048576K
}
Event: 6.380 GC heap before
{Heap before GC invocations=20 (full 0):
 garbage-first heap   total 258048K, used 206571K [0x0000000705e00000, 0x0000000800000000)
  region size 2048K, 75 young (153600K), 4 survivors (8192K)
 Metaspace       used 32955K, committed 33600K, reserved 1114112K
  class space    used 3335K, committed 3648K, reserved 1048576K
}
Event: 6.385 GC heap after
{Heap after GC invocations=21 (full 0):
 garbage-first heap   total 258048K, used 64145K [0x0000000705e00000, 0x0000000800000000)
  region size 2048K, 6 young (12288K), 6 survivors (12288K)
 Metaspace       used 32955K, committed 33600K, reserved 1114112K
  class space    used 3335K, committed 3648K, reserved 1048576K
}

