# JRE version: Java(TM) SE Runtime Environment (19.0.2+7) (build 19.0.2+7-44)
# Java VM: Java HotSpot(TM) 64-Bit Server VM (19.0.2+7-44, mixed mode, sharing, tiered, compressed oops, compressed class ptrs, g1 gc, windows-amd64)
GC Precious Log:
 CardTable entry size: 512
 Card Set container configuration: InlinePtr #cards 4 size 8 Array Of Cards #cards 16 size 48 Howl #buckets 8 coarsen threshold 3686 Howl Bitmap #cards 512 size 80 coarsen threshold 460 Card regions per heap region 1 cards per card region 4096
 CPUs: 16 total, 16 available
 Memory: 16004M
 Large Page Support: Disabled
 NUMA Support: Disabled
 Compressed Oops: Enabled (Zero based)
 Heap Region Size: 2M
 Heap Min Capacity: 8M
 Heap Initial Capacity: 252M
 Heap Max Capacity: 4002M
 Pre-touch: Disabled
 Parallel Workers: 13
 Concurrent Workers: 3
 Concurrent Refinement Workers: 13
 Periodic GC: Disabled
Heap:
 garbage-first heap   total 215040K, used 152840K [0x0000000705e00000, 0x0000000800000000)
  region size 2048K, 40 young (81920K), 6 survivors (12288K)
 Metaspace       used 35391K, committed 36032K, reserved 1114112K
  class space    used 3597K, committed 3904K, reserved 1048576K
GC Heap History (20 events):
Event: 3.919 GC heap before
{Heap before GC invocations=9 (full 0):
 garbage-first heap   total 143360K, used 104384K [0x0000000705e00000, 0x0000000800000000)
  region size 2048K, 30 young (61440K), 4 survivors (8192K)
 Metaspace       used 27664K, committed 28160K, reserved 1114112K
  class space    used 2878K, committed 3136K, reserved 1048576K
}
Event: 3.925 GC heap after
{Heap after GC invocations=10 (full 0):
 garbage-first heap   total 143360K, used 53225K [0x0000000705e00000, 0x0000000800000000)
  region size 2048K, 1 young (2048K), 1 survivors (2048K)
 Metaspace       used 27664K, committed 28160K, reserved 1114112K
  class space    used 2878K, committed 3136K, reserved 1048576K
}
Event: 4.005 GC heap before
{Heap before GC invocations=10 (full 0):
 garbage-first heap   total 143360K, used 106473K [0x0000000705e00000, 0x0000000800000000)
  region size 2048K, 27 young (55296K), 1 survivors (2048K)
 Metaspace       used 27744K, committed 28224K, reserved 1114112K
  class space    used 2885K, committed 3136K, reserved 1048576K
}
Event: 4.005 GC heap after
{Heap after GC invocations=11 (full 0):
 garbage-first heap   total 143360K, used 52918K [0x0000000705e00000, 0x0000000800000000)
  region size 2048K, 1 young (2048K), 1 survivors (2048K)
 Metaspace       used 27744K, committed 28224K, reserved 1114112K
  class space    used 2885K, committed 3136K, reserved 1048576K
}
Event: 4.231 GC heap before
{Heap before GC invocations=11 (full 0):
 garbage-first heap   total 143360K, used 110262K [0x0000000705e00000, 0x0000000800000000)
  region size 2048K, 29 young (59392K), 1 survivors (2048K)
 Metaspace       used 28415K, committed 28992K, reserved 1114112K
  class space    used 2969K, committed 3264K, reserved 1048576K
}
Event: 4.233 GC heap after
{Heap after GC invocations=12 (full 0):
 garbage-first heap   total 143360K, used 53661K [0x0000000705e00000, 0x0000000800000000)
  region size 2048K, 1 young (2048K), 1 survivors (2048K)
 Metaspace       used 28415K, committed 28992K, reserved 1114112K
  class space    used 2969K, committed 3264K, reserved 1048576K
}
Event: 4.335 GC heap before
{Heap before GC invocations=12 (full 0):
 garbage-first heap   total 143360K, used 113053K [0x0000000705e00000, 0x0000000800000000)
  region size 2048K, 30 young (61440K), 1 survivors (2048K)
 Metaspace       used 28565K, committed 29120K, reserved 1114112K
  class space    used 2973K, committed 3264K, reserved 1048576K
}
Event: 4.338 GC heap after
{Heap after GC invocations=13 (full 0):
 garbage-first heap   total 143360K, used 54993K [0x0000000705e00000, 0x0000000800000000)
  region size 2048K, 2 young (4096K), 2 survivors (4096K)
 Metaspace       used 28565K, committed 29120K, reserved 1114112K
  class space    used 2973K, committed 3264K, reserved 1048576K
}
Event: 4.438 GC heap before
{Heap before GC invocations=13 (full 0):
 garbage-first heap   total 143360K, used 114385K [0x0000000705e00000, 0x0000000800000000)
  region size 2048K, 31 young (63488K), 2 survivors (4096K)
 Metaspace       used 28626K, committed 29184K, reserved 1114112K
  class space    used 2977K, committed 3264K, reserved 1048576K
}
Event: 4.441 GC heap after
{Heap after GC invocations=14 (full 0):
 garbage-first heap   total 178176K, used 55716K [0x0000000705e00000, 0x0000000800000000)
  region size 2048K, 2 young (4096K), 2 survivors (4096K)
 Metaspace       used 28626K, committed 29184K, reserved 1114112K
  class space    used 2977K, committed 3264K, reserved 1048576K
}
Event: 4.603 GC heap before
{Heap before GC invocations=14 (full 0):
 garbage-first heap   total 178176K, used 143780K [0x0000000705e00000, 0x0000000800000000)
  region size 2048K, 45 young (92160K), 2 survivors (4096K)
 Metaspace       used 28761K, committed 29312K, reserved 1114112K
  class space    used 2977K, committed 3264K, reserved 1048576K
}
Event: 4.608 GC heap after
{Heap after GC invocations=15 (full 0):
 garbage-first heap   total 178176K, used 56384K [0x0000000705e00000, 0x0000000800000000)
  region size 2048K, 3 young (6144K), 3 survivors (6144K)
 Metaspace       used 28761K, committed 29312K, reserved 1114112K
  class space    used 2977K, committed 3264K, reserved 1048576K
}
Event: 5.311 GC heap before
{Heap before GC invocations=15 (full 0):
 garbage-first heap   total 178176K, used 144448K [0x0000000705e00000, 0x0000000800000000)
  region size 2048K, 46 young (94208K), 3 survivors (6144K)
 Metaspace       used 31063K, committed 31680K, reserved 1114112K
  class space    used 3234K, committed 3520K, reserved 1048576K
}
Event: 5.315 GC heap after
{Heap after GC invocations=16 (full 0):
 garbage-first heap   total 178176K, used 57755K [0x0000000705e00000, 0x0000000800000000)
  region size 2048K, 3 young (6144K), 3 survivors (6144K)
 Metaspace       used 31063K, committed 31680K, reserved 1114112K
  class space    used 3234K, committed 3520K, reserved 1048576K
}
Event: 5.818 GC heap before
{Heap before GC invocations=16 (full 0):
 garbage-first heap   total 178176K, used 145819K [0x0000000705e00000, 0x0000000800000000)
  region size 2048K, 46 young (94208K), 3 survivors (6144K)
 Metaspace       used 31642K, committed 32320K, reserved 1114112K
  class space    used 3248K, committed 3584K, reserved 1048576K
}
Event: 5.825 GC heap after
{Heap after GC invocations=17 (full 0):
 garbage-first heap   total 178176K, used 59309K [0x0000000705e00000, 0x0000000800000000)
  region size 2048K, 4 young (8192K), 4 survivors (8192K)
 Metaspace       used 31642K, committed 32320K, reserved 1114112K
  class space    used 3248K, committed 3584K, reserved 1048576K
}
Event: 6.305 GC heap before
{Heap before GC invocations=17 (full 0):
 garbage-first heap   total 178176K, used 151469K [0x0000000705e00000, 0x0000000800000000)
  region size 2048K, 47 young (96256K), 4 survivors (8192K)
 Metaspace       used 31924K, committed 32576K, reserved 1114112K
  class space    used 3260K, committed 3584K, reserved 1048576K
}
Event: 6.312 GC heap after
{Heap after GC invocations=18 (full 0):
 garbage-first heap   total 178176K, used 66883K [0x0000000705e00000, 0x0000000800000000)
  region size 2048K, 6 young (12288K), 6 survivors (12288K)
 Metaspace       used 31924K, committed 32576K, reserved 1114112K
  class space    used 3260K, committed 3584K, reserved 1048576K
}
Event: 6.767 GC heap before
{Heap before GC invocations=18 (full 0):
 garbage-first heap   total 178176K, used 144707K [0x0000000705e00000, 0x0000000800000000)
  region size 2048K, 44 young (90112K), 6 survivors (12288K)
 Metaspace       used 32838K, committed 33472K, reserved 1114112K
  class space    used 3357K, committed 3648K, reserved 1048576K
}
Event: 6.779 GC heap after
{Heap after GC invocations=19 (full 0):
 garbage-first heap   total 215040K, used 85256K [0x0000000705e00000, 0x0000000800000000)
  region size 2048K, 6 young (12288K), 6 survivors (12288K)
 Metaspace       used 32838K, committed 33472K, reserved 1114112K
  class space    used 3357K, committed 3648K, reserved 1048576K
}

