# JRE version: Java(TM) SE Runtime Environment (19.0.2+7) (build 19.0.2+7-44)
# Java VM: Java HotSpot(TM) 64-Bit Server VM (19.0.2+7-44, mixed mode, sharing, tiered, compressed oops, compressed class ptrs, g1 gc, windows-amd64)
GC Precious Log:
 CardTable entry size: 512
 Card Set container configuration: InlinePtr #cards 4 size 8 Array Of Cards #cards 16 size 48 Howl #buckets 8 coarsen threshold 3686 Howl Bitmap #cards 512 size 80 coarsen threshold 460 Card regions per heap region 1 cards per card region 4096
 CPUs: 16 total, 16 available
 Memory: 16005M
 Large Page Support: Disabled
 NUMA Support: Disabled
 Compressed Oops: Enabled (Zero based)
 Heap Region Size: 2M
 Heap Min Capacity: 8M
 Heap Initial Capacity: 252M
 Heap Max Capacity: 4002M
 Pre-touch: Disabled
 Parallel Workers: 13
 Concurrent Workers: 3
 Concurrent Refinement Workers: 13
 Periodic GC: Disabled
Heap:
 garbage-first heap   total 206848K, used 160206K [0x0000000705e00000, 0x0000000800000000)
  region size 2048K, 51 young (104448K), 8 survivors (16384K)
 Metaspace       used 33407K, committed 33984K, reserved 1114112K
  class space    used 3417K, committed 3712K, reserved 1048576K
GC Heap History (20 events):
Event: 3.669 GC heap before
{Heap before GC invocations=8 (full 0):
 garbage-first heap   total 143360K, used 96642K [0x0000000705e00000, 0x0000000800000000)
  region size 2048K, 29 young (59392K), 2 survivors (4096K)
 Metaspace       used 25416K, committed 25856K, reserved 1114112K
  class space    used 2647K, committed 2880K, reserved 1048576K
}
Event: 3.678 GC heap after
{Heap after GC invocations=9 (full 0):
 garbage-first heap   total 143360K, used 50997K [0x0000000705e00000, 0x0000000800000000)
  region size 2048K, 4 young (8192K), 4 survivors (8192K)
 Metaspace       used 25416K, committed 25856K, reserved 1114112K
  class space    used 2647K, committed 2880K, reserved 1048576K
}
Event: 4.205 GC heap before
{Heap before GC invocations=9 (full 0):
 garbage-first heap   total 143360K, used 98101K [0x0000000705e00000, 0x0000000800000000)
  region size 2048K, 28 young (57344K), 4 survivors (8192K)
 Metaspace       used 27579K, committed 27968K, reserved 1114112K
  class space    used 2871K, committed 3072K, reserved 1048576K
}
Event: 4.211 GC heap after
{Heap after GC invocations=10 (full 0):
 garbage-first heap   total 143360K, used 53954K [0x0000000705e00000, 0x0000000800000000)
  region size 2048K, 2 young (4096K), 2 survivors (4096K)
 Metaspace       used 27579K, committed 27968K, reserved 1114112K
  class space    used 2871K, committed 3072K, reserved 1048576K
}
Event: 4.319 GC heap before
{Heap before GC invocations=10 (full 0):
 garbage-first heap   total 143360K, used 103106K [0x0000000705e00000, 0x0000000800000000)
  region size 2048K, 26 young (53248K), 2 survivors (4096K)
 Metaspace       used 27691K, committed 28160K, reserved 1114112K
  class space    used 2877K, committed 3136K, reserved 1048576K
}
Event: 4.321 GC heap after
{Heap after GC invocations=11 (full 0):
 garbage-first heap   total 143360K, used 53216K [0x0000000705e00000, 0x0000000800000000)
  region size 2048K, 1 young (2048K), 1 survivors (2048K)
 Metaspace       used 27691K, committed 28160K, reserved 1114112K
  class space    used 2877K, committed 3136K, reserved 1048576K
}
Event: 4.527 GC heap before
{Heap before GC invocations=11 (full 0):
 garbage-first heap   total 143360K, used 104416K [0x0000000705e00000, 0x0000000800000000)
  region size 2048K, 27 young (55296K), 1 survivors (2048K)
 Metaspace       used 28312K, committed 28800K, reserved 1114112K
  class space    used 2959K, committed 3200K, reserved 1048576K
}
Event: 4.530 GC heap after
{Heap after GC invocations=12 (full 0):
 garbage-first heap   total 172032K, used 54129K [0x0000000705e00000, 0x0000000800000000)
  region size 2048K, 2 young (4096K), 2 survivors (4096K)
 Metaspace       used 28312K, committed 28800K, reserved 1114112K
  class space    used 2959K, committed 3200K, reserved 1048576K
}
Event: 4.653 GC heap before
{Heap before GC invocations=12 (full 0):
 garbage-first heap   total 172032K, used 125809K [0x0000000705e00000, 0x0000000800000000)
  region size 2048K, 38 young (77824K), 2 survivors (4096K)
 Metaspace       used 28567K, committed 29120K, reserved 1114112K
  class space    used 2972K, committed 3264K, reserved 1048576K
}
Event: 4.656 GC heap after
{Heap after GC invocations=13 (full 0):
 garbage-first heap   total 172032K, used 55196K [0x0000000705e00000, 0x0000000800000000)
  region size 2048K, 2 young (4096K), 2 survivors (4096K)
 Metaspace       used 28567K, committed 29120K, reserved 1114112K
  class space    used 2972K, committed 3264K, reserved 1048576K
}
Event: 4.769 GC heap before
{Heap before GC invocations=13 (full 0):
 garbage-first heap   total 172032K, used 133020K [0x0000000705e00000, 0x0000000800000000)
  region size 2048K, 40 young (81920K), 2 survivors (4096K)
 Metaspace       used 28633K, committed 29120K, reserved 1114112K
  class space    used 2977K, committed 3264K, reserved 1048576K
}
Event: 4.773 GC heap after
{Heap after GC invocations=14 (full 0):
 garbage-first heap   total 172032K, used 57007K [0x0000000705e00000, 0x0000000800000000)
  region size 2048K, 3 young (6144K), 3 survivors (6144K)
 Metaspace       used 28633K, committed 29120K, reserved 1114112K
  class space    used 2977K, committed 3264K, reserved 1048576K
}
Event: 4.927 GC heap before
{Heap before GC invocations=14 (full 0):
 garbage-first heap   total 172032K, used 134831K [0x0000000705e00000, 0x0000000800000000)
  region size 2048K, 41 young (83968K), 3 survivors (6144K)
 Metaspace       used 28745K, committed 29248K, reserved 1114112K
  class space    used 2977K, committed 3264K, reserved 1048576K
}
Event: 4.931 GC heap after
{Heap after GC invocations=15 (full 0):
 garbage-first heap   total 172032K, used 56741K [0x0000000705e00000, 0x0000000800000000)
  region size 2048K, 3 young (6144K), 3 survivors (6144K)
 Metaspace       used 28745K, committed 29248K, reserved 1114112K
  class space    used 2977K, committed 3264K, reserved 1048576K
}
Event: 5.504 GC heap before
{Heap before GC invocations=15 (full 0):
 garbage-first heap   total 172032K, used 136613K [0x0000000705e00000, 0x0000000800000000)
  region size 2048K, 42 young (86016K), 3 survivors (6144K)
 Metaspace       used 30751K, committed 31296K, reserved 1114112K
  class space    used 3212K, committed 3520K, reserved 1048576K
}
Event: 5.509 GC heap after
{Heap after GC invocations=16 (full 0):
 garbage-first heap   total 206848K, used 57884K [0x0000000705e00000, 0x0000000800000000)
  region size 2048K, 4 young (8192K), 4 survivors (8192K)
 Metaspace       used 30751K, committed 31296K, reserved 1114112K
  class space    used 3212K, committed 3520K, reserved 1048576K
}
Event: 6.139 GC heap before
{Heap before GC invocations=16 (full 0):
 garbage-first heap   total 206848K, used 164380K [0x0000000705e00000, 0x0000000800000000)
  region size 2048K, 56 young (114688K), 4 survivors (8192K)
 Metaspace       used 31659K, committed 32256K, reserved 1114112K
  class space    used 3247K, committed 3520K, reserved 1048576K
}
Event: 6.145 GC heap after
{Heap after GC invocations=17 (full 0):
 garbage-first heap   total 206848K, used 59523K [0x0000000705e00000, 0x0000000800000000)
  region size 2048K, 4 young (8192K), 4 survivors (8192K)
 Metaspace       used 31659K, committed 32256K, reserved 1114112K
  class space    used 3247K, committed 3520K, reserved 1048576K
}
Event: 6.818 GC heap before
{Heap before GC invocations=17 (full 0):
 garbage-first heap   total 206848K, used 170115K [0x0000000705e00000, 0x0000000800000000)
  region size 2048K, 57 young (116736K), 4 survivors (8192K)
 Metaspace       used 31999K, committed 32640K, reserved 1114112K
  class space    used 3261K, committed 3584K, reserved 1048576K
}
Event: 6.827 GC heap after
{Heap after GC invocations=18 (full 0):
 garbage-first heap   total 206848K, used 74190K [0x0000000705e00000, 0x0000000800000000)
  region size 2048K, 8 young (16384K), 8 survivors (16384K)
 Metaspace       used 31999K, committed 32640K, reserved 1114112K
  class space    used 3261K, committed 3584K, reserved 1048576K
}

