# JRE version: Java(TM) SE Runtime Environment (19.0.2+7) (build 19.0.2+7-44)
# Java VM: Java HotSpot(TM) 64-Bit Server VM (19.0.2+7-44, mixed mode, sharing, tiered, compressed oops, compressed class ptrs, g1 gc, windows-amd64)
GC Precious Log:
 CardTable entry size: 512
 Card Set container configuration: InlinePtr #cards 4 size 8 Array Of Cards #cards 16 size 48 Howl #buckets 8 coarsen threshold 3686 Howl Bitmap #cards 512 size 80 coarsen threshold 460 Card regions per heap region 1 cards per card region 4096
 CPUs: 16 total, 16 available
 Memory: 16005M
 Large Page Support: Disabled
 NUMA Support: Disabled
 Compressed Oops: Enabled (Zero based)
 Heap Region Size: 2M
 Heap Min Capacity: 8M
 Heap Initial Capacity: 252M
 Heap Max Capacity: 4002M
 Pre-touch: Disabled
 Parallel Workers: 13
 Concurrent Workers: 3
 Concurrent Refinement Workers: 13
 Periodic GC: Disabled
Heap:
 garbage-first heap   total 202752K, used 114080K [0x0000000705e00000, 0x0000000800000000)
  region size 2048K, 21 young (43008K), 4 survivors (8192K)
 Metaspace       used 35403K, committed 35968K, reserved 1114112K
  class space    used 3593K, committed 3904K, reserved 1048576K
GC Heap History (20 events):
Event: 4.391 GC heap before
{Heap before GC invocations=13 (full 0):
 garbage-first heap   total 129024K, used 91832K [0x0000000705e00000, 0x0000000800000000)
  region size 2048K, 21 young (43008K), 1 survivors (2048K)
 Metaspace       used 27676K, committed 28160K, reserved 1114112K
  class space    used 2868K, committed 3136K, reserved 1048576K
}
Event: 4.392 GC heap after
{Heap after GC invocations=14 (full 0):
 garbage-first heap   total 129024K, used 50825K [0x0000000705e00000, 0x0000000800000000)
  region size 2048K, 1 young (2048K), 1 survivors (2048K)
 Metaspace       used 27676K, committed 28160K, reserved 1114112K
  class space    used 2868K, committed 3136K, reserved 1048576K
}
Event: 4.549 GC heap before
{Heap before GC invocations=14 (full 0):
 garbage-first heap   total 129024K, used 93833K [0x0000000705e00000, 0x0000000800000000)
  region size 2048K, 22 young (45056K), 1 survivors (2048K)
 Metaspace       used 27996K, committed 28480K, reserved 1114112K
  class space    used 2925K, committed 3200K, reserved 1048576K
}
Event: 4.551 GC heap after
{Heap after GC invocations=15 (full 0):
 garbage-first heap   total 129024K, used 50939K [0x0000000705e00000, 0x0000000800000000)
  region size 2048K, 1 young (2048K), 1 survivors (2048K)
 Metaspace       used 27996K, committed 28480K, reserved 1114112K
  class space    used 2925K, committed 3200K, reserved 1048576K
}
Event: 4.692 GC heap before
{Heap before GC invocations=15 (full 0):
 garbage-first heap   total 129024K, used 95995K [0x0000000705e00000, 0x0000000800000000)
  region size 2048K, 23 young (47104K), 1 survivors (2048K)
 Metaspace       used 28408K, committed 28928K, reserved 1114112K
  class space    used 2962K, committed 3264K, reserved 1048576K
}
Event: 4.695 GC heap after
{Heap after GC invocations=16 (full 0):
 garbage-first heap   total 163840K, used 51834K [0x0000000705e00000, 0x0000000800000000)
  region size 2048K, 1 young (2048K), 1 survivors (2048K)
 Metaspace       used 28408K, committed 28928K, reserved 1114112K
  class space    used 2962K, committed 3264K, reserved 1048576K
}
Event: 4.798 GC heap before
{Heap before GC invocations=16 (full 0):
 garbage-first heap   total 163840K, used 123514K [0x0000000705e00000, 0x0000000800000000)
  region size 2048K, 37 young (75776K), 1 survivors (2048K)
 Metaspace       used 28571K, committed 29120K, reserved 1114112K
  class space    used 2967K, committed 3264K, reserved 1048576K
}
Event: 4.800 GC heap after
{Heap after GC invocations=17 (full 0):
 garbage-first heap   total 163840K, used 53043K [0x0000000705e00000, 0x0000000800000000)
  region size 2048K, 2 young (4096K), 2 survivors (4096K)
 Metaspace       used 28571K, committed 29120K, reserved 1114112K
  class space    used 2967K, committed 3264K, reserved 1048576K
}
Event: 4.932 GC heap before
{Heap before GC invocations=17 (full 0):
 garbage-first heap   total 163840K, used 128819K [0x0000000705e00000, 0x0000000800000000)
  region size 2048K, 39 young (79872K), 2 survivors (4096K)
 Metaspace       used 28644K, committed 29184K, reserved 1114112K
  class space    used 2971K, committed 3264K, reserved 1048576K
}
Event: 4.937 GC heap after
{Heap after GC invocations=18 (full 0):
 garbage-first heap   total 163840K, used 54409K [0x0000000705e00000, 0x0000000800000000)
  region size 2048K, 3 young (6144K), 3 survivors (6144K)
 Metaspace       used 28644K, committed 29184K, reserved 1114112K
  class space    used 2971K, committed 3264K, reserved 1048576K
}
Event: 5.054 GC heap before
{Heap before GC invocations=18 (full 0):
 garbage-first heap   total 163840K, used 130185K [0x0000000705e00000, 0x0000000800000000)
  region size 2048K, 40 young (81920K), 3 survivors (6144K)
 Metaspace       used 28768K, committed 29312K, reserved 1114112K
  class space    used 2971K, committed 3264K, reserved 1048576K
}
Event: 5.059 GC heap after
{Heap after GC invocations=19 (full 0):
 garbage-first heap   total 163840K, used 54632K [0x0000000705e00000, 0x0000000800000000)
  region size 2048K, 3 young (6144K), 3 survivors (6144K)
 Metaspace       used 28768K, committed 29312K, reserved 1114112K
  class space    used 2971K, committed 3264K, reserved 1048576K
}
Event: 5.745 GC heap before
{Heap before GC invocations=19 (full 0):
 garbage-first heap   total 163840K, used 132456K [0x0000000705e00000, 0x0000000800000000)
  region size 2048K, 41 young (83968K), 3 survivors (6144K)
 Metaspace       used 31188K, committed 31744K, reserved 1114112K
  class space    used 3231K, committed 3520K, reserved 1048576K
}
Event: 5.751 GC heap after
{Heap after GC invocations=20 (full 0):
 garbage-first heap   total 202752K, used 55840K [0x0000000705e00000, 0x0000000800000000)
  region size 2048K, 3 young (6144K), 3 survivors (6144K)
 Metaspace       used 31188K, committed 31744K, reserved 1114112K
  class space    used 3231K, committed 3520K, reserved 1048576K
}
Event: 6.375 GC heap before
{Heap before GC invocations=20 (full 0):
 garbage-first heap   total 202752K, used 170528K [0x0000000705e00000, 0x0000000800000000)
  region size 2048K, 57 young (116736K), 3 survivors (6144K)
 Metaspace       used 31731K, committed 32320K, reserved 1114112K
  class space    used 3241K, committed 3520K, reserved 1048576K
}
Event: 6.382 GC heap after
{Heap after GC invocations=21 (full 0):
 garbage-first heap   total 202752K, used 62074K [0x0000000705e00000, 0x0000000800000000)
  region size 2048K, 4 young (8192K), 4 survivors (8192K)
 Metaspace       used 31731K, committed 32320K, reserved 1114112K
  class space    used 3241K, committed 3520K, reserved 1048576K
}
Event: 7.082 GC heap before
{Heap before GC invocations=21 (full 0):
 garbage-first heap   total 202752K, used 168570K [0x0000000705e00000, 0x0000000800000000)
  region size 2048K, 56 young (114688K), 4 survivors (8192K)
 Metaspace       used 32011K, committed 32640K, reserved 1114112K
  class space    used 3255K, committed 3584K, reserved 1048576K
}
Event: 7.092 GC heap after
{Heap after GC invocations=22 (full 0):
 garbage-first heap   total 202752K, used 78460K [0x0000000705e00000, 0x0000000800000000)
  region size 2048K, 7 young (14336K), 7 survivors (14336K)
 Metaspace       used 32011K, committed 32640K, reserved 1114112K
  class space    used 3255K, committed 3584K, reserved 1048576K
}
Event: 7.645 GC heap before
{Heap before GC invocations=22 (full 0):
 garbage-first heap   total 202752K, used 154236K [0x0000000705e00000, 0x0000000800000000)
  region size 2048K, 44 young (90112K), 7 survivors (14336K)
 Metaspace       used 33439K, committed 34048K, reserved 1114112K
  class space    used 3411K, committed 3712K, reserved 1048576K
}
Event: 7.655 GC heap after
{Heap after GC invocations=23 (full 0):
 garbage-first heap   total 202752K, used 81312K [0x0000000705e00000, 0x0000000800000000)
  region size 2048K, 4 young (8192K), 4 survivors (8192K)
 Metaspace       used 33439K, committed 34048K, reserved 1114112K
  class space    used 3411K, committed 3712K, reserved 1048576K
}

