# JRE version: Java(TM) SE Runtime Environment (19.0.2+7) (build 19.0.2+7-44)
# Java VM: Java HotSpot(TM) 64-Bit Server VM (19.0.2+7-44, mixed mode, sharing, tiered, compressed oops, compressed class ptrs, g1 gc, windows-amd64)
GC Precious Log:
 CardTable entry size: 512
 Card Set container configuration: InlinePtr #cards 4 size 8 Array Of Cards #cards 16 size 48 Howl #buckets 8 coarsen threshold 3686 Howl Bitmap #cards 512 size 80 coarsen threshold 460 Card regions per heap region 1 cards per card region 4096
 CPUs: 16 total, 16 available
 Memory: 16005M
 Large Page Support: Disabled
 NUMA Support: Disabled
 Compressed Oops: Enabled (Zero based)
 Heap Region Size: 2M
 Heap Min Capacity: 8M
 Heap Initial Capacity: 252M
 Heap Max Capacity: 4002M
 Pre-touch: Disabled
 Parallel Workers: 13
 Concurrent Workers: 3
 Concurrent Refinement Workers: 13
 Periodic GC: Disabled
Heap:
 garbage-first heap   total 272384K, used 56735K [0x0000000705e00000, 0x0000000800000000)
  region size 2048K, 4 young (8192K), 4 survivors (8192K)
 Metaspace       used 31533K, committed 32128K, reserved 1114112K
  class space    used 3233K, committed 3520K, reserved 1048576K
GC Heap History (20 events):
Event: 3.237 GC heap after
{Heap after GC invocations=9 (full 0):
 garbage-first heap   total 104448K, used 44640K [0x0000000705e00000, 0x0000000800000000)
  region size 2048K, 2 young (4096K), 2 survivors (4096K)
 Metaspace       used 25108K, committed 25536K, reserved 1114112K
  class space    used 2639K, committed 2880K, reserved 1048576K
}
Event: 3.368 GC heap before
{Heap before GC invocations=10 (full 0):
 garbage-first heap   total 104448K, used 73312K [0x0000000705e00000, 0x0000000800000000)
  region size 2048K, 15 young (30720K), 2 survivors (4096K)
 Metaspace       used 25393K, committed 25856K, reserved 1114112K
  class space    used 2644K, committed 2880K, reserved 1048576K
}
Event: 3.374 GC heap after
{Heap after GC invocations=11 (full 0):
 garbage-first heap   total 104448K, used 50576K [0x0000000705e00000, 0x0000000800000000)
  region size 2048K, 2 young (4096K), 2 survivors (4096K)
 Metaspace       used 25393K, committed 25856K, reserved 1114112K
  class space    used 2644K, committed 2880K, reserved 1048576K
}
Event: 3.399 GC heap before
{Heap before GC invocations=11 (full 0):
 garbage-first heap   total 104448K, used 52624K [0x0000000705e00000, 0x0000000800000000)
  region size 2048K, 3 young (6144K), 2 survivors (4096K)
 Metaspace       used 25477K, committed 25920K, reserved 1114112K
  class space    used 2657K, committed 2880K, reserved 1048576K
}
Event: 3.405 GC heap after
{Heap after GC invocations=12 (full 0):
 garbage-first heap   total 104448K, used 50455K [0x0000000705e00000, 0x0000000800000000)
  region size 2048K, 1 young (2048K), 1 survivors (2048K)
 Metaspace       used 25477K, committed 25920K, reserved 1114112K
  class space    used 2657K, committed 2880K, reserved 1048576K
}
Event: 3.732 GC heap before
{Heap before GC invocations=12 (full 0):
 garbage-first heap   total 104448K, used 72983K [0x0000000705e00000, 0x0000000800000000)
  region size 2048K, 13 young (26624K), 1 survivors (2048K)
 Metaspace       used 27140K, committed 27648K, reserved 1114112K
  class space    used 2829K, committed 3072K, reserved 1048576K
}
Event: 3.734 GC heap after
{Heap after GC invocations=13 (full 0):
 garbage-first heap   total 104448K, used 50913K [0x0000000705e00000, 0x0000000800000000)
  region size 2048K, 1 young (2048K), 1 survivors (2048K)
 Metaspace       used 27140K, committed 27648K, reserved 1114112K
  class space    used 2829K, committed 3072K, reserved 1048576K
}
Event: 3.910 GC heap before
{Heap before GC invocations=14 (full 0):
 garbage-first heap   total 104448K, used 75489K [0x0000000705e00000, 0x0000000800000000)
  region size 2048K, 14 young (28672K), 1 survivors (2048K)
 Metaspace       used 27574K, committed 28096K, reserved 1114112K
  class space    used 2867K, committed 3136K, reserved 1048576K
}
Event: 3.913 GC heap after
{Heap after GC invocations=15 (full 0):
 garbage-first heap   total 104448K, used 51892K [0x0000000705e00000, 0x0000000800000000)
  region size 2048K, 2 young (4096K), 2 survivors (4096K)
 Metaspace       used 27574K, committed 28096K, reserved 1114112K
  class space    used 2867K, committed 3136K, reserved 1048576K
}
Event: 3.919 GC heap before
{Heap before GC invocations=15 (full 0):
 garbage-first heap   total 104448K, used 53940K [0x0000000705e00000, 0x0000000800000000)
  region size 2048K, 3 young (6144K), 2 survivors (4096K)
 Metaspace       used 27581K, committed 28096K, reserved 1114112K
  class space    used 2867K, committed 3136K, reserved 1048576K
}
Event: 3.922 GC heap after
{Heap after GC invocations=16 (full 0):
 garbage-first heap   total 186368K, used 50590K [0x0000000705e00000, 0x0000000800000000)
  region size 2048K, 1 young (2048K), 1 survivors (2048K)
 Metaspace       used 27581K, committed 28096K, reserved 1114112K
  class space    used 2867K, committed 3136K, reserved 1048576K
}
Event: 4.213 GC heap before
{Heap before GC invocations=16 (full 0):
 garbage-first heap   total 186368K, used 130462K [0x0000000705e00000, 0x0000000800000000)
  region size 2048K, 41 young (83968K), 1 survivors (2048K)
 Metaspace       used 28248K, committed 28800K, reserved 1114112K
  class space    used 2952K, committed 3264K, reserved 1048576K
}
Event: 4.214 GC heap after
{Heap after GC invocations=17 (full 0):
 garbage-first heap   total 186368K, used 51098K [0x0000000705e00000, 0x0000000800000000)
  region size 2048K, 1 young (2048K), 1 survivors (2048K)
 Metaspace       used 28248K, committed 28800K, reserved 1114112K
  class space    used 2952K, committed 3264K, reserved 1048576K
}
Event: 4.382 GC heap before
{Heap before GC invocations=17 (full 0):
 garbage-first heap   total 186368K, used 139162K [0x0000000705e00000, 0x0000000800000000)
  region size 2048K, 44 young (90112K), 1 survivors (2048K)
 Metaspace       used 28556K, committed 29120K, reserved 1114112K
  class space    used 2967K, committed 3264K, reserved 1048576K
}
Event: 4.385 GC heap after
{Heap after GC invocations=18 (full 0):
 garbage-first heap   total 186368K, used 52650K [0x0000000705e00000, 0x0000000800000000)
  region size 2048K, 2 young (4096K), 2 survivors (4096K)
 Metaspace       used 28556K, committed 29120K, reserved 1114112K
  class space    used 2967K, committed 3264K, reserved 1048576K
}
Event: 4.547 GC heap before
{Heap before GC invocations=18 (full 0):
 garbage-first heap   total 186368K, used 142762K [0x0000000705e00000, 0x0000000800000000)
  region size 2048K, 46 young (94208K), 2 survivors (4096K)
 Metaspace       used 28671K, committed 29184K, reserved 1114112K
  class space    used 2970K, committed 3264K, reserved 1048576K
}
Event: 4.550 GC heap after
{Heap after GC invocations=19 (full 0):
 garbage-first heap   total 186368K, used 52944K [0x0000000705e00000, 0x0000000800000000)
  region size 2048K, 2 young (4096K), 2 survivors (4096K)
 Metaspace       used 28671K, committed 29184K, reserved 1114112K
  class space    used 2970K, committed 3264K, reserved 1048576K
}
Event: 4.757 GC heap before
{Heap before GC invocations=19 (full 0):
 garbage-first heap   total 186368K, used 147152K [0x0000000705e00000, 0x0000000800000000)
  region size 2048K, 48 young (98304K), 2 survivors (4096K)
 Metaspace       used 28785K, committed 29312K, reserved 1114112K
  class space    used 2970K, committed 3264K, reserved 1048576K
}
Event: 4.760 GC heap after
{Heap after GC invocations=20 (full 0):
 garbage-first heap   total 186368K, used 53743K [0x0000000705e00000, 0x0000000800000000)
  region size 2048K, 2 young (4096K), 2 survivors (4096K)
 Metaspace       used 28785K, committed 29312K, reserved 1114112K
  class space    used 2970K, committed 3264K, reserved 1048576K
}
Event: 5.739 GC heap before
{Heap before GC invocations=20 (full 0):
 garbage-first heap   total 186368K, used 149999K [0x0000000705e00000, 0x0000000800000000)
  region size 2048K, 49 young (100352K), 2 survivors (4096K)
 Metaspace       used 31533K, committed 32128K, reserved 1114112K
  class space    used 3233K, committed 3520K, reserved 1048576K
}

