# JRE version: Java(TM) SE Runtime Environment (19.0.2+7) (build 19.0.2+7-44)
# Java VM: Java HotSpot(TM) 64-Bit Server VM (19.0.2+7-44, mixed mode, sharing, tiered, compressed oops, compressed class ptrs, g1 gc, windows-amd64)
GC Precious Log:
 CardTable entry size: 512
 Card Set container configuration: InlinePtr #cards 4 size 8 Array Of Cards #cards 16 size 48 Howl #buckets 8 coarsen threshold 3686 Howl Bitmap #cards 512 size 80 coarsen threshold 460 Card regions per heap region 1 cards per card region 4096
 CPUs: 16 total, 16 available
 Memory: 16005M
 Large Page Support: Disabled
 NUMA Support: Disabled
 Compressed Oops: Enabled (Zero based)
 Heap Region Size: 2M
 Heap Min Capacity: 8M
 Heap Initial Capacity: 252M
 Heap Max Capacity: 4002M
 Pre-touch: Disabled
 Parallel Workers: 13
 Concurrent Workers: 3
 Concurrent Refinement Workers: 13
 Periodic GC: Disabled
Heap:
 garbage-first heap   total 135168K, used 52468K [0x0000000705e00000, 0x0000000800000000)
  region size 2048K, 2 young (4096K), 2 survivors (4096K)
 Metaspace       used 28496K, committed 29056K, reserved 1114112K
  class space    used 2961K, committed 3264K, reserved 1048576K
GC Heap History (20 events):
Event: 2.491 GC heap after
{Heap after GC invocations=6 (full 0):
 garbage-first heap   total 75776K, used 28372K [0x0000000705e00000, 0x0000000800000000)
  region size 2048K, 1 young (2048K), 1 survivors (2048K)
 Metaspace       used 23653K, committed 24000K, reserved 1114112K
  class space    used 2494K, committed 2688K, reserved 1048576K
}
Event: 3.116 GC heap before
{Heap before GC invocations=6 (full 0):
 garbage-first heap   total 75776K, used 50900K [0x0000000705e00000, 0x0000000800000000)
  region size 2048K, 13 young (26624K), 1 survivors (2048K)
 Metaspace       used 24449K, committed 24768K, reserved 1114112K
  class space    used 2578K, committed 2752K, reserved 1048576K
}
Event: 3.120 GC heap after
{Heap after GC invocations=7 (full 0):
 garbage-first heap   total 75776K, used 36202K [0x0000000705e00000, 0x0000000800000000)
  region size 2048K, 2 young (4096K), 2 survivors (4096K)
 Metaspace       used 24449K, committed 24768K, reserved 1114112K
  class space    used 2578K, committed 2752K, reserved 1048576K
}
Event: 3.250 GC heap before
{Heap before GC invocations=7 (full 0):
 garbage-first heap   total 75776K, used 52586K [0x0000000705e00000, 0x0000000800000000)
  region size 2048K, 11 young (22528K), 2 survivors (4096K)
 Metaspace       used 24853K, committed 25216K, reserved 1114112K
  class space    used 2625K, committed 2816K, reserved 1048576K
}
Event: 3.254 GC heap after
{Heap after GC invocations=8 (full 0):
 garbage-first heap   total 75776K, used 40687K [0x0000000705e00000, 0x0000000800000000)
  region size 2048K, 2 young (4096K), 2 survivors (4096K)
 Metaspace       used 24853K, committed 25216K, reserved 1114112K
  class space    used 2625K, committed 2816K, reserved 1048576K
}
Event: 3.308 GC heap before
{Heap before GC invocations=8 (full 0):
 garbage-first heap   total 75776K, used 55023K [0x0000000705e00000, 0x0000000800000000)
  region size 2048K, 9 young (18432K), 2 survivors (4096K)
 Metaspace       used 25081K, committed 25536K, reserved 1114112K
  class space    used 2636K, committed 2880K, reserved 1048576K
}
Event: 3.312 GC heap after
{Heap after GC invocations=9 (full 0):
 garbage-first heap   total 118784K, used 43658K [0x0000000705e00000, 0x0000000800000000)
  region size 2048K, 2 young (4096K), 2 survivors (4096K)
 Metaspace       used 25081K, committed 25536K, reserved 1114112K
  class space    used 2636K, committed 2880K, reserved 1048576K
}
Event: 3.649 GC heap before
{Heap before GC invocations=10 (full 0):
 garbage-first heap   total 118784K, used 84618K [0x0000000705e00000, 0x0000000800000000)
  region size 2048K, 21 young (43008K), 2 survivors (4096K)
 Metaspace       used 26228K, committed 26688K, reserved 1114112K
  class space    used 2711K, committed 2944K, reserved 1048576K
}
Event: 3.657 GC heap after
{Heap after GC invocations=11 (full 0):
 garbage-first heap   total 118784K, used 51200K [0x0000000705e00000, 0x0000000800000000)
  region size 2048K, 3 young (6144K), 3 survivors (6144K)
 Metaspace       used 26228K, committed 26688K, reserved 1114112K
  class space    used 2711K, committed 2944K, reserved 1048576K
}
Event: 3.669 GC heap before
{Heap before GC invocations=11 (full 0):
 garbage-first heap   total 118784K, used 53248K [0x0000000705e00000, 0x0000000800000000)
  region size 2048K, 4 young (8192K), 3 survivors (6144K)
 Metaspace       used 26295K, committed 26752K, reserved 1114112K
  class space    used 2725K, committed 2944K, reserved 1048576K
}
Event: 3.675 GC heap after
{Heap after GC invocations=12 (full 0):
 garbage-first heap   total 118784K, used 51062K [0x0000000705e00000, 0x0000000800000000)
  region size 2048K, 1 young (2048K), 1 survivors (2048K)
 Metaspace       used 26295K, committed 26752K, reserved 1114112K
  class space    used 2725K, committed 2944K, reserved 1048576K
}
Event: 3.986 GC heap before
{Heap before GC invocations=12 (full 0):
 garbage-first heap   total 118784K, used 83830K [0x0000000705e00000, 0x0000000800000000)
  region size 2048K, 18 young (36864K), 1 survivors (2048K)
 Metaspace       used 27494K, committed 27904K, reserved 1114112K
  class space    used 2861K, committed 3072K, reserved 1048576K
}
Event: 3.988 GC heap after
{Heap after GC invocations=13 (full 0):
 garbage-first heap   total 118784K, used 50740K [0x0000000705e00000, 0x0000000800000000)
  region size 2048K, 1 young (2048K), 1 survivors (2048K)
 Metaspace       used 27494K, committed 27904K, reserved 1114112K
  class space    used 2861K, committed 3072K, reserved 1048576K
}
Event: 4.081 GC heap before
{Heap before GC invocations=13 (full 0):
 garbage-first heap   total 118784K, used 87604K [0x0000000705e00000, 0x0000000800000000)
  region size 2048K, 19 young (38912K), 1 survivors (2048K)
 Metaspace       used 27616K, committed 28032K, reserved 1114112K
  class space    used 2868K, committed 3072K, reserved 1048576K
}
Event: 4.082 GC heap after
{Heap after GC invocations=14 (full 0):
 garbage-first heap   total 118784K, used 50630K [0x0000000705e00000, 0x0000000800000000)
  region size 2048K, 1 young (2048K), 1 survivors (2048K)
 Metaspace       used 27616K, committed 28032K, reserved 1114112K
  class space    used 2868K, committed 3072K, reserved 1048576K
}
Event: 4.246 GC heap before
{Heap before GC invocations=14 (full 0):
 garbage-first heap   total 118784K, used 89542K [0x0000000705e00000, 0x0000000800000000)
  region size 2048K, 20 young (40960K), 1 survivors (2048K)
 Metaspace       used 28010K, committed 28544K, reserved 1114112K
  class space    used 2931K, committed 3200K, reserved 1048576K
}
Event: 4.247 GC heap after
{Heap after GC invocations=15 (full 0):
 garbage-first heap   total 118784K, used 50803K [0x0000000705e00000, 0x0000000800000000)
  region size 2048K, 1 young (2048K), 1 survivors (2048K)
 Metaspace       used 28010K, committed 28544K, reserved 1114112K
  class space    used 2931K, committed 3200K, reserved 1048576K
}
Event: 4.356 GC heap before
{Heap before GC invocations=15 (full 0):
 garbage-first heap   total 118784K, used 91763K [0x0000000705e00000, 0x0000000800000000)
  region size 2048K, 21 young (43008K), 1 survivors (2048K)
 Metaspace       used 28294K, committed 28864K, reserved 1114112K
  class space    used 2952K, committed 3264K, reserved 1048576K
}
Event: 4.358 GC heap after
{Heap after GC invocations=16 (full 0):
 garbage-first heap   total 118784K, used 51542K [0x0000000705e00000, 0x0000000800000000)
  region size 2048K, 1 young (2048K), 1 survivors (2048K)
 Metaspace       used 28294K, committed 28864K, reserved 1114112K
  class space    used 2952K, committed 3264K, reserved 1048576K
}
Event: 4.438 GC heap before
{Heap before GC invocations=16 (full 0):
 garbage-first heap   total 118784K, used 94550K [0x0000000705e00000, 0x0000000800000000)
  region size 2048K, 22 young (45056K), 1 survivors (2048K)
 Metaspace       used 28496K, committed 29056K, reserved 1114112K
  class space    used 2961K, committed 3264K, reserved 1048576K
}

