# JRE version: Java(TM) SE Runtime Environment (19.0.2+7) (build 19.0.2+7-44)
# Java VM: Java HotSpot(TM) 64-Bit Server VM (19.0.2+7-44, mixed mode, sharing, tiered, compressed oops, compressed class ptrs, g1 gc, windows-amd64)
GC Precious Log:
 CardTable entry size: 512
 Card Set container configuration: InlinePtr #cards 4 size 8 Array Of Cards #cards 16 size 48 Howl #buckets 8 coarsen threshold 3686 Howl Bitmap #cards 512 size 80 coarsen threshold 460 Card regions per heap region 1 cards per card region 4096
 CPUs: 16 total, 16 available
 Memory: 16005M
 Large Page Support: Disabled
 NUMA Support: Disabled
 Compressed Oops: Enabled (Zero based)
 Heap Region Size: 2M
 Heap Min Capacity: 8M
 Heap Initial Capacity: 252M
 Heap Max Capacity: 4002M
 Pre-touch: Disabled
 Parallel Workers: 13
 Concurrent Workers: 3
 Concurrent Refinement Workers: 13
 Periodic GC: Disabled
Heap:
 garbage-first heap   total 159744K, used 64722K [0x0000000705e00000, 0x0000000800000000)
  region size 2048K, 10 young (20480K), 1 survivors (2048K)
 Metaspace       used 25378K, committed 25856K, reserved 1114112K
  class space    used 2645K, committed 2880K, reserved 1048576K
GC Heap History (20 events):
Event: 0.508 GC heap before
{Heap before GC invocations=0 (full 0):
 garbage-first heap   total 258048K, used 22528K [0x0000000705e00000, 0x0000000800000000)
  region size 2048K, 11 young (22528K), 0 survivors (0K)
 Metaspace       used 5277K, committed 5376K, reserved 1114112K
  class space    used 572K, committed 640K, reserved 1048576K
}
Event: 0.511 GC heap after
{Heap after GC invocations=1 (full 0):
 garbage-first heap   total 258048K, used 3891K [0x0000000705e00000, 0x0000000800000000)
  region size 2048K, 2 young (4096K), 2 survivors (4096K)
 Metaspace       used 5277K, committed 5376K, reserved 1114112K
  class space    used 572K, committed 640K, reserved 1048576K
}
Event: 0.975 GC heap before
{Heap before GC invocations=1 (full 0):
 garbage-first heap   total 258048K, used 38707K [0x0000000705e00000, 0x0000000800000000)
  region size 2048K, 19 young (38912K), 2 survivors (4096K)
 Metaspace       used 10443K, committed 10688K, reserved 1114112K
  class space    used 1220K, committed 1344K, reserved 1048576K
}
Event: 0.979 GC heap after
{Heap after GC invocations=2 (full 0):
 garbage-first heap   total 258048K, used 5736K [0x0000000705e00000, 0x0000000800000000)
  region size 2048K, 2 young (4096K), 2 survivors (4096K)
 Metaspace       used 10443K, committed 10688K, reserved 1114112K
  class space    used 1220K, committed 1344K, reserved 1048576K
}
Event: 2.631 GC heap before
{Heap before GC invocations=2 (full 0):
 garbage-first heap   total 258048K, used 169576K [0x0000000705e00000, 0x0000000800000000)
  region size 2048K, 68 young (139264K), 2 survivors (4096K)
 Metaspace       used 21121K, committed 21504K, reserved 1114112K
  class space    used 2269K, committed 2496K, reserved 1048576K
}
Event: 2.638 GC heap after
{Heap after GC invocations=3 (full 0):
 garbage-first heap   total 258048K, used 15665K [0x0000000705e00000, 0x0000000800000000)
  region size 2048K, 6 young (12288K), 6 survivors (12288K)
 Metaspace       used 21121K, committed 21504K, reserved 1114112K
  class space    used 2269K, committed 2496K, reserved 1048576K
}
Event: 2.943 GC heap before
{Heap before GC invocations=4 (full 0):
 garbage-first heap   total 61440K, used 50481K [0x0000000705e00000, 0x0000000800000000)
  region size 2048K, 23 young (47104K), 6 survivors (12288K)
 Metaspace       used 23663K, committed 24064K, reserved 1114112K
  class space    used 2495K, committed 2688K, reserved 1048576K
}
Event: 2.951 GC heap after
{Heap after GC invocations=5 (full 0):
 garbage-first heap   total 75776K, used 26753K [0x0000000705e00000, 0x0000000800000000)
  region size 2048K, 3 young (6144K), 3 survivors (6144K)
 Metaspace       used 23663K, committed 24064K, reserved 1114112K
  class space    used 2495K, committed 2688K, reserved 1048576K
}
Event: 2.962 GC heap before
{Heap before GC invocations=5 (full 0):
 garbage-first heap   total 75776K, used 28801K [0x0000000705e00000, 0x0000000800000000)
  region size 2048K, 4 young (8192K), 3 survivors (6144K)
 Metaspace       used 23670K, committed 24064K, reserved 1114112K
  class space    used 2495K, committed 2688K, reserved 1048576K
}
Event: 2.966 GC heap after
{Heap after GC invocations=6 (full 0):
 garbage-first heap   total 75776K, used 28437K [0x0000000705e00000, 0x0000000800000000)
  region size 2048K, 1 young (2048K), 1 survivors (2048K)
 Metaspace       used 23670K, committed 24064K, reserved 1114112K
  class space    used 2495K, committed 2688K, reserved 1048576K
}
Event: 3.450 GC heap before
{Heap before GC invocations=6 (full 0):
 garbage-first heap   total 75776K, used 48917K [0x0000000705e00000, 0x0000000800000000)
  region size 2048K, 12 young (24576K), 1 survivors (2048K)
 Metaspace       used 24454K, committed 24832K, reserved 1114112K
  class space    used 2578K, committed 2752K, reserved 1048576K
}
Event: 3.454 GC heap after
{Heap after GC invocations=7 (full 0):
 garbage-first heap   total 75776K, used 36638K [0x0000000705e00000, 0x0000000800000000)
  region size 2048K, 2 young (4096K), 2 survivors (4096K)
 Metaspace       used 24454K, committed 24832K, reserved 1114112K
  class space    used 2578K, committed 2752K, reserved 1048576K
}
Event: 3.555 GC heap before
{Heap before GC invocations=7 (full 0):
 garbage-first heap   total 75776K, used 50974K [0x0000000705e00000, 0x0000000800000000)
  region size 2048K, 10 young (20480K), 2 survivors (4096K)
 Metaspace       used 24548K, committed 24960K, reserved 1114112K
  class space    used 2590K, committed 2752K, reserved 1048576K
}
Event: 3.559 GC heap after
{Heap after GC invocations=8 (full 0):
 garbage-first heap   total 75776K, used 40734K [0x0000000705e00000, 0x0000000800000000)
  region size 2048K, 2 young (4096K), 2 survivors (4096K)
 Metaspace       used 24548K, committed 24960K, reserved 1114112K
  class space    used 2590K, committed 2752K, reserved 1048576K
}
Event: 3.635 GC heap before
{Heap before GC invocations=8 (full 0):
 garbage-first heap   total 75776K, used 55070K [0x0000000705e00000, 0x0000000800000000)
  region size 2048K, 9 young (18432K), 2 survivors (4096K)
 Metaspace       used 24895K, committed 25280K, reserved 1114112K
  class space    used 2620K, committed 2816K, reserved 1048576K
}
Event: 3.638 GC heap after
{Heap after GC invocations=9 (full 0):
 garbage-first heap   total 75776K, used 42962K [0x0000000705e00000, 0x0000000800000000)
  region size 2048K, 1 young (2048K), 1 survivors (2048K)
 Metaspace       used 24895K, committed 25280K, reserved 1114112K
  class space    used 2620K, committed 2816K, reserved 1048576K
}
Event: 3.711 GC heap before
{Heap before GC invocations=10 (full 0):
 garbage-first heap   total 79872K, used 55250K [0x0000000705e00000, 0x0000000800000000)
  region size 2048K, 8 young (16384K), 1 survivors (2048K)
 Metaspace       used 25153K, committed 25664K, reserved 1114112K
  class space    used 2636K, committed 2880K, reserved 1048576K
}
Event: 3.715 GC heap after
{Heap after GC invocations=11 (full 0):
 garbage-first heap   total 79872K, used 46526K [0x0000000705e00000, 0x0000000800000000)
  region size 2048K, 1 young (2048K), 1 survivors (2048K)
 Metaspace       used 25153K, committed 25664K, reserved 1114112K
  class space    used 2636K, committed 2880K, reserved 1048576K
}
Event: 3.733 GC heap before
{Heap before GC invocations=11 (full 0):
 garbage-first heap   total 79872K, used 48574K [0x0000000705e00000, 0x0000000800000000)
  region size 2048K, 2 young (4096K), 1 survivors (2048K)
 Metaspace       used 25231K, committed 25728K, reserved 1114112K
  class space    used 2640K, committed 2880K, reserved 1048576K
}
Event: 3.736 GC heap after
{Heap after GC invocations=12 (full 0):
 garbage-first heap   total 159744K, used 46290K [0x0000000705e00000, 0x0000000800000000)
  region size 2048K, 1 young (2048K), 1 survivors (2048K)
 Metaspace       used 25231K, committed 25728K, reserved 1114112K
  class space    used 2640K, committed 2880K, reserved 1048576K
}

