# JRE version: Java(TM) SE Runtime Environment (19.0.2+7) (build 19.0.2+7-44)
# Java VM: Java HotSpot(TM) 64-Bit Server VM (19.0.2+7-44, mixed mode, sharing, tiered, compressed oops, compressed class ptrs, g1 gc, windows-amd64)
GC Precious Log:
 CardTable entry size: 512
 Card Set container configuration: InlinePtr #cards 4 size 8 Array Of Cards #cards 16 size 48 Howl #buckets 8 coarsen threshold 3686 Howl Bitmap #cards 512 size 80 coarsen threshold 460 Card regions per heap region 1 cards per card region 4096
 CPUs: 16 total, 16 available
 Memory: 16005M
 Large Page Support: Disabled
 NUMA Support: Disabled
 Compressed Oops: Enabled (Zero based)
 Heap Region Size: 2M
 Heap Min Capacity: 8M
 Heap Initial Capacity: 252M
 Heap Max Capacity: 4002M
 Pre-touch: Disabled
 Parallel Workers: 13
 Concurrent Workers: 3
 Concurrent Refinement Workers: 13
 Periodic GC: Disabled
Heap:
 garbage-first heap   total 145408K, used 69696K [0x0000000705e00000, 0x0000000800000000)
  region size 2048K, 11 young (22528K), 1 survivors (2048K)
 Metaspace       used 28326K, committed 28864K, reserved 1114112K
  class space    used 2960K, committed 3264K, reserved 1048576K
GC Heap History (20 events):
Event: 2.561 GC heap before
{Heap before GC invocations=4 (full 0):
 garbage-first heap   total 61440K, used 52523K [0x0000000705e00000, 0x0000000800000000)
  region size 2048K, 24 young (49152K), 6 survivors (12288K)
 Metaspace       used 23897K, committed 24256K, reserved 1114112K
  class space    used 2531K, committed 2688K, reserved 1048576K
}
Event: 2.569 GC heap after
{Heap after GC invocations=5 (full 0):
 garbage-first heap   total 77824K, used 27411K [0x0000000705e00000, 0x0000000800000000)
  region size 2048K, 3 young (6144K), 3 survivors (6144K)
 Metaspace       used 23897K, committed 24256K, reserved 1114112K
  class space    used 2531K, committed 2688K, reserved 1048576K
}
Event: 2.602 GC heap before
{Heap before GC invocations=5 (full 0):
 garbage-first heap   total 77824K, used 29459K [0x0000000705e00000, 0x0000000800000000)
  region size 2048K, 4 young (8192K), 3 survivors (6144K)
 Metaspace       used 24315K, committed 24640K, reserved 1114112K
  class space    used 2575K, committed 2752K, reserved 1048576K
}
Event: 2.606 GC heap after
{Heap after GC invocations=6 (full 0):
 garbage-first heap   total 77824K, used 29102K [0x0000000705e00000, 0x0000000800000000)
  region size 2048K, 1 young (2048K), 1 survivors (2048K)
 Metaspace       used 24315K, committed 24640K, reserved 1114112K
  class space    used 2575K, committed 2752K, reserved 1048576K
}
Event: 2.767 GC heap before
{Heap before GC invocations=6 (full 0):
 garbage-first heap   total 77824K, used 51630K [0x0000000705e00000, 0x0000000800000000)
  region size 2048K, 13 young (26624K), 1 survivors (2048K)
 Metaspace       used 24418K, committed 24768K, reserved 1114112K
  class space    used 2578K, committed 2752K, reserved 1048576K
}
Event: 2.770 GC heap after
{Heap after GC invocations=7 (full 0):
 garbage-first heap   total 77824K, used 36597K [0x0000000705e00000, 0x0000000800000000)
  region size 2048K, 2 young (4096K), 2 survivors (4096K)
 Metaspace       used 24418K, committed 24768K, reserved 1114112K
  class space    used 2578K, committed 2752K, reserved 1048576K
}
Event: 2.896 GC heap before
{Heap before GC invocations=7 (full 0):
 garbage-first heap   total 77824K, used 55029K [0x0000000705e00000, 0x0000000800000000)
  region size 2048K, 11 young (22528K), 2 survivors (4096K)
 Metaspace       used 24912K, committed 25344K, reserved 1114112K
  class space    used 2634K, committed 2880K, reserved 1048576K
}
Event: 2.900 GC heap after
{Heap after GC invocations=8 (full 0):
 garbage-first heap   total 112640K, used 40693K [0x0000000705e00000, 0x0000000800000000)
  region size 2048K, 2 young (4096K), 2 survivors (4096K)
 Metaspace       used 24912K, committed 25344K, reserved 1114112K
  class space    used 2634K, committed 2880K, reserved 1048576K
}
Event: 3.017 GC heap before
{Heap before GC invocations=8 (full 0):
 garbage-first heap   total 112640K, used 71413K [0x0000000705e00000, 0x0000000800000000)
  region size 2048K, 18 young (36864K), 2 survivors (4096K)
 Metaspace       used 25301K, committed 25728K, reserved 1114112K
  class space    used 2641K, committed 2880K, reserved 1048576K
}
Event: 3.024 GC heap after
{Heap after GC invocations=9 (full 0):
 garbage-first heap   total 112640K, used 46552K [0x0000000705e00000, 0x0000000800000000)
  region size 2048K, 3 young (6144K), 3 survivors (6144K)
 Metaspace       used 25301K, committed 25728K, reserved 1114112K
  class space    used 2641K, committed 2880K, reserved 1048576K
}
Event: 3.355 GC heap before
{Heap before GC invocations=9 (full 0):
 garbage-first heap   total 112640K, used 77272K [0x0000000705e00000, 0x0000000800000000)
  region size 2048K, 18 young (36864K), 3 survivors (6144K)
 Metaspace       used 26814K, committed 27200K, reserved 1114112K
  class space    used 2800K, committed 3008K, reserved 1048576K
}
Event: 3.361 GC heap after
{Heap after GC invocations=10 (full 0):
 garbage-first heap   total 112640K, used 51384K [0x0000000705e00000, 0x0000000800000000)
  region size 2048K, 2 young (4096K), 2 survivors (4096K)
 Metaspace       used 26814K, committed 27200K, reserved 1114112K
  class space    used 2800K, committed 3008K, reserved 1048576K
}
Event: 3.575 GC heap before
{Heap before GC invocations=10 (full 0):
 garbage-first heap   total 112640K, used 78008K [0x0000000705e00000, 0x0000000800000000)
  region size 2048K, 16 young (32768K), 2 survivors (4096K)
 Metaspace       used 27496K, committed 27904K, reserved 1114112K
  class space    used 2863K, committed 3072K, reserved 1048576K
}
Event: 3.578 GC heap after
{Heap after GC invocations=11 (full 0):
 garbage-first heap   total 112640K, used 51798K [0x0000000705e00000, 0x0000000800000000)
  region size 2048K, 1 young (2048K), 1 survivors (2048K)
 Metaspace       used 27496K, committed 27904K, reserved 1114112K
  class space    used 2863K, committed 3072K, reserved 1048576K
}
Event: 3.642 GC heap before
{Heap before GC invocations=11 (full 0):
 garbage-first heap   total 112640K, used 82518K [0x0000000705e00000, 0x0000000800000000)
  region size 2048K, 16 young (32768K), 1 survivors (2048K)
 Metaspace       used 27574K, committed 28032K, reserved 1114112K
  class space    used 2868K, committed 3136K, reserved 1048576K
}
Event: 3.643 GC heap after
{Heap after GC invocations=12 (full 0):
 garbage-first heap   total 145408K, used 51608K [0x0000000705e00000, 0x0000000800000000)
  region size 2048K, 1 young (2048K), 1 survivors (2048K)
 Metaspace       used 27574K, committed 28032K, reserved 1114112K
  class space    used 2868K, committed 3136K, reserved 1048576K
}
Event: 3.873 GC heap before
{Heap before GC invocations=13 (full 0):
 garbage-first heap   total 145408K, used 102808K [0x0000000705e00000, 0x0000000800000000)
  region size 2048K, 27 young (55296K), 1 survivors (2048K)
 Metaspace       used 28187K, committed 28736K, reserved 1114112K
  class space    used 2950K, committed 3264K, reserved 1048576K
}
Event: 3.875 GC heap after
{Heap after GC invocations=14 (full 0):
 garbage-first heap   total 145408K, used 52375K [0x0000000705e00000, 0x0000000800000000)
  region size 2048K, 1 young (2048K), 1 survivors (2048K)
 Metaspace       used 28187K, committed 28736K, reserved 1114112K
  class space    used 2950K, committed 3264K, reserved 1048576K
}
Event: 3.884 GC heap before
{Heap before GC invocations=14 (full 0):
 garbage-first heap   total 145408K, used 56471K [0x0000000705e00000, 0x0000000800000000)
  region size 2048K, 3 young (6144K), 1 survivors (2048K)
 Metaspace       used 28208K, committed 28736K, reserved 1114112K
  class space    used 2951K, committed 3264K, reserved 1048576K
}
Event: 3.887 GC heap after
{Heap after GC invocations=15 (full 0):
 garbage-first heap   total 145408K, used 51264K [0x0000000705e00000, 0x0000000800000000)
  region size 2048K, 1 young (2048K), 1 survivors (2048K)
 Metaspace       used 28208K, committed 28736K, reserved 1114112K
  class space    used 2951K, committed 3264K, reserved 1048576K
}

