# JRE version: Java(TM) SE Runtime Environment (19.0.2+7) (build 19.0.2+7-44)
# Java VM: Java HotSpot(TM) 64-Bit Server VM (19.0.2+7-44, mixed mode, sharing, tiered, compressed oops, compressed class ptrs, g1 gc, windows-amd64)
GC Precious Log:
 CardTable entry size: 512
 Card Set container configuration: InlinePtr #cards 4 size 8 Array Of Cards #cards 16 size 48 Howl #buckets 8 coarsen threshold 3686 Howl Bitmap #cards 512 size 80 coarsen threshold 460 Card regions per heap region 1 cards per card region 4096
 CPUs: 16 total, 16 available
 Memory: 16005M
 Large Page Support: Disabled
 NUMA Support: Disabled
 Compressed Oops: Enabled (Zero based)
 Heap Region Size: 2M
 Heap Min Capacity: 8M
 Heap Initial Capacity: 252M
 Heap Max Capacity: 4002M
 Pre-touch: Disabled
 Parallel Workers: 13
 Concurrent Workers: 3
 Concurrent Refinement Workers: 13
 Periodic GC: Disabled
Heap:
 garbage-first heap   total 194560K, used 61357K [0x0000000705e00000, 0x0000000800000000)
  region size 2048K, 8 young (16384K), 4 survivors (8192K)
 Metaspace       used 35953K, committed 36672K, reserved 1114112K
  class space    used 3734K, committed 4096K, reserved 1048576K
GC Heap History (20 events):
Event: 2.537 GC heap before
{Heap before GC invocations=5 (full 0):
 garbage-first heap   total 63488K, used 24766K [0x0000000705e00000, 0x0000000800000000)
  region size 2048K, 4 young (8192K), 3 survivors (6144K)
 Metaspace       used 24217K, committed 24640K, reserved 1114112K
  class space    used 2578K, committed 2752K, reserved 1048576K
}
Event: 2.541 GC heap after
{Heap after GC invocations=6 (full 0):
 garbage-first heap   total 63488K, used 24938K [0x0000000705e00000, 0x0000000800000000)
  region size 2048K, 1 young (2048K), 1 survivors (2048K)
 Metaspace       used 24217K, committed 24640K, reserved 1114112K
  class space    used 2578K, committed 2752K, reserved 1048576K
}
Event: 2.638 GC heap before
{Heap before GC invocations=6 (full 0):
 garbage-first heap   total 63488K, used 41322K [0x0000000705e00000, 0x0000000800000000)
  region size 2048K, 10 young (20480K), 1 survivors (2048K)
 Metaspace       used 24316K, committed 24704K, reserved 1114112K
  class space    used 2580K, committed 2752K, reserved 1048576K
}
Event: 2.641 GC heap after
{Heap after GC invocations=7 (full 0):
 garbage-first heap   total 63488K, used 29991K [0x0000000705e00000, 0x0000000800000000)
  region size 2048K, 2 young (4096K), 2 survivors (4096K)
 Metaspace       used 24316K, committed 24704K, reserved 1114112K
  class space    used 2580K, committed 2752K, reserved 1048576K
}
Event: 2.756 GC heap before
{Heap before GC invocations=7 (full 0):
 garbage-first heap   total 63488K, used 44327K [0x0000000705e00000, 0x0000000800000000)
  region size 2048K, 9 young (18432K), 2 survivors (4096K)
 Metaspace       used 24785K, committed 25280K, reserved 1114112K
  class space    used 2637K, committed 2880K, reserved 1048576K
}
Event: 2.761 GC heap after
{Heap after GC invocations=8 (full 0):
 garbage-first heap   total 161792K, used 32494K [0x0000000705e00000, 0x0000000800000000)
  region size 2048K, 2 young (4096K), 2 survivors (4096K)
 Metaspace       used 24785K, committed 25280K, reserved 1114112K
  class space    used 2637K, committed 2880K, reserved 1048576K
}
Event: 3.364 GC heap before
{Heap before GC invocations=8 (full 0):
 garbage-first heap   total 161792K, used 104174K [0x0000000705e00000, 0x0000000800000000)
  region size 2048K, 37 young (75776K), 2 survivors (4096K)
 Metaspace       used 27268K, committed 27712K, reserved 1114112K
  class space    used 2860K, committed 3072K, reserved 1048576K
}
Event: 3.371 GC heap after
{Heap after GC invocations=9 (full 0):
 garbage-first heap   total 161792K, used 40256K [0x0000000705e00000, 0x0000000800000000)
  region size 2048K, 4 young (8192K), 4 survivors (8192K)
 Metaspace       used 27268K, committed 27712K, reserved 1114112K
  class space    used 2860K, committed 3072K, reserved 1048576K
}
Event: 3.666 GC heap before
{Heap before GC invocations=9 (full 0):
 garbage-first heap   total 161792K, used 111936K [0x0000000705e00000, 0x0000000800000000)
  region size 2048K, 39 young (79872K), 4 survivors (8192K)
 Metaspace       used 28006K, committed 28544K, reserved 1114112K
  class space    used 2947K, committed 3264K, reserved 1048576K
}
Event: 3.673 GC heap after
{Heap after GC invocations=10 (full 0):
 garbage-first heap   total 161792K, used 41830K [0x0000000705e00000, 0x0000000800000000)
  region size 2048K, 1 young (2048K), 1 survivors (2048K)
 Metaspace       used 28006K, committed 28544K, reserved 1114112K
  class space    used 2947K, committed 3264K, reserved 1048576K
}
Event: 3.831 GC heap before
{Heap before GC invocations=10 (full 0):
 garbage-first heap   total 161792K, used 115558K [0x0000000705e00000, 0x0000000800000000)
  region size 2048K, 37 young (75776K), 1 survivors (2048K)
 Metaspace       used 28247K, committed 28864K, reserved 1114112K
  class space    used 2962K, committed 3264K, reserved 1048576K
}
Event: 3.834 GC heap after
{Heap after GC invocations=11 (full 0):
 garbage-first heap   total 161792K, used 42202K [0x0000000705e00000, 0x0000000800000000)
  region size 2048K, 1 young (2048K), 1 survivors (2048K)
 Metaspace       used 28247K, committed 28864K, reserved 1114112K
  class space    used 2962K, committed 3264K, reserved 1048576K
}
Event: 4.012 GC heap before
{Heap before GC invocations=11 (full 0):
 garbage-first heap   total 161792K, used 120026K [0x0000000705e00000, 0x0000000800000000)
  region size 2048K, 39 young (79872K), 1 survivors (2048K)
 Metaspace       used 28485K, committed 29056K, reserved 1114112K
  class space    used 2962K, committed 3264K, reserved 1048576K
}
Event: 4.015 GC heap after
{Heap after GC invocations=12 (full 0):
 garbage-first heap   total 194560K, used 42733K [0x0000000705e00000, 0x0000000800000000)
  region size 2048K, 2 young (4096K), 2 survivors (4096K)
 Metaspace       used 28485K, committed 29056K, reserved 1114112K
  class space    used 2962K, committed 3264K, reserved 1048576K
}
Event: 5.061 GC heap before
{Heap before GC invocations=12 (full 0):
 garbage-first heap   total 194560K, used 151277K [0x0000000705e00000, 0x0000000800000000)
  region size 2048K, 53 young (108544K), 2 survivors (4096K)
 Metaspace       used 31334K, committed 31936K, reserved 1114112K
  class space    used 3230K, committed 3520K, reserved 1048576K
}
Event: 5.066 GC heap after
{Heap after GC invocations=13 (full 0):
 garbage-first heap   total 194560K, used 50294K [0x0000000705e00000, 0x0000000800000000)
  region size 2048K, 3 young (6144K), 3 survivors (6144K)
 Metaspace       used 31334K, committed 31936K, reserved 1114112K
  class space    used 3230K, committed 3520K, reserved 1048576K
}
Event: 5.998 GC heap before
{Heap before GC invocations=13 (full 0):
 garbage-first heap   total 194560K, used 148598K [0x0000000705e00000, 0x0000000800000000)
  region size 2048K, 52 young (106496K), 3 survivors (6144K)
 Metaspace       used 34482K, committed 35136K, reserved 1114112K
  class space    used 3562K, committed 3904K, reserved 1048576K
}
Event: 6.004 GC heap after
{Heap after GC invocations=14 (full 0):
 garbage-first heap   total 194560K, used 52933K [0x0000000705e00000, 0x0000000800000000)
  region size 2048K, 6 young (12288K), 6 survivors (12288K)
 Metaspace       used 34482K, committed 35136K, reserved 1114112K
  class space    used 3562K, committed 3904K, reserved 1048576K
}
Event: 6.209 GC heap before
{Heap before GC invocations=14 (full 0):
 garbage-first heap   total 194560K, used 83653K [0x0000000705e00000, 0x0000000800000000)
  region size 2048K, 22 young (45056K), 6 survivors (12288K)
 Metaspace       used 35420K, committed 36096K, reserved 1114112K
  class space    used 3678K, committed 4032K, reserved 1048576K
}
Event: 6.215 GC heap after
{Heap after GC invocations=15 (full 0):
 garbage-first heap   total 194560K, used 55213K [0x0000000705e00000, 0x0000000800000000)
  region size 2048K, 4 young (8192K), 4 survivors (8192K)
 Metaspace       used 35420K, committed 36096K, reserved 1114112K
  class space    used 3678K, committed 4032K, reserved 1048576K
}

