# JRE version: Java(TM) SE Runtime Environment (19.0.2+7) (build 19.0.2+7-44)
# Java VM: Java HotSpot(TM) 64-Bit Server VM (19.0.2+7-44, mixed mode, sharing, tiered, compressed oops, compressed class ptrs, g1 gc, windows-amd64)
GC Precious Log:
 CardTable entry size: 512
 Card Set container configuration: InlinePtr #cards 4 size 8 Array Of Cards #cards 16 size 48 Howl #buckets 8 coarsen threshold 3686 Howl Bitmap #cards 512 size 80 coarsen threshold 460 Card regions per heap region 1 cards per card region 4096
 CPUs: 16 total, 16 available
 Memory: 16005M
 Large Page Support: Disabled
 NUMA Support: Disabled
 Compressed Oops: Enabled (Zero based)
 Heap Region Size: 2M
 Heap Min Capacity: 8M
 Heap Initial Capacity: 252M
 Heap Max Capacity: 4002M
 Pre-touch: Disabled
 Parallel Workers: 13
 Concurrent Workers: 3
 Concurrent Refinement Workers: 13
 Periodic GC: Disabled
Heap:
 garbage-first heap   total 137216K, used 52368K [0x0000000705e00000, 0x0000000800000000)
  region size 2048K, 2 young (4096K), 2 survivors (4096K)
 Metaspace       used 28486K, committed 29056K, reserved 1114112K
  class space    used 2965K, committed 3264K, reserved 1048576K
GC Heap History (20 events):
Event: 2.335 GC heap after
{Heap after GC invocations=6 (full 0):
 garbage-first heap   total 77824K, used 29116K [0x0000000705e00000, 0x0000000800000000)
  region size 2048K, 1 young (2048K), 1 survivors (2048K)
 Metaspace       used 23923K, committed 24320K, reserved 1114112K
  class space    used 2532K, committed 2688K, reserved 1048576K
}
Event: 2.544 GC heap before
{Heap before GC invocations=6 (full 0):
 garbage-first heap   total 77824K, used 53692K [0x0000000705e00000, 0x0000000800000000)
  region size 2048K, 13 young (26624K), 1 survivors (2048K)
 Metaspace       used 24459K, committed 24832K, reserved 1114112K
  class space    used 2580K, committed 2752K, reserved 1048576K
}
Event: 2.549 GC heap after
{Heap after GC invocations=7 (full 0):
 garbage-first heap   total 77824K, used 35490K [0x0000000705e00000, 0x0000000800000000)
  region size 2048K, 2 young (4096K), 2 survivors (4096K)
 Metaspace       used 24459K, committed 24832K, reserved 1114112K
  class space    used 2580K, committed 2752K, reserved 1048576K
}
Event: 2.719 GC heap before
{Heap before GC invocations=7 (full 0):
 garbage-first heap   total 77824K, used 53922K [0x0000000705e00000, 0x0000000800000000)
  region size 2048K, 11 young (22528K), 2 survivors (4096K)
 Metaspace       used 24944K, committed 25344K, reserved 1114112K
  class space    used 2637K, committed 2880K, reserved 1048576K
}
Event: 2.723 GC heap after
{Heap after GC invocations=8 (full 0):
 garbage-first heap   total 77824K, used 40296K [0x0000000705e00000, 0x0000000800000000)
  region size 2048K, 2 young (4096K), 2 survivors (4096K)
 Metaspace       used 24944K, committed 25344K, reserved 1114112K
  class space    used 2637K, committed 2880K, reserved 1048576K
}
Event: 2.766 GC heap before
{Heap before GC invocations=8 (full 0):
 garbage-first heap   total 77824K, used 56680K [0x0000000705e00000, 0x0000000800000000)
  region size 2048K, 10 young (20480K), 2 survivors (4096K)
 Metaspace       used 25080K, committed 25472K, reserved 1114112K
  class space    used 2639K, committed 2880K, reserved 1048576K
}
Event: 2.770 GC heap after
{Heap after GC invocations=9 (full 0):
 garbage-first heap   total 116736K, used 44241K [0x0000000705e00000, 0x0000000800000000)
  region size 2048K, 2 young (4096K), 2 survivors (4096K)
 Metaspace       used 25080K, committed 25472K, reserved 1114112K
  class space    used 2639K, committed 2880K, reserved 1048576K
}
Event: 3.497 GC heap before
{Heap before GC invocations=10 (full 0):
 garbage-first heap   total 116736K, used 83153K [0x0000000705e00000, 0x0000000800000000)
  region size 2048K, 20 young (40960K), 2 survivors (4096K)
 Metaspace       used 26345K, committed 26816K, reserved 1114112K
  class space    used 2727K, committed 2944K, reserved 1048576K
}
Event: 3.508 GC heap after
{Heap after GC invocations=11 (full 0):
 garbage-first heap   total 116736K, used 50946K [0x0000000705e00000, 0x0000000800000000)
  region size 2048K, 3 young (6144K), 3 survivors (6144K)
 Metaspace       used 26345K, committed 26816K, reserved 1114112K
  class space    used 2727K, committed 2944K, reserved 1048576K
}
Event: 3.527 GC heap before
{Heap before GC invocations=11 (full 0):
 garbage-first heap   total 116736K, used 50946K [0x0000000705e00000, 0x0000000800000000)
  region size 2048K, 4 young (8192K), 3 survivors (6144K)
 Metaspace       used 26388K, committed 26816K, reserved 1114112K
  class space    used 2740K, committed 2944K, reserved 1048576K
}
Event: 3.535 GC heap after
{Heap after GC invocations=12 (full 0):
 garbage-first heap   total 116736K, used 50964K [0x0000000705e00000, 0x0000000800000000)
  region size 2048K, 1 young (2048K), 1 survivors (2048K)
 Metaspace       used 26388K, committed 26816K, reserved 1114112K
  class space    used 2740K, committed 2944K, reserved 1048576K
}
Event: 3.884 GC heap before
{Heap before GC invocations=12 (full 0):
 garbage-first heap   total 116736K, used 81684K [0x0000000705e00000, 0x0000000800000000)
  region size 2048K, 17 young (34816K), 1 survivors (2048K)
 Metaspace       used 27565K, committed 27968K, reserved 1114112K
  class space    used 2865K, committed 3072K, reserved 1048576K
}
Event: 3.885 GC heap after
{Heap after GC invocations=13 (full 0):
 garbage-first heap   total 116736K, used 50744K [0x0000000705e00000, 0x0000000800000000)
  region size 2048K, 1 young (2048K), 1 survivors (2048K)
 Metaspace       used 27565K, committed 27968K, reserved 1114112K
  class space    used 2865K, committed 3072K, reserved 1048576K
}
Event: 3.981 GC heap before
{Heap before GC invocations=13 (full 0):
 garbage-first heap   total 116736K, used 85560K [0x0000000705e00000, 0x0000000800000000)
  region size 2048K, 18 young (36864K), 1 survivors (2048K)
 Metaspace       used 27658K, committed 28160K, reserved 1114112K
  class space    used 2870K, committed 3136K, reserved 1048576K
}
Event: 3.982 GC heap after
{Heap after GC invocations=14 (full 0):
 garbage-first heap   total 116736K, used 50533K [0x0000000705e00000, 0x0000000800000000)
  region size 2048K, 1 young (2048K), 1 survivors (2048K)
 Metaspace       used 27658K, committed 28160K, reserved 1114112K
  class space    used 2870K, committed 3136K, reserved 1048576K
}
Event: 4.161 GC heap before
{Heap before GC invocations=14 (full 0):
 garbage-first heap   total 116736K, used 87397K [0x0000000705e00000, 0x0000000800000000)
  region size 2048K, 19 young (38912K), 1 survivors (2048K)
 Metaspace       used 28073K, committed 28608K, reserved 1114112K
  class space    used 2938K, committed 3200K, reserved 1048576K
}
Event: 4.162 GC heap after
{Heap after GC invocations=15 (full 0):
 garbage-first heap   total 116736K, used 50695K [0x0000000705e00000, 0x0000000800000000)
  region size 2048K, 1 young (2048K), 1 survivors (2048K)
 Metaspace       used 28073K, committed 28608K, reserved 1114112K
  class space    used 2938K, committed 3200K, reserved 1048576K
}
Event: 4.297 GC heap before
{Heap before GC invocations=15 (full 0):
 garbage-first heap   total 116736K, used 89607K [0x0000000705e00000, 0x0000000800000000)
  region size 2048K, 20 young (40960K), 1 survivors (2048K)
 Metaspace       used 28376K, committed 28928K, reserved 1114112K
  class space    used 2962K, committed 3264K, reserved 1048576K
}
Event: 4.300 GC heap after
{Heap after GC invocations=16 (full 0):
 garbage-first heap   total 116736K, used 51555K [0x0000000705e00000, 0x0000000800000000)
  region size 2048K, 1 young (2048K), 1 survivors (2048K)
 Metaspace       used 28376K, committed 28928K, reserved 1114112K
  class space    used 2962K, committed 3264K, reserved 1048576K
}
Event: 4.403 GC heap before
{Heap before GC invocations=16 (full 0):
 garbage-first heap   total 116736K, used 92515K [0x0000000705e00000, 0x0000000800000000)
  region size 2048K, 21 young (43008K), 1 survivors (2048K)
 Metaspace       used 28486K, committed 29056K, reserved 1114112K
  class space    used 2965K, committed 3264K, reserved 1048576K
}

