# JRE version: Java(TM) SE Runtime Environment (19.0.2+7) (build 19.0.2+7-44)
# Java VM: Java HotSpot(TM) 64-Bit Server VM (19.0.2+7-44, mixed mode, sharing, tiered, compressed oops, compressed class ptrs, g1 gc, windows-amd64)
GC Precious Log:
 CardTable entry size: 512
 Card Set container configuration: InlinePtr #cards 4 size 8 Array Of Cards #cards 16 size 48 Howl #buckets 8 coarsen threshold 3686 Howl Bitmap #cards 512 size 80 coarsen threshold 460 Card regions per heap region 1 cards per card region 4096
 CPUs: 16 total, 16 available
 Memory: 16005M
 Large Page Support: Disabled
 NUMA Support: Disabled
 Compressed Oops: Enabled (Zero based)
 Heap Region Size: 2M
 Heap Min Capacity: 8M
 Heap Initial Capacity: 252M
 Heap Max Capacity: 4002M
 Pre-touch: Disabled
 Parallel Workers: 13
 Concurrent Workers: 3
 Concurrent Refinement Workers: 13
 Periodic GC: Disabled
Heap:
 garbage-first heap   total 137216K, used 53387K [0x0000000705e00000, 0x0000000800000000)
  region size 2048K, 2 young (4096K), 2 survivors (4096K)
 Metaspace       used 28572K, committed 29120K, reserved 1114112K
  class space    used 2974K, committed 3264K, reserved 1048576K
GC Heap History (20 events):
Event: 2.641 GC heap after
{Heap after GC invocations=6 (full 0):
 garbage-first heap   total 83968K, used 29904K [0x0000000705e00000, 0x0000000800000000)
  region size 2048K, 1 young (2048K), 1 survivors (2048K)
 Metaspace       used 24360K, committed 24704K, reserved 1114112K
  class space    used 2577K, committed 2752K, reserved 1048576K
}
Event: 3.003 GC heap before
{Heap before GC invocations=6 (full 0):
 garbage-first heap   total 83968K, used 56528K [0x0000000705e00000, 0x0000000800000000)
  region size 2048K, 15 young (30720K), 1 survivors (2048K)
 Metaspace       used 24454K, committed 24832K, reserved 1114112K
  class space    used 2579K, committed 2752K, reserved 1048576K
}
Event: 3.007 GC heap after
{Heap after GC invocations=7 (full 0):
 garbage-first heap   total 83968K, used 38226K [0x0000000705e00000, 0x0000000800000000)
  region size 2048K, 2 young (4096K), 2 survivors (4096K)
 Metaspace       used 24454K, committed 24832K, reserved 1114112K
  class space    used 2579K, committed 2752K, reserved 1048576K
}
Event: 3.113 GC heap before
{Heap before GC invocations=7 (full 0):
 garbage-first heap   total 83968K, used 58706K [0x0000000705e00000, 0x0000000800000000)
  region size 2048K, 12 young (24576K), 2 survivors (4096K)
 Metaspace       used 24885K, committed 25280K, reserved 1114112K
  class space    used 2620K, committed 2816K, reserved 1048576K
}
Event: 3.117 GC heap after
{Heap after GC invocations=8 (full 0):
 garbage-first heap   total 83968K, used 41617K [0x0000000705e00000, 0x0000000800000000)
  region size 2048K, 2 young (4096K), 2 survivors (4096K)
 Metaspace       used 24885K, committed 25280K, reserved 1114112K
  class space    used 2620K, committed 2816K, reserved 1048576K
}
Event: 3.217 GC heap before
{Heap before GC invocations=8 (full 0):
 garbage-first heap   total 83968K, used 60049K [0x0000000705e00000, 0x0000000800000000)
  region size 2048K, 11 young (22528K), 2 survivors (4096K)
 Metaspace       used 25300K, committed 25728K, reserved 1114112K
  class space    used 2646K, committed 2880K, reserved 1048576K
}
Event: 3.222 GC heap after
{Heap after GC invocations=9 (full 0):
 garbage-first heap   total 124928K, used 45834K [0x0000000705e00000, 0x0000000800000000)
  region size 2048K, 2 young (4096K), 2 survivors (4096K)
 Metaspace       used 25300K, committed 25728K, reserved 1114112K
  class space    used 2646K, committed 2880K, reserved 1048576K
}
Event: 3.589 GC heap before
{Heap before GC invocations=10 (full 0):
 garbage-first heap   total 124928K, used 86794K [0x0000000705e00000, 0x0000000800000000)
  region size 2048K, 22 young (45056K), 2 survivors (4096K)
 Metaspace       used 26910K, committed 27264K, reserved 1114112K
  class space    used 2806K, committed 3008K, reserved 1048576K
}
Event: 3.596 GC heap after
{Heap after GC invocations=11 (full 0):
 garbage-first heap   total 124928K, used 51520K [0x0000000705e00000, 0x0000000800000000)
  region size 2048K, 2 young (4096K), 2 survivors (4096K)
 Metaspace       used 26910K, committed 27264K, reserved 1114112K
  class space    used 2806K, committed 3008K, reserved 1048576K
}
Event: 3.608 GC heap before
{Heap before GC invocations=11 (full 0):
 garbage-first heap   total 124928K, used 53568K [0x0000000705e00000, 0x0000000800000000)
  region size 2048K, 3 young (6144K), 2 survivors (4096K)
 Metaspace       used 27046K, committed 27456K, reserved 1114112K
  class space    used 2819K, committed 3072K, reserved 1048576K
}
Event: 3.614 GC heap after
{Heap after GC invocations=12 (full 0):
 garbage-first heap   total 124928K, used 51610K [0x0000000705e00000, 0x0000000800000000)
  region size 2048K, 1 young (2048K), 1 survivors (2048K)
 Metaspace       used 27046K, committed 27456K, reserved 1114112K
  class space    used 2819K, committed 3072K, reserved 1048576K
}
Event: 3.828 GC heap before
{Heap before GC invocations=12 (full 0):
 garbage-first heap   total 124928K, used 86426K [0x0000000705e00000, 0x0000000800000000)
  region size 2048K, 19 young (38912K), 1 survivors (2048K)
 Metaspace       used 27611K, committed 28160K, reserved 1114112K
  class space    used 2871K, committed 3136K, reserved 1048576K
}
Event: 3.829 GC heap after
{Heap after GC invocations=13 (full 0):
 garbage-first heap   total 124928K, used 51345K [0x0000000705e00000, 0x0000000800000000)
  region size 2048K, 1 young (2048K), 1 survivors (2048K)
 Metaspace       used 27611K, committed 28160K, reserved 1114112K
  class space    used 2871K, committed 3136K, reserved 1048576K
}
Event: 3.916 GC heap before
{Heap before GC invocations=13 (full 0):
 garbage-first heap   total 124928K, used 92305K [0x0000000705e00000, 0x0000000800000000)
  region size 2048K, 21 young (43008K), 1 survivors (2048K)
 Metaspace       used 27681K, committed 28160K, reserved 1114112K
  class space    used 2876K, committed 3136K, reserved 1048576K
}
Event: 3.917 GC heap after
{Heap after GC invocations=14 (full 0):
 garbage-first heap   total 124928K, used 51292K [0x0000000705e00000, 0x0000000800000000)
  region size 2048K, 1 young (2048K), 1 survivors (2048K)
 Metaspace       used 27681K, committed 28160K, reserved 1114112K
  class space    used 2876K, committed 3136K, reserved 1048576K
}
Event: 4.089 GC heap before
{Heap before GC invocations=14 (full 0):
 garbage-first heap   total 124928K, used 94300K [0x0000000705e00000, 0x0000000800000000)
  region size 2048K, 22 young (45056K), 1 survivors (2048K)
 Metaspace       used 28288K, committed 28864K, reserved 1114112K
  class space    used 2955K, committed 3264K, reserved 1048576K
}
Event: 4.091 GC heap after
{Heap after GC invocations=15 (full 0):
 garbage-first heap   total 124928K, used 52053K [0x0000000705e00000, 0x0000000800000000)
  region size 2048K, 1 young (2048K), 1 survivors (2048K)
 Metaspace       used 28288K, committed 28864K, reserved 1114112K
  class space    used 2955K, committed 3264K, reserved 1048576K
}
Event: 4.173 GC heap before
{Heap before GC invocations=15 (full 0):
 garbage-first heap   total 124928K, used 97109K [0x0000000705e00000, 0x0000000800000000)
  region size 2048K, 23 young (47104K), 1 survivors (2048K)
 Metaspace       used 28465K, committed 29056K, reserved 1114112K
  class space    used 2969K, committed 3264K, reserved 1048576K
}
Event: 4.176 GC heap after
{Heap after GC invocations=16 (full 0):
 garbage-first heap   total 124928K, used 52844K [0x0000000705e00000, 0x0000000800000000)
  region size 2048K, 1 young (2048K), 1 survivors (2048K)
 Metaspace       used 28465K, committed 29056K, reserved 1114112K
  class space    used 2969K, committed 3264K, reserved 1048576K
}
Event: 4.241 GC heap before
{Heap before GC invocations=16 (full 0):
 garbage-first heap   total 124928K, used 99948K [0x0000000705e00000, 0x0000000800000000)
  region size 2048K, 24 young (49152K), 1 survivors (2048K)
 Metaspace       used 28572K, committed 29120K, reserved 1114112K
  class space    used 2974K, committed 3264K, reserved 1048576K
}

