# JRE version: Java(TM) SE Runtime Environment (19.0.2+7) (build 19.0.2+7-44)
# Java VM: Java HotSpot(TM) 64-Bit Server VM (19.0.2+7-44, mixed mode, sharing, tiered, compressed oops, compressed class ptrs, g1 gc, windows-amd64)
GC Precious Log:
 CardTable entry size: 512
 Card Set container configuration: InlinePtr #cards 4 size 8 Array Of Cards #cards 16 size 48 Howl #buckets 8 coarsen threshold 3686 Howl Bitmap #cards 512 size 80 coarsen threshold 460 Card regions per heap region 1 cards per card region 4096
 CPUs: 16 total, 16 available
 Memory: 16005M
 Large Page Support: Disabled
 NUMA Support: Disabled
 Compressed Oops: Enabled (Zero based)
 Heap Region Size: 2M
 Heap Min Capacity: 8M
 Heap Initial Capacity: 252M
 Heap Max Capacity: 4002M
 Pre-touch: Disabled
 Parallel Workers: 13
 Concurrent Workers: 3
 Concurrent Refinement Workers: 13
 Periodic GC: Disabled
Heap:
 garbage-first heap   total 131072K, used 64337K [0x0000000705e00000, 0x0000000800000000)
  region size 2048K, 4 young (8192K), 4 survivors (8192K)
 Metaspace       used 33985K, committed 34624K, reserved 1114112K
  class space    used 3522K, committed 3840K, reserved 1048576K
GC Heap History (20 events):
Event: 2.444 GC heap after
{Heap after GC invocations=7 (full 0):
 garbage-first heap   total 63488K, used 29302K [0x0000000705e00000, 0x0000000800000000)
  region size 2048K, 2 young (4096K), 2 survivors (4096K)
 Metaspace       used 24284K, committed 24640K, reserved 1114112K
  class space    used 2581K, committed 2752K, reserved 1048576K
}
Event: 2.536 GC heap before
{Heap before GC invocations=7 (full 0):
 garbage-first heap   total 63488K, used 43638K [0x0000000705e00000, 0x0000000800000000)
  region size 2048K, 9 young (18432K), 2 survivors (4096K)
 Metaspace       used 24690K, committed 24960K, reserved 1114112K
  class space    used 2630K, committed 2752K, reserved 1048576K
}
Event: 2.540 GC heap after
{Heap after GC invocations=8 (full 0):
 garbage-first heap   total 63488K, used 31661K [0x0000000705e00000, 0x0000000800000000)
  region size 2048K, 1 young (2048K), 1 survivors (2048K)
 Metaspace       used 24690K, committed 24960K, reserved 1114112K
  class space    used 2630K, committed 2752K, reserved 1048576K
}
Event: 2.614 GC heap before
{Heap before GC invocations=8 (full 0):
 garbage-first heap   total 63488K, used 43949K [0x0000000705e00000, 0x0000000800000000)
  region size 2048K, 8 young (16384K), 1 survivors (2048K)
 Metaspace       used 25021K, committed 25472K, reserved 1114112K
  class space    used 2643K, committed 2880K, reserved 1048576K
}
Event: 2.618 GC heap after
{Heap after GC invocations=9 (full 0):
 garbage-first heap   total 161792K, used 35112K [0x0000000705e00000, 0x0000000800000000)
  region size 2048K, 1 young (2048K), 1 survivors (2048K)
 Metaspace       used 25021K, committed 25472K, reserved 1114112K
  class space    used 2643K, committed 2880K, reserved 1048576K
}
Event: 3.214 GC heap before
{Heap before GC invocations=10 (full 0):
 garbage-first heap   total 131072K, used 110888K [0x0000000705e00000, 0x0000000800000000)
  region size 2048K, 38 young (77824K), 1 survivors (2048K)
 Metaspace       used 27319K, committed 27776K, reserved 1114112K
  class space    used 2862K, committed 3136K, reserved 1048576K
}
Event: 3.219 GC heap after
{Heap after GC invocations=11 (full 0):
 garbage-first heap   total 131072K, used 40256K [0x0000000705e00000, 0x0000000800000000)
  region size 2048K, 3 young (6144K), 3 survivors (6144K)
 Metaspace       used 27319K, committed 27776K, reserved 1114112K
  class space    used 2862K, committed 3136K, reserved 1048576K
}
Event: 3.223 GC heap before
{Heap before GC invocations=11 (full 0):
 garbage-first heap   total 131072K, used 42304K [0x0000000705e00000, 0x0000000800000000)
  region size 2048K, 4 young (8192K), 3 survivors (6144K)
 Metaspace       used 27319K, committed 27776K, reserved 1114112K
  class space    used 2862K, committed 3136K, reserved 1048576K
}
Event: 3.227 GC heap after
{Heap after GC invocations=12 (full 0):
 garbage-first heap   total 131072K, used 40413K [0x0000000705e00000, 0x0000000800000000)
  region size 2048K, 1 young (2048K), 1 survivors (2048K)
 Metaspace       used 27319K, committed 27776K, reserved 1114112K
  class space    used 2862K, committed 3136K, reserved 1048576K
}
Event: 3.455 GC heap before
{Heap before GC invocations=12 (full 0):
 garbage-first heap   total 131072K, used 91613K [0x0000000705e00000, 0x0000000800000000)
  region size 2048K, 27 young (55296K), 1 survivors (2048K)
 Metaspace       used 27997K, committed 28480K, reserved 1114112K
  class space    used 2942K, committed 3200K, reserved 1048576K
}
Event: 3.457 GC heap after
{Heap after GC invocations=13 (full 0):
 garbage-first heap   total 131072K, used 41117K [0x0000000705e00000, 0x0000000800000000)
  region size 2048K, 1 young (2048K), 1 survivors (2048K)
 Metaspace       used 27997K, committed 28480K, reserved 1114112K
  class space    used 2942K, committed 3200K, reserved 1048576K
}
Event: 3.602 GC heap before
{Heap before GC invocations=13 (full 0):
 garbage-first heap   total 131072K, used 96413K [0x0000000705e00000, 0x0000000800000000)
  region size 2048K, 28 young (57344K), 1 survivors (2048K)
 Metaspace       used 28218K, committed 28736K, reserved 1114112K
  class space    used 2953K, committed 3200K, reserved 1048576K
}
Event: 3.605 GC heap after
{Heap after GC invocations=14 (full 0):
 garbage-first heap   total 131072K, used 42008K [0x0000000705e00000, 0x0000000800000000)
  region size 2048K, 2 young (4096K), 2 survivors (4096K)
 Metaspace       used 28218K, committed 28736K, reserved 1114112K
  class space    used 2953K, committed 3200K, reserved 1048576K
}
Event: 3.760 GC heap before
{Heap before GC invocations=14 (full 0):
 garbage-first heap   total 131072K, used 99352K [0x0000000705e00000, 0x0000000800000000)
  region size 2048K, 30 young (61440K), 2 survivors (4096K)
 Metaspace       used 28452K, committed 29056K, reserved 1114112K
  class space    used 2969K, committed 3264K, reserved 1048576K
}
Event: 3.763 GC heap after
{Heap after GC invocations=15 (full 0):
 garbage-first heap   total 131072K, used 42173K [0x0000000705e00000, 0x0000000800000000)
  region size 2048K, 2 young (4096K), 2 survivors (4096K)
 Metaspace       used 28452K, committed 29056K, reserved 1114112K
  class space    used 2969K, committed 3264K, reserved 1048576K
}
Event: 4.536 GC heap before
{Heap before GC invocations=15 (full 0):
 garbage-first heap   total 131072K, used 101565K [0x0000000705e00000, 0x0000000800000000)
  region size 2048K, 31 young (63488K), 2 survivors (4096K)
 Metaspace       used 30948K, committed 31552K, reserved 1114112K
  class space    used 3196K, committed 3456K, reserved 1048576K
}
Event: 4.541 GC heap after
{Heap after GC invocations=16 (full 0):
 garbage-first heap   total 131072K, used 44655K [0x0000000705e00000, 0x0000000800000000)
  region size 2048K, 3 young (6144K), 3 survivors (6144K)
 Metaspace       used 30948K, committed 31552K, reserved 1114112K
  class space    used 3196K, committed 3456K, reserved 1048576K
}
Event: 4.912 GC heap before
{Heap before GC invocations=16 (full 0):
 garbage-first heap   total 131072K, used 106095K [0x0000000705e00000, 0x0000000800000000)
  region size 2048K, 31 young (63488K), 3 survivors (6144K)
 Metaspace       used 32348K, committed 33024K, reserved 1114112K
  class space    used 3306K, committed 3648K, reserved 1048576K
}
Event: 4.917 GC heap after
{Heap after GC invocations=17 (full 0):
 garbage-first heap   total 131072K, used 49579K [0x0000000705e00000, 0x0000000800000000)
  region size 2048K, 4 young (8192K), 4 survivors (8192K)
 Metaspace       used 32348K, committed 33024K, reserved 1114112K
  class space    used 3306K, committed 3648K, reserved 1048576K
}
Event: 5.266 GC heap before
{Heap before GC invocations=17 (full 0):
 garbage-first heap   total 131072K, used 102827K [0x0000000705e00000, 0x0000000800000000)
  region size 2048K, 31 young (63488K), 4 survivors (8192K)
 Metaspace       used 33985K, committed 34624K, reserved 1114112K
  class space    used 3522K, committed 3840K, reserved 1048576K
}

