# JRE version: Java(TM) SE Runtime Environment (19.0.2+7) (build 19.0.2+7-44)
# Java VM: Java HotSpot(TM) 64-Bit Server VM (19.0.2+7-44, mixed mode, sharing, tiered, compressed oops, compressed class ptrs, g1 gc, windows-amd64)
GC Precious Log:
 CardTable entry size: 512
 Card Set container configuration: InlinePtr #cards 4 size 8 Array Of Cards #cards 16 size 48 Howl #buckets 8 coarsen threshold 3686 Howl Bitmap #cards 512 size 80 coarsen threshold 460 Card regions per heap region 1 cards per card region 4096
 CPUs: 16 total, 16 available
 Memory: 16005M
 Large Page Support: Disabled
 NUMA Support: Disabled
 Compressed Oops: Enabled (Zero based)
 Heap Region Size: 2M
 Heap Min Capacity: 8M
 Heap Initial Capacity: 252M
 Heap Max Capacity: 4002M
 Pre-touch: Disabled
 Parallel Workers: 13
 Concurrent Workers: 3
 Concurrent Refinement Workers: 13
 Periodic GC: Disabled
Heap:
 garbage-first heap   total 243712K, used 58493K [0x0000000705e00000, 0x0000000800000000)
  region size 2048K, 5 young (10240K), 3 survivors (6144K)
 Metaspace       used 30967K, committed 31552K, reserved 1114112K
  class space    used 3225K, committed 3520K, reserved 1048576K
GC Heap History (20 events):
Event: 3.027 GC heap before
{Heap before GC invocations=8 (full 0):
 garbage-first heap   total 81920K, used 59144K [0x0000000705e00000, 0x0000000800000000)
  region size 2048K, 10 young (20480K), 2 survivors (4096K)
 Metaspace       used 25279K, committed 25728K, reserved 1114112K
  class space    used 2648K, committed 2880K, reserved 1048576K
}
Event: 3.032 GC heap after
{Heap after GC invocations=9 (full 0):
 garbage-first heap   total 129024K, used 46570K [0x0000000705e00000, 0x0000000800000000)
  region size 2048K, 2 young (4096K), 2 survivors (4096K)
 Metaspace       used 25279K, committed 25728K, reserved 1114112K
  class space    used 2648K, committed 2880K, reserved 1048576K
}
Event: 3.490 GC heap before
{Heap before GC invocations=10 (full 0):
 garbage-first heap   total 129024K, used 89578K [0x0000000705e00000, 0x0000000800000000)
  region size 2048K, 23 young (47104K), 2 survivors (4096K)
 Metaspace       used 26936K, committed 27456K, reserved 1114112K
  class space    used 2811K, committed 3072K, reserved 1048576K
}
Event: 3.497 GC heap after
{Heap after GC invocations=11 (full 0):
 garbage-first heap   total 129024K, used 52777K [0x0000000705e00000, 0x0000000800000000)
  region size 2048K, 3 young (6144K), 3 survivors (6144K)
 Metaspace       used 26936K, committed 27456K, reserved 1114112K
  class space    used 2811K, committed 3072K, reserved 1048576K
}
Event: 3.512 GC heap before
{Heap before GC invocations=11 (full 0):
 garbage-first heap   total 129024K, used 54825K [0x0000000705e00000, 0x0000000800000000)
  region size 2048K, 4 young (8192K), 3 survivors (6144K)
 Metaspace       used 27065K, committed 27520K, reserved 1114112K
  class space    used 2824K, committed 3072K, reserved 1048576K
}
Event: 3.517 GC heap after
{Heap after GC invocations=12 (full 0):
 garbage-first heap   total 129024K, used 52390K [0x0000000705e00000, 0x0000000800000000)
  region size 2048K, 1 young (2048K), 1 survivors (2048K)
 Metaspace       used 27065K, committed 27520K, reserved 1114112K
  class space    used 2824K, committed 3072K, reserved 1048576K
}
Event: 3.838 GC heap before
{Heap before GC invocations=12 (full 0):
 garbage-first heap   total 129024K, used 89254K [0x0000000705e00000, 0x0000000800000000)
  region size 2048K, 20 young (40960K), 1 survivors (2048K)
 Metaspace       used 27641K, committed 28160K, reserved 1114112K
  class space    used 2877K, committed 3136K, reserved 1048576K
}
Event: 3.839 GC heap after
{Heap after GC invocations=13 (full 0):
 garbage-first heap   total 129024K, used 51989K [0x0000000705e00000, 0x0000000800000000)
  region size 2048K, 1 young (2048K), 1 survivors (2048K)
 Metaspace       used 27641K, committed 28160K, reserved 1114112K
  class space    used 2877K, committed 3136K, reserved 1048576K
}
Event: 4.344 GC heap before
{Heap before GC invocations=13 (full 0):
 garbage-first heap   total 129024K, used 94997K [0x0000000705e00000, 0x0000000800000000)
  region size 2048K, 22 young (45056K), 1 survivors (2048K)
 Metaspace       used 27719K, committed 28224K, reserved 1114112K
  class space    used 2883K, committed 3136K, reserved 1048576K
}
Event: 4.345 GC heap after
{Heap after GC invocations=14 (full 0):
 garbage-first heap   total 129024K, used 51895K [0x0000000705e00000, 0x0000000800000000)
  region size 2048K, 1 young (2048K), 1 survivors (2048K)
 Metaspace       used 27719K, committed 28224K, reserved 1114112K
  class space    used 2883K, committed 3136K, reserved 1048576K
}
Event: 4.606 GC heap before
{Heap before GC invocations=14 (full 0):
 garbage-first heap   total 129024K, used 96951K [0x0000000705e00000, 0x0000000800000000)
  region size 2048K, 23 young (47104K), 1 survivors (2048K)
 Metaspace       used 28372K, committed 28928K, reserved 1114112K
  class space    used 2965K, committed 3264K, reserved 1048576K
}
Event: 4.608 GC heap after
{Heap after GC invocations=15 (full 0):
 garbage-first heap   total 129024K, used 52895K [0x0000000705e00000, 0x0000000800000000)
  region size 2048K, 1 young (2048K), 1 survivors (2048K)
 Metaspace       used 28372K, committed 28928K, reserved 1114112K
  class space    used 2965K, committed 3264K, reserved 1048576K
}
Event: 4.699 GC heap before
{Heap before GC invocations=15 (full 0):
 garbage-first heap   total 129024K, used 99999K [0x0000000705e00000, 0x0000000800000000)
  region size 2048K, 24 young (49152K), 1 survivors (2048K)
 Metaspace       used 28546K, committed 29120K, reserved 1114112K
  class space    used 2971K, committed 3264K, reserved 1048576K
}
Event: 4.702 GC heap after
{Heap after GC invocations=16 (full 0):
 garbage-first heap   total 129024K, used 53569K [0x0000000705e00000, 0x0000000800000000)
  region size 2048K, 1 young (2048K), 1 survivors (2048K)
 Metaspace       used 28546K, committed 29120K, reserved 1114112K
  class space    used 2971K, committed 3264K, reserved 1048576K
}
Event: 4.761 GC heap before
{Heap before GC invocations=16 (full 0):
 garbage-first heap   total 129024K, used 102721K [0x0000000705e00000, 0x0000000800000000)
  region size 2048K, 25 young (51200K), 1 survivors (2048K)
 Metaspace       used 28587K, committed 29120K, reserved 1114112K
  class space    used 2973K, committed 3264K, reserved 1048576K
}
Event: 4.763 GC heap after
{Heap after GC invocations=17 (full 0):
 garbage-first heap   total 129024K, used 54155K [0x0000000705e00000, 0x0000000800000000)
  region size 2048K, 2 young (4096K), 2 survivors (4096K)
 Metaspace       used 28587K, committed 29120K, reserved 1114112K
  class space    used 2973K, committed 3264K, reserved 1048576K
}
Event: 4.855 GC heap before
{Heap before GC invocations=17 (full 0):
 garbage-first heap   total 129024K, used 103307K [0x0000000705e00000, 0x0000000800000000)
  region size 2048K, 26 young (53248K), 2 survivors (4096K)
 Metaspace       used 28678K, committed 29248K, reserved 1114112K
  class space    used 2977K, committed 3264K, reserved 1048576K
}
Event: 4.859 GC heap after
{Heap after GC invocations=18 (full 0):
 garbage-first heap   total 243712K, used 55402K [0x0000000705e00000, 0x0000000800000000)
  region size 2048K, 2 young (4096K), 2 survivors (4096K)
 Metaspace       used 28678K, committed 29248K, reserved 1114112K
  class space    used 2977K, committed 3264K, reserved 1048576K
}
Event: 5.519 GC heap before
{Heap before GC invocations=18 (full 0):
 garbage-first heap   total 243712K, used 196714K [0x0000000705e00000, 0x0000000800000000)
  region size 2048K, 71 young (145408K), 2 survivors (4096K)
 Metaspace       used 30797K, committed 31424K, reserved 1114112K
  class space    used 3210K, committed 3520K, reserved 1048576K
}
Event: 5.523 GC heap after
{Heap after GC invocations=19 (full 0):
 garbage-first heap   total 243712K, used 56445K [0x0000000705e00000, 0x0000000800000000)
  region size 2048K, 3 young (6144K), 3 survivors (6144K)
 Metaspace       used 30797K, committed 31424K, reserved 1114112K
  class space    used 3210K, committed 3520K, reserved 1048576K
}

