# JRE version: Java(TM) SE Runtime Environment (19.0.2+7) (build 19.0.2+7-44)
# Java VM: Java HotSpot(TM) 64-Bit Server VM (19.0.2+7-44, mixed mode, sharing, tiered, compressed oops, compressed class ptrs, g1 gc, windows-amd64)
GC Precious Log:
 CardTable entry size: 512
 Card Set container configuration: InlinePtr #cards 4 size 8 Array Of Cards #cards 16 size 48 Howl #buckets 8 coarsen threshold 3686 Howl Bitmap #cards 512 size 80 coarsen threshold 460 Card regions per heap region 1 cards per card region 4096
 CPUs: 16 total, 16 available
 Memory: 16005M
 Large Page Support: Disabled
 NUMA Support: Disabled
 Compressed Oops: Enabled (Zero based)
 Heap Region Size: 2M
 Heap Min Capacity: 8M
 Heap Initial Capacity: 252M
 Heap Max Capacity: 4002M
 Pre-touch: Disabled
 Parallel Workers: 13
 Concurrent Workers: 3
 Concurrent Refinement Workers: 13
 Periodic GC: Disabled
Heap:
 garbage-first heap   total 198656K, used 84047K [0x0000000705e00000, 0x0000000800000000)
  region size 2048K, 16 young (32768K), 6 survivors (12288K)
 Metaspace       used 35885K, committed 36544K, reserved 1114112K
  class space    used 3699K, committed 4032K, reserved 1048576K
GC Heap History (20 events):
Event: 3.406 GC heap before
{Heap before GC invocations=14 (full 0):
 garbage-first heap   total 102400K, used 73334K [0x0000000705e00000, 0x0000000800000000)
  region size 2048K, 13 young (26624K), 1 survivors (2048K)
 Metaspace       used 27542K, committed 27904K, reserved 1114112K
  class space    used 2866K, committed 3072K, reserved 1048576K
}
Event: 3.408 GC heap after
{Heap after GC invocations=15 (full 0):
 garbage-first heap   total 102400K, used 51326K [0x0000000705e00000, 0x0000000800000000)
  region size 2048K, 1 young (2048K), 1 survivors (2048K)
 Metaspace       used 27542K, committed 27904K, reserved 1114112K
  class space    used 2866K, committed 3072K, reserved 1048576K
}
Event: 3.414 GC heap before
{Heap before GC invocations=15 (full 0):
 garbage-first heap   total 102400K, used 53374K [0x0000000705e00000, 0x0000000800000000)
  region size 2048K, 2 young (4096K), 1 survivors (2048K)
 Metaspace       used 27548K, committed 27968K, reserved 1114112K
  class space    used 2867K, committed 3136K, reserved 1048576K
}
Event: 3.417 GC heap after
{Heap after GC invocations=16 (full 0):
 garbage-first heap   total 102400K, used 50560K [0x0000000705e00000, 0x0000000800000000)
  region size 2048K, 1 young (2048K), 1 survivors (2048K)
 Metaspace       used 27548K, committed 27968K, reserved 1114112K
  class space    used 2867K, committed 3136K, reserved 1048576K
}
Event: 3.470 GC heap before
{Heap before GC invocations=16 (full 0):
 garbage-first heap   total 102400K, used 75136K [0x0000000705e00000, 0x0000000800000000)
  region size 2048K, 14 young (28672K), 1 survivors (2048K)
 Metaspace       used 27615K, committed 28096K, reserved 1114112K
  class space    used 2870K, committed 3136K, reserved 1048576K
}
Event: 3.471 GC heap after
{Heap after GC invocations=17 (full 0):
 garbage-first heap   total 204800K, used 50631K [0x0000000705e00000, 0x0000000800000000)
  region size 2048K, 1 young (2048K), 1 survivors (2048K)
 Metaspace       used 27615K, committed 28096K, reserved 1114112K
  class space    used 2870K, committed 3136K, reserved 1048576K
}
Event: 3.816 GC heap before
{Heap before GC invocations=18 (full 0):
 garbage-first heap   total 198656K, used 153031K [0x0000000705e00000, 0x0000000800000000)
  region size 2048K, 51 young (104448K), 1 survivors (2048K)
 Metaspace       used 28377K, committed 28928K, reserved 1114112K
  class space    used 2958K, committed 3264K, reserved 1048576K
}
Event: 3.818 GC heap after
{Heap after GC invocations=19 (full 0):
 garbage-first heap   total 198656K, used 51990K [0x0000000705e00000, 0x0000000800000000)
  region size 2048K, 2 young (4096K), 2 survivors (4096K)
 Metaspace       used 28377K, committed 28928K, reserved 1114112K
  class space    used 2958K, committed 3264K, reserved 1048576K
}
Event: 3.833 GC heap before
{Heap before GC invocations=19 (full 0):
 garbage-first heap   total 198656K, used 56086K [0x0000000705e00000, 0x0000000800000000)
  region size 2048K, 4 young (8192K), 2 survivors (4096K)
 Metaspace       used 28419K, committed 28992K, reserved 1114112K
  class space    used 2962K, committed 3264K, reserved 1048576K
}
Event: 3.835 GC heap after
{Heap after GC invocations=20 (full 0):
 garbage-first heap   total 198656K, used 52241K [0x0000000705e00000, 0x0000000800000000)
  region size 2048K, 1 young (2048K), 1 survivors (2048K)
 Metaspace       used 28419K, committed 28992K, reserved 1114112K
  class space    used 2962K, committed 3264K, reserved 1048576K
}
Event: 3.991 GC heap before
{Heap before GC invocations=20 (full 0):
 garbage-first heap   total 198656K, used 152593K [0x0000000705e00000, 0x0000000800000000)
  region size 2048K, 50 young (102400K), 1 survivors (2048K)
 Metaspace       used 28583K, committed 29120K, reserved 1114112K
  class space    used 2968K, committed 3264K, reserved 1048576K
}
Event: 3.993 GC heap after
{Heap after GC invocations=21 (full 0):
 garbage-first heap   total 198656K, used 54028K [0x0000000705e00000, 0x0000000800000000)
  region size 2048K, 2 young (4096K), 2 survivors (4096K)
 Metaspace       used 28583K, committed 29120K, reserved 1114112K
  class space    used 2968K, committed 3264K, reserved 1048576K
}
Event: 4.148 GC heap before
{Heap before GC invocations=21 (full 0):
 garbage-first heap   total 198656K, used 154380K [0x0000000705e00000, 0x0000000800000000)
  region size 2048K, 51 young (104448K), 2 survivors (4096K)
 Metaspace       used 28726K, committed 29248K, reserved 1114112K
  class space    used 2968K, committed 3264K, reserved 1048576K
}
Event: 4.150 GC heap after
{Heap after GC invocations=22 (full 0):
 garbage-first heap   total 198656K, used 53235K [0x0000000705e00000, 0x0000000800000000)
  region size 2048K, 1 young (2048K), 1 survivors (2048K)
 Metaspace       used 28726K, committed 29248K, reserved 1114112K
  class space    used 2968K, committed 3264K, reserved 1048576K
}
Event: 5.159 GC heap before
{Heap before GC invocations=22 (full 0):
 garbage-first heap   total 198656K, used 159731K [0x0000000705e00000, 0x0000000800000000)
  region size 2048K, 53 young (108544K), 1 survivors (2048K)
 Metaspace       used 31505K, committed 32064K, reserved 1114112K
  class space    used 3231K, committed 3520K, reserved 1048576K
}
Event: 5.163 GC heap after
{Heap after GC invocations=23 (full 0):
 garbage-first heap   total 198656K, used 56589K [0x0000000705e00000, 0x0000000800000000)
  region size 2048K, 3 young (6144K), 3 survivors (6144K)
 Metaspace       used 31505K, committed 32064K, reserved 1114112K
  class space    used 3231K, committed 3520K, reserved 1048576K
}
Event: 5.709 GC heap before
{Heap before GC invocations=23 (full 0):
 garbage-first heap   total 198656K, used 163085K [0x0000000705e00000, 0x0000000800000000)
  region size 2048K, 53 young (108544K), 3 survivors (6144K)
 Metaspace       used 31868K, committed 32384K, reserved 1114112K
  class space    used 3252K, committed 3520K, reserved 1048576K
}
Event: 5.713 GC heap after
{Heap after GC invocations=24 (full 0):
 garbage-first heap   total 198656K, used 61570K [0x0000000705e00000, 0x0000000800000000)
  region size 2048K, 4 young (8192K), 4 survivors (8192K)
 Metaspace       used 31868K, committed 32384K, reserved 1114112K
  class space    used 3252K, committed 3520K, reserved 1048576K
}
Event: 6.540 GC heap before
{Heap before GC invocations=24 (full 0):
 garbage-first heap   total 198656K, used 159874K [0x0000000705e00000, 0x0000000800000000)
  region size 2048K, 53 young (108544K), 4 survivors (8192K)
 Metaspace       used 35023K, committed 35648K, reserved 1114112K
  class space    used 3586K, committed 3904K, reserved 1048576K
}
Event: 6.546 GC heap after
{Heap after GC invocations=25 (full 0):
 garbage-first heap   total 198656K, used 65615K [0x0000000705e00000, 0x0000000800000000)
  region size 2048K, 6 young (12288K), 6 survivors (12288K)
 Metaspace       used 35023K, committed 35648K, reserved 1114112K
  class space    used 3586K, committed 3904K, reserved 1048576K
}

