# JRE version: Java(TM) SE Runtime Environment (19.0.2+7) (build 19.0.2+7-44)
# Java VM: Java HotSpot(TM) 64-Bit Server VM (19.0.2+7-44, mixed mode, sharing, tiered, compressed oops, compressed class ptrs, g1 gc, windows-amd64)
GC Precious Log:
 CardTable entry size: 512
 Card Set container configuration: InlinePtr #cards 4 size 8 Array Of Cards #cards 16 size 48 Howl #buckets 8 coarsen threshold 3686 Howl Bitmap #cards 512 size 80 coarsen threshold 460 Card regions per heap region 1 cards per card region 4096
 CPUs: 16 total, 16 available
 Memory: 16004M
 Large Page Support: Disabled
 NUMA Support: Disabled
 Compressed Oops: Enabled (Zero based)
 Heap Region Size: 2M
 Heap Min Capacity: 8M
 Heap Initial Capacity: 252M
 Heap Max Capacity: 4002M
 Pre-touch: Disabled
 Parallel Workers: 13
 Concurrent Workers: 3
 Concurrent Refinement Workers: 13
 Periodic GC: Disabled
Heap:
 garbage-first heap   total 139264K, used 53879K [0x0000000705e00000, 0x0000000800000000)
  region size 2048K, 2 young (4096K), 2 survivors (4096K)
 Metaspace       used 28176K, committed 28800K, reserved 1114112K
  class space    used 2956K, committed 3264K, reserved 1048576K
GC Heap History (20 events):
Event: 2.439 GC heap after
{Heap after GC invocations=3 (full 0):
 garbage-first heap   total 258048K, used 15775K [0x0000000705e00000, 0x0000000800000000)
  region size 2048K, 7 young (14336K), 7 survivors (14336K)
 Metaspace       used 21127K, committed 21504K, reserved 1114112K
  class space    used 2282K, committed 2496K, reserved 1048576K
}
Event: 2.751 GC heap before
{Heap before GC invocations=4 (full 0):
 garbage-first heap   total 69632K, used 42399K [0x0000000705e00000, 0x0000000800000000)
  region size 2048K, 20 young (40960K), 7 survivors (14336K)
 Metaspace       used 23621K, committed 24000K, reserved 1114112K
  class space    used 2502K, committed 2688K, reserved 1048576K
}
Event: 2.763 GC heap after
{Heap after GC invocations=5 (full 0):
 garbage-first heap   total 69632K, used 24879K [0x0000000705e00000, 0x0000000800000000)
  region size 2048K, 3 young (6144K), 3 survivors (6144K)
 Metaspace       used 23621K, committed 24000K, reserved 1114112K
  class space    used 2502K, committed 2688K, reserved 1048576K
}
Event: 2.775 GC heap before
{Heap before GC invocations=5 (full 0):
 garbage-first heap   total 69632K, used 26927K [0x0000000705e00000, 0x0000000800000000)
  region size 2048K, 4 young (8192K), 3 survivors (6144K)
 Metaspace       used 23623K, committed 24000K, reserved 1114112K
  class space    used 2502K, committed 2688K, reserved 1048576K
}
Event: 2.779 GC heap after
{Heap after GC invocations=6 (full 0):
 garbage-first heap   total 69632K, used 27328K [0x0000000705e00000, 0x0000000800000000)
  region size 2048K, 1 young (2048K), 1 survivors (2048K)
 Metaspace       used 23623K, committed 24000K, reserved 1114112K
  class space    used 2502K, committed 2688K, reserved 1048576K
}
Event: 3.014 GC heap before
{Heap before GC invocations=6 (full 0):
 garbage-first heap   total 69632K, used 43712K [0x0000000705e00000, 0x0000000800000000)
  region size 2048K, 10 young (20480K), 1 survivors (2048K)
 Metaspace       used 24396K, committed 24896K, reserved 1114112K
  class space    used 2587K, committed 2816K, reserved 1048576K
}
Event: 3.018 GC heap after
{Heap after GC invocations=7 (full 0):
 garbage-first heap   total 69632K, used 32227K [0x0000000705e00000, 0x0000000800000000)
  region size 2048K, 2 young (4096K), 2 survivors (4096K)
 Metaspace       used 24396K, committed 24896K, reserved 1114112K
  class space    used 2587K, committed 2816K, reserved 1048576K
}
Event: 3.085 GC heap before
{Heap before GC invocations=7 (full 0):
 garbage-first heap   total 69632K, used 46563K [0x0000000705e00000, 0x0000000800000000)
  region size 2048K, 10 young (20480K), 2 survivors (4096K)
 Metaspace       used 24428K, committed 24896K, reserved 1114112K
  class space    used 2587K, committed 2816K, reserved 1048576K
}
Event: 3.090 GC heap after
{Heap after GC invocations=8 (full 0):
 garbage-first heap   total 69632K, used 37154K [0x0000000705e00000, 0x0000000800000000)
  region size 2048K, 2 young (4096K), 2 survivors (4096K)
 Metaspace       used 24428K, committed 24896K, reserved 1114112K
  class space    used 2587K, committed 2816K, reserved 1048576K
}
Event: 3.135 GC heap before
{Heap before GC invocations=8 (full 0):
 garbage-first heap   total 69632K, used 49442K [0x0000000705e00000, 0x0000000800000000)
  region size 2048K, 8 young (16384K), 2 survivors (4096K)
 Metaspace       used 24432K, committed 24896K, reserved 1114112K
  class space    used 2587K, committed 2816K, reserved 1048576K
}
Event: 3.138 GC heap after
{Heap after GC invocations=9 (full 0):
 garbage-first heap   total 139264K, used 40946K [0x0000000705e00000, 0x0000000800000000)
  region size 2048K, 1 young (2048K), 1 survivors (2048K)
 Metaspace       used 24432K, committed 24896K, reserved 1114112K
  class space    used 2587K, committed 2816K, reserved 1048576K
}
Event: 3.426 GC heap before
{Heap before GC invocations=10 (full 0):
 garbage-first heap   total 139264K, used 94194K [0x0000000705e00000, 0x0000000800000000)
  region size 2048K, 26 young (53248K), 1 survivors (2048K)
 Metaspace       used 25355K, committed 25856K, reserved 1114112K
  class space    used 2653K, committed 2880K, reserved 1048576K
}
Event: 3.434 GC heap after
{Heap after GC invocations=11 (full 0):
 garbage-first heap   total 139264K, used 51832K [0x0000000705e00000, 0x0000000800000000)
  region size 2048K, 4 young (8192K), 4 survivors (8192K)
 Metaspace       used 25355K, committed 25856K, reserved 1114112K
  class space    used 2653K, committed 2880K, reserved 1048576K
}
Event: 3.441 GC heap before
{Heap before GC invocations=11 (full 0):
 garbage-first heap   total 139264K, used 53880K [0x0000000705e00000, 0x0000000800000000)
  region size 2048K, 5 young (10240K), 4 survivors (8192K)
 Metaspace       used 25360K, committed 25856K, reserved 1114112K
  class space    used 2653K, committed 2880K, reserved 1048576K
}
Event: 3.446 GC heap after
{Heap after GC invocations=12 (full 0):
 garbage-first heap   total 139264K, used 52220K [0x0000000705e00000, 0x0000000800000000)
  region size 2048K, 1 young (2048K), 1 survivors (2048K)
 Metaspace       used 25360K, committed 25856K, reserved 1114112K
  class space    used 2653K, committed 2880K, reserved 1048576K
}
Event: 3.951 GC heap before
{Heap before GC invocations=12 (full 0):
 garbage-first heap   total 139264K, used 95228K [0x0000000705e00000, 0x0000000800000000)
  region size 2048K, 23 young (47104K), 1 survivors (2048K)
 Metaspace       used 27501K, committed 28032K, reserved 1114112K
  class space    used 2873K, committed 3136K, reserved 1048576K
}
Event: 3.953 GC heap after
{Heap after GC invocations=13 (full 0):
 garbage-first heap   total 139264K, used 53087K [0x0000000705e00000, 0x0000000800000000)
  region size 2048K, 1 young (2048K), 1 survivors (2048K)
 Metaspace       used 27501K, committed 28032K, reserved 1114112K
  class space    used 2873K, committed 3136K, reserved 1048576K
}
Event: 4.067 GC heap before
{Heap before GC invocations=13 (full 0):
 garbage-first heap   total 139264K, used 100191K [0x0000000705e00000, 0x0000000800000000)
  region size 2048K, 24 young (49152K), 1 survivors (2048K)
 Metaspace       used 27644K, committed 28160K, reserved 1114112K
  class space    used 2881K, committed 3136K, reserved 1048576K
}
Event: 4.069 GC heap after
{Heap after GC invocations=14 (full 0):
 garbage-first heap   total 139264K, used 53099K [0x0000000705e00000, 0x0000000800000000)
  region size 2048K, 1 young (2048K), 1 survivors (2048K)
 Metaspace       used 27644K, committed 28160K, reserved 1114112K
  class space    used 2881K, committed 3136K, reserved 1048576K
}
Event: 4.278 GC heap before
{Heap before GC invocations=14 (full 0):
 garbage-first heap   total 139264K, used 104299K [0x0000000705e00000, 0x0000000800000000)
  region size 2048K, 26 young (53248K), 1 survivors (2048K)
 Metaspace       used 28176K, committed 28800K, reserved 1114112K
  class space    used 2956K, committed 3264K, reserved 1048576K
}

