# JRE version: Java(TM) SE Runtime Environment (19.0.2+7) (build 19.0.2+7-44)
# Java VM: Java HotSpot(TM) 64-Bit Server VM (19.0.2+7-44, mixed mode, sharing, tiered, compressed oops, compressed class ptrs, g1 gc, windows-amd64)
GC Precious Log:
 CardTable entry size: 512
 Card Set container configuration: InlinePtr #cards 4 size 8 Array Of Cards #cards 16 size 48 Howl #buckets 8 coarsen threshold 3686 Howl Bitmap #cards 512 size 80 coarsen threshold 460 Card regions per heap region 1 cards per card region 4096
 CPUs: 16 total, 16 available
 Memory: 16005M
 Large Page Support: Disabled
 NUMA Support: Disabled
 Compressed Oops: Enabled (Zero based)
 Heap Region Size: 2M
 Heap Min Capacity: 8M
 Heap Initial Capacity: 252M
 Heap Max Capacity: 4002M
 Pre-touch: Disabled
 Parallel Workers: 13
 Concurrent Workers: 3
 Concurrent Refinement Workers: 13
 Periodic GC: Disabled
Heap:
 garbage-first heap   total 217088K, used 169976K [0x0000000705e00000, 0x0000000800000000)
  region size 2048K, 60 young (122880K), 6 survivors (12288K)
 Metaspace       used 36478K, committed 37120K, reserved 1114112K
  class space    used 3752K, committed 4096K, reserved 1048576K
GC Heap History (20 events):
Event: 3.084 GC heap before
{Heap before GC invocations=10 (full 0):
 garbage-first heap   total 108544K, used 76003K [0x0000000705e00000, 0x0000000800000000)
  region size 2048K, 17 young (34816K), 2 survivors (4096K)
 Metaspace       used 26259K, committed 26688K, reserved 1114112K
  class space    used 2713K, committed 2944K, reserved 1048576K
}
Event: 3.091 GC heap after
{Heap after GC invocations=11 (full 0):
 garbage-first heap   total 108544K, used 51492K [0x0000000705e00000, 0x0000000800000000)
  region size 2048K, 3 young (6144K), 3 survivors (6144K)
 Metaspace       used 26259K, committed 26688K, reserved 1114112K
  class space    used 2713K, committed 2944K, reserved 1048576K
}
Event: 3.102 GC heap before
{Heap before GC invocations=11 (full 0):
 garbage-first heap   total 108544K, used 53540K [0x0000000705e00000, 0x0000000800000000)
  region size 2048K, 4 young (8192K), 3 survivors (6144K)
 Metaspace       used 26310K, committed 26688K, reserved 1114112K
  class space    used 2727K, committed 2944K, reserved 1048576K
}
Event: 3.107 GC heap after
{Heap after GC invocations=12 (full 0):
 garbage-first heap   total 108544K, used 51503K [0x0000000705e00000, 0x0000000800000000)
  region size 2048K, 1 young (2048K), 1 survivors (2048K)
 Metaspace       used 26310K, committed 26688K, reserved 1114112K
  class space    used 2727K, committed 2944K, reserved 1048576K
}
Event: 3.380 GC heap before
{Heap before GC invocations=12 (full 0):
 garbage-first heap   total 108544K, used 78127K [0x0000000705e00000, 0x0000000800000000)
  region size 2048K, 15 young (30720K), 1 survivors (2048K)
 Metaspace       used 27445K, committed 27904K, reserved 1114112K
  class space    used 2858K, committed 3072K, reserved 1048576K
}
Event: 3.381 GC heap after
{Heap after GC invocations=13 (full 0):
 garbage-first heap   total 108544K, used 51765K [0x0000000705e00000, 0x0000000800000000)
  region size 2048K, 1 young (2048K), 1 survivors (2048K)
 Metaspace       used 27445K, committed 27904K, reserved 1114112K
  class space    used 2858K, committed 3072K, reserved 1048576K
}
Event: 3.480 GC heap before
{Heap before GC invocations=14 (full 0):
 garbage-first heap   total 108544K, used 80437K [0x0000000705e00000, 0x0000000800000000)
  region size 2048K, 15 young (30720K), 1 survivors (2048K)
 Metaspace       used 27589K, committed 28032K, reserved 1114112K
  class space    used 2865K, committed 3072K, reserved 1048576K
}
Event: 3.481 GC heap after
{Heap after GC invocations=15 (full 0):
 garbage-first heap   total 108544K, used 51114K [0x0000000705e00000, 0x0000000800000000)
  region size 2048K, 1 young (2048K), 1 survivors (2048K)
 Metaspace       used 27589K, committed 28032K, reserved 1114112K
  class space    used 2865K, committed 3072K, reserved 1048576K
}
Event: 3.485 GC heap before
{Heap before GC invocations=15 (full 0):
 garbage-first heap   total 108544K, used 53162K [0x0000000705e00000, 0x0000000800000000)
  region size 2048K, 2 young (4096K), 1 survivors (2048K)
 Metaspace       used 27604K, committed 28032K, reserved 1114112K
  class space    used 2865K, committed 3072K, reserved 1048576K
}
Event: 3.487 GC heap after
{Heap after GC invocations=16 (full 0):
 garbage-first heap   total 217088K, used 50267K [0x0000000705e00000, 0x0000000800000000)
  region size 2048K, 1 young (2048K), 1 survivors (2048K)
 Metaspace       used 27604K, committed 28032K, reserved 1114112K
  class space    used 2865K, committed 3072K, reserved 1048576K
}
Event: 3.860 GC heap before
{Heap before GC invocations=16 (full 0):
 garbage-first heap   total 217088K, used 156763K [0x0000000705e00000, 0x0000000800000000)
  region size 2048K, 54 young (110592K), 1 survivors (2048K)
 Metaspace       used 28394K, committed 28992K, reserved 1114112K
  class space    used 2960K, committed 3264K, reserved 1048576K
}
Event: 3.862 GC heap after
{Heap after GC invocations=17 (full 0):
 garbage-first heap   total 217088K, used 51386K [0x0000000705e00000, 0x0000000800000000)
  region size 2048K, 1 young (2048K), 1 survivors (2048K)
 Metaspace       used 28394K, committed 28992K, reserved 1114112K
  class space    used 2960K, committed 3264K, reserved 1048576K
}
Event: 4.068 GC heap before
{Heap before GC invocations=17 (full 0):
 garbage-first heap   total 217088K, used 164026K [0x0000000705e00000, 0x0000000800000000)
  region size 2048K, 56 young (114688K), 1 survivors (2048K)
 Metaspace       used 28596K, committed 29120K, reserved 1114112K
  class space    used 2966K, committed 3264K, reserved 1048576K
}
Event: 4.071 GC heap after
{Heap after GC invocations=18 (full 0):
 garbage-first heap   total 217088K, used 53703K [0x0000000705e00000, 0x0000000800000000)
  region size 2048K, 3 young (6144K), 3 survivors (6144K)
 Metaspace       used 28596K, committed 29120K, reserved 1114112K
  class space    used 2966K, committed 3264K, reserved 1048576K
}
Event: 4.306 GC heap before
{Heap before GC invocations=18 (full 0):
 garbage-first heap   total 217088K, used 166343K [0x0000000705e00000, 0x0000000800000000)
  region size 2048K, 58 young (118784K), 3 survivors (6144K)
 Metaspace       used 28767K, committed 29312K, reserved 1114112K
  class space    used 2966K, committed 3264K, reserved 1048576K
}
Event: 4.309 GC heap after
{Heap after GC invocations=19 (full 0):
 garbage-first heap   total 217088K, used 53187K [0x0000000705e00000, 0x0000000800000000)
  region size 2048K, 2 young (4096K), 2 survivors (4096K)
 Metaspace       used 28767K, committed 29312K, reserved 1114112K
  class space    used 2966K, committed 3264K, reserved 1048576K
}
Event: 5.391 GC heap before
{Heap before GC invocations=19 (full 0):
 garbage-first heap   total 217088K, used 171971K [0x0000000705e00000, 0x0000000800000000)
  region size 2048K, 60 young (122880K), 2 survivors (4096K)
 Metaspace       used 31533K, committed 32128K, reserved 1114112K
  class space    used 3226K, committed 3520K, reserved 1048576K
}
Event: 5.397 GC heap after
{Heap after GC invocations=20 (full 0):
 garbage-first heap   total 217088K, used 56429K [0x0000000705e00000, 0x0000000800000000)
  region size 2048K, 4 young (8192K), 4 survivors (8192K)
 Metaspace       used 31533K, committed 32128K, reserved 1114112K
  class space    used 3226K, committed 3520K, reserved 1048576K
}
Event: 6.086 GC heap before
{Heap before GC invocations=20 (full 0):
 garbage-first heap   total 217088K, used 177261K [0x0000000705e00000, 0x0000000800000000)
  region size 2048K, 61 young (124928K), 4 survivors (8192K)
 Metaspace       used 33010K, committed 33600K, reserved 1114112K
  class space    used 3341K, committed 3648K, reserved 1048576K
}
Event: 6.091 GC heap after
{Heap after GC invocations=21 (full 0):
 garbage-first heap   total 217088K, used 63480K [0x0000000705e00000, 0x0000000800000000)
  region size 2048K, 6 young (12288K), 6 survivors (12288K)
 Metaspace       used 33010K, committed 33600K, reserved 1114112K
  class space    used 3341K, committed 3648K, reserved 1048576K
}

