# JRE version: Java(TM) SE Runtime Environment (19.0.2+7) (build 19.0.2+7-44)
# Java VM: Java HotSpot(TM) 64-Bit Server VM (19.0.2+7-44, mixed mode, sharing, tiered, compressed oops, compressed class ptrs, g1 gc, windows-amd64)
GC Precious Log:
 CardTable entry size: 512
 Card Set container configuration: InlinePtr #cards 4 size 8 Array Of Cards #cards 16 size 48 Howl #buckets 8 coarsen threshold 3686 Howl Bitmap #cards 512 size 80 coarsen threshold 460 Card regions per heap region 1 cards per card region 4096
 CPUs: 16 total, 16 available
 Memory: 16005M
 Large Page Support: Disabled
 NUMA Support: Disabled
 Compressed Oops: Enabled (Zero based)
 Heap Region Size: 2M
 Heap Min Capacity: 8M
 Heap Initial Capacity: 252M
 Heap Max Capacity: 4002M
 Pre-touch: Disabled
 Parallel Workers: 13
 Concurrent Workers: 3
 Concurrent Refinement Workers: 13
 Periodic GC: Disabled
Heap:
 garbage-first heap   total 409600K, used 145525K [0x0000000705e00000, 0x0000000800000000)
  region size 2048K, 39 young (79872K), 8 survivors (16384K)
 Metaspace       used 35386K, committed 35968K, reserved 1114112K
  class space    used 3597K, committed 3904K, reserved 1048576K
GC Heap History (20 events):
Event: 3.259 GC heap before
{Heap before GC invocations=11 (full 0):
 garbage-first heap   total 110592K, used 51950K [0x0000000705e00000, 0x0000000800000000)
  region size 2048K, 4 young (8192K), 3 survivors (6144K)
 Metaspace       used 26385K, committed 26816K, reserved 1114112K
  class space    used 2735K, committed 2944K, reserved 1048576K
}
Event: 3.265 GC heap after
{Heap after GC invocations=12 (full 0):
 garbage-first heap   total 110592K, used 51881K [0x0000000705e00000, 0x0000000800000000)
  region size 2048K, 1 young (2048K), 1 survivors (2048K)
 Metaspace       used 26385K, committed 26816K, reserved 1114112K
  class space    used 2735K, committed 2944K, reserved 1048576K
}
Event: 3.545 GC heap before
{Heap before GC invocations=12 (full 0):
 garbage-first heap   total 110592K, used 78505K [0x0000000705e00000, 0x0000000800000000)
  region size 2048K, 15 young (30720K), 1 survivors (2048K)
 Metaspace       used 27535K, committed 28032K, reserved 1114112K
  class space    used 2872K, committed 3136K, reserved 1048576K
}
Event: 3.547 GC heap after
{Heap after GC invocations=13 (full 0):
 garbage-first heap   total 110592K, used 51742K [0x0000000705e00000, 0x0000000800000000)
  region size 2048K, 1 young (2048K), 1 survivors (2048K)
 Metaspace       used 27535K, committed 28032K, reserved 1114112K
  class space    used 2872K, committed 3136K, reserved 1048576K
}
Event: 3.635 GC heap before
{Heap before GC invocations=14 (full 0):
 garbage-first heap   total 110592K, used 82462K [0x0000000705e00000, 0x0000000800000000)
  region size 2048K, 16 young (32768K), 1 survivors (2048K)
 Metaspace       used 27687K, committed 28160K, reserved 1114112K
  class space    used 2879K, committed 3136K, reserved 1048576K
}
Event: 3.636 GC heap after
{Heap after GC invocations=15 (full 0):
 garbage-first heap   total 110592K, used 51816K [0x0000000705e00000, 0x0000000800000000)
  region size 2048K, 1 young (2048K), 1 survivors (2048K)
 Metaspace       used 27687K, committed 28160K, reserved 1114112K
  class space    used 2879K, committed 3136K, reserved 1048576K
}
Event: 3.640 GC heap before
{Heap before GC invocations=15 (full 0):
 garbage-first heap   total 110592K, used 53864K [0x0000000705e00000, 0x0000000800000000)
  region size 2048K, 2 young (4096K), 1 survivors (2048K)
 Metaspace       used 27687K, committed 28160K, reserved 1114112K
  class space    used 2879K, committed 3136K, reserved 1048576K
}
Event: 3.644 GC heap after
{Heap after GC invocations=16 (full 0):
 garbage-first heap   total 204800K, used 51152K [0x0000000705e00000, 0x0000000800000000)
  region size 2048K, 1 young (2048K), 1 survivors (2048K)
 Metaspace       used 27687K, committed 28160K, reserved 1114112K
  class space    used 2879K, committed 3136K, reserved 1048576K
}
Event: 3.965 GC heap before
{Heap before GC invocations=16 (full 0):
 garbage-first heap   total 204800K, used 149456K [0x0000000705e00000, 0x0000000800000000)
  region size 2048K, 50 young (102400K), 1 survivors (2048K)
 Metaspace       used 28419K, committed 28992K, reserved 1114112K
  class space    used 2968K, committed 3264K, reserved 1048576K
}
Event: 3.966 GC heap after
{Heap after GC invocations=17 (full 0):
 garbage-first heap   total 204800K, used 52322K [0x0000000705e00000, 0x0000000800000000)
  region size 2048K, 1 young (2048K), 1 survivors (2048K)
 Metaspace       used 28419K, committed 28992K, reserved 1114112K
  class space    used 2968K, committed 3264K, reserved 1048576K
}
Event: 4.115 GC heap before
{Heap before GC invocations=17 (full 0):
 garbage-first heap   total 204800K, used 158818K [0x0000000705e00000, 0x0000000800000000)
  region size 2048K, 53 young (108544K), 1 survivors (2048K)
 Metaspace       used 28608K, committed 29120K, reserved 1114112K
  class space    used 2977K, committed 3264K, reserved 1048576K
}
Event: 4.117 GC heap after
{Heap after GC invocations=18 (full 0):
 garbage-first heap   total 204800K, used 53298K [0x0000000705e00000, 0x0000000800000000)
  region size 2048K, 2 young (4096K), 2 survivors (4096K)
 Metaspace       used 28608K, committed 29120K, reserved 1114112K
  class space    used 2977K, committed 3264K, reserved 1048576K
}
Event: 4.320 GC heap before
{Heap before GC invocations=18 (full 0):
 garbage-first heap   total 204800K, used 161842K [0x0000000705e00000, 0x0000000800000000)
  region size 2048K, 55 young (112640K), 2 survivors (4096K)
 Metaspace       used 28785K, committed 29312K, reserved 1114112K
  class space    used 2979K, committed 3264K, reserved 1048576K
}
Event: 4.323 GC heap after
{Heap after GC invocations=19 (full 0):
 garbage-first heap   total 204800K, used 54548K [0x0000000705e00000, 0x0000000800000000)
  region size 2048K, 2 young (4096K), 2 survivors (4096K)
 Metaspace       used 28785K, committed 29312K, reserved 1114112K
  class space    used 2979K, committed 3264K, reserved 1048576K
}
Event: 5.207 GC heap before
{Heap before GC invocations=19 (full 0):
 garbage-first heap   total 204800K, used 165140K [0x0000000705e00000, 0x0000000800000000)
  region size 2048K, 56 young (114688K), 2 survivors (4096K)
 Metaspace       used 31483K, committed 32064K, reserved 1114112K
  class space    used 3239K, committed 3520K, reserved 1048576K
}
Event: 5.212 GC heap after
{Heap after GC invocations=20 (full 0):
 garbage-first heap   total 204800K, used 56645K [0x0000000705e00000, 0x0000000800000000)
  region size 2048K, 3 young (6144K), 3 survivors (6144K)
 Metaspace       used 31483K, committed 32064K, reserved 1114112K
  class space    used 3239K, committed 3520K, reserved 1048576K
}
Event: 5.824 GC heap before
{Heap before GC invocations=20 (full 0):
 garbage-first heap   total 204800K, used 171333K [0x0000000705e00000, 0x0000000800000000)
  region size 2048K, 57 young (116736K), 3 survivors (6144K)
 Metaspace       used 31924K, committed 32512K, reserved 1114112K
  class space    used 3260K, committed 3584K, reserved 1048576K
}
Event: 5.831 GC heap after
{Heap after GC invocations=21 (full 0):
 garbage-first heap   total 204800K, used 62077K [0x0000000705e00000, 0x0000000800000000)
  region size 2048K, 5 young (10240K), 5 survivors (10240K)
 Metaspace       used 31924K, committed 32512K, reserved 1114112K
  class space    used 3260K, committed 3584K, reserved 1048576K
}
Event: 6.536 GC heap before
{Heap before GC invocations=21 (full 0):
 garbage-first heap   total 204800K, used 166525K [0x0000000705e00000, 0x0000000800000000)
  region size 2048K, 57 young (116736K), 5 survivors (10240K)
 Metaspace       used 33329K, committed 33920K, reserved 1114112K
  class space    used 3409K, committed 3712K, reserved 1048576K
}
Event: 6.564 GC heap after
{Heap after GC invocations=22 (full 0):
 garbage-first heap   total 409600K, used 84085K [0x0000000705e00000, 0x0000000800000000)
  region size 2048K, 8 young (16384K), 8 survivors (16384K)
 Metaspace       used 33329K, committed 33920K, reserved 1114112K
  class space    used 3409K, committed 3712K, reserved 1048576K
}

