# JRE version: Java(TM) SE Runtime Environment (19.0.2+7) (build 19.0.2+7-44)
# Java VM: Java HotSpot(TM) 64-Bit Server VM (19.0.2+7-44, mixed mode, sharing, tiered, compressed oops, compressed class ptrs, g1 gc, windows-amd64)
GC Precious Log:
 CardTable entry size: 512
 Card Set container configuration: InlinePtr #cards 4 size 8 Array Of Cards #cards 16 size 48 Howl #buckets 8 coarsen threshold 3686 Howl Bitmap #cards 512 size 80 coarsen threshold 460 Card regions per heap region 1 cards per card region 4096
 CPUs: 16 total, 16 available
 Memory: 16005M
 Large Page Support: Disabled
 NUMA Support: Disabled
 Compressed Oops: Enabled (Zero based)
 Heap Region Size: 2M
 Heap Min Capacity: 8M
 Heap Initial Capacity: 252M
 Heap Max Capacity: 4002M
 Pre-touch: Disabled
 Parallel Workers: 13
 Concurrent Workers: 3
 Concurrent Refinement Workers: 13
 Periodic GC: Disabled
Heap:
 garbage-first heap   total 159744K, used 67951K [0x0000000705e00000, 0x0000000800000000)
  region size 2048K, 10 young (20480K), 1 survivors (2048K)
 Metaspace       used 28028K, committed 28544K, reserved 1114112K
  class space    used 2930K, committed 3200K, reserved 1048576K
GC Heap History (20 events):
Event: 1.299 GC heap before
{Heap before GC invocations=1 (full 0):
 garbage-first heap   total 258048K, used 38683K [0x0000000705e00000, 0x0000000800000000)
  region size 2048K, 19 young (38912K), 2 survivors (4096K)
 Metaspace       used 10541K, committed 10752K, reserved 1114112K
  class space    used 1220K, committed 1344K, reserved 1048576K
}
Event: 1.303 GC heap after
{Heap after GC invocations=2 (full 0):
 garbage-first heap   total 258048K, used 6129K [0x0000000705e00000, 0x0000000800000000)
  region size 2048K, 2 young (4096K), 2 survivors (4096K)
 Metaspace       used 10541K, committed 10752K, reserved 1114112K
  class space    used 1220K, committed 1344K, reserved 1048576K
}
Event: 2.939 GC heap before
{Heap before GC invocations=2 (full 0):
 garbage-first heap   total 258048K, used 172017K [0x0000000705e00000, 0x0000000800000000)
  region size 2048K, 68 young (139264K), 2 survivors (4096K)
 Metaspace       used 21134K, committed 21504K, reserved 1114112K
  class space    used 2270K, committed 2496K, reserved 1048576K
}
Event: 2.949 GC heap after
{Heap after GC invocations=3 (full 0):
 garbage-first heap   total 258048K, used 15617K [0x0000000705e00000, 0x0000000800000000)
  region size 2048K, 6 young (12288K), 6 survivors (12288K)
 Metaspace       used 21134K, committed 21504K, reserved 1114112K
  class space    used 2270K, committed 2496K, reserved 1048576K
}
Event: 3.250 GC heap before
{Heap before GC invocations=4 (full 0):
 garbage-first heap   total 61440K, used 46337K [0x0000000705e00000, 0x0000000800000000)
  region size 2048K, 21 young (43008K), 6 survivors (12288K)
 Metaspace       used 23659K, committed 24064K, reserved 1114112K
  class space    used 2494K, committed 2688K, reserved 1048576K
}
Event: 3.258 GC heap after
{Heap after GC invocations=5 (full 0):
 garbage-first heap   total 69632K, used 25862K [0x0000000705e00000, 0x0000000800000000)
  region size 2048K, 3 young (6144K), 3 survivors (6144K)
 Metaspace       used 23659K, committed 24064K, reserved 1114112K
  class space    used 2494K, committed 2688K, reserved 1048576K
}
Event: 3.269 GC heap before
{Heap before GC invocations=5 (full 0):
 garbage-first heap   total 69632K, used 27910K [0x0000000705e00000, 0x0000000800000000)
  region size 2048K, 4 young (8192K), 3 survivors (6144K)
 Metaspace       used 23662K, committed 24064K, reserved 1114112K
  class space    used 2494K, committed 2688K, reserved 1048576K
}
Event: 3.272 GC heap after
{Heap after GC invocations=6 (full 0):
 garbage-first heap   total 69632K, used 27277K [0x0000000705e00000, 0x0000000800000000)
  region size 2048K, 1 young (2048K), 1 survivors (2048K)
 Metaspace       used 23662K, committed 24064K, reserved 1114112K
  class space    used 2494K, committed 2688K, reserved 1048576K
}
Event: 3.506 GC heap before
{Heap before GC invocations=6 (full 0):
 garbage-first heap   total 69632K, used 45709K [0x0000000705e00000, 0x0000000800000000)
  region size 2048K, 11 young (22528K), 1 survivors (2048K)
 Metaspace       used 24439K, committed 24896K, reserved 1114112K
  class space    used 2577K, committed 2816K, reserved 1048576K
}
Event: 3.510 GC heap after
{Heap after GC invocations=7 (full 0):
 garbage-first heap   total 69632K, used 33501K [0x0000000705e00000, 0x0000000800000000)
  region size 2048K, 2 young (4096K), 2 survivors (4096K)
 Metaspace       used 24439K, committed 24896K, reserved 1114112K
  class space    used 2577K, committed 2816K, reserved 1048576K
}
Event: 3.781 GC heap before
{Heap before GC invocations=7 (full 0):
 garbage-first heap   total 69632K, used 47837K [0x0000000705e00000, 0x0000000800000000)
  region size 2048K, 9 young (18432K), 2 survivors (4096K)
 Metaspace       used 24458K, committed 24896K, reserved 1114112K
  class space    used 2577K, committed 2816K, reserved 1048576K
}
Event: 3.785 GC heap after
{Heap after GC invocations=8 (full 0):
 garbage-first heap   total 133120K, used 38070K [0x0000000705e00000, 0x0000000800000000)
  region size 2048K, 2 young (4096K), 2 survivors (4096K)
 Metaspace       used 24458K, committed 24896K, reserved 1114112K
  class space    used 2577K, committed 2816K, reserved 1048576K
}
Event: 4.049 GC heap before
{Heap before GC invocations=8 (full 0):
 garbage-first heap   total 133120K, used 81078K [0x0000000705e00000, 0x0000000800000000)
  region size 2048K, 24 young (49152K), 2 survivors (4096K)
 Metaspace       used 25330K, committed 25792K, reserved 1114112K
  class space    used 2642K, committed 2880K, reserved 1048576K
}
Event: 4.055 GC heap after
{Heap after GC invocations=9 (full 0):
 garbage-first heap   total 133120K, used 47104K [0x0000000705e00000, 0x0000000800000000)
  region size 2048K, 3 young (6144K), 3 survivors (6144K)
 Metaspace       used 25330K, committed 25792K, reserved 1114112K
  class space    used 2642K, committed 2880K, reserved 1048576K
}
Event: 4.448 GC heap before
{Heap before GC invocations=9 (full 0):
 garbage-first heap   total 133120K, used 88064K [0x0000000705e00000, 0x0000000800000000)
  region size 2048K, 23 young (47104K), 3 survivors (6144K)
 Metaspace       used 27163K, committed 27648K, reserved 1114112K
  class space    used 2827K, committed 3072K, reserved 1048576K
}
Event: 4.455 GC heap after
{Heap after GC invocations=10 (full 0):
 garbage-first heap   total 133120K, used 53668K [0x0000000705e00000, 0x0000000800000000)
  region size 2048K, 2 young (4096K), 2 survivors (4096K)
 Metaspace       used 27163K, committed 27648K, reserved 1114112K
  class space    used 2827K, committed 3072K, reserved 1048576K
}
Event: 4.682 GC heap before
{Heap before GC invocations=10 (full 0):
 garbage-first heap   total 133120K, used 92580K [0x0000000705e00000, 0x0000000800000000)
  region size 2048K, 21 young (43008K), 2 survivors (4096K)
 Metaspace       used 27624K, committed 28160K, reserved 1114112K
  class space    used 2865K, committed 3136K, reserved 1048576K
}
Event: 4.685 GC heap after
{Heap after GC invocations=11 (full 0):
 garbage-first heap   total 133120K, used 53992K [0x0000000705e00000, 0x0000000800000000)
  region size 2048K, 1 young (2048K), 1 survivors (2048K)
 Metaspace       used 27624K, committed 28160K, reserved 1114112K
  class space    used 2865K, committed 3136K, reserved 1048576K
}
Event: 4.781 GC heap before
{Heap before GC invocations=11 (full 0):
 garbage-first heap   total 133120K, used 97000K [0x0000000705e00000, 0x0000000800000000)
  region size 2048K, 22 young (45056K), 1 survivors (2048K)
 Metaspace       used 27696K, committed 28224K, reserved 1114112K
  class space    used 2871K, committed 3136K, reserved 1048576K
}
Event: 4.781 GC heap after
{Heap after GC invocations=12 (full 0):
 garbage-first heap   total 159744K, used 53615K [0x0000000705e00000, 0x0000000800000000)
  region size 2048K, 1 young (2048K), 1 survivors (2048K)
 Metaspace       used 27696K, committed 28224K, reserved 1114112K
  class space    used 2871K, committed 3136K, reserved 1048576K
}

