# JRE version: Java(TM) SE Runtime Environment (19.0.2+7) (build 19.0.2+7-44)
# Java VM: Java HotSpot(TM) 64-Bit Server VM (19.0.2+7-44, mixed mode, sharing, tiered, compressed oops, compressed class ptrs, g1 gc, windows-amd64)
GC Precious Log:
 CardTable entry size: 512
 Card Set container configuration: InlinePtr #cards 4 size 8 Array Of Cards #cards 16 size 48 Howl #buckets 8 coarsen threshold 3686 Howl Bitmap #cards 512 size 80 coarsen threshold 460 Card regions per heap region 1 cards per card region 4096
 CPUs: 16 total, 16 available
 Memory: 16005M
 Large Page Support: Disabled
 NUMA Support: Disabled
 Compressed Oops: Enabled (Zero based)
 Heap Region Size: 2M
 Heap Min Capacity: 8M
 Heap Initial Capacity: 252M
 Heap Max Capacity: 4002M
 Pre-touch: Disabled
 Parallel Workers: 13
 Concurrent Workers: 3
 Concurrent Refinement Workers: 13
 Periodic GC: Disabled
Heap:
 garbage-first heap   total 192512K, used 121613K [0x0000000705e00000, 0x0000000800000000)
  region size 2048K, 27 young (55296K), 5 survivors (10240K)
 Metaspace       used 35367K, committed 36032K, reserved 1114112K
  class space    used 3594K, committed 3904K, reserved 1048576K
GC Heap History (20 events):
Event: 4.446 GC heap before
{Heap before GC invocations=10 (full 0):
 garbage-first heap   total 133120K, used 93344K [0x0000000705e00000, 0x0000000800000000)
  region size 2048K, 22 young (45056K), 2 survivors (4096K)
 Metaspace       used 27683K, committed 28160K, reserved 1114112K
  class space    used 2878K, committed 3136K, reserved 1048576K
}
Event: 4.449 GC heap after
{Heap after GC invocations=11 (full 0):
 garbage-first heap   total 133120K, used 52808K [0x0000000705e00000, 0x0000000800000000)
  region size 2048K, 1 young (2048K), 1 survivors (2048K)
 Metaspace       used 27683K, committed 28160K, reserved 1114112K
  class space    used 2878K, committed 3136K, reserved 1048576K
}
Event: 4.514 GC heap before
{Heap before GC invocations=11 (full 0):
 garbage-first heap   total 133120K, used 95816K [0x0000000705e00000, 0x0000000800000000)
  region size 2048K, 22 young (45056K), 1 survivors (2048K)
 Metaspace       used 27739K, committed 28224K, reserved 1114112K
  class space    used 2885K, committed 3136K, reserved 1048576K
}
Event: 4.515 GC heap after
{Heap after GC invocations=12 (full 0):
 garbage-first heap   total 159744K, used 52400K [0x0000000705e00000, 0x0000000800000000)
  region size 2048K, 1 young (2048K), 1 survivors (2048K)
 Metaspace       used 27739K, committed 28224K, reserved 1114112K
  class space    used 2885K, committed 3136K, reserved 1048576K
}
Event: 4.771 GC heap before
{Heap before GC invocations=12 (full 0):
 garbage-first heap   total 159744K, used 115888K [0x0000000705e00000, 0x0000000800000000)
  region size 2048K, 32 young (65536K), 1 survivors (2048K)
 Metaspace       used 28445K, committed 28992K, reserved 1114112K
  class space    used 2971K, committed 3264K, reserved 1048576K
}
Event: 4.773 GC heap after
{Heap after GC invocations=13 (full 0):
 garbage-first heap   total 159744K, used 53599K [0x0000000705e00000, 0x0000000800000000)
  region size 2048K, 1 young (2048K), 1 survivors (2048K)
 Metaspace       used 28445K, committed 28992K, reserved 1114112K
  class space    used 2971K, committed 3264K, reserved 1048576K
}
Event: 4.893 GC heap before
{Heap before GC invocations=13 (full 0):
 garbage-first heap   total 159744K, used 121183K [0x0000000705e00000, 0x0000000800000000)
  region size 2048K, 34 young (69632K), 1 survivors (2048K)
 Metaspace       used 28607K, committed 29120K, reserved 1114112K
  class space    used 2976K, committed 3264K, reserved 1048576K
}
Event: 4.895 GC heap after
{Heap after GC invocations=14 (full 0):
 garbage-first heap   total 159744K, used 54519K [0x0000000705e00000, 0x0000000800000000)
  region size 2048K, 2 young (4096K), 2 survivors (4096K)
 Metaspace       used 28607K, committed 29120K, reserved 1114112K
  class space    used 2976K, committed 3264K, reserved 1048576K
}
Event: 5.010 GC heap before
{Heap before GC invocations=14 (full 0):
 garbage-first heap   total 159744K, used 122103K [0x0000000705e00000, 0x0000000800000000)
  region size 2048K, 35 young (71680K), 2 survivors (4096K)
 Metaspace       used 28695K, committed 29184K, reserved 1114112K
  class space    used 2980K, committed 3264K, reserved 1048576K
}
Event: 5.014 GC heap after
{Heap after GC invocations=15 (full 0):
 garbage-first heap   total 159744K, used 55840K [0x0000000705e00000, 0x0000000800000000)
  region size 2048K, 2 young (4096K), 2 survivors (4096K)
 Metaspace       used 28695K, committed 29184K, reserved 1114112K
  class space    used 2980K, committed 3264K, reserved 1048576K
}
Event: 5.137 GC heap before
{Heap before GC invocations=15 (full 0):
 garbage-first heap   total 159744K, used 127520K [0x0000000705e00000, 0x0000000800000000)
  region size 2048K, 37 young (75776K), 2 survivors (4096K)
 Metaspace       used 28790K, committed 29312K, reserved 1114112K
  class space    used 2980K, committed 3264K, reserved 1048576K
}
Event: 5.142 GC heap after
{Heap after GC invocations=16 (full 0):
 garbage-first heap   total 159744K, used 55710K [0x0000000705e00000, 0x0000000800000000)
  region size 2048K, 2 young (4096K), 2 survivors (4096K)
 Metaspace       used 28790K, committed 29312K, reserved 1114112K
  class space    used 2980K, committed 3264K, reserved 1048576K
}
Event: 5.945 GC heap before
{Heap before GC invocations=16 (full 0):
 garbage-first heap   total 159744K, used 129438K [0x0000000705e00000, 0x0000000800000000)
  region size 2048K, 38 young (77824K), 2 survivors (4096K)
 Metaspace       used 31118K, committed 31744K, reserved 1114112K
  class space    used 3236K, committed 3584K, reserved 1048576K
}
Event: 5.952 GC heap after
{Heap after GC invocations=17 (full 0):
 garbage-first heap   total 192512K, used 57240K [0x0000000705e00000, 0x0000000800000000)
  region size 2048K, 3 young (6144K), 3 survivors (6144K)
 Metaspace       used 31118K, committed 31744K, reserved 1114112K
  class space    used 3236K, committed 3584K, reserved 1048576K
}
Event: 6.550 GC heap before
{Heap before GC invocations=17 (full 0):
 garbage-first heap   total 192512K, used 155544K [0x0000000705e00000, 0x0000000800000000)
  region size 2048K, 51 young (104448K), 3 survivors (6144K)
 Metaspace       used 31692K, committed 32320K, reserved 1114112K
  class space    used 3246K, committed 3584K, reserved 1048576K
}
Event: 6.556 GC heap after
{Heap after GC invocations=18 (full 0):
 garbage-first heap   total 192512K, used 59273K [0x0000000705e00000, 0x0000000800000000)
  region size 2048K, 4 young (8192K), 4 survivors (8192K)
 Metaspace       used 31692K, committed 32320K, reserved 1114112K
  class space    used 3246K, committed 3584K, reserved 1048576K
}
Event: 7.286 GC heap before
{Heap before GC invocations=18 (full 0):
 garbage-first heap   total 192512K, used 159625K [0x0000000705e00000, 0x0000000800000000)
  region size 2048K, 51 young (104448K), 4 survivors (8192K)
 Metaspace       used 31997K, committed 32640K, reserved 1114112K
  class space    used 3259K, committed 3584K, reserved 1048576K
}
Event: 7.296 GC heap after
{Heap after GC invocations=19 (full 0):
 garbage-first heap   total 192512K, used 74706K [0x0000000705e00000, 0x0000000800000000)
  region size 2048K, 7 young (14336K), 7 survivors (14336K)
 Metaspace       used 31997K, committed 32640K, reserved 1114112K
  class space    used 3259K, committed 3584K, reserved 1048576K
}
Event: 7.872 GC heap before
{Heap before GC invocations=19 (full 0):
 garbage-first heap   total 192512K, used 148434K [0x0000000705e00000, 0x0000000800000000)
  region size 2048K, 43 young (88064K), 7 survivors (14336K)
 Metaspace       used 33393K, committed 34048K, reserved 1114112K
  class space    used 3414K, committed 3712K, reserved 1048576K
}
Event: 7.881 GC heap after
{Heap after GC invocations=20 (full 0):
 garbage-first heap   total 192512K, used 78605K [0x0000000705e00000, 0x0000000800000000)
  region size 2048K, 5 young (10240K), 5 survivors (10240K)
 Metaspace       used 33393K, committed 34048K, reserved 1114112K
  class space    used 3414K, committed 3712K, reserved 1048576K
}

