# JRE version: Java(TM) SE Runtime Environment (19.0.2+7) (build 19.0.2+7-44)
# Java VM: Java HotSpot(TM) 64-Bit Server VM (19.0.2+7-44, mixed mode, sharing, tiered, compressed oops, compressed class ptrs, g1 gc, windows-amd64)
GC Precious Log:
 CardTable entry size: 512
 Card Set container configuration: InlinePtr #cards 4 size 8 Array Of Cards #cards 16 size 48 Howl #buckets 8 coarsen threshold 3686 Howl Bitmap #cards 512 size 80 coarsen threshold 460 Card regions per heap region 1 cards per card region 4096
 CPUs: 16 total, 16 available
 Memory: 16005M
 Large Page Support: Disabled
 NUMA Support: Disabled
 Compressed Oops: Enabled (Zero based)
 Heap Region Size: 2M
 Heap Min Capacity: 8M
 Heap Initial Capacity: 252M
 Heap Max Capacity: 4002M
 Pre-touch: Disabled
 Parallel Workers: 13
 Concurrent Workers: 3
 Concurrent Refinement Workers: 13
 Periodic GC: Disabled
Heap:
 garbage-first heap   total 258048K, used 75344K [0x0000000705e00000, 0x0000000800000000)
  region size 2048K, 13 young (26624K), 8 survivors (16384K)
 Metaspace       used 36415K, committed 37056K, reserved 1114112K
  class space    used 3750K, committed 4096K, reserved 1048576K
GC Heap History (20 events):
Event: 4.302 GC heap before
{Heap before GC invocations=11 (full 0):
 garbage-first heap   total 129024K, used 52756K [0x0000000705e00000, 0x0000000800000000)
  region size 2048K, 4 young (8192K), 3 survivors (6144K)
 Metaspace       used 26353K, committed 26752K, reserved 1114112K
  class space    used 2737K, committed 2944K, reserved 1048576K
}
Event: 4.306 GC heap after
{Heap after GC invocations=12 (full 0):
 garbage-first heap   total 129024K, used 51260K [0x0000000705e00000, 0x0000000800000000)
  region size 2048K, 1 young (2048K), 1 survivors (2048K)
 Metaspace       used 26353K, committed 26752K, reserved 1114112K
  class space    used 2737K, committed 2944K, reserved 1048576K
}
Event: 4.635 GC heap before
{Heap before GC invocations=12 (full 0):
 garbage-first heap   total 129024K, used 90172K [0x0000000705e00000, 0x0000000800000000)
  region size 2048K, 21 young (43008K), 1 survivors (2048K)
 Metaspace       used 27554K, committed 28032K, reserved 1114112K
  class space    used 2862K, committed 3072K, reserved 1048576K
}
Event: 4.636 GC heap after
{Heap after GC invocations=13 (full 0):
 garbage-first heap   total 129024K, used 50839K [0x0000000705e00000, 0x0000000800000000)
  region size 2048K, 1 young (2048K), 1 survivors (2048K)
 Metaspace       used 27554K, committed 28032K, reserved 1114112K
  class space    used 2862K, committed 3072K, reserved 1048576K
}
Event: 4.719 GC heap before
{Heap before GC invocations=13 (full 0):
 garbage-first heap   total 129024K, used 95895K [0x0000000705e00000, 0x0000000800000000)
  region size 2048K, 23 young (47104K), 1 survivors (2048K)
 Metaspace       used 27642K, committed 28096K, reserved 1114112K
  class space    used 2869K, committed 3072K, reserved 1048576K
}
Event: 4.719 GC heap after
{Heap after GC invocations=14 (full 0):
 garbage-first heap   total 129024K, used 50864K [0x0000000705e00000, 0x0000000800000000)
  region size 2048K, 1 young (2048K), 1 survivors (2048K)
 Metaspace       used 27642K, committed 28096K, reserved 1114112K
  class space    used 2869K, committed 3072K, reserved 1048576K
}
Event: 4.944 GC heap before
{Heap before GC invocations=14 (full 0):
 garbage-first heap   total 129024K, used 97968K [0x0000000705e00000, 0x0000000800000000)
  region size 2048K, 24 young (49152K), 1 survivors (2048K)
 Metaspace       used 28286K, committed 28864K, reserved 1114112K
  class space    used 2950K, committed 3264K, reserved 1048576K
}
Event: 4.946 GC heap after
{Heap after GC invocations=15 (full 0):
 garbage-first heap   total 129024K, used 51603K [0x0000000705e00000, 0x0000000800000000)
  region size 2048K, 1 young (2048K), 1 survivors (2048K)
 Metaspace       used 28286K, committed 28864K, reserved 1114112K
  class space    used 2950K, committed 3264K, reserved 1048576K
}
Event: 5.031 GC heap before
{Heap before GC invocations=15 (full 0):
 garbage-first heap   total 129024K, used 100755K [0x0000000705e00000, 0x0000000800000000)
  region size 2048K, 25 young (51200K), 1 survivors (2048K)
 Metaspace       used 28467K, committed 28992K, reserved 1114112K
  class space    used 2962K, committed 3264K, reserved 1048576K
}
Event: 5.034 GC heap after
{Heap after GC invocations=16 (full 0):
 garbage-first heap   total 129024K, used 52583K [0x0000000705e00000, 0x0000000800000000)
  region size 2048K, 2 young (4096K), 2 survivors (4096K)
 Metaspace       used 28467K, committed 28992K, reserved 1114112K
  class space    used 2962K, committed 3264K, reserved 1048576K
}
Event: 5.098 GC heap before
{Heap before GC invocations=16 (full 0):
 garbage-first heap   total 129024K, used 101735K [0x0000000705e00000, 0x0000000800000000)
  region size 2048K, 26 young (53248K), 2 survivors (4096K)
 Metaspace       used 28553K, committed 29120K, reserved 1114112K
  class space    used 2964K, committed 3264K, reserved 1048576K
}
Event: 5.100 GC heap after
{Heap after GC invocations=17 (full 0):
 garbage-first heap   total 129024K, used 53024K [0x0000000705e00000, 0x0000000800000000)
  region size 2048K, 2 young (4096K), 2 survivors (4096K)
 Metaspace       used 28553K, committed 29120K, reserved 1114112K
  class space    used 2964K, committed 3264K, reserved 1048576K
}
Event: 5.215 GC heap before
{Heap before GC invocations=17 (full 0):
 garbage-first heap   total 129024K, used 104224K [0x0000000705e00000, 0x0000000800000000)
  region size 2048K, 27 young (55296K), 2 survivors (4096K)
 Metaspace       used 28628K, committed 29184K, reserved 1114112K
  class space    used 2966K, committed 3264K, reserved 1048576K
}
Event: 5.221 GC heap after
{Heap after GC invocations=18 (full 0):
 garbage-first heap   total 258048K, used 54246K [0x0000000705e00000, 0x0000000800000000)
  region size 2048K, 2 young (4096K), 2 survivors (4096K)
 Metaspace       used 28628K, committed 29184K, reserved 1114112K
  class space    used 2966K, committed 3264K, reserved 1048576K
}
Event: 6.122 GC heap before
{Heap before GC invocations=18 (full 0):
 garbage-first heap   total 258048K, used 201702K [0x0000000705e00000, 0x0000000800000000)
  region size 2048K, 75 young (153600K), 2 survivors (4096K)
 Metaspace       used 31158K, committed 31744K, reserved 1114112K
  class space    used 3213K, committed 3520K, reserved 1048576K
}
Event: 6.125 GC heap after
{Heap after GC invocations=19 (full 0):
 garbage-first heap   total 258048K, used 55802K [0x0000000705e00000, 0x0000000800000000)
  region size 2048K, 3 young (6144K), 3 survivors (6144K)
 Metaspace       used 31158K, committed 31744K, reserved 1114112K
  class space    used 3213K, committed 3520K, reserved 1048576K
}
Event: 6.978 GC heap before
{Heap before GC invocations=19 (full 0):
 garbage-first heap   total 258048K, used 207354K [0x0000000705e00000, 0x0000000800000000)
  region size 2048K, 75 young (153600K), 3 survivors (6144K)
 Metaspace       used 31870K, committed 32448K, reserved 1114112K
  class space    used 3246K, committed 3520K, reserved 1048576K
}
Event: 6.983 GC heap after
{Heap after GC invocations=20 (full 0):
 garbage-first heap   total 258048K, used 62064K [0x0000000705e00000, 0x0000000800000000)
  region size 2048K, 5 young (10240K), 5 survivors (10240K)
 Metaspace       used 31870K, committed 32448K, reserved 1114112K
  class space    used 3246K, committed 3520K, reserved 1048576K
}
Event: 8.124 GC heap before
{Heap before GC invocations=20 (full 0):
 garbage-first heap   total 258048K, used 203376K [0x0000000705e00000, 0x0000000800000000)
  region size 2048K, 75 young (153600K), 5 survivors (10240K)
 Metaspace       used 36399K, committed 37056K, reserved 1114112K
  class space    used 3748K, committed 4096K, reserved 1048576K
}
Event: 8.134 GC heap after
{Heap after GC invocations=21 (full 0):
 garbage-first heap   total 258048K, used 67152K [0x0000000705e00000, 0x0000000800000000)
  region size 2048K, 8 young (16384K), 8 survivors (16384K)
 Metaspace       used 36399K, committed 37056K, reserved 1114112K
  class space    used 3748K, committed 4096K, reserved 1048576K
}

