# JRE version: Java(TM) SE Runtime Environment (19.0.2+7) (build 19.0.2+7-44)
# Java VM: Java HotSpot(TM) 64-Bit Server VM (19.0.2+7-44, mixed mode, sharing, tiered, compressed oops, compressed class ptrs, g1 gc, windows-amd64)
GC Precious Log:
 CardTable entry size: 512
 Card Set container configuration: InlinePtr #cards 4 size 8 Array Of Cards #cards 16 size 48 Howl #buckets 8 coarsen threshold 3686 Howl Bitmap #cards 512 size 80 coarsen threshold 460 Card regions per heap region 1 cards per card region 4096
 CPUs: 16 total, 16 available
 Memory: 16005M
 Large Page Support: Disabled
 NUMA Support: Disabled
 Compressed Oops: Enabled (Zero based)
 Heap Region Size: 2M
 Heap Min Capacity: 8M
 Heap Initial Capacity: 252M
 Heap Max Capacity: 4002M
 Pre-touch: Disabled
 Parallel Workers: 13
 Concurrent Workers: 3
 Concurrent Refinement Workers: 13
 Periodic GC: Disabled
Heap:
 garbage-first heap   total 137216K, used 93840K [0x0000000705e00000, 0x0000000800000000)
  region size 2048K, 24 young (49152K), 1 survivors (2048K)
 Metaspace       used 27934K, committed 28480K, reserved 1114112K
  class space    used 2926K, committed 3200K, reserved 1048576K
GC Heap History (20 events):
Event: 2.031 GC heap before
{Heap before GC invocations=2 (full 0):
 garbage-first heap   total 258048K, used 169609K [0x0000000705e00000, 0x0000000800000000)
  region size 2048K, 68 young (139264K), 2 survivors (4096K)
 Metaspace       used 21132K, committed 21504K, reserved 1114112K
  class space    used 2270K, committed 2496K, reserved 1048576K
}
Event: 2.037 GC heap after
{Heap after GC invocations=3 (full 0):
 garbage-first heap   total 258048K, used 15705K [0x0000000705e00000, 0x0000000800000000)
  region size 2048K, 6 young (12288K), 6 survivors (12288K)
 Metaspace       used 21132K, committed 21504K, reserved 1114112K
  class space    used 2270K, committed 2496K, reserved 1048576K
}
Event: 2.347 GC heap before
{Heap before GC invocations=4 (full 0):
 garbage-first heap   total 61440K, used 52569K [0x0000000705e00000, 0x0000000800000000)
  region size 2048K, 24 young (49152K), 6 survivors (12288K)
 Metaspace       used 23758K, committed 24128K, reserved 1114112K
  class space    used 2509K, committed 2688K, reserved 1048576K
}
Event: 2.355 GC heap after
{Heap after GC invocations=5 (full 0):
 garbage-first heap   total 77824K, used 27366K [0x0000000705e00000, 0x0000000800000000)
  region size 2048K, 3 young (6144K), 3 survivors (6144K)
 Metaspace       used 23758K, committed 24128K, reserved 1114112K
  class space    used 2509K, committed 2688K, reserved 1048576K
}
Event: 2.393 GC heap before
{Heap before GC invocations=5 (full 0):
 garbage-first heap   total 77824K, used 29414K [0x0000000705e00000, 0x0000000800000000)
  region size 2048K, 4 young (8192K), 3 survivors (6144K)
 Metaspace       used 23941K, committed 24320K, reserved 1114112K
  class space    used 2534K, committed 2688K, reserved 1048576K
}
Event: 2.396 GC heap after
{Heap after GC invocations=6 (full 0):
 garbage-first heap   total 77824K, used 29136K [0x0000000705e00000, 0x0000000800000000)
  region size 2048K, 1 young (2048K), 1 survivors (2048K)
 Metaspace       used 23941K, committed 24320K, reserved 1114112K
  class space    used 2534K, committed 2688K, reserved 1048576K
}
Event: 2.607 GC heap before
{Heap before GC invocations=6 (full 0):
 garbage-first heap   total 77824K, used 53712K [0x0000000705e00000, 0x0000000800000000)
  region size 2048K, 13 young (26624K), 1 survivors (2048K)
 Metaspace       used 24435K, committed 24832K, reserved 1114112K
  class space    used 2578K, committed 2752K, reserved 1048576K
}
Event: 2.610 GC heap after
{Heap after GC invocations=7 (full 0):
 garbage-first heap   total 77824K, used 36155K [0x0000000705e00000, 0x0000000800000000)
  region size 2048K, 2 young (4096K), 2 survivors (4096K)
 Metaspace       used 24435K, committed 24832K, reserved 1114112K
  class space    used 2578K, committed 2752K, reserved 1048576K
}
Event: 2.751 GC heap before
{Heap before GC invocations=7 (full 0):
 garbage-first heap   total 77824K, used 52539K [0x0000000705e00000, 0x0000000800000000)
  region size 2048K, 11 young (22528K), 2 survivors (4096K)
 Metaspace       used 24934K, committed 25408K, reserved 1114112K
  class space    used 2634K, committed 2880K, reserved 1048576K
}
Event: 2.756 GC heap after
{Heap after GC invocations=8 (full 0):
 garbage-first heap   total 106496K, used 40714K [0x0000000705e00000, 0x0000000800000000)
  region size 2048K, 2 young (4096K), 2 survivors (4096K)
 Metaspace       used 24934K, committed 25408K, reserved 1114112K
  class space    used 2634K, committed 2880K, reserved 1048576K
}
Event: 2.905 GC heap before
{Heap before GC invocations=8 (full 0):
 garbage-first heap   total 106496K, used 71434K [0x0000000705e00000, 0x0000000800000000)
  region size 2048K, 17 young (34816K), 2 survivors (4096K)
 Metaspace       used 25316K, committed 25792K, reserved 1114112K
  class space    used 2642K, committed 2880K, reserved 1048576K
}
Event: 2.912 GC heap after
{Heap after GC invocations=9 (full 0):
 garbage-first heap   total 106496K, used 46235K [0x0000000705e00000, 0x0000000800000000)
  region size 2048K, 3 young (6144K), 3 survivors (6144K)
 Metaspace       used 25316K, committed 25792K, reserved 1114112K
  class space    used 2642K, committed 2880K, reserved 1048576K
}
Event: 3.208 GC heap before
{Heap before GC invocations=9 (full 0):
 garbage-first heap   total 106496K, used 74907K [0x0000000705e00000, 0x0000000800000000)
  region size 2048K, 17 young (34816K), 3 survivors (6144K)
 Metaspace       used 26521K, committed 26944K, reserved 1114112K
  class space    used 2769K, committed 3008K, reserved 1048576K
}
Event: 3.215 GC heap after
{Heap after GC invocations=10 (full 0):
 garbage-first heap   total 106496K, used 51530K [0x0000000705e00000, 0x0000000800000000)
  region size 2048K, 2 young (4096K), 2 survivors (4096K)
 Metaspace       used 26521K, committed 26944K, reserved 1114112K
  class space    used 2769K, committed 3008K, reserved 1048576K
}
Event: 3.425 GC heap before
{Heap before GC invocations=10 (full 0):
 garbage-first heap   total 106496K, used 74058K [0x0000000705e00000, 0x0000000800000000)
  region size 2048K, 14 young (28672K), 2 survivors (4096K)
 Metaspace       used 27463K, committed 27904K, reserved 1114112K
  class space    used 2860K, committed 3072K, reserved 1048576K
}
Event: 3.428 GC heap after
{Heap after GC invocations=11 (full 0):
 garbage-first heap   total 106496K, used 51845K [0x0000000705e00000, 0x0000000800000000)
  region size 2048K, 1 young (2048K), 1 survivors (2048K)
 Metaspace       used 27463K, committed 27904K, reserved 1114112K
  class space    used 2860K, committed 3072K, reserved 1048576K
}
Event: 3.501 GC heap before
{Heap before GC invocations=12 (full 0):
 garbage-first heap   total 106496K, used 78469K [0x0000000705e00000, 0x0000000800000000)
  region size 2048K, 14 young (28672K), 1 survivors (2048K)
 Metaspace       used 27572K, committed 28096K, reserved 1114112K
  class space    used 2865K, committed 3136K, reserved 1048576K
}
Event: 3.503 GC heap after
{Heap after GC invocations=13 (full 0):
 garbage-first heap   total 106496K, used 52080K [0x0000000705e00000, 0x0000000800000000)
  region size 2048K, 1 young (2048K), 1 survivors (2048K)
 Metaspace       used 27572K, committed 28096K, reserved 1114112K
  class space    used 2865K, committed 3136K, reserved 1048576K
}
Event: 3.508 GC heap before
{Heap before GC invocations=13 (full 0):
 garbage-first heap   total 106496K, used 54128K [0x0000000705e00000, 0x0000000800000000)
  region size 2048K, 2 young (4096K), 1 survivors (2048K)
 Metaspace       used 27585K, committed 28096K, reserved 1114112K
  class space    used 2865K, committed 3136K, reserved 1048576K
}
Event: 3.510 GC heap after
{Heap after GC invocations=14 (full 0):
 garbage-first heap   total 137216K, used 50832K [0x0000000705e00000, 0x0000000800000000)
  region size 2048K, 1 young (2048K), 1 survivors (2048K)
 Metaspace       used 27585K, committed 28096K, reserved 1114112K
  class space    used 2865K, committed 3136K, reserved 1048576K
}

