# JRE version: Java(TM) SE Runtime Environment (19.0.2+7) (build 19.0.2+7-44)
# Java VM: Java HotSpot(TM) 64-Bit Server VM (19.0.2+7-44, mixed mode, sharing, tiered, compressed oops, compressed class ptrs, g1 gc, windows-amd64)
GC Precious Log:
 CardTable entry size: 512
 Card Set container configuration: InlinePtr #cards 4 size 8 Array Of Cards #cards 16 size 48 Howl #buckets 8 coarsen threshold 3686 Howl Bitmap #cards 512 size 80 coarsen threshold 460 Card regions per heap region 1 cards per card region 4096
 CPUs: 16 total, 16 available
 Memory: 16005M
 Large Page Support: Disabled
 NUMA Support: Disabled
 Compressed Oops: Enabled (Zero based)
 Heap Region Size: 2M
 Heap Min Capacity: 8M
 Heap Initial Capacity: 252M
 Heap Max Capacity: 4002M
 Pre-touch: Disabled
 Parallel Workers: 13
 Concurrent Workers: 3
 Concurrent Refinement Workers: 13
 Periodic GC: Disabled
Heap:
 garbage-first heap   total 155648K, used 54024K [0x0000000705e00000, 0x0000000800000000)
  region size 2048K, 3 young (6144K), 3 survivors (6144K)
 Metaspace       used 30692K, committed 31296K, reserved 1114112K
  class space    used 3201K, committed 3520K, reserved 1048576K
GC Heap History (20 events):
Event: 2.816 GC heap after
{Heap after GC invocations=9 (full 0):
 garbage-first heap   total 104448K, used 42295K [0x0000000705e00000, 0x0000000800000000)
  region size 2048K, 2 young (4096K), 2 survivors (4096K)
 Metaspace       used 25029K, committed 25472K, reserved 1114112K
  class space    used 2639K, committed 2880K, reserved 1048576K
}
Event: 2.966 GC heap before
{Heap before GC invocations=10 (full 0):
 garbage-first heap   total 104448K, used 73015K [0x0000000705e00000, 0x0000000800000000)
  region size 2048K, 16 young (32768K), 2 survivors (4096K)
 Metaspace       used 25364K, committed 25856K, reserved 1114112K
  class space    used 2644K, committed 2880K, reserved 1048576K
}
Event: 2.974 GC heap after
{Heap after GC invocations=11 (full 0):
 garbage-first heap   total 104448K, used 48987K [0x0000000705e00000, 0x0000000800000000)
  region size 2048K, 2 young (4096K), 2 survivors (4096K)
 Metaspace       used 25364K, committed 25856K, reserved 1114112K
  class space    used 2644K, committed 2880K, reserved 1048576K
}
Event: 3.019 GC heap before
{Heap before GC invocations=11 (full 0):
 garbage-first heap   total 104448K, used 51035K [0x0000000705e00000, 0x0000000800000000)
  region size 2048K, 3 young (6144K), 2 survivors (4096K)
 Metaspace       used 25580K, committed 26048K, reserved 1114112K
  class space    used 2663K, committed 2880K, reserved 1048576K
}
Event: 3.024 GC heap after
{Heap after GC invocations=12 (full 0):
 garbage-first heap   total 104448K, used 49441K [0x0000000705e00000, 0x0000000800000000)
  region size 2048K, 1 young (2048K), 1 survivors (2048K)
 Metaspace       used 25580K, committed 26048K, reserved 1114112K
  class space    used 2663K, committed 2880K, reserved 1048576K
}
Event: 3.333 GC heap before
{Heap before GC invocations=12 (full 0):
 garbage-first heap   total 104448K, used 71969K [0x0000000705e00000, 0x0000000800000000)
  region size 2048K, 13 young (26624K), 1 survivors (2048K)
 Metaspace       used 27076K, committed 27520K, reserved 1114112K
  class space    used 2827K, committed 3072K, reserved 1048576K
}
Event: 3.335 GC heap after
{Heap after GC invocations=13 (full 0):
 garbage-first heap   total 104448K, used 49696K [0x0000000705e00000, 0x0000000800000000)
  region size 2048K, 1 young (2048K), 1 survivors (2048K)
 Metaspace       used 27076K, committed 27520K, reserved 1114112K
  class space    used 2827K, committed 3072K, reserved 1048576K
}
Event: 3.488 GC heap before
{Heap before GC invocations=14 (full 0):
 garbage-first heap   total 104448K, used 76320K [0x0000000705e00000, 0x0000000800000000)
  region size 2048K, 14 young (28672K), 1 survivors (2048K)
 Metaspace       used 27512K, committed 27904K, reserved 1114112K
  class space    used 2864K, committed 3072K, reserved 1048576K
}
Event: 3.490 GC heap after
{Heap after GC invocations=15 (full 0):
 garbage-first heap   total 104448K, used 49912K [0x0000000705e00000, 0x0000000800000000)
  region size 2048K, 1 young (2048K), 1 survivors (2048K)
 Metaspace       used 27512K, committed 27904K, reserved 1114112K
  class space    used 2864K, committed 3072K, reserved 1048576K
}
Event: 3.497 GC heap before
{Heap before GC invocations=15 (full 0):
 garbage-first heap   total 104448K, used 51960K [0x0000000705e00000, 0x0000000800000000)
  region size 2048K, 2 young (4096K), 1 survivors (2048K)
 Metaspace       used 27513K, committed 27904K, reserved 1114112K
  class space    used 2864K, committed 3072K, reserved 1048576K
}
Event: 3.500 GC heap after
{Heap after GC invocations=16 (full 0):
 garbage-first heap   total 155648K, used 49422K [0x0000000705e00000, 0x0000000800000000)
  region size 2048K, 1 young (2048K), 1 survivors (2048K)
 Metaspace       used 27513K, committed 27904K, reserved 1114112K
  class space    used 2864K, committed 3072K, reserved 1048576K
}
Event: 3.772 GC heap before
{Heap before GC invocations=16 (full 0):
 garbage-first heap   total 155648K, used 110862K [0x0000000705e00000, 0x0000000800000000)
  region size 2048K, 32 young (65536K), 1 survivors (2048K)
 Metaspace       used 28141K, committed 28672K, reserved 1114112K
  class space    used 2950K, committed 3200K, reserved 1048576K
}
Event: 3.773 GC heap after
{Heap after GC invocations=17 (full 0):
 garbage-first heap   total 155648K, used 49805K [0x0000000705e00000, 0x0000000800000000)
  region size 2048K, 1 young (2048K), 1 survivors (2048K)
 Metaspace       used 28141K, committed 28672K, reserved 1114112K
  class space    used 2950K, committed 3200K, reserved 1048576K
}
Event: 3.921 GC heap before
{Heap before GC invocations=17 (full 0):
 garbage-first heap   total 155648K, used 117389K [0x0000000705e00000, 0x0000000800000000)
  region size 2048K, 34 young (69632K), 1 survivors (2048K)
 Metaspace       used 28460K, committed 28992K, reserved 1114112K
  class space    used 2965K, committed 3264K, reserved 1048576K
}
Event: 3.924 GC heap after
{Heap after GC invocations=18 (full 0):
 garbage-first heap   total 155648K, used 51275K [0x0000000705e00000, 0x0000000800000000)
  region size 2048K, 2 young (4096K), 2 survivors (4096K)
 Metaspace       used 28460K, committed 28992K, reserved 1114112K
  class space    used 2965K, committed 3264K, reserved 1048576K
}
Event: 4.022 GC heap before
{Heap before GC invocations=18 (full 0):
 garbage-first heap   total 155648K, used 118859K [0x0000000705e00000, 0x0000000800000000)
  region size 2048K, 35 young (71680K), 2 survivors (4096K)
 Metaspace       used 28534K, committed 29056K, reserved 1114112K
  class space    used 2969K, committed 3264K, reserved 1048576K
}
Event: 4.025 GC heap after
{Heap after GC invocations=19 (full 0):
 garbage-first heap   total 155648K, used 51553K [0x0000000705e00000, 0x0000000800000000)
  region size 2048K, 2 young (4096K), 2 survivors (4096K)
 Metaspace       used 28534K, committed 29056K, reserved 1114112K
  class space    used 2969K, committed 3264K, reserved 1048576K
}
Event: 4.156 GC heap before
{Heap before GC invocations=19 (full 0):
 garbage-first heap   total 155648K, used 123233K [0x0000000705e00000, 0x0000000800000000)
  region size 2048K, 37 young (75776K), 2 survivors (4096K)
 Metaspace       used 28673K, committed 29184K, reserved 1114112K
  class space    used 2969K, committed 3264K, reserved 1048576K
}
Event: 4.160 GC heap after
{Heap after GC invocations=20 (full 0):
 garbage-first heap   total 155648K, used 52915K [0x0000000705e00000, 0x0000000800000000)
  region size 2048K, 3 young (6144K), 3 survivors (6144K)
 Metaspace       used 28673K, committed 29184K, reserved 1114112K
  class space    used 2969K, committed 3264K, reserved 1048576K
}
Event: 4.690 GC heap before
{Heap before GC invocations=20 (full 0):
 garbage-first heap   total 155648K, used 124595K [0x0000000705e00000, 0x0000000800000000)
  region size 2048K, 38 young (77824K), 3 survivors (6144K)
 Metaspace       used 30692K, committed 31296K, reserved 1114112K
  class space    used 3201K, committed 3520K, reserved 1048576K
}

