# JRE version: Java(TM) SE Runtime Environment (19.0.2+7) (build 19.0.2+7-44)
# Java VM: Java HotSpot(TM) 64-Bit Server VM (19.0.2+7-44, mixed mode, sharing, tiered, compressed oops, compressed class ptrs, g1 gc, windows-amd64)
GC Precious Log:
 CardTable entry size: 512
 Card Set container configuration: InlinePtr #cards 4 size 8 Array Of Cards #cards 16 size 48 Howl #buckets 8 coarsen threshold 3686 Howl Bitmap #cards 512 size 80 coarsen threshold 460 Card regions per heap region 1 cards per card region 4096
 CPUs: 16 total, 16 available
 Memory: 16005M
 Large Page Support: Disabled
 NUMA Support: Disabled
 Compressed Oops: Enabled (Zero based)
 Heap Region Size: 2M
 Heap Min Capacity: 8M
 Heap Initial Capacity: 252M
 Heap Max Capacity: 4002M
 Pre-touch: Disabled
 Parallel Workers: 13
 Concurrent Workers: 3
 Concurrent Refinement Workers: 13
 Periodic GC: Disabled
Heap:
 garbage-first heap   total 258048K, used 97078K [0x0000000705e00000, 0x0000000800000000)
  region size 2048K, 24 young (49152K), 7 survivors (14336K)
 Metaspace       used 36351K, committed 36992K, reserved 1114112K
  class space    used 3745K, committed 4096K, reserved 1048576K
GC Heap History (20 events):
Event: 3.408 GC heap before
{Heap before GC invocations=12 (full 0):
 garbage-first heap   total 106496K, used 77509K [0x0000000705e00000, 0x0000000800000000)
  region size 2048K, 13 young (26624K), 1 survivors (2048K)
 Metaspace       used 27561K, committed 28032K, reserved 1114112K
  class space    used 2865K, committed 3072K, reserved 1048576K
}
Event: 3.409 GC heap after
{Heap after GC invocations=13 (full 0):
 garbage-first heap   total 106496K, used 52635K [0x0000000705e00000, 0x0000000800000000)
  region size 2048K, 1 young (2048K), 1 survivors (2048K)
 Metaspace       used 27561K, committed 28032K, reserved 1114112K
  class space    used 2865K, committed 3072K, reserved 1048576K
}
Event: 3.415 GC heap before
{Heap before GC invocations=13 (full 0):
 garbage-first heap   total 106496K, used 54683K [0x0000000705e00000, 0x0000000800000000)
  region size 2048K, 2 young (4096K), 1 survivors (2048K)
 Metaspace       used 27565K, committed 28032K, reserved 1114112K
  class space    used 2866K, committed 3072K, reserved 1048576K
}
Event: 3.417 GC heap after
{Heap after GC invocations=14 (full 0):
 garbage-first heap   total 137216K, used 51649K [0x0000000705e00000, 0x0000000800000000)
  region size 2048K, 1 young (2048K), 1 survivors (2048K)
 Metaspace       used 27565K, committed 28032K, reserved 1114112K
  class space    used 2866K, committed 3072K, reserved 1048576K
}
Event: 3.542 GC heap before
{Heap before GC invocations=14 (full 0):
 garbage-first heap   total 137216K, used 98753K [0x0000000705e00000, 0x0000000800000000)
  region size 2048K, 25 young (51200K), 1 survivors (2048K)
 Metaspace       used 27789K, committed 28288K, reserved 1114112K
  class space    used 2895K, committed 3136K, reserved 1048576K
}
Event: 3.543 GC heap after
{Heap after GC invocations=15 (full 0):
 garbage-first heap   total 137216K, used 51682K [0x0000000705e00000, 0x0000000800000000)
  region size 2048K, 1 young (2048K), 1 survivors (2048K)
 Metaspace       used 27789K, committed 28288K, reserved 1114112K
  class space    used 2895K, committed 3136K, reserved 1048576K
}
Event: 3.725 GC heap before
{Heap before GC invocations=15 (full 0):
 garbage-first heap   total 137216K, used 102882K [0x0000000705e00000, 0x0000000800000000)
  region size 2048K, 27 young (55296K), 1 survivors (2048K)
 Metaspace       used 28357K, committed 28928K, reserved 1114112K
  class space    used 2961K, committed 3264K, reserved 1048576K
}
Event: 3.727 GC heap after
{Heap after GC invocations=16 (full 0):
 garbage-first heap   total 137216K, used 52654K [0x0000000705e00000, 0x0000000800000000)
  region size 2048K, 1 young (2048K), 1 survivors (2048K)
 Metaspace       used 28357K, committed 28928K, reserved 1114112K
  class space    used 2961K, committed 3264K, reserved 1048576K
}
Event: 3.813 GC heap before
{Heap before GC invocations=16 (full 0):
 garbage-first heap   total 137216K, used 107950K [0x0000000705e00000, 0x0000000800000000)
  region size 2048K, 28 young (57344K), 1 survivors (2048K)
 Metaspace       used 28524K, committed 29056K, reserved 1114112K
  class space    used 2966K, committed 3264K, reserved 1048576K
}
Event: 3.816 GC heap after
{Heap after GC invocations=17 (full 0):
 garbage-first heap   total 137216K, used 53844K [0x0000000705e00000, 0x0000000800000000)
  region size 2048K, 2 young (4096K), 2 survivors (4096K)
 Metaspace       used 28524K, committed 29056K, reserved 1114112K
  class space    used 2966K, committed 3264K, reserved 1048576K
}
Event: 3.893 GC heap before
{Heap before GC invocations=17 (full 0):
 garbage-first heap   total 137216K, used 109140K [0x0000000705e00000, 0x0000000800000000)
  region size 2048K, 29 young (59392K), 2 survivors (4096K)
 Metaspace       used 28570K, committed 29120K, reserved 1114112K
  class space    used 2968K, committed 3264K, reserved 1048576K
}
Event: 3.897 GC heap after
{Heap after GC invocations=18 (full 0):
 garbage-first heap   total 137216K, used 54117K [0x0000000705e00000, 0x0000000800000000)
  region size 2048K, 2 young (4096K), 2 survivors (4096K)
 Metaspace       used 28570K, committed 29120K, reserved 1114112K
  class space    used 2968K, committed 3264K, reserved 1048576K
}
Event: 4.024 GC heap before
{Heap before GC invocations=18 (full 0):
 garbage-first heap   total 137216K, used 111461K [0x0000000705e00000, 0x0000000800000000)
  region size 2048K, 30 young (61440K), 2 survivors (4096K)
 Metaspace       used 28711K, committed 29248K, reserved 1114112K
  class space    used 2968K, committed 3264K, reserved 1048576K
}
Event: 4.028 GC heap after
{Heap after GC invocations=19 (full 0):
 garbage-first heap   total 137216K, used 55500K [0x0000000705e00000, 0x0000000800000000)
  region size 2048K, 3 young (6144K), 3 survivors (6144K)
 Metaspace       used 28711K, committed 29248K, reserved 1114112K
  class space    used 2968K, committed 3264K, reserved 1048576K
}
Event: 4.120 GC heap before
{Heap before GC invocations=19 (full 0):
 garbage-first heap   total 137216K, used 110796K [0x0000000705e00000, 0x0000000800000000)
  region size 2048K, 30 young (61440K), 3 survivors (6144K)
 Metaspace       used 28763K, committed 29312K, reserved 1114112K
  class space    used 2968K, committed 3264K, reserved 1048576K
}
Event: 4.124 GC heap after
{Heap after GC invocations=20 (full 0):
 garbage-first heap   total 258048K, used 55469K [0x0000000705e00000, 0x0000000800000000)
  region size 2048K, 2 young (4096K), 2 survivors (4096K)
 Metaspace       used 28763K, committed 29312K, reserved 1114112K
  class space    used 2968K, committed 3264K, reserved 1048576K
}
Event: 5.489 GC heap before
{Heap before GC invocations=20 (full 0):
 garbage-first heap   total 258048K, used 204973K [0x0000000705e00000, 0x0000000800000000)
  region size 2048K, 75 young (153600K), 2 survivors (4096K)
 Metaspace       used 31610K, committed 32128K, reserved 1114112K
  class space    used 3233K, committed 3520K, reserved 1048576K
}
Event: 5.494 GC heap after
{Heap after GC invocations=21 (full 0):
 garbage-first heap   total 258048K, used 58668K [0x0000000705e00000, 0x0000000800000000)
  region size 2048K, 4 young (8192K), 4 survivors (8192K)
 Metaspace       used 31610K, committed 32128K, reserved 1114112K
  class space    used 3233K, committed 3520K, reserved 1048576K
}
Event: 6.552 GC heap before
{Heap before GC invocations=21 (full 0):
 garbage-first heap   total 258048K, used 206124K [0x0000000705e00000, 0x0000000800000000)
  region size 2048K, 75 young (153600K), 4 survivors (8192K)
 Metaspace       used 34926K, committed 35584K, reserved 1114112K
  class space    used 3576K, committed 3904K, reserved 1048576K
}
Event: 6.559 GC heap after
{Heap after GC invocations=22 (full 0):
 garbage-first heap   total 258048K, used 66358K [0x0000000705e00000, 0x0000000800000000)
  region size 2048K, 7 young (14336K), 7 survivors (14336K)
 Metaspace       used 34926K, committed 35584K, reserved 1114112K
  class space    used 3576K, committed 3904K, reserved 1048576K
}

