# JRE version: Java(TM) SE Runtime Environment (19.0.2+7) (build 19.0.2+7-44)
# Java VM: Java HotSpot(TM) 64-Bit Server VM (19.0.2+7-44, mixed mode, sharing, tiered, compressed oops, compressed class ptrs, g1 gc, windows-amd64)
GC Precious Log:
 CardTable entry size: 512
 Card Set container configuration: InlinePtr #cards 4 size 8 Array Of Cards #cards 16 size 48 Howl #buckets 8 coarsen threshold 3686 Howl Bitmap #cards 512 size 80 coarsen threshold 460 Card regions per heap region 1 cards per card region 4096
 CPUs: 16 total, 16 available
 Memory: 16005M
 Large Page Support: Disabled
 NUMA Support: Disabled
 Compressed Oops: Enabled (Zero based)
 Heap Region Size: 2M
 Heap Min Capacity: 8M
 Heap Initial Capacity: 252M
 Heap Max Capacity: 4002M
 Pre-touch: Disabled
 Parallel Workers: 13
 Concurrent Workers: 3
 Concurrent Refinement Workers: 13
 Periodic GC: Disabled
Heap:
 garbage-first heap   total 233472K, used 162731K [0x0000000705e00000, 0x0000000800000000)
  region size 2048K, 56 young (114688K), 6 survivors (12288K)
 Metaspace       used 36475K, committed 37120K, reserved 1114112K
  class space    used 3759K, committed 4096K, reserved 1048576K
GC Heap History (20 events):
Event: 3.132 GC heap before
{Heap before GC invocations=10 (full 0):
 garbage-first heap   total 116736K, used 77791K [0x0000000705e00000, 0x0000000800000000)
  region size 2048K, 18 young (36864K), 2 survivors (4096K)
 Metaspace       used 26367K, committed 26816K, reserved 1114112K
  class space    used 2733K, committed 2944K, reserved 1048576K
}
Event: 3.140 GC heap after
{Heap after GC invocations=11 (full 0):
 garbage-first heap   total 116736K, used 51200K [0x0000000705e00000, 0x0000000800000000)
  region size 2048K, 3 young (6144K), 3 survivors (6144K)
 Metaspace       used 26367K, committed 26816K, reserved 1114112K
  class space    used 2733K, committed 2944K, reserved 1048576K
}
Event: 3.150 GC heap before
{Heap before GC invocations=11 (full 0):
 garbage-first heap   total 116736K, used 53248K [0x0000000705e00000, 0x0000000800000000)
  region size 2048K, 4 young (8192K), 3 survivors (6144K)
 Metaspace       used 26414K, committed 26880K, reserved 1114112K
  class space    used 2747K, committed 3008K, reserved 1048576K
}
Event: 3.156 GC heap after
{Heap after GC invocations=12 (full 0):
 garbage-first heap   total 116736K, used 51405K [0x0000000705e00000, 0x0000000800000000)
  region size 2048K, 1 young (2048K), 1 survivors (2048K)
 Metaspace       used 26414K, committed 26880K, reserved 1114112K
  class space    used 2747K, committed 3008K, reserved 1048576K
}
Event: 3.462 GC heap before
{Heap before GC invocations=12 (full 0):
 garbage-first heap   total 116736K, used 80077K [0x0000000705e00000, 0x0000000800000000)
  region size 2048K, 16 young (32768K), 1 survivors (2048K)
 Metaspace       used 27557K, committed 28032K, reserved 1114112K
  class space    used 2872K, committed 3136K, reserved 1048576K
}
Event: 3.463 GC heap after
{Heap after GC invocations=13 (full 0):
 garbage-first heap   total 116736K, used 51011K [0x0000000705e00000, 0x0000000800000000)
  region size 2048K, 1 young (2048K), 1 survivors (2048K)
 Metaspace       used 27557K, committed 28032K, reserved 1114112K
  class space    used 2872K, committed 3136K, reserved 1048576K
}
Event: 3.536 GC heap before
{Heap before GC invocations=13 (full 0):
 garbage-first heap   total 116736K, used 83779K [0x0000000705e00000, 0x0000000800000000)
  region size 2048K, 17 young (34816K), 1 survivors (2048K)
 Metaspace       used 27684K, committed 28160K, reserved 1114112K
  class space    used 2878K, committed 3136K, reserved 1048576K
}
Event: 3.537 GC heap after
{Heap after GC invocations=14 (full 0):
 garbage-first heap   total 116736K, used 50865K [0x0000000705e00000, 0x0000000800000000)
  region size 2048K, 1 young (2048K), 1 survivors (2048K)
 Metaspace       used 27684K, committed 28160K, reserved 1114112K
  class space    used 2878K, committed 3136K, reserved 1048576K
}
Event: 3.598 GC heap before
{Heap before GC invocations=14 (full 0):
 garbage-first heap   total 116736K, used 85681K [0x0000000705e00000, 0x0000000800000000)
  region size 2048K, 18 young (36864K), 1 survivors (2048K)
 Metaspace       used 27717K, committed 28160K, reserved 1114112K
  class space    used 2883K, committed 3136K, reserved 1048576K
}
Event: 3.599 GC heap after
{Heap after GC invocations=15 (full 0):
 garbage-first heap   total 116736K, used 51310K [0x0000000705e00000, 0x0000000800000000)
  region size 2048K, 1 young (2048K), 1 survivors (2048K)
 Metaspace       used 27717K, committed 28160K, reserved 1114112K
  class space    used 2883K, committed 3136K, reserved 1048576K
}
Event: 3.791 GC heap before
{Heap before GC invocations=15 (full 0):
 garbage-first heap   total 116736K, used 88174K [0x0000000705e00000, 0x0000000800000000)
  region size 2048K, 19 young (38912K), 1 survivors (2048K)
 Metaspace       used 28311K, committed 28800K, reserved 1114112K
  class space    used 2958K, committed 3200K, reserved 1048576K
}
Event: 3.794 GC heap after
{Heap after GC invocations=16 (full 0):
 garbage-first heap   total 233472K, used 51734K [0x0000000705e00000, 0x0000000800000000)
  region size 2048K, 1 young (2048K), 1 survivors (2048K)
 Metaspace       used 28311K, committed 28800K, reserved 1114112K
  class space    used 2958K, committed 3200K, reserved 1048576K
}
Event: 4.072 GC heap before
{Heap before GC invocations=16 (full 0):
 garbage-first heap   total 233472K, used 172566K [0x0000000705e00000, 0x0000000800000000)
  region size 2048K, 60 young (122880K), 1 survivors (2048K)
 Metaspace       used 28600K, committed 29120K, reserved 1114112K
  class space    used 2975K, committed 3264K, reserved 1048576K
}
Event: 4.075 GC heap after
{Heap after GC invocations=17 (full 0):
 garbage-first heap   total 233472K, used 53096K [0x0000000705e00000, 0x0000000800000000)
  region size 2048K, 2 young (4096K), 2 survivors (4096K)
 Metaspace       used 28600K, committed 29120K, reserved 1114112K
  class space    used 2975K, committed 3264K, reserved 1048576K
}
Event: 4.337 GC heap before
{Heap before GC invocations=17 (full 0):
 garbage-first heap   total 233472K, used 178024K [0x0000000705e00000, 0x0000000800000000)
  region size 2048K, 63 young (129024K), 2 survivors (4096K)
 Metaspace       used 28830K, committed 29376K, reserved 1114112K
  class space    used 2977K, committed 3264K, reserved 1048576K
}
Event: 4.340 GC heap after
{Heap after GC invocations=18 (full 0):
 garbage-first heap   total 233472K, used 54697K [0x0000000705e00000, 0x0000000800000000)
  region size 2048K, 3 young (6144K), 3 survivors (6144K)
 Metaspace       used 28830K, committed 29376K, reserved 1114112K
  class space    used 2977K, committed 3264K, reserved 1048576K
}
Event: 5.358 GC heap before
{Heap before GC invocations=18 (full 0):
 garbage-first heap   total 233472K, used 181673K [0x0000000705e00000, 0x0000000800000000)
  region size 2048K, 65 young (133120K), 3 survivors (6144K)
 Metaspace       used 31593K, committed 32192K, reserved 1114112K
  class space    used 3241K, committed 3584K, reserved 1048576K
}
Event: 5.363 GC heap after
{Heap after GC invocations=19 (full 0):
 garbage-first heap   total 233472K, used 57051K [0x0000000705e00000, 0x0000000800000000)
  region size 2048K, 4 young (8192K), 4 survivors (8192K)
 Metaspace       used 31593K, committed 32192K, reserved 1114112K
  class space    used 3241K, committed 3584K, reserved 1048576K
}
Event: 6.079 GC heap before
{Heap before GC invocations=19 (full 0):
 garbage-first heap   total 233472K, used 188123K [0x0000000705e00000, 0x0000000800000000)
  region size 2048K, 66 young (135168K), 4 survivors (8192K)
 Metaspace       used 33066K, committed 33792K, reserved 1114112K
  class space    used 3347K, committed 3712K, reserved 1048576K
}
Event: 6.085 GC heap after
{Heap after GC invocations=20 (full 0):
 garbage-first heap   total 233472K, used 64427K [0x0000000705e00000, 0x0000000800000000)
  region size 2048K, 6 young (12288K), 6 survivors (12288K)
 Metaspace       used 33066K, committed 33792K, reserved 1114112K
  class space    used 3347K, committed 3712K, reserved 1048576K
}

