# JRE version: Java(TM) SE Runtime Environment (19.0.2+7) (build 19.0.2+7-44)
# Java VM: Java HotSpot(TM) 64-Bit Server VM (19.0.2+7-44, mixed mode, sharing, tiered, compressed oops, compressed class ptrs, g1 gc, windows-amd64)
GC Precious Log:
 CardTable entry size: 512
 Card Set container configuration: InlinePtr #cards 4 size 8 Array Of Cards #cards 16 size 48 Howl #buckets 8 coarsen threshold 3686 Howl Bitmap #cards 512 size 80 coarsen threshold 460 Card regions per heap region 1 cards per card region 4096
 CPUs: 16 total, 16 available
 Memory: 16005M
 Large Page Support: Disabled
 NUMA Support: Disabled
 Compressed Oops: Enabled (Zero based)
 Heap Region Size: 2M
 Heap Min Capacity: 8M
 Heap Initial Capacity: 252M
 Heap Max Capacity: 4002M
 Pre-touch: Disabled
 Parallel Workers: 13
 Concurrent Workers: 3
 Concurrent Refinement Workers: 13
 Periodic GC: Disabled
Heap:
 garbage-first heap   total 286720K, used 96660K [0x0000000705e00000, 0x0000000800000000)
  region size 2048K, 24 young (49152K), 2 survivors (4096K)
 Metaspace       used 28797K, committed 29312K, reserved 1114112K
  class space    used 2971K, committed 3264K, reserved 1048576K
GC Heap History (20 events):
Event: 3.715 GC heap before
{Heap before GC invocations=7 (full 0):
 garbage-first heap   total 63488K, used 44864K [0x0000000705e00000, 0x0000000800000000)
  region size 2048K, 9 young (18432K), 2 survivors (4096K)
 Metaspace       used 24480K, committed 24832K, reserved 1114112K
  class space    used 2581K, committed 2752K, reserved 1048576K
}
Event: 3.721 GC heap after
{Heap after GC invocations=8 (full 0):
 garbage-first heap   total 63488K, used 36226K [0x0000000705e00000, 0x0000000800000000)
  region size 2048K, 2 young (4096K), 2 survivors (4096K)
 Metaspace       used 24480K, committed 24832K, reserved 1114112K
  class space    used 2581K, committed 2752K, reserved 1048576K
}
Event: 3.786 GC heap before
{Heap before GC invocations=8 (full 0):
 garbage-first heap   total 63488K, used 44418K [0x0000000705e00000, 0x0000000800000000)
  region size 2048K, 6 young (12288K), 2 survivors (4096K)
 Metaspace       used 24486K, committed 24832K, reserved 1114112K
  class space    used 2581K, committed 2752K, reserved 1048576K
}
Event: 3.790 GC heap after
{Heap after GC invocations=9 (full 0):
 garbage-first heap   total 161792K, used 38252K [0x0000000705e00000, 0x0000000800000000)
  region size 2048K, 1 young (2048K), 1 survivors (2048K)
 Metaspace       used 24486K, committed 24832K, reserved 1114112K
  class space    used 2581K, committed 2752K, reserved 1048576K
}
Event: 4.620 GC heap before
{Heap before GC invocations=10 (full 0):
 garbage-first heap   total 143360K, used 105836K [0x0000000705e00000, 0x0000000800000000)
  region size 2048K, 34 young (69632K), 1 survivors (2048K)
 Metaspace       used 26361K, committed 26816K, reserved 1114112K
  class space    used 2728K, committed 2944K, reserved 1048576K
}
Event: 4.628 GC heap after
{Heap after GC invocations=11 (full 0):
 garbage-first heap   total 143360K, used 50216K [0x0000000705e00000, 0x0000000800000000)
  region size 2048K, 5 young (10240K), 5 survivors (10240K)
 Metaspace       used 26361K, committed 26816K, reserved 1114112K
  class space    used 2728K, committed 2944K, reserved 1048576K
}
Event: 4.643 GC heap before
{Heap before GC invocations=11 (full 0):
 garbage-first heap   total 143360K, used 52264K [0x0000000705e00000, 0x0000000800000000)
  region size 2048K, 6 young (12288K), 5 survivors (10240K)
 Metaspace       used 26401K, committed 26816K, reserved 1114112K
  class space    used 2740K, committed 2944K, reserved 1048576K
}
Event: 4.650 GC heap after
{Heap after GC invocations=12 (full 0):
 garbage-first heap   total 143360K, used 50894K [0x0000000705e00000, 0x0000000800000000)
  region size 2048K, 1 young (2048K), 1 survivors (2048K)
 Metaspace       used 26401K, committed 26816K, reserved 1114112K
  class space    used 2740K, committed 2944K, reserved 1048576K
}
Event: 5.130 GC heap before
{Heap before GC invocations=12 (full 0):
 garbage-first heap   total 143360K, used 97998K [0x0000000705e00000, 0x0000000800000000)
  region size 2048K, 25 young (51200K), 1 survivors (2048K)
 Metaspace       used 27625K, committed 28096K, reserved 1114112K
  class space    used 2868K, committed 3072K, reserved 1048576K
}
Event: 5.131 GC heap after
{Heap after GC invocations=13 (full 0):
 garbage-first heap   total 143360K, used 50152K [0x0000000705e00000, 0x0000000800000000)
  region size 2048K, 1 young (2048K), 1 survivors (2048K)
 Metaspace       used 27625K, committed 28096K, reserved 1114112K
  class space    used 2868K, committed 3072K, reserved 1048576K
}
Event: 5.283 GC heap before
{Heap before GC invocations=13 (full 0):
 garbage-first heap   total 143360K, used 101352K [0x0000000705e00000, 0x0000000800000000)
  region size 2048K, 27 young (55296K), 1 survivors (2048K)
 Metaspace       used 27898K, committed 28352K, reserved 1114112K
  class space    used 2906K, committed 3136K, reserved 1048576K
}
Event: 5.284 GC heap after
{Heap after GC invocations=14 (full 0):
 garbage-first heap   total 143360K, used 50099K [0x0000000705e00000, 0x0000000800000000)
  region size 2048K, 1 young (2048K), 1 survivors (2048K)
 Metaspace       used 27898K, committed 28352K, reserved 1114112K
  class space    used 2906K, committed 3136K, reserved 1048576K
}
Event: 5.467 GC heap before
{Heap before GC invocations=14 (full 0):
 garbage-first heap   total 143360K, used 105395K [0x0000000705e00000, 0x0000000800000000)
  region size 2048K, 28 young (57344K), 1 survivors (2048K)
 Metaspace       used 28409K, committed 28992K, reserved 1114112K
  class space    used 2965K, committed 3264K, reserved 1048576K
}
Event: 5.469 GC heap after
{Heap after GC invocations=15 (full 0):
 garbage-first heap   total 143360K, used 51142K [0x0000000705e00000, 0x0000000800000000)
  region size 2048K, 1 young (2048K), 1 survivors (2048K)
 Metaspace       used 28409K, committed 28992K, reserved 1114112K
  class space    used 2965K, committed 3264K, reserved 1048576K
}
Event: 5.754 GC heap before
{Heap before GC invocations=15 (full 0):
 garbage-first heap   total 143360K, used 110534K [0x0000000705e00000, 0x0000000800000000)
  region size 2048K, 30 young (61440K), 1 survivors (2048K)
 Metaspace       used 28568K, committed 29120K, reserved 1114112K
  class space    used 2969K, committed 3264K, reserved 1048576K
}
Event: 5.758 GC heap after
{Heap after GC invocations=16 (full 0):
 garbage-first heap   total 143360K, used 52173K [0x0000000705e00000, 0x0000000800000000)
  region size 2048K, 2 young (4096K), 2 survivors (4096K)
 Metaspace       used 28568K, committed 29120K, reserved 1114112K
  class space    used 2969K, committed 3264K, reserved 1048576K
}
Event: 6.068 GC heap before
{Heap before GC invocations=16 (full 0):
 garbage-first heap   total 143360K, used 111565K [0x0000000705e00000, 0x0000000800000000)
  region size 2048K, 31 young (63488K), 2 survivors (4096K)
 Metaspace       used 28640K, committed 29184K, reserved 1114112K
  class space    used 2971K, committed 3264K, reserved 1048576K
}
Event: 6.073 GC heap after
{Heap after GC invocations=17 (full 0):
 garbage-first heap   total 143360K, used 53861K [0x0000000705e00000, 0x0000000800000000)
  region size 2048K, 3 young (6144K), 3 survivors (6144K)
 Metaspace       used 28640K, committed 29184K, reserved 1114112K
  class space    used 2971K, committed 3264K, reserved 1048576K
}
Event: 6.240 GC heap before
{Heap before GC invocations=17 (full 0):
 garbage-first heap   total 143360K, used 113253K [0x0000000705e00000, 0x0000000800000000)
  region size 2048K, 32 young (65536K), 3 survivors (6144K)
 Metaspace       used 28749K, committed 29312K, reserved 1114112K
  class space    used 2971K, committed 3264K, reserved 1048576K
}
Event: 6.246 GC heap after
{Heap after GC invocations=18 (full 0):
 garbage-first heap   total 286720K, used 53652K [0x0000000705e00000, 0x0000000800000000)
  region size 2048K, 2 young (4096K), 2 survivors (4096K)
 Metaspace       used 28749K, committed 29312K, reserved 1114112K
  class space    used 2971K, committed 3264K, reserved 1048576K
}

