# JRE version: Java(TM) SE Runtime Environment (19.0.2+7) (build 19.0.2+7-44)
# Java VM: Java HotSpot(TM) 64-Bit Server VM (19.0.2+7-44, mixed mode, sharing, tiered, compressed oops, compressed class ptrs, g1 gc, windows-amd64)
GC Precious Log:
 CardTable entry size: 512
 Card Set container configuration: InlinePtr #cards 4 size 8 Array Of Cards #cards 16 size 48 Howl #buckets 8 coarsen threshold 3686 Howl Bitmap #cards 512 size 80 coarsen threshold 460 Card regions per heap region 1 cards per card region 4096
 CPUs: 16 total, 16 available
 Memory: 16005M
 Large Page Support: Disabled
 NUMA Support: Disabled
 Compressed Oops: Enabled (Zero based)
 Heap Region Size: 2M
 Heap Min Capacity: 8M
 Heap Initial Capacity: 252M
 Heap Max Capacity: 4002M
 Pre-touch: Disabled
 Parallel Workers: 13
 Concurrent Workers: 3
 Concurrent Refinement Workers: 13
 Periodic GC: Disabled
Heap:
 garbage-first heap   total 212992K, used 123070K [0x0000000705e00000, 0x0000000800000000)
  region size 2048K, 37 young (75776K), 7 survivors (14336K)
 Metaspace       used 35907K, committed 36544K, reserved 1114112K
  class space    used 3709K, committed 4032K, reserved 1048576K
GC Heap History (20 events):
Event: 3.163 GC heap before
{Heap before GC invocations=10 (full 0):
 garbage-first heap   total 120832K, used 86947K [0x0000000705e00000, 0x0000000800000000)
  region size 2048K, 22 young (45056K), 2 survivors (4096K)
 Metaspace       used 26921K, committed 27264K, reserved 1114112K
  class space    used 2808K, committed 3008K, reserved 1048576K
}
Event: 3.169 GC heap after
{Heap after GC invocations=11 (full 0):
 garbage-first heap   total 120832K, used 52151K [0x0000000705e00000, 0x0000000800000000)
  region size 2048K, 3 young (6144K), 3 survivors (6144K)
 Metaspace       used 26921K, committed 27264K, reserved 1114112K
  class space    used 2808K, committed 3008K, reserved 1048576K
}
Event: 3.186 GC heap before
{Heap before GC invocations=11 (full 0):
 garbage-first heap   total 120832K, used 54199K [0x0000000705e00000, 0x0000000800000000)
  region size 2048K, 4 young (8192K), 3 survivors (6144K)
 Metaspace       used 27109K, committed 27456K, reserved 1114112K
  class space    used 2826K, committed 3008K, reserved 1048576K
}
Event: 3.191 GC heap after
{Heap after GC invocations=12 (full 0):
 garbage-first heap   total 120832K, used 51886K [0x0000000705e00000, 0x0000000800000000)
  region size 2048K, 1 young (2048K), 1 survivors (2048K)
 Metaspace       used 27109K, committed 27456K, reserved 1114112K
  class space    used 2826K, committed 3008K, reserved 1048576K
}
Event: 3.426 GC heap before
{Heap before GC invocations=12 (full 0):
 garbage-first heap   total 120832K, used 86702K [0x0000000705e00000, 0x0000000800000000)
  region size 2048K, 19 young (38912K), 1 survivors (2048K)
 Metaspace       used 27573K, committed 28032K, reserved 1114112K
  class space    used 2866K, committed 3072K, reserved 1048576K
}
Event: 3.427 GC heap after
{Heap after GC invocations=13 (full 0):
 garbage-first heap   total 120832K, used 51624K [0x0000000705e00000, 0x0000000800000000)
  region size 2048K, 1 young (2048K), 1 survivors (2048K)
 Metaspace       used 27573K, committed 28032K, reserved 1114112K
  class space    used 2866K, committed 3072K, reserved 1048576K
}
Event: 3.486 GC heap before
{Heap before GC invocations=13 (full 0):
 garbage-first heap   total 120832K, used 90536K [0x0000000705e00000, 0x0000000800000000)
  region size 2048K, 20 young (40960K), 1 survivors (2048K)
 Metaspace       used 27646K, committed 28096K, reserved 1114112K
  class space    used 2872K, committed 3072K, reserved 1048576K
}
Event: 3.487 GC heap after
{Heap after GC invocations=14 (full 0):
 garbage-first heap   total 120832K, used 51594K [0x0000000705e00000, 0x0000000800000000)
  region size 2048K, 1 young (2048K), 1 survivors (2048K)
 Metaspace       used 27646K, committed 28096K, reserved 1114112K
  class space    used 2872K, committed 3072K, reserved 1048576K
}
Event: 3.681 GC heap before
{Heap before GC invocations=14 (full 0):
 garbage-first heap   total 120832K, used 94602K [0x0000000705e00000, 0x0000000800000000)
  region size 2048K, 22 young (45056K), 1 survivors (2048K)
 Metaspace       used 28267K, committed 28800K, reserved 1114112K
  class space    used 2952K, committed 3200K, reserved 1048576K
}
Event: 3.683 GC heap after
{Heap after GC invocations=15 (full 0):
 garbage-first heap   total 120832K, used 52278K [0x0000000705e00000, 0x0000000800000000)
  region size 2048K, 1 young (2048K), 1 survivors (2048K)
 Metaspace       used 28267K, committed 28800K, reserved 1114112K
  class space    used 2952K, committed 3200K, reserved 1048576K
}
Event: 3.773 GC heap before
{Heap before GC invocations=15 (full 0):
 garbage-first heap   total 120832K, used 97334K [0x0000000705e00000, 0x0000000800000000)
  region size 2048K, 23 young (47104K), 1 survivors (2048K)
 Metaspace       used 28436K, committed 28992K, reserved 1114112K
  class space    used 2963K, committed 3264K, reserved 1048576K
}
Event: 3.776 GC heap after
{Heap after GC invocations=16 (full 0):
 garbage-first heap   total 212992K, used 53092K [0x0000000705e00000, 0x0000000800000000)
  region size 2048K, 1 young (2048K), 1 survivors (2048K)
 Metaspace       used 28436K, committed 28992K, reserved 1114112K
  class space    used 2963K, committed 3264K, reserved 1048576K
}
Event: 4.009 GC heap before
{Heap before GC invocations=16 (full 0):
 garbage-first heap   total 212992K, used 169828K [0x0000000705e00000, 0x0000000800000000)
  region size 2048K, 58 young (118784K), 1 survivors (2048K)
 Metaspace       used 28625K, committed 29184K, reserved 1114112K
  class space    used 2968K, committed 3264K, reserved 1048576K
}
Event: 4.011 GC heap after
{Heap after GC invocations=17 (full 0):
 garbage-first heap   total 212992K, used 54915K [0x0000000705e00000, 0x0000000800000000)
  region size 2048K, 2 young (4096K), 2 survivors (4096K)
 Metaspace       used 28625K, committed 29184K, reserved 1114112K
  class space    used 2968K, committed 3264K, reserved 1048576K
}
Event: 4.380 GC heap before
{Heap before GC invocations=17 (full 0):
 garbage-first heap   total 212992K, used 171651K [0x0000000705e00000, 0x0000000800000000)
  region size 2048K, 59 young (120832K), 2 survivors (4096K)
 Metaspace       used 29458K, committed 30016K, reserved 1114112K
  class space    used 3065K, committed 3328K, reserved 1048576K
}
Event: 4.383 GC heap after
{Heap after GC invocations=18 (full 0):
 garbage-first heap   total 212992K, used 55484K [0x0000000705e00000, 0x0000000800000000)
  region size 2048K, 3 young (6144K), 3 survivors (6144K)
 Metaspace       used 29458K, committed 30016K, reserved 1114112K
  class space    used 3065K, committed 3328K, reserved 1048576K
}
Event: 5.381 GC heap before
{Heap before GC invocations=18 (full 0):
 garbage-first heap   total 212992K, used 174268K [0x0000000705e00000, 0x0000000800000000)
  region size 2048K, 61 young (124928K), 3 survivors (6144K)
 Metaspace       used 31642K, committed 32256K, reserved 1114112K
  class space    used 3239K, committed 3520K, reserved 1048576K
}
Event: 5.387 GC heap after
{Heap after GC invocations=19 (full 0):
 garbage-first heap   total 212992K, used 58476K [0x0000000705e00000, 0x0000000800000000)
  region size 2048K, 4 young (8192K), 4 survivors (8192K)
 Metaspace       used 31642K, committed 32256K, reserved 1114112K
  class space    used 3239K, committed 3520K, reserved 1048576K
}
Event: 6.051 GC heap before
{Heap before GC invocations=19 (full 0):
 garbage-first heap   total 212992K, used 179308K [0x0000000705e00000, 0x0000000800000000)
  region size 2048K, 61 young (124928K), 4 survivors (8192K)
 Metaspace       used 34307K, committed 34944K, reserved 1114112K
  class space    used 3525K, committed 3840K, reserved 1048576K
}
Event: 6.057 GC heap after
{Heap after GC invocations=20 (full 0):
 garbage-first heap   total 212992K, used 65726K [0x0000000705e00000, 0x0000000800000000)
  region size 2048K, 7 young (14336K), 7 survivors (14336K)
 Metaspace       used 34307K, committed 34944K, reserved 1114112K
  class space    used 3525K, committed 3840K, reserved 1048576K
}

