# JRE version: Java(TM) SE Runtime Environment (19.0.2+7) (build 19.0.2+7-44)
# Java VM: Java HotSpot(TM) 64-Bit Server VM (19.0.2+7-44, mixed mode, sharing, tiered, compressed oops, compressed class ptrs, g1 gc, windows-amd64)
GC Precious Log:
 CardTable entry size: 512
 Card Set container configuration: InlinePtr #cards 4 size 8 Array Of Cards #cards 16 size 48 Howl #buckets 8 coarsen threshold 3686 Howl Bitmap #cards 512 size 80 coarsen threshold 460 Card regions per heap region 1 cards per card region 4096
 CPUs: 16 total, 16 available
 Memory: 16005M
 Large Page Support: Disabled
 NUMA Support: Disabled
 Compressed Oops: Enabled (Zero based)
 Heap Region Size: 2M
 Heap Min Capacity: 8M
 Heap Initial Capacity: 252M
 Heap Max Capacity: 4002M
 Pre-touch: Disabled
 Parallel Workers: 13
 Concurrent Workers: 3
 Concurrent Refinement Workers: 13
 Periodic GC: Disabled
Heap:
 garbage-first heap   total 184320K, used 84797K [0x0000000705e00000, 0x0000000800000000)
  region size 2048K, 12 young (24576K), 4 survivors (8192K)
 Metaspace       used 36071K, committed 36800K, reserved 1114112K
  class space    used 3723K, committed 4096K, reserved 1048576K
GC Heap History (20 events):
Event: 3.399 GC heap before
{Heap before GC invocations=10 (full 0):
 garbage-first heap   total 126976K, used 91485K [0x0000000705e00000, 0x0000000800000000)
  region size 2048K, 20 young (40960K), 1 survivors (2048K)
 Metaspace       used 27662K, committed 28160K, reserved 1114112K
  class space    used 2875K, committed 3136K, reserved 1048576K
}
Event: 3.400 GC heap after
{Heap after GC invocations=11 (full 0):
 garbage-first heap   total 126976K, used 52261K [0x0000000705e00000, 0x0000000800000000)
  region size 2048K, 1 young (2048K), 1 survivors (2048K)
 Metaspace       used 27662K, committed 28160K, reserved 1114112K
  class space    used 2875K, committed 3136K, reserved 1048576K
}
Event: 3.559 GC heap before
{Heap before GC invocations=11 (full 0):
 garbage-first heap   total 126976K, used 95269K [0x0000000705e00000, 0x0000000800000000)
  region size 2048K, 22 young (45056K), 1 survivors (2048K)
 Metaspace       used 28136K, committed 28672K, reserved 1114112K
  class space    used 2943K, committed 3200K, reserved 1048576K
}
Event: 3.561 GC heap after
{Heap after GC invocations=12 (full 0):
 garbage-first heap   total 153600K, used 52826K [0x0000000705e00000, 0x0000000800000000)
  region size 2048K, 1 young (2048K), 1 survivors (2048K)
 Metaspace       used 28136K, committed 28672K, reserved 1114112K
  class space    used 2943K, committed 3200K, reserved 1048576K
}
Event: 3.716 GC heap before
{Heap before GC invocations=12 (full 0):
 garbage-first heap   total 153600K, used 118362K [0x0000000705e00000, 0x0000000800000000)
  region size 2048K, 33 young (67584K), 1 survivors (2048K)
 Metaspace       used 28510K, committed 29056K, reserved 1114112K
  class space    used 2971K, committed 3264K, reserved 1048576K
}
Event: 3.718 GC heap after
{Heap after GC invocations=13 (full 0):
 garbage-first heap   total 153600K, used 53857K [0x0000000705e00000, 0x0000000800000000)
  region size 2048K, 2 young (4096K), 2 survivors (4096K)
 Metaspace       used 28510K, committed 29056K, reserved 1114112K
  class space    used 2971K, committed 3264K, reserved 1048576K
}
Event: 3.816 GC heap before
{Heap before GC invocations=13 (full 0):
 garbage-first heap   total 153600K, used 119393K [0x0000000705e00000, 0x0000000800000000)
  region size 2048K, 34 young (69632K), 2 survivors (4096K)
 Metaspace       used 28566K, committed 29120K, reserved 1114112K
  class space    used 2973K, committed 3264K, reserved 1048576K
}
Event: 3.818 GC heap after
{Heap after GC invocations=14 (full 0):
 garbage-first heap   total 153600K, used 54336K [0x0000000705e00000, 0x0000000800000000)
  region size 2048K, 2 young (4096K), 2 survivors (4096K)
 Metaspace       used 28566K, committed 29120K, reserved 1114112K
  class space    used 2973K, committed 3264K, reserved 1048576K
}
Event: 3.962 GC heap before
{Heap before GC invocations=14 (full 0):
 garbage-first heap   total 153600K, used 121920K [0x0000000705e00000, 0x0000000800000000)
  region size 2048K, 35 young (71680K), 2 survivors (4096K)
 Metaspace       used 28729K, committed 29248K, reserved 1114112K
  class space    used 2977K, committed 3264K, reserved 1048576K
}
Event: 3.967 GC heap after
{Heap after GC invocations=15 (full 0):
 garbage-first heap   total 153600K, used 55949K [0x0000000705e00000, 0x0000000800000000)
  region size 2048K, 3 young (6144K), 3 survivors (6144K)
 Metaspace       used 28729K, committed 29248K, reserved 1114112K
  class space    used 2977K, committed 3264K, reserved 1048576K
}
Event: 4.075 GC heap before
{Heap before GC invocations=15 (full 0):
 garbage-first heap   total 153600K, used 123533K [0x0000000705e00000, 0x0000000800000000)
  region size 2048K, 36 young (73728K), 3 survivors (6144K)
 Metaspace       used 28788K, committed 29312K, reserved 1114112K
  class space    used 2977K, committed 3264K, reserved 1048576K
}
Event: 4.079 GC heap after
{Heap after GC invocations=16 (full 0):
 garbage-first heap   total 184320K, used 55615K [0x0000000705e00000, 0x0000000800000000)
  region size 2048K, 2 young (4096K), 2 survivors (4096K)
 Metaspace       used 28788K, committed 29312K, reserved 1114112K
  class space    used 2977K, committed 3264K, reserved 1048576K
}
Event: 5.001 GC heap before
{Heap before GC invocations=16 (full 0):
 garbage-first heap   total 184320K, used 151871K [0x0000000705e00000, 0x0000000800000000)
  region size 2048K, 49 young (100352K), 2 survivors (4096K)
 Metaspace       used 31457K, committed 32000K, reserved 1114112K
  class space    used 3236K, committed 3520K, reserved 1048576K
}
Event: 5.006 GC heap after
{Heap after GC invocations=17 (full 0):
 garbage-first heap   total 184320K, used 57663K [0x0000000705e00000, 0x0000000800000000)
  region size 2048K, 3 young (6144K), 3 survivors (6144K)
 Metaspace       used 31457K, committed 32000K, reserved 1114112K
  class space    used 3236K, committed 3520K, reserved 1048576K
}
Event: 5.517 GC heap before
{Heap before GC invocations=17 (full 0):
 garbage-first heap   total 184320K, used 155967K [0x0000000705e00000, 0x0000000800000000)
  region size 2048K, 49 young (100352K), 3 survivors (6144K)
 Metaspace       used 31775K, committed 32384K, reserved 1114112K
  class space    used 3247K, committed 3520K, reserved 1048576K
}
Event: 5.523 GC heap after
{Heap after GC invocations=18 (full 0):
 garbage-first heap   total 184320K, used 62542K [0x0000000705e00000, 0x0000000800000000)
  region size 2048K, 5 young (10240K), 5 survivors (10240K)
 Metaspace       used 31775K, committed 32384K, reserved 1114112K
  class space    used 3247K, committed 3520K, reserved 1048576K
}
Event: 6.178 GC heap before
{Heap before GC invocations=18 (full 0):
 garbage-first heap   total 184320K, used 150606K [0x0000000705e00000, 0x0000000800000000)
  region size 2048K, 49 young (100352K), 5 survivors (10240K)
 Metaspace       used 34556K, committed 35200K, reserved 1114112K
  class space    used 3558K, committed 3904K, reserved 1048576K
}
Event: 6.183 GC heap after
{Heap after GC invocations=19 (full 0):
 garbage-first heap   total 184320K, used 71383K [0x0000000705e00000, 0x0000000800000000)
  region size 2048K, 7 young (14336K), 7 survivors (14336K)
 Metaspace       used 34556K, committed 35200K, reserved 1114112K
  class space    used 3558K, committed 3904K, reserved 1048576K
}
Event: 6.435 GC heap before
{Heap before GC invocations=19 (full 0):
 garbage-first heap   total 184320K, used 112343K [0x0000000705e00000, 0x0000000800000000)
  region size 2048K, 29 young (59392K), 7 survivors (14336K)
 Metaspace       used 35468K, committed 36096K, reserved 1114112K
  class space    used 3645K, committed 3968K, reserved 1048576K
}
Event: 6.441 GC heap after
{Heap after GC invocations=20 (full 0):
 garbage-first heap   total 184320K, used 70461K [0x0000000705e00000, 0x0000000800000000)
  region size 2048K, 4 young (8192K), 4 survivors (8192K)
 Metaspace       used 35468K, committed 36096K, reserved 1114112K
  class space    used 3645K, committed 3968K, reserved 1048576K
}

