# JRE version: Java(TM) SE Runtime Environment (19.0.2+7) (build 19.0.2+7-44)
# Java VM: Java HotSpot(TM) 64-Bit Server VM (19.0.2+7-44, mixed mode, sharing, tiered, compressed oops, compressed class ptrs, g1 gc, windows-amd64)
GC Precious Log:
 CardTable entry size: 512
 Card Set container configuration: InlinePtr #cards 4 size 8 Array Of Cards #cards 16 size 48 Howl #buckets 8 coarsen threshold 3686 Howl Bitmap #cards 512 size 80 coarsen threshold 460 Card regions per heap region 1 cards per card region 4096
 CPUs: 16 total, 16 available
 Memory: 16005M
 Large Page Support: Disabled
 NUMA Support: Disabled
 Compressed Oops: Enabled (Zero based)
 Heap Region Size: 2M
 Heap Min Capacity: 8M
 Heap Initial Capacity: 252M
 Heap Max Capacity: 4002M
 Pre-touch: Disabled
 Parallel Workers: 13
 Concurrent Workers: 3
 Concurrent Refinement Workers: 13
 Periodic GC: Disabled
Heap:
 garbage-first heap   total 143360K, used 54185K [0x0000000705e00000, 0x0000000800000000)
  region size 2048K, 2 young (4096K), 2 survivors (4096K)
 Metaspace       used 28623K, committed 29184K, reserved 1114112K
  class space    used 2971K, committed 3264K, reserved 1048576K
GC Heap History (20 events):
Event: 2.425 GC heap after
{Heap after GC invocations=6 (full 0):
 garbage-first heap   total 77824K, used 29651K [0x0000000705e00000, 0x0000000800000000)
  region size 2048K, 1 young (2048K), 1 survivors (2048K)
 Metaspace       used 23660K, committed 24064K, reserved 1114112K
  class space    used 2496K, committed 2688K, reserved 1048576K
}
Event: 2.678 GC heap before
{Heap before GC invocations=6 (full 0):
 garbage-first heap   total 77824K, used 54227K [0x0000000705e00000, 0x0000000800000000)
  region size 2048K, 13 young (26624K), 1 survivors (2048K)
 Metaspace       used 24448K, committed 24832K, reserved 1114112K
  class space    used 2578K, committed 2752K, reserved 1048576K
}
Event: 2.682 GC heap after
{Heap after GC invocations=7 (full 0):
 garbage-first heap   total 77824K, used 36864K [0x0000000705e00000, 0x0000000800000000)
  region size 2048K, 2 young (4096K), 2 survivors (4096K)
 Metaspace       used 24448K, committed 24832K, reserved 1114112K
  class space    used 2578K, committed 2752K, reserved 1048576K
}
Event: 2.809 GC heap before
{Heap before GC invocations=7 (full 0):
 garbage-first heap   total 77824K, used 55296K [0x0000000705e00000, 0x0000000800000000)
  region size 2048K, 11 young (22528K), 2 survivors (4096K)
 Metaspace       used 24731K, committed 25088K, reserved 1114112K
  class space    used 2605K, committed 2752K, reserved 1048576K
}
Event: 2.814 GC heap after
{Heap after GC invocations=8 (full 0):
 garbage-first heap   total 77824K, used 41326K [0x0000000705e00000, 0x0000000800000000)
  region size 2048K, 2 young (4096K), 2 survivors (4096K)
 Metaspace       used 24731K, committed 25088K, reserved 1114112K
  class space    used 2605K, committed 2752K, reserved 1048576K
}
Event: 2.870 GC heap before
{Heap before GC invocations=8 (full 0):
 garbage-first heap   total 77824K, used 55662K [0x0000000705e00000, 0x0000000800000000)
  region size 2048K, 9 young (18432K), 2 survivors (4096K)
 Metaspace       used 24954K, committed 25344K, reserved 1114112K
  class space    used 2625K, committed 2816K, reserved 1048576K
}
Event: 2.874 GC heap after
{Heap after GC invocations=9 (full 0):
 garbage-first heap   total 143360K, used 44457K [0x0000000705e00000, 0x0000000800000000)
  region size 2048K, 2 young (4096K), 2 survivors (4096K)
 Metaspace       used 24954K, committed 25344K, reserved 1114112K
  class space    used 2625K, committed 2816K, reserved 1048576K
}
Event: 3.358 GC heap before
{Heap before GC invocations=10 (full 0):
 garbage-first heap   total 143360K, used 99753K [0x0000000705e00000, 0x0000000800000000)
  region size 2048K, 29 young (59392K), 2 survivors (4096K)
 Metaspace       used 26890K, committed 27264K, reserved 1114112K
  class space    used 2804K, committed 3008K, reserved 1048576K
}
Event: 3.365 GC heap after
{Heap after GC invocations=11 (full 0):
 garbage-first heap   total 143360K, used 51834K [0x0000000705e00000, 0x0000000800000000)
  region size 2048K, 4 young (8192K), 4 survivors (8192K)
 Metaspace       used 26890K, committed 27264K, reserved 1114112K
  class space    used 2804K, committed 3008K, reserved 1048576K
}
Event: 3.377 GC heap before
{Heap before GC invocations=11 (full 0):
 garbage-first heap   total 143360K, used 53882K [0x0000000705e00000, 0x0000000800000000)
  region size 2048K, 5 young (10240K), 4 survivors (8192K)
 Metaspace       used 27038K, committed 27392K, reserved 1114112K
  class space    used 2817K, committed 3008K, reserved 1048576K
}
Event: 3.382 GC heap after
{Heap after GC invocations=12 (full 0):
 garbage-first heap   total 143360K, used 51550K [0x0000000705e00000, 0x0000000800000000)
  region size 2048K, 1 young (2048K), 1 survivors (2048K)
 Metaspace       used 27038K, committed 27392K, reserved 1114112K
  class space    used 2817K, committed 3008K, reserved 1048576K
}
Event: 3.647 GC heap before
{Heap before GC invocations=12 (full 0):
 garbage-first heap   total 143360K, used 102750K [0x0000000705e00000, 0x0000000800000000)
  region size 2048K, 27 young (55296K), 1 survivors (2048K)
 Metaspace       used 27635K, committed 28096K, reserved 1114112K
  class space    used 2868K, committed 3136K, reserved 1048576K
}
Event: 3.648 GC heap after
{Heap after GC invocations=13 (full 0):
 garbage-first heap   total 143360K, used 50823K [0x0000000705e00000, 0x0000000800000000)
  region size 2048K, 1 young (2048K), 1 survivors (2048K)
 Metaspace       used 27635K, committed 28096K, reserved 1114112K
  class space    used 2868K, committed 3136K, reserved 1048576K
}
Event: 3.855 GC heap before
{Heap before GC invocations=13 (full 0):
 garbage-first heap   total 143360K, used 106119K [0x0000000705e00000, 0x0000000800000000)
  region size 2048K, 28 young (57344K), 1 survivors (2048K)
 Metaspace       used 28151K, committed 28672K, reserved 1114112K
  class space    used 2947K, committed 3200K, reserved 1048576K
}
Event: 3.856 GC heap after
{Heap after GC invocations=14 (full 0):
 garbage-first heap   total 143360K, used 51000K [0x0000000705e00000, 0x0000000800000000)
  region size 2048K, 1 young (2048K), 1 survivors (2048K)
 Metaspace       used 28151K, committed 28672K, reserved 1114112K
  class space    used 2947K, committed 3200K, reserved 1048576K
}
Event: 3.982 GC heap before
{Heap before GC invocations=14 (full 0):
 garbage-first heap   total 143360K, used 110392K [0x0000000705e00000, 0x0000000800000000)
  region size 2048K, 30 young (61440K), 1 survivors (2048K)
 Metaspace       used 28423K, committed 28992K, reserved 1114112K
  class space    used 2960K, committed 3264K, reserved 1048576K
}
Event: 3.984 GC heap after
{Heap after GC invocations=15 (full 0):
 garbage-first heap   total 143360K, used 52130K [0x0000000705e00000, 0x0000000800000000)
  region size 2048K, 1 young (2048K), 1 survivors (2048K)
 Metaspace       used 28423K, committed 28992K, reserved 1114112K
  class space    used 2960K, committed 3264K, reserved 1048576K
}
Event: 4.066 GC heap before
{Heap before GC invocations=15 (full 0):
 garbage-first heap   total 143360K, used 113570K [0x0000000705e00000, 0x0000000800000000)
  region size 2048K, 31 young (63488K), 1 survivors (2048K)
 Metaspace       used 28549K, committed 29120K, reserved 1114112K
  class space    used 2967K, committed 3264K, reserved 1048576K
}
Event: 4.068 GC heap after
{Heap after GC invocations=16 (full 0):
 garbage-first heap   total 143360K, used 53307K [0x0000000705e00000, 0x0000000800000000)
  region size 2048K, 2 young (4096K), 2 survivors (4096K)
 Metaspace       used 28549K, committed 29120K, reserved 1114112K
  class space    used 2967K, committed 3264K, reserved 1048576K
}
Event: 4.190 GC heap before
{Heap before GC invocations=16 (full 0):
 garbage-first heap   total 143360K, used 114747K [0x0000000705e00000, 0x0000000800000000)
  region size 2048K, 32 young (65536K), 2 survivors (4096K)
 Metaspace       used 28623K, committed 29184K, reserved 1114112K
  class space    used 2971K, committed 3264K, reserved 1048576K
}

