# JRE version: Java(TM) SE Runtime Environment (19.0.2+7) (build 19.0.2+7-44)
# Java VM: Java HotSpot(TM) 64-Bit Server VM (19.0.2+7-44, mixed mode, sharing, tiered, compressed oops, compressed class ptrs, g1 gc, windows-amd64)
GC Precious Log:
 CardTable entry size: 512
 Card Set container configuration: InlinePtr #cards 4 size 8 Array Of Cards #cards 16 size 48 Howl #buckets 8 coarsen threshold 3686 Howl Bitmap #cards 512 size 80 coarsen threshold 460 Card regions per heap region 1 cards per card region 4096
 CPUs: 16 total, 16 available
 Memory: 16005M
 Large Page Support: Disabled
 NUMA Support: Disabled
 Compressed Oops: Enabled (Zero based)
 Heap Region Size: 2M
 Heap Min Capacity: 8M
 Heap Initial Capacity: 252M
 Heap Max Capacity: 4002M
 Pre-touch: Disabled
 Parallel Workers: 13
 Concurrent Workers: 3
 Concurrent Refinement Workers: 13
 Periodic GC: Disabled
Heap:
 garbage-first heap   total 202752K, used 101050K [0x0000000705e00000, 0x0000000800000000)
  region size 2048K, 26 young (53248K), 4 survivors (8192K)
 Metaspace       used 31647K, committed 32192K, reserved 1114112K
  class space    used 3248K, committed 3520K, reserved 1048576K
GC Heap History (20 events):
Event: 2.975 GC heap before
{Heap before GC invocations=7 (full 0):
 garbage-first heap   total 77824K, used 53248K [0x0000000705e00000, 0x0000000800000000)
  region size 2048K, 11 young (22528K), 2 survivors (4096K)
 Metaspace       used 24861K, committed 25216K, reserved 1114112K
  class space    used 2622K, committed 2816K, reserved 1048576K
}
Event: 2.979 GC heap after
{Heap after GC invocations=8 (full 0):
 garbage-first heap   total 137216K, used 41749K [0x0000000705e00000, 0x0000000800000000)
  region size 2048K, 2 young (4096K), 2 survivors (4096K)
 Metaspace       used 24861K, committed 25216K, reserved 1114112K
  class space    used 2622K, committed 2816K, reserved 1048576K
}
Event: 3.291 GC heap before
{Heap before GC invocations=8 (full 0):
 garbage-first heap   total 137216K, used 92949K [0x0000000705e00000, 0x0000000800000000)
  region size 2048K, 26 young (53248K), 2 survivors (4096K)
 Metaspace       used 25808K, committed 26240K, reserved 1114112K
  class space    used 2684K, committed 2944K, reserved 1048576K
}
Event: 3.298 GC heap after
{Heap after GC invocations=9 (full 0):
 garbage-first heap   total 137216K, used 51200K [0x0000000705e00000, 0x0000000800000000)
  region size 2048K, 4 young (8192K), 4 survivors (8192K)
 Metaspace       used 25808K, committed 26240K, reserved 1114112K
  class space    used 2684K, committed 2944K, reserved 1048576K
}
Event: 3.729 GC heap before
{Heap before GC invocations=9 (full 0):
 garbage-first heap   total 137216K, used 94208K [0x0000000705e00000, 0x0000000800000000)
  region size 2048K, 26 young (53248K), 4 survivors (8192K)
 Metaspace       used 27618K, committed 28096K, reserved 1114112K
  class space    used 2877K, committed 3136K, reserved 1048576K
}
Event: 3.734 GC heap after
{Heap after GC invocations=10 (full 0):
 garbage-first heap   total 137216K, used 53670K [0x0000000705e00000, 0x0000000800000000)
  region size 2048K, 1 young (2048K), 1 survivors (2048K)
 Metaspace       used 27618K, committed 28096K, reserved 1114112K
  class space    used 2877K, committed 3136K, reserved 1048576K
}
Event: 3.823 GC heap before
{Heap before GC invocations=10 (full 0):
 garbage-first heap   total 137216K, used 96678K [0x0000000705e00000, 0x0000000800000000)
  region size 2048K, 23 young (47104K), 1 survivors (2048K)
 Metaspace       used 27735K, committed 28224K, reserved 1114112K
  class space    used 2883K, committed 3136K, reserved 1048576K
}
Event: 3.824 GC heap after
{Heap after GC invocations=11 (full 0):
 garbage-first heap   total 137216K, used 53002K [0x0000000705e00000, 0x0000000800000000)
  region size 2048K, 1 young (2048K), 1 survivors (2048K)
 Metaspace       used 27735K, committed 28224K, reserved 1114112K
  class space    used 2883K, committed 3136K, reserved 1048576K
}
Event: 4.028 GC heap before
{Heap before GC invocations=11 (full 0):
 garbage-first heap   total 137216K, used 98058K [0x0000000705e00000, 0x0000000800000000)
  region size 2048K, 24 young (49152K), 1 survivors (2048K)
 Metaspace       used 28259K, committed 28736K, reserved 1114112K
  class space    used 2958K, committed 3200K, reserved 1048576K
}
Event: 4.029 GC heap after
{Heap after GC invocations=12 (full 0):
 garbage-first heap   total 165888K, used 53099K [0x0000000705e00000, 0x0000000800000000)
  region size 2048K, 1 young (2048K), 1 survivors (2048K)
 Metaspace       used 28259K, committed 28736K, reserved 1114112K
  class space    used 2958K, committed 3200K, reserved 1048576K
}
Event: 4.183 GC heap before
{Heap before GC invocations=12 (full 0):
 garbage-first heap   total 165888K, used 122731K [0x0000000705e00000, 0x0000000800000000)
  region size 2048K, 35 young (71680K), 1 survivors (2048K)
 Metaspace       used 28577K, committed 29120K, reserved 1114112K
  class space    used 2974K, committed 3264K, reserved 1048576K
}
Event: 4.186 GC heap after
{Heap after GC invocations=13 (full 0):
 garbage-first heap   total 165888K, used 54491K [0x0000000705e00000, 0x0000000800000000)
  region size 2048K, 2 young (4096K), 2 survivors (4096K)
 Metaspace       used 28577K, committed 29120K, reserved 1114112K
  class space    used 2974K, committed 3264K, reserved 1048576K
}
Event: 4.275 GC heap before
{Heap before GC invocations=13 (full 0):
 garbage-first heap   total 165888K, used 126171K [0x0000000705e00000, 0x0000000800000000)
  region size 2048K, 37 young (75776K), 2 survivors (4096K)
 Metaspace       used 28616K, committed 29120K, reserved 1114112K
  class space    used 2977K, committed 3264K, reserved 1048576K
}
Event: 4.278 GC heap after
{Heap after GC invocations=14 (full 0):
 garbage-first heap   total 165888K, used 54946K [0x0000000705e00000, 0x0000000800000000)
  region size 2048K, 2 young (4096K), 2 survivors (4096K)
 Metaspace       used 28616K, committed 29120K, reserved 1114112K
  class space    used 2977K, committed 3264K, reserved 1048576K
}
Event: 4.435 GC heap before
{Heap before GC invocations=14 (full 0):
 garbage-first heap   total 165888K, used 128674K [0x0000000705e00000, 0x0000000800000000)
  region size 2048K, 38 young (77824K), 2 survivors (4096K)
 Metaspace       used 28785K, committed 29312K, reserved 1114112K
  class space    used 2979K, committed 3264K, reserved 1048576K
}
Event: 4.440 GC heap after
{Heap after GC invocations=15 (full 0):
 garbage-first heap   total 165888K, used 56274K [0x0000000705e00000, 0x0000000800000000)
  region size 2048K, 3 young (6144K), 3 survivors (6144K)
 Metaspace       used 28785K, committed 29312K, reserved 1114112K
  class space    used 2979K, committed 3264K, reserved 1048576K
}
Event: 4.552 GC heap before
{Heap before GC invocations=15 (full 0):
 garbage-first heap   total 165888K, used 132050K [0x0000000705e00000, 0x0000000800000000)
  region size 2048K, 40 young (81920K), 3 survivors (6144K)
 Metaspace       used 28841K, committed 29440K, reserved 1114112K
  class space    used 2979K, committed 3264K, reserved 1048576K
}
Event: 4.556 GC heap after
{Heap after GC invocations=16 (full 0):
 garbage-first heap   total 165888K, used 56231K [0x0000000705e00000, 0x0000000800000000)
  region size 2048K, 3 young (6144K), 3 survivors (6144K)
 Metaspace       used 28841K, committed 29440K, reserved 1114112K
  class space    used 2979K, committed 3264K, reserved 1048576K
}
Event: 5.434 GC heap before
{Heap before GC invocations=16 (full 0):
 garbage-first heap   total 165888K, used 132007K [0x0000000705e00000, 0x0000000800000000)
  region size 2048K, 40 young (81920K), 3 survivors (6144K)
 Metaspace       used 31501K, committed 32064K, reserved 1114112K
  class space    used 3242K, committed 3520K, reserved 1048576K
}
Event: 5.441 GC heap after
{Heap after GC invocations=17 (full 0):
 garbage-first heap   total 202752K, used 58042K [0x0000000705e00000, 0x0000000800000000)
  region size 2048K, 4 young (8192K), 4 survivors (8192K)
 Metaspace       used 31501K, committed 32064K, reserved 1114112K
  class space    used 3242K, committed 3520K, reserved 1048576K
}

