# JRE version: Java(TM) SE Runtime Environment (19.0.2+7) (build 19.0.2+7-44)
# Java VM: Java HotSpot(TM) 64-Bit Server VM (19.0.2+7-44, mixed mode, sharing, tiered, compressed oops, compressed class ptrs, g1 gc, windows-amd64)
GC Precious Log:
 CardTable entry size: 512
 Card Set container configuration: InlinePtr #cards 4 size 8 Array Of Cards #cards 16 size 48 Howl #buckets 8 coarsen threshold 3686 Howl Bitmap #cards 512 size 80 coarsen threshold 460 Card regions per heap region 1 cards per card region 4096
 CPUs: 16 total, 16 available
 Memory: 16005M
 Large Page Support: Disabled
 NUMA Support: Disabled
 Compressed Oops: Enabled (Zero based)
 Heap Region Size: 2M
 Heap Min Capacity: 8M
 Heap Initial Capacity: 252M
 Heap Max Capacity: 4002M
 Pre-touch: Disabled
 Parallel Workers: 13
 Concurrent Workers: 3
 Concurrent Refinement Workers: 13
 Periodic GC: Disabled
Heap:
 garbage-first heap   total 204800K, used 106250K [0x0000000705e00000, 0x0000000800000000)
  region size 2048K, 28 young (57344K), 6 survivors (12288K)
 Metaspace       used 36330K, committed 36992K, reserved 1114112K
  class space    used 3744K, committed 4096K, reserved 1048576K
GC Heap History (20 events):
Event: 4.623 GC heap before
{Heap before GC invocations=11 (full 0):
 garbage-first heap   total 141312K, used 50822K [0x0000000705e00000, 0x0000000800000000)
  region size 2048K, 4 young (8192K), 3 survivors (6144K)
 Metaspace       used 26110K, committed 26560K, reserved 1114112K
  class space    used 2705K, committed 2944K, reserved 1048576K
}
Event: 4.628 GC heap after
{Heap after GC invocations=12 (full 0):
 garbage-first heap   total 141312K, used 49313K [0x0000000705e00000, 0x0000000800000000)
  region size 2048K, 1 young (2048K), 1 survivors (2048K)
 Metaspace       used 26110K, committed 26560K, reserved 1114112K
  class space    used 2705K, committed 2944K, reserved 1048576K
}
Event: 4.994 GC heap before
{Heap before GC invocations=12 (full 0):
 garbage-first heap   total 141312K, used 90273K [0x0000000705e00000, 0x0000000800000000)
  region size 2048K, 22 young (45056K), 1 survivors (2048K)
 Metaspace       used 27507K, committed 27904K, reserved 1114112K
  class space    used 2863K, committed 3072K, reserved 1048576K
}
Event: 4.995 GC heap after
{Heap after GC invocations=13 (full 0):
 garbage-first heap   total 141312K, used 49192K [0x0000000705e00000, 0x0000000800000000)
  region size 2048K, 1 young (2048K), 1 survivors (2048K)
 Metaspace       used 27507K, committed 27904K, reserved 1114112K
  class space    used 2863K, committed 3072K, reserved 1048576K
}
Event: 5.093 GC heap before
{Heap before GC invocations=13 (full 0):
 garbage-first heap   total 141312K, used 96296K [0x0000000705e00000, 0x0000000800000000)
  region size 2048K, 24 young (49152K), 1 survivors (2048K)
 Metaspace       used 27601K, committed 28096K, reserved 1114112K
  class space    used 2870K, committed 3136K, reserved 1048576K
}
Event: 5.094 GC heap after
{Heap after GC invocations=14 (full 0):
 garbage-first heap   total 141312K, used 49007K [0x0000000705e00000, 0x0000000800000000)
  region size 2048K, 1 young (2048K), 1 survivors (2048K)
 Metaspace       used 27601K, committed 28096K, reserved 1114112K
  class space    used 2870K, committed 3136K, reserved 1048576K
}
Event: 5.357 GC heap before
{Heap before GC invocations=14 (full 0):
 garbage-first heap   total 141312K, used 98159K [0x0000000705e00000, 0x0000000800000000)
  region size 2048K, 26 young (53248K), 1 survivors (2048K)
 Metaspace       used 28303K, committed 28800K, reserved 1114112K
  class space    used 2957K, committed 3200K, reserved 1048576K
}
Event: 5.359 GC heap after
{Heap after GC invocations=15 (full 0):
 garbage-first heap   total 141312K, used 49804K [0x0000000705e00000, 0x0000000800000000)
  region size 2048K, 1 young (2048K), 1 survivors (2048K)
 Metaspace       used 28303K, committed 28800K, reserved 1114112K
  class space    used 2957K, committed 3200K, reserved 1048576K
}
Event: 5.479 GC heap before
{Heap before GC invocations=15 (full 0):
 garbage-first heap   total 141312K, used 105100K [0x0000000705e00000, 0x0000000800000000)
  region size 2048K, 28 young (57344K), 1 survivors (2048K)
 Metaspace       used 28481K, committed 29056K, reserved 1114112K
  class space    used 2962K, committed 3264K, reserved 1048576K
}
Event: 5.482 GC heap after
{Heap after GC invocations=16 (full 0):
 garbage-first heap   total 141312K, used 50985K [0x0000000705e00000, 0x0000000800000000)
  region size 2048K, 2 young (4096K), 2 survivors (4096K)
 Metaspace       used 28481K, committed 29056K, reserved 1114112K
  class space    used 2962K, committed 3264K, reserved 1048576K
}
Event: 5.584 GC heap before
{Heap before GC invocations=16 (full 0):
 garbage-first heap   total 141312K, used 108329K [0x0000000705e00000, 0x0000000800000000)
  region size 2048K, 30 young (61440K), 2 survivors (4096K)
 Metaspace       used 28544K, committed 29056K, reserved 1114112K
  class space    used 2966K, committed 3264K, reserved 1048576K
}
Event: 5.588 GC heap after
{Heap after GC invocations=17 (full 0):
 garbage-first heap   total 141312K, used 51804K [0x0000000705e00000, 0x0000000800000000)
  region size 2048K, 2 young (4096K), 2 survivors (4096K)
 Metaspace       used 28544K, committed 29056K, reserved 1114112K
  class space    used 2966K, committed 3264K, reserved 1048576K
}
Event: 5.711 GC heap before
{Heap before GC invocations=17 (full 0):
 garbage-first heap   total 141312K, used 111196K [0x0000000705e00000, 0x0000000800000000)
  region size 2048K, 31 young (63488K), 2 survivors (4096K)
 Metaspace       used 28668K, committed 29184K, reserved 1114112K
  class space    used 2966K, committed 3264K, reserved 1048576K
}
Event: 5.716 GC heap after
{Heap after GC invocations=18 (full 0):
 garbage-first heap   total 204800K, used 52380K [0x0000000705e00000, 0x0000000800000000)
  region size 2048K, 2 young (4096K), 2 survivors (4096K)
 Metaspace       used 28668K, committed 29184K, reserved 1114112K
  class space    used 2966K, committed 3264K, reserved 1048576K
}
Event: 6.615 GC heap before
{Heap before GC invocations=18 (full 0):
 garbage-first heap   total 204800K, used 160924K [0x0000000705e00000, 0x0000000800000000)
  region size 2048K, 55 young (112640K), 2 survivors (4096K)
 Metaspace       used 31241K, committed 31808K, reserved 1114112K
  class space    used 3211K, committed 3520K, reserved 1048576K
}
Event: 6.620 GC heap after
{Heap after GC invocations=19 (full 0):
 garbage-first heap   total 204800K, used 53668K [0x0000000705e00000, 0x0000000800000000)
  region size 2048K, 3 young (6144K), 3 survivors (6144K)
 Metaspace       used 31241K, committed 31808K, reserved 1114112K
  class space    used 3211K, committed 3520K, reserved 1048576K
}
Event: 7.347 GC heap before
{Heap before GC invocations=19 (full 0):
 garbage-first heap   total 204800K, used 168356K [0x0000000705e00000, 0x0000000800000000)
  region size 2048K, 57 young (116736K), 3 survivors (6144K)
 Metaspace       used 31758K, committed 32320K, reserved 1114112K
  class space    used 3242K, committed 3520K, reserved 1048576K
}
Event: 7.356 GC heap after
{Heap after GC invocations=20 (full 0):
 garbage-first heap   total 204800K, used 59381K [0x0000000705e00000, 0x0000000800000000)
  region size 2048K, 5 young (10240K), 5 survivors (10240K)
 Metaspace       used 31758K, committed 32320K, reserved 1114112K
  class space    used 3242K, committed 3520K, reserved 1048576K
}
Event: 8.129 GC heap before
{Heap before GC invocations=20 (full 0):
 garbage-first heap   total 204800K, used 163829K [0x0000000705e00000, 0x0000000800000000)
  region size 2048K, 57 young (116736K), 5 survivors (10240K)
 Metaspace       used 34875K, committed 35520K, reserved 1114112K
  class space    used 3576K, committed 3904K, reserved 1048576K
}
Event: 8.138 GC heap after
{Heap after GC invocations=21 (full 0):
 garbage-first heap   total 204800K, used 63242K [0x0000000705e00000, 0x0000000800000000)
  region size 2048K, 6 young (12288K), 6 survivors (12288K)
 Metaspace       used 34875K, committed 35520K, reserved 1114112K
  class space    used 3576K, committed 3904K, reserved 1048576K
}

