# JRE version: Java(TM) SE Runtime Environment (19.0.2+7) (build 19.0.2+7-44)
# Java VM: Java HotSpot(TM) 64-Bit Server VM (19.0.2+7-44, mixed mode, sharing, tiered, compressed oops, compressed class ptrs, g1 gc, windows-amd64)
GC Precious Log:
 CardTable entry size: 512
 Card Set container configuration: InlinePtr #cards 4 size 8 Array Of Cards #cards 16 size 48 Howl #buckets 8 coarsen threshold 3686 Howl Bitmap #cards 512 size 80 coarsen threshold 460 Card regions per heap region 1 cards per card region 4096
 CPUs: 16 total, 16 available
 Memory: 16004M
 Large Page Support: Disabled
 NUMA Support: Disabled
 Compressed Oops: Enabled (Zero based)
 Heap Region Size: 2M
 Heap Min Capacity: 8M
 Heap Initial Capacity: 252M
 Heap Max Capacity: 4002M
 Pre-touch: Disabled
 Parallel Workers: 13
 Concurrent Workers: 3
 Concurrent Refinement Workers: 13
 Periodic GC: Disabled
Heap:
 garbage-first heap   total 155648K, used 82219K [0x0000000705e00000, 0x0000000800000000)
  region size 2048K, 17 young (34816K), 1 survivors (2048K)
 Metaspace       used 27731K, committed 28224K, reserved 1114112K
  class space    used 2888K, committed 3136K, reserved 1048576K
GC Heap History (20 events):
Event: 1.969 GC heap before
{Heap before GC invocations=2 (full 0):
 garbage-first heap   total 258048K, used 138916K [0x0000000705e00000, 0x0000000800000000)
  region size 2048K, 69 young (141312K), 2 survivors (4096K)
 Metaspace       used 21150K, committed 21504K, reserved 1114112K
  class space    used 2284K, committed 2496K, reserved 1048576K
}
Event: 1.976 GC heap after
{Heap after GC invocations=3 (full 0):
 garbage-first heap   total 258048K, used 15706K [0x0000000705e00000, 0x0000000800000000)
  region size 2048K, 6 young (12288K), 6 survivors (12288K)
 Metaspace       used 21150K, committed 21504K, reserved 1114112K
  class space    used 2284K, committed 2496K, reserved 1048576K
}
Event: 2.350 GC heap before
{Heap before GC invocations=4 (full 0):
 garbage-first heap   total 61440K, used 56666K [0x0000000705e00000, 0x0000000800000000)
  region size 2048K, 26 young (53248K), 6 survivors (12288K)
 Metaspace       used 23964K, committed 24384K, reserved 1114112K
  class space    used 2545K, committed 2752K, reserved 1048576K
}
Event: 2.361 GC heap after
{Heap after GC invocations=5 (full 0):
 garbage-first heap   total 83968K, used 28446K [0x0000000705e00000, 0x0000000800000000)
  region size 2048K, 4 young (8192K), 4 survivors (8192K)
 Metaspace       used 23964K, committed 24384K, reserved 1114112K
  class space    used 2545K, committed 2752K, reserved 1048576K
}
Event: 2.406 GC heap before
{Heap before GC invocations=5 (full 0):
 garbage-first heap   total 83968K, used 30494K [0x0000000705e00000, 0x0000000800000000)
  region size 2048K, 5 young (10240K), 4 survivors (8192K)
 Metaspace       used 24394K, committed 24704K, reserved 1114112K
  class space    used 2586K, committed 2752K, reserved 1048576K
}
Event: 2.409 GC heap after
{Heap after GC invocations=6 (full 0):
 garbage-first heap   total 83968K, used 30692K [0x0000000705e00000, 0x0000000800000000)
  region size 2048K, 1 young (2048K), 1 survivors (2048K)
 Metaspace       used 24394K, committed 24704K, reserved 1114112K
  class space    used 2586K, committed 2752K, reserved 1048576K
}
Event: 2.541 GC heap before
{Heap before GC invocations=6 (full 0):
 garbage-first heap   total 83968K, used 55268K [0x0000000705e00000, 0x0000000800000000)
  region size 2048K, 14 young (28672K), 1 survivors (2048K)
 Metaspace       used 24482K, committed 24832K, reserved 1114112K
  class space    used 2588K, committed 2752K, reserved 1048576K
}
Event: 2.544 GC heap after
{Heap after GC invocations=7 (full 0):
 garbage-first heap   total 83968K, used 38912K [0x0000000705e00000, 0x0000000800000000)
  region size 2048K, 2 young (4096K), 2 survivors (4096K)
 Metaspace       used 24482K, committed 24832K, reserved 1114112K
  class space    used 2588K, committed 2752K, reserved 1048576K
}
Event: 2.677 GC heap before
{Heap before GC invocations=7 (full 0):
 garbage-first heap   total 83968K, used 59392K [0x0000000705e00000, 0x0000000800000000)
  region size 2048K, 12 young (24576K), 2 survivors (4096K)
 Metaspace       used 24912K, committed 25344K, reserved 1114112K
  class space    used 2629K, committed 2880K, reserved 1048576K
}
Event: 2.681 GC heap after
{Heap after GC invocations=8 (full 0):
 garbage-first heap   total 114688K, used 43319K [0x0000000705e00000, 0x0000000800000000)
  region size 2048K, 2 young (4096K), 2 survivors (4096K)
 Metaspace       used 24912K, committed 25344K, reserved 1114112K
  class space    used 2629K, committed 2880K, reserved 1048576K
}
Event: 2.840 GC heap before
{Heap before GC invocations=8 (full 0):
 garbage-first heap   total 114688K, used 80183K [0x0000000705e00000, 0x0000000800000000)
  region size 2048K, 19 young (38912K), 2 survivors (4096K)
 Metaspace       used 25381K, committed 25792K, reserved 1114112K
  class space    used 2655K, committed 2880K, reserved 1048576K
}
Event: 2.849 GC heap after
{Heap after GC invocations=9 (full 0):
 garbage-first heap   total 114688K, used 51479K [0x0000000705e00000, 0x0000000800000000)
  region size 2048K, 3 young (6144K), 3 survivors (6144K)
 Metaspace       used 25381K, committed 25792K, reserved 1114112K
  class space    used 2655K, committed 2880K, reserved 1048576K
}
Event: 3.181 GC heap before
{Heap before GC invocations=9 (full 0):
 garbage-first heap   total 114688K, used 80151K [0x0000000705e00000, 0x0000000800000000)
  region size 2048K, 18 young (36864K), 3 survivors (6144K)
 Metaspace       used 27025K, committed 27520K, reserved 1114112K
  class space    used 2822K, committed 3072K, reserved 1048576K
}
Event: 3.187 GC heap after
{Heap after GC invocations=10 (full 0):
 garbage-first heap   total 114688K, used 54105K [0x0000000705e00000, 0x0000000800000000)
  region size 2048K, 2 young (4096K), 2 survivors (4096K)
 Metaspace       used 27025K, committed 27520K, reserved 1114112K
  class space    used 2822K, committed 3072K, reserved 1048576K
}
Event: 3.435 GC heap before
{Heap before GC invocations=10 (full 0):
 garbage-first heap   total 114688K, used 82777K [0x0000000705e00000, 0x0000000800000000)
  region size 2048K, 17 young (34816K), 2 survivors (4096K)
 Metaspace       used 27606K, committed 28160K, reserved 1114112K
  class space    used 2877K, committed 3136K, reserved 1048576K
}
Event: 3.439 GC heap after
{Heap after GC invocations=11 (full 0):
 garbage-first heap   total 114688K, used 54138K [0x0000000705e00000, 0x0000000800000000)
  region size 2048K, 2 young (4096K), 2 survivors (4096K)
 Metaspace       used 27606K, committed 28160K, reserved 1114112K
  class space    used 2877K, committed 3136K, reserved 1048576K
}
Event: 3.523 GC heap before
{Heap before GC invocations=12 (full 0):
 garbage-first heap   total 114688K, used 86906K [0x0000000705e00000, 0x0000000800000000)
  region size 2048K, 18 young (36864K), 2 survivors (4096K)
 Metaspace       used 27691K, committed 28224K, reserved 1114112K
  class space    used 2883K, committed 3136K, reserved 1048576K
}
Event: 3.525 GC heap after
{Heap after GC invocations=13 (full 0):
 garbage-first heap   total 114688K, used 53836K [0x0000000705e00000, 0x0000000800000000)
  region size 2048K, 2 young (4096K), 2 survivors (4096K)
 Metaspace       used 27691K, committed 28224K, reserved 1114112K
  class space    used 2883K, committed 3136K, reserved 1048576K
}
Event: 3.528 GC heap before
{Heap before GC invocations=13 (full 0):
 garbage-first heap   total 114688K, used 55884K [0x0000000705e00000, 0x0000000800000000)
  region size 2048K, 3 young (6144K), 2 survivors (4096K)
 Metaspace       used 27694K, committed 28224K, reserved 1114112K
  class space    used 2883K, committed 3136K, reserved 1048576K
}
Event: 3.533 GC heap after
{Heap after GC invocations=14 (full 0):
 garbage-first heap   total 155648K, used 53547K [0x0000000705e00000, 0x0000000800000000)
  region size 2048K, 1 young (2048K), 1 survivors (2048K)
 Metaspace       used 27694K, committed 28224K, reserved 1114112K
  class space    used 2883K, committed 3136K, reserved 1048576K
}

