# JRE version: Java(TM) SE Runtime Environment (19.0.2+7) (build 19.0.2+7-44)
# Java VM: Java HotSpot(TM) 64-Bit Server VM (19.0.2+7-44, mixed mode, sharing, tiered, compressed oops, compressed class ptrs, g1 gc, windows-amd64)
GC Precious Log:
 CardTable entry size: 512
 Card Set container configuration: InlinePtr #cards 4 size 8 Array Of Cards #cards 16 size 48 Howl #buckets 8 coarsen threshold 3686 Howl Bitmap #cards 512 size 80 coarsen threshold 460 Card regions per heap region 1 cards per card region 4096
 CPUs: 16 total, 16 available
 Memory: 16004M
 Large Page Support: Disabled
 NUMA Support: Disabled
 Compressed Oops: Enabled (Zero based)
 Heap Region Size: 2M
 Heap Min Capacity: 8M
 Heap Initial Capacity: 252M
 Heap Max Capacity: 4002M
 Pre-touch: Disabled
 Parallel Workers: 13
 Concurrent Workers: 3
 Concurrent Refinement Workers: 13
 Periodic GC: Disabled
Heap:
 garbage-first heap   total 227328K, used 81058K [0x0000000705e00000, 0x0000000800000000)
  region size 2048K, 8 young (16384K), 4 survivors (8192K)
 Metaspace       used 34491K, committed 35136K, reserved 1114112K
  class space    used 3510K, committed 3840K, reserved 1048576K
GC Heap History (20 events):
Event: 3.337 GC heap before
{Heap before GC invocations=9 (full 0):
 garbage-first heap   total 147456K, used 101710K [0x0000000705e00000, 0x0000000800000000)
  region size 2048K, 28 young (57344K), 2 survivors (4096K)
 Metaspace       used 27392K, committed 27840K, reserved 1114112K
  class space    used 2864K, committed 3072K, reserved 1048576K
}
Event: 3.342 GC heap after
{Heap after GC invocations=10 (full 0):
 garbage-first heap   total 147456K, used 53709K [0x0000000705e00000, 0x0000000800000000)
  region size 2048K, 4 young (8192K), 4 survivors (8192K)
 Metaspace       used 27392K, committed 27840K, reserved 1114112K
  class space    used 2864K, committed 3072K, reserved 1048576K
}
Event: 3.490 GC heap before
{Heap before GC invocations=10 (full 0):
 garbage-first heap   total 147456K, used 104909K [0x0000000705e00000, 0x0000000800000000)
  region size 2048K, 29 young (59392K), 4 survivors (8192K)
 Metaspace       used 27586K, committed 28096K, reserved 1114112K
  class space    used 2876K, committed 3136K, reserved 1048576K
}
Event: 3.495 GC heap after
{Heap after GC invocations=11 (full 0):
 garbage-first heap   total 147456K, used 54032K [0x0000000705e00000, 0x0000000800000000)
  region size 2048K, 2 young (4096K), 2 survivors (4096K)
 Metaspace       used 27586K, committed 28096K, reserved 1114112K
  class space    used 2876K, committed 3136K, reserved 1048576K
}
Event: 3.678 GC heap before
{Heap before GC invocations=11 (full 0):
 garbage-first heap   total 147456K, used 109328K [0x0000000705e00000, 0x0000000800000000)
  region size 2048K, 29 young (59392K), 2 survivors (4096K)
 Metaspace       used 28115K, committed 28672K, reserved 1114112K
  class space    used 2948K, committed 3200K, reserved 1048576K
}
Event: 3.681 GC heap after
{Heap after GC invocations=12 (full 0):
 garbage-first heap   total 147456K, used 54372K [0x0000000705e00000, 0x0000000800000000)
  region size 2048K, 3 young (6144K), 3 survivors (6144K)
 Metaspace       used 28115K, committed 28672K, reserved 1114112K
  class space    used 2948K, committed 3200K, reserved 1048576K
}
Event: 3.795 GC heap before
{Heap before GC invocations=12 (full 0):
 garbage-first heap   total 147456K, used 111716K [0x0000000705e00000, 0x0000000800000000)
  region size 2048K, 31 young (63488K), 3 survivors (6144K)
 Metaspace       used 28386K, committed 28992K, reserved 1114112K
  class space    used 2965K, committed 3264K, reserved 1048576K
}
Event: 3.800 GC heap after
{Heap after GC invocations=13 (full 0):
 garbage-first heap   total 180224K, used 55410K [0x0000000705e00000, 0x0000000800000000)
  region size 2048K, 3 young (6144K), 3 survivors (6144K)
 Metaspace       used 28386K, committed 28992K, reserved 1114112K
  class space    used 2965K, committed 3264K, reserved 1048576K
}
Event: 3.927 GC heap before
{Heap before GC invocations=13 (full 0):
 garbage-first heap   total 180224K, used 139378K [0x0000000705e00000, 0x0000000800000000)
  region size 2048K, 44 young (90112K), 3 survivors (6144K)
 Metaspace       used 28492K, committed 29056K, reserved 1114112K
  class space    used 2971K, committed 3264K, reserved 1048576K
}
Event: 3.931 GC heap after
{Heap after GC invocations=14 (full 0):
 garbage-first heap   total 180224K, used 56008K [0x0000000705e00000, 0x0000000800000000)
  region size 2048K, 3 young (6144K), 3 survivors (6144K)
 Metaspace       used 28492K, committed 29056K, reserved 1114112K
  class space    used 2971K, committed 3264K, reserved 1048576K
}
Event: 4.099 GC heap before
{Heap before GC invocations=14 (full 0):
 garbage-first heap   total 180224K, used 144072K [0x0000000705e00000, 0x0000000800000000)
  region size 2048K, 46 young (94208K), 3 survivors (6144K)
 Metaspace       used 28637K, committed 29184K, reserved 1114112K
  class space    used 2971K, committed 3264K, reserved 1048576K
}
Event: 4.105 GC heap after
{Heap after GC invocations=15 (full 0):
 garbage-first heap   total 180224K, used 57218K [0x0000000705e00000, 0x0000000800000000)
  region size 2048K, 4 young (8192K), 4 survivors (8192K)
 Metaspace       used 28637K, committed 29184K, reserved 1114112K
  class space    used 2971K, committed 3264K, reserved 1048576K
}
Event: 4.672 GC heap before
{Heap before GC invocations=15 (full 0):
 garbage-first heap   total 180224K, used 145282K [0x0000000705e00000, 0x0000000800000000)
  region size 2048K, 47 young (96256K), 4 survivors (8192K)
 Metaspace       used 30774K, committed 31360K, reserved 1114112K
  class space    used 3209K, committed 3520K, reserved 1048576K
}
Event: 4.678 GC heap after
{Heap after GC invocations=16 (full 0):
 garbage-first heap   total 180224K, used 58684K [0x0000000705e00000, 0x0000000800000000)
  region size 2048K, 3 young (6144K), 3 survivors (6144K)
 Metaspace       used 30774K, committed 31360K, reserved 1114112K
  class space    used 3209K, committed 3520K, reserved 1048576K
}
Event: 5.215 GC heap before
{Heap before GC invocations=16 (full 0):
 garbage-first heap   total 180224K, used 146748K [0x0000000705e00000, 0x0000000800000000)
  region size 2048K, 46 young (94208K), 3 survivors (6144K)
 Metaspace       used 31509K, committed 32064K, reserved 1114112K
  class space    used 3237K, committed 3520K, reserved 1048576K
}
Event: 5.220 GC heap after
{Heap after GC invocations=17 (full 0):
 garbage-first heap   total 227328K, used 60190K [0x0000000705e00000, 0x0000000800000000)
  region size 2048K, 4 young (8192K), 4 survivors (8192K)
 Metaspace       used 31509K, committed 32064K, reserved 1114112K
  class space    used 3237K, committed 3520K, reserved 1048576K
}
Event: 5.837 GC heap before
{Heap before GC invocations=17 (full 0):
 garbage-first heap   total 227328K, used 187166K [0x0000000705e00000, 0x0000000800000000)
  region size 2048K, 64 young (131072K), 4 survivors (8192K)
 Metaspace       used 31914K, committed 32512K, reserved 1114112K
  class space    used 3254K, committed 3520K, reserved 1048576K
}
Event: 5.844 GC heap after
{Heap after GC invocations=18 (full 0):
 garbage-first heap   total 227328K, used 73555K [0x0000000705e00000, 0x0000000800000000)
  region size 2048K, 8 young (16384K), 8 survivors (16384K)
 Metaspace       used 31914K, committed 32512K, reserved 1114112K
  class space    used 3254K, committed 3520K, reserved 1048576K
}
Event: 6.484 GC heap before
{Heap before GC invocations=18 (full 0):
 garbage-first heap   total 227328K, used 180051K [0x0000000705e00000, 0x0000000800000000)
  region size 2048K, 60 young (122880K), 8 survivors (16384K)
 Metaspace       used 33522K, committed 34112K, reserved 1114112K
  class space    used 3417K, committed 3712K, reserved 1048576K
}
Event: 6.490 GC heap after
{Heap after GC invocations=19 (full 0):
 garbage-first heap   total 227328K, used 74914K [0x0000000705e00000, 0x0000000800000000)
  region size 2048K, 4 young (8192K), 4 survivors (8192K)
 Metaspace       used 33522K, committed 34112K, reserved 1114112K
  class space    used 3417K, committed 3712K, reserved 1048576K
}

