# JRE version: Java(TM) SE Runtime Environment (19.0.2+7) (build 19.0.2+7-44)
# Java VM: Java HotSpot(TM) 64-Bit Server VM (19.0.2+7-44, mixed mode, sharing, tiered, compressed oops, compressed class ptrs, g1 gc, windows-amd64)
GC Precious Log:
 CardTable entry size: 512
 Card Set container configuration: InlinePtr #cards 4 size 8 Array Of Cards #cards 16 size 48 Howl #buckets 8 coarsen threshold 3686 Howl Bitmap #cards 512 size 80 coarsen threshold 460 Card regions per heap region 1 cards per card region 4096
 CPUs: 16 total, 16 available
 Memory: 16005M
 Large Page Support: Disabled
 NUMA Support: Disabled
 Compressed Oops: Enabled (Zero based)
 Heap Region Size: 2M
 Heap Min Capacity: 8M
 Heap Initial Capacity: 252M
 Heap Max Capacity: 4002M
 Pre-touch: Disabled
 Parallel Workers: 13
 Concurrent Workers: 3
 Concurrent Refinement Workers: 13
 Periodic GC: Disabled
Heap:
 garbage-first heap   total 149504K, used 71119K [0x0000000705e00000, 0x0000000800000000)
  region size 2048K, 12 young (24576K), 1 survivors (2048K)
 Metaspace       used 27804K, committed 28288K, reserved 1114112K
  class space    used 2894K, committed 3136K, reserved 1048576K
GC Heap History (20 events):
Event: 2.259 GC heap before
{Heap before GC invocations=2 (full 0):
 garbage-first heap   total 258048K, used 138882K [0x0000000705e00000, 0x0000000800000000)
  region size 2048K, 69 young (141312K), 2 survivors (4096K)
 Metaspace       used 21168K, committed 21504K, reserved 1114112K
  class space    used 2279K, committed 2496K, reserved 1048576K
}
Event: 2.268 GC heap after
{Heap after GC invocations=3 (full 0):
 garbage-first heap   total 258048K, used 15641K [0x0000000705e00000, 0x0000000800000000)
  region size 2048K, 6 young (12288K), 6 survivors (12288K)
 Metaspace       used 21168K, committed 21504K, reserved 1114112K
  class space    used 2279K, committed 2496K, reserved 1048576K
}
Event: 2.618 GC heap before
{Heap before GC invocations=4 (full 0):
 garbage-first heap   total 61440K, used 54553K [0x0000000705e00000, 0x0000000800000000)
  region size 2048K, 25 young (51200K), 6 survivors (12288K)
 Metaspace       used 23982K, committed 24384K, reserved 1114112K
  class space    used 2542K, committed 2752K, reserved 1048576K
}
Event: 2.628 GC heap after
{Heap after GC invocations=5 (full 0):
 garbage-first heap   total 81920K, used 28165K [0x0000000705e00000, 0x0000000800000000)
  region size 2048K, 4 young (8192K), 4 survivors (8192K)
 Metaspace       used 23982K, committed 24384K, reserved 1114112K
  class space    used 2542K, committed 2752K, reserved 1048576K
}
Event: 2.674 GC heap before
{Heap before GC invocations=5 (full 0):
 garbage-first heap   total 81920K, used 30213K [0x0000000705e00000, 0x0000000800000000)
  region size 2048K, 5 young (10240K), 4 survivors (8192K)
 Metaspace       used 24413K, committed 24768K, reserved 1114112K
  class space    used 2585K, committed 2752K, reserved 1048576K
}
Event: 2.677 GC heap after
{Heap after GC invocations=6 (full 0):
 garbage-first heap   total 81920K, used 29954K [0x0000000705e00000, 0x0000000800000000)
  region size 2048K, 1 young (2048K), 1 survivors (2048K)
 Metaspace       used 24413K, committed 24768K, reserved 1114112K
  class space    used 2585K, committed 2752K, reserved 1048576K
}
Event: 2.892 GC heap before
{Heap before GC invocations=6 (full 0):
 garbage-first heap   total 81920K, used 56578K [0x0000000705e00000, 0x0000000800000000)
  region size 2048K, 15 young (30720K), 1 survivors (2048K)
 Metaspace       used 24526K, committed 24832K, reserved 1114112K
  class space    used 2588K, committed 2752K, reserved 1048576K
}
Event: 2.896 GC heap after
{Heap after GC invocations=7 (full 0):
 garbage-first heap   total 81920K, used 38912K [0x0000000705e00000, 0x0000000800000000)
  region size 2048K, 2 young (4096K), 2 survivors (4096K)
 Metaspace       used 24526K, committed 24832K, reserved 1114112K
  class space    used 2588K, committed 2752K, reserved 1048576K
}
Event: 3.005 GC heap before
{Heap before GC invocations=7 (full 0):
 garbage-first heap   total 81920K, used 57344K [0x0000000705e00000, 0x0000000800000000)
  region size 2048K, 12 young (24576K), 2 survivors (4096K)
 Metaspace       used 24939K, committed 25344K, reserved 1114112K
  class space    used 2629K, committed 2880K, reserved 1048576K
}
Event: 3.010 GC heap after
{Heap after GC invocations=8 (full 0):
 garbage-first heap   total 112640K, used 43176K [0x0000000705e00000, 0x0000000800000000)
  region size 2048K, 2 young (4096K), 2 survivors (4096K)
 Metaspace       used 24939K, committed 25344K, reserved 1114112K
  class space    used 2629K, committed 2880K, reserved 1048576K
}
Event: 3.194 GC heap before
{Heap before GC invocations=8 (full 0):
 garbage-first heap   total 112640K, used 80040K [0x0000000705e00000, 0x0000000800000000)
  region size 2048K, 19 young (38912K), 2 survivors (4096K)
 Metaspace       used 25460K, committed 25856K, reserved 1114112K
  class space    used 2654K, committed 2880K, reserved 1048576K
}
Event: 3.203 GC heap after
{Heap after GC invocations=9 (full 0):
 garbage-first heap   total 112640K, used 50994K [0x0000000705e00000, 0x0000000800000000)
  region size 2048K, 3 young (6144K), 3 survivors (6144K)
 Metaspace       used 25460K, committed 25856K, reserved 1114112K
  class space    used 2654K, committed 2880K, reserved 1048576K
}
Event: 3.597 GC heap before
{Heap before GC invocations=9 (full 0):
 garbage-first heap   total 112640K, used 81714K [0x0000000705e00000, 0x0000000800000000)
  region size 2048K, 18 young (36864K), 3 survivors (6144K)
 Metaspace       used 27233K, committed 27648K, reserved 1114112K
  class space    used 2844K, committed 3072K, reserved 1048576K
}
Event: 3.602 GC heap after
{Heap after GC invocations=10 (full 0):
 garbage-first heap   total 112640K, used 52586K [0x0000000705e00000, 0x0000000800000000)
  region size 2048K, 1 young (2048K), 1 survivors (2048K)
 Metaspace       used 27233K, committed 27648K, reserved 1114112K
  class space    used 2844K, committed 3072K, reserved 1048576K
}
Event: 3.769 GC heap before
{Heap before GC invocations=10 (full 0):
 garbage-first heap   total 112640K, used 83306K [0x0000000705e00000, 0x0000000800000000)
  region size 2048K, 16 young (32768K), 1 survivors (2048K)
 Metaspace       used 27631K, committed 28096K, reserved 1114112K
  class space    used 2877K, committed 3136K, reserved 1048576K
}
Event: 3.772 GC heap after
{Heap after GC invocations=11 (full 0):
 garbage-first heap   total 112640K, used 52549K [0x0000000705e00000, 0x0000000800000000)
  region size 2048K, 1 young (2048K), 1 survivors (2048K)
 Metaspace       used 27631K, committed 28096K, reserved 1114112K
  class space    used 2877K, committed 3136K, reserved 1048576K
}
Event: 3.845 GC heap before
{Heap before GC invocations=12 (full 0):
 garbage-first heap   total 112640K, used 85317K [0x0000000705e00000, 0x0000000800000000)
  region size 2048K, 17 young (34816K), 1 survivors (2048K)
 Metaspace       used 27699K, committed 28160K, reserved 1114112K
  class space    used 2881K, committed 3136K, reserved 1048576K
}
Event: 3.847 GC heap after
{Heap after GC invocations=13 (full 0):
 garbage-first heap   total 112640K, used 52600K [0x0000000705e00000, 0x0000000800000000)
  region size 2048K, 1 young (2048K), 1 survivors (2048K)
 Metaspace       used 27699K, committed 28160K, reserved 1114112K
  class space    used 2881K, committed 3136K, reserved 1048576K
}
Event: 3.850 GC heap before
{Heap before GC invocations=13 (full 0):
 garbage-first heap   total 112640K, used 54648K [0x0000000705e00000, 0x0000000800000000)
  region size 2048K, 2 young (4096K), 1 survivors (2048K)
 Metaspace       used 27699K, committed 28160K, reserved 1114112K
  class space    used 2881K, committed 3136K, reserved 1048576K
}
Event: 3.853 GC heap after
{Heap after GC invocations=14 (full 0):
 garbage-first heap   total 149504K, used 52687K [0x0000000705e00000, 0x0000000800000000)
  region size 2048K, 1 young (2048K), 1 survivors (2048K)
 Metaspace       used 27699K, committed 28160K, reserved 1114112K
  class space    used 2881K, committed 3136K, reserved 1048576K
}

