# JRE version: Java(TM) SE Runtime Environment (19.0.2+7) (build 19.0.2+7-44)
# Java VM: Java HotSpot(TM) 64-Bit Server VM (19.0.2+7-44, mixed mode, sharing, tiered, compressed oops, compressed class ptrs, g1 gc, windows-amd64)
GC Precious Log:
 CardTable entry size: 512
 Card Set container configuration: InlinePtr #cards 4 size 8 Array Of Cards #cards 16 size 48 Howl #buckets 8 coarsen threshold 3686 Howl Bitmap #cards 512 size 80 coarsen threshold 460 Card regions per heap region 1 cards per card region 4096
 CPUs: 16 total, 16 available
 Memory: 16005M
 Large Page Support: Disabled
 NUMA Support: Disabled
 Compressed Oops: Enabled (Zero based)
 Heap Region Size: 2M
 Heap Min Capacity: 8M
 Heap Initial Capacity: 252M
 Heap Max Capacity: 4002M
 Pre-touch: Disabled
 Parallel Workers: 13
 Concurrent Workers: 3
 Concurrent Refinement Workers: 13
 Periodic GC: Disabled
Heap:
 garbage-first heap   total 196608K, used 88072K [0x0000000705e00000, 0x0000000800000000)
  region size 2048K, 14 young (28672K), 3 survivors (6144K)
 Metaspace       used 35490K, committed 36096K, reserved 1114112K
  class space    used 3649K, committed 3968K, reserved 1048576K
GC Heap History (20 events):
Event: 3.844 GC heap before
{Heap before GC invocations=8 (full 0):
 garbage-first heap   total 135168K, used 92665K [0x0000000705e00000, 0x0000000800000000)
  region size 2048K, 27 young (55296K), 4 survivors (8192K)
 Metaspace       used 27182K, committed 27648K, reserved 1114112K
  class space    used 2837K, committed 3072K, reserved 1048576K
}
Event: 3.851 GC heap after
{Heap after GC invocations=9 (full 0):
 garbage-first heap   total 135168K, used 51846K [0x0000000705e00000, 0x0000000800000000)
  region size 2048K, 3 young (6144K), 3 survivors (6144K)
 Metaspace       used 27182K, committed 27648K, reserved 1114112K
  class space    used 2837K, committed 3072K, reserved 1048576K
}
Event: 4.076 GC heap before
{Heap before GC invocations=9 (full 0):
 garbage-first heap   total 135168K, used 96902K [0x0000000705e00000, 0x0000000800000000)
  region size 2048K, 25 young (51200K), 3 survivors (6144K)
 Metaspace       used 27670K, committed 28160K, reserved 1114112K
  class space    used 2877K, committed 3136K, reserved 1048576K
}
Event: 4.078 GC heap after
{Heap after GC invocations=10 (full 0):
 garbage-first heap   total 135168K, used 51770K [0x0000000705e00000, 0x0000000800000000)
  region size 2048K, 3 young (6144K), 3 survivors (6144K)
 Metaspace       used 27670K, committed 28160K, reserved 1114112K
  class space    used 2877K, committed 3136K, reserved 1048576K
}
Event: 4.228 GC heap before
{Heap before GC invocations=10 (full 0):
 garbage-first heap   total 135168K, used 96826K [0x0000000705e00000, 0x0000000800000000)
  region size 2048K, 26 young (53248K), 3 survivors (6144K)
 Metaspace       used 28004K, committed 28480K, reserved 1114112K
  class space    used 2932K, committed 3200K, reserved 1048576K
}
Event: 4.232 GC heap after
{Heap after GC invocations=11 (full 0):
 garbage-first heap   total 163840K, used 52841K [0x0000000705e00000, 0x0000000800000000)
  region size 2048K, 1 young (2048K), 1 survivors (2048K)
 Metaspace       used 28004K, committed 28480K, reserved 1114112K
  class space    used 2932K, committed 3200K, reserved 1048576K
}
Event: 4.433 GC heap before
{Heap before GC invocations=11 (full 0):
 garbage-first heap   total 163840K, used 120425K [0x0000000705e00000, 0x0000000800000000)
  region size 2048K, 35 young (71680K), 1 survivors (2048K)
 Metaspace       used 28470K, committed 29056K, reserved 1114112K
  class space    used 2970K, committed 3264K, reserved 1048576K
}
Event: 4.435 GC heap after
{Heap after GC invocations=12 (full 0):
 garbage-first heap   total 163840K, used 53430K [0x0000000705e00000, 0x0000000800000000)
  region size 2048K, 1 young (2048K), 1 survivors (2048K)
 Metaspace       used 28470K, committed 29056K, reserved 1114112K
  class space    used 2970K, committed 3264K, reserved 1048576K
}
Event: 4.535 GC heap before
{Heap before GC invocations=12 (full 0):
 garbage-first heap   total 163840K, used 125110K [0x0000000705e00000, 0x0000000800000000)
  region size 2048K, 36 young (73728K), 1 survivors (2048K)
 Metaspace       used 28572K, committed 29120K, reserved 1114112K
  class space    used 2973K, committed 3264K, reserved 1048576K
}
Event: 4.538 GC heap after
{Heap after GC invocations=13 (full 0):
 garbage-first heap   total 163840K, used 54014K [0x0000000705e00000, 0x0000000800000000)
  region size 2048K, 2 young (4096K), 2 survivors (4096K)
 Metaspace       used 28572K, committed 29120K, reserved 1114112K
  class space    used 2973K, committed 3264K, reserved 1048576K
}
Event: 4.769 GC heap before
{Heap before GC invocations=13 (full 0):
 garbage-first heap   total 163840K, used 127742K [0x0000000705e00000, 0x0000000800000000)
  region size 2048K, 38 young (77824K), 2 survivors (4096K)
 Metaspace       used 28739K, committed 29248K, reserved 1114112K
  class space    used 2975K, committed 3264K, reserved 1048576K
}
Event: 4.772 GC heap after
{Heap after GC invocations=14 (full 0):
 garbage-first heap   total 163840K, used 55340K [0x0000000705e00000, 0x0000000800000000)
  region size 2048K, 2 young (4096K), 2 survivors (4096K)
 Metaspace       used 28739K, committed 29248K, reserved 1114112K
  class space    used 2975K, committed 3264K, reserved 1048576K
}
Event: 4.888 GC heap before
{Heap before GC invocations=14 (full 0):
 garbage-first heap   total 163840K, used 131116K [0x0000000705e00000, 0x0000000800000000)
  region size 2048K, 39 young (79872K), 2 survivors (4096K)
 Metaspace       used 28805K, committed 29312K, reserved 1114112K
  class space    used 2975K, committed 3264K, reserved 1048576K
}
Event: 4.892 GC heap after
{Heap after GC invocations=15 (full 0):
 garbage-first heap   total 163840K, used 55007K [0x0000000705e00000, 0x0000000800000000)
  region size 2048K, 2 young (4096K), 2 survivors (4096K)
 Metaspace       used 28805K, committed 29312K, reserved 1114112K
  class space    used 2975K, committed 3264K, reserved 1048576K
}
Event: 6.199 GC heap before
{Heap before GC invocations=15 (full 0):
 garbage-first heap   total 163840K, used 132831K [0x0000000705e00000, 0x0000000800000000)
  region size 2048K, 40 young (81920K), 2 survivors (4096K)
 Metaspace       used 31503K, committed 32128K, reserved 1114112K
  class space    used 3235K, committed 3520K, reserved 1048576K
}
Event: 6.206 GC heap after
{Heap after GC invocations=16 (full 0):
 garbage-first heap   total 196608K, used 57516K [0x0000000705e00000, 0x0000000800000000)
  region size 2048K, 3 young (6144K), 3 survivors (6144K)
 Metaspace       used 31503K, committed 32128K, reserved 1114112K
  class space    used 3235K, committed 3520K, reserved 1048576K
}
Event: 6.793 GC heap before
{Heap before GC invocations=16 (full 0):
 garbage-first heap   total 196608K, used 161964K [0x0000000705e00000, 0x0000000800000000)
  region size 2048K, 52 young (106496K), 3 survivors (6144K)
 Metaspace       used 31897K, committed 32512K, reserved 1114112K
  class space    used 3259K, committed 3584K, reserved 1048576K
}
Event: 6.800 GC heap after
{Heap after GC invocations=17 (full 0):
 garbage-first heap   total 196608K, used 62408K [0x0000000705e00000, 0x0000000800000000)
  region size 2048K, 5 young (10240K), 5 survivors (10240K)
 Metaspace       used 31897K, committed 32512K, reserved 1114112K
  class space    used 3259K, committed 3584K, reserved 1048576K
}
Event: 7.530 GC heap before
{Heap before GC invocations=17 (full 0):
 garbage-first heap   total 196608K, used 156616K [0x0000000705e00000, 0x0000000800000000)
  region size 2048K, 52 young (106496K), 5 survivors (10240K)
 Metaspace       used 34885K, committed 35520K, reserved 1114112K
  class space    used 3582K, committed 3904K, reserved 1048576K
}
Event: 7.537 GC heap after
{Heap after GC invocations=18 (full 0):
 garbage-first heap   total 196608K, used 66566K [0x0000000705e00000, 0x0000000800000000)
  region size 2048K, 6 young (12288K), 6 survivors (12288K)
 Metaspace       used 34885K, committed 35520K, reserved 1114112K
  class space    used 3582K, committed 3904K, reserved 1048576K
}

