# JRE version: Java(TM) SE Runtime Environment (19.0.2+7) (build 19.0.2+7-44)
# Java VM: Java HotSpot(TM) 64-Bit Server VM (19.0.2+7-44, mixed mode, sharing, tiered, compressed oops, compressed class ptrs, g1 gc, windows-amd64)
GC Precious Log:
 CardTable entry size: 512
 Card Set container configuration: InlinePtr #cards 4 size 8 Array Of Cards #cards 16 size 48 Howl #buckets 8 coarsen threshold 3686 Howl Bitmap #cards 512 size 80 coarsen threshold 460 Card regions per heap region 1 cards per card region 4096
 CPUs: 16 total, 16 available
 Memory: 16005M
 Large Page Support: Disabled
 NUMA Support: Disabled
 Compressed Oops: Enabled (Zero based)
 Heap Region Size: 2M
 Heap Min Capacity: 8M
 Heap Initial Capacity: 252M
 Heap Max Capacity: 4002M
 Pre-touch: Disabled
 Parallel Workers: 13
 Concurrent Workers: 3
 Concurrent Refinement Workers: 13
 Periodic GC: Disabled
Heap:
 garbage-first heap   total 137216K, used 53812K [0x0000000705e00000, 0x0000000800000000)
  region size 2048K, 2 young (4096K), 2 survivors (4096K)
 Metaspace       used 28560K, committed 29120K, reserved 1114112K
  class space    used 2966K, committed 3264K, reserved 1048576K
GC Heap History (20 events):
Event: 2.607 GC heap after
{Heap after GC invocations=6 (full 0):
 garbage-first heap   total 83968K, used 29895K [0x0000000705e00000, 0x0000000800000000)
  region size 2048K, 1 young (2048K), 1 survivors (2048K)
 Metaspace       used 24334K, committed 24704K, reserved 1114112K
  class space    used 2574K, committed 2752K, reserved 1048576K
}
Event: 2.811 GC heap before
{Heap before GC invocations=6 (full 0):
 garbage-first heap   total 83968K, used 56519K [0x0000000705e00000, 0x0000000800000000)
  region size 2048K, 15 young (30720K), 1 survivors (2048K)
 Metaspace       used 24458K, committed 24832K, reserved 1114112K
  class space    used 2577K, committed 2752K, reserved 1048576K
}
Event: 2.815 GC heap after
{Heap after GC invocations=7 (full 0):
 garbage-first heap   total 83968K, used 38525K [0x0000000705e00000, 0x0000000800000000)
  region size 2048K, 2 young (4096K), 2 survivors (4096K)
 Metaspace       used 24458K, committed 24832K, reserved 1114112K
  class space    used 2577K, committed 2752K, reserved 1048576K
}
Event: 2.926 GC heap before
{Heap before GC invocations=7 (full 0):
 garbage-first heap   total 83968K, used 59005K [0x0000000705e00000, 0x0000000800000000)
  region size 2048K, 12 young (24576K), 2 survivors (4096K)
 Metaspace       used 24883K, committed 25280K, reserved 1114112K
  class space    used 2617K, committed 2816K, reserved 1048576K
}
Event: 2.930 GC heap after
{Heap after GC invocations=8 (full 0):
 garbage-first heap   total 83968K, used 42098K [0x0000000705e00000, 0x0000000800000000)
  region size 2048K, 2 young (4096K), 2 survivors (4096K)
 Metaspace       used 24883K, committed 25280K, reserved 1114112K
  class space    used 2617K, committed 2816K, reserved 1048576K
}
Event: 3.065 GC heap before
{Heap before GC invocations=8 (full 0):
 garbage-first heap   total 83968K, used 58482K [0x0000000705e00000, 0x0000000800000000)
  region size 2048K, 11 young (22528K), 2 survivors (4096K)
 Metaspace       used 25302K, committed 25728K, reserved 1114112K
  class space    used 2642K, committed 2880K, reserved 1048576K
}
Event: 3.070 GC heap after
{Heap after GC invocations=9 (full 0):
 garbage-first heap   total 122880K, used 45911K [0x0000000705e00000, 0x0000000800000000)
  region size 2048K, 2 young (4096K), 2 survivors (4096K)
 Metaspace       used 25302K, committed 25728K, reserved 1114112K
  class space    used 2642K, committed 2880K, reserved 1048576K
}
Event: 3.437 GC heap before
{Heap before GC invocations=10 (full 0):
 garbage-first heap   total 122880K, used 86871K [0x0000000705e00000, 0x0000000800000000)
  region size 2048K, 22 young (45056K), 2 survivors (4096K)
 Metaspace       used 26920K, committed 27264K, reserved 1114112K
  class space    used 2805K, committed 3008K, reserved 1048576K
}
Event: 3.444 GC heap after
{Heap after GC invocations=11 (full 0):
 garbage-first heap   total 122880K, used 51528K [0x0000000705e00000, 0x0000000800000000)
  region size 2048K, 2 young (4096K), 2 survivors (4096K)
 Metaspace       used 26920K, committed 27264K, reserved 1114112K
  class space    used 2805K, committed 3008K, reserved 1048576K
}
Event: 3.456 GC heap before
{Heap before GC invocations=11 (full 0):
 garbage-first heap   total 122880K, used 53576K [0x0000000705e00000, 0x0000000800000000)
  region size 2048K, 3 young (6144K), 2 survivors (4096K)
 Metaspace       used 27088K, committed 27456K, reserved 1114112K
  class space    used 2818K, committed 3008K, reserved 1048576K
}
Event: 3.460 GC heap after
{Heap after GC invocations=12 (full 0):
 garbage-first heap   total 122880K, used 51855K [0x0000000705e00000, 0x0000000800000000)
  region size 2048K, 1 young (2048K), 1 survivors (2048K)
 Metaspace       used 27088K, committed 27456K, reserved 1114112K
  class space    used 2818K, committed 3008K, reserved 1048576K
}
Event: 3.701 GC heap before
{Heap before GC invocations=12 (full 0):
 garbage-first heap   total 122880K, used 88719K [0x0000000705e00000, 0x0000000800000000)
  region size 2048K, 20 young (40960K), 1 survivors (2048K)
 Metaspace       used 27607K, committed 28096K, reserved 1114112K
  class space    used 2865K, committed 3136K, reserved 1048576K
}
Event: 3.702 GC heap after
{Heap after GC invocations=13 (full 0):
 garbage-first heap   total 122880K, used 51624K [0x0000000705e00000, 0x0000000800000000)
  region size 2048K, 1 young (2048K), 1 survivors (2048K)
 Metaspace       used 27607K, committed 28096K, reserved 1114112K
  class space    used 2865K, committed 3136K, reserved 1048576K
}
Event: 3.764 GC heap before
{Heap before GC invocations=13 (full 0):
 garbage-first heap   total 122880K, used 92584K [0x0000000705e00000, 0x0000000800000000)
  region size 2048K, 21 young (43008K), 1 survivors (2048K)
 Metaspace       used 27664K, committed 28160K, reserved 1114112K
  class space    used 2871K, committed 3136K, reserved 1048576K
}
Event: 3.765 GC heap after
{Heap after GC invocations=14 (full 0):
 garbage-first heap   total 122880K, used 51811K [0x0000000705e00000, 0x0000000800000000)
  region size 2048K, 1 young (2048K), 1 survivors (2048K)
 Metaspace       used 27664K, committed 28160K, reserved 1114112K
  class space    used 2871K, committed 3136K, reserved 1048576K
}
Event: 3.981 GC heap before
{Heap before GC invocations=14 (full 0):
 garbage-first heap   total 122880K, used 94819K [0x0000000705e00000, 0x0000000800000000)
  region size 2048K, 22 young (45056K), 1 survivors (2048K)
 Metaspace       used 28280K, committed 28864K, reserved 1114112K
  class space    used 2952K, committed 3264K, reserved 1048576K
}
Event: 3.983 GC heap after
{Heap after GC invocations=15 (full 0):
 garbage-first heap   total 122880K, used 52314K [0x0000000705e00000, 0x0000000800000000)
  region size 2048K, 1 young (2048K), 1 survivors (2048K)
 Metaspace       used 28280K, committed 28864K, reserved 1114112K
  class space    used 2952K, committed 3264K, reserved 1048576K
}
Event: 4.082 GC heap before
{Heap before GC invocations=15 (full 0):
 garbage-first heap   total 122880K, used 97370K [0x0000000705e00000, 0x0000000800000000)
  region size 2048K, 23 young (47104K), 1 survivors (2048K)
 Metaspace       used 28472K, committed 28992K, reserved 1114112K
  class space    used 2963K, committed 3264K, reserved 1048576K
}
Event: 4.085 GC heap after
{Heap after GC invocations=16 (full 0):
 garbage-first heap   total 122880K, used 53088K [0x0000000705e00000, 0x0000000800000000)
  region size 2048K, 1 young (2048K), 1 survivors (2048K)
 Metaspace       used 28472K, committed 28992K, reserved 1114112K
  class space    used 2963K, committed 3264K, reserved 1048576K
}
Event: 4.152 GC heap before
{Heap before GC invocations=16 (full 0):
 garbage-first heap   total 122880K, used 100192K [0x0000000705e00000, 0x0000000800000000)
  region size 2048K, 24 young (49152K), 1 survivors (2048K)
 Metaspace       used 28560K, committed 29120K, reserved 1114112K
  class space    used 2966K, committed 3264K, reserved 1048576K
}

