# JRE version: Java(TM) SE Runtime Environment (19.0.2+7) (build 19.0.2+7-44)
# Java VM: Java HotSpot(TM) 64-Bit Server VM (19.0.2+7-44, mixed mode, sharing, tiered, compressed oops, compressed class ptrs, g1 gc, windows-amd64)
GC Precious Log:
 CardTable entry size: 512
 Card Set container configuration: InlinePtr #cards 4 size 8 Array Of Cards #cards 16 size 48 Howl #buckets 8 coarsen threshold 3686 Howl Bitmap #cards 512 size 80 coarsen threshold 460 Card regions per heap region 1 cards per card region 4096
 CPUs: 16 total, 16 available
 Memory: 16005M
 Large Page Support: Disabled
 NUMA Support: Disabled
 Compressed Oops: Enabled (Zero based)
 Heap Region Size: 2M
 Heap Min Capacity: 8M
 Heap Initial Capacity: 252M
 Heap Max Capacity: 4002M
 Pre-touch: Disabled
 Parallel Workers: 13
 Concurrent Workers: 3
 Concurrent Refinement Workers: 13
 Periodic GC: Disabled
Heap:
 garbage-first heap   total 229376K, used 97474K [0x0000000705e00000, 0x0000000800000000)
  region size 2048K, 24 young (49152K), 7 survivors (14336K)
 Metaspace       used 36384K, committed 37056K, reserved 1114112K
  class space    used 3752K, committed 4096K, reserved 1048576K
GC Heap History (20 events):
Event: 3.158 GC heap before
{Heap before GC invocations=11 (full 0):
 garbage-first heap   total 114688K, used 54264K [0x0000000705e00000, 0x0000000800000000)
  region size 2048K, 4 young (8192K), 3 survivors (6144K)
 Metaspace       used 26324K, committed 26688K, reserved 1114112K
  class space    used 2731K, committed 2944K, reserved 1048576K
}
Event: 3.164 GC heap after
{Heap after GC invocations=12 (full 0):
 garbage-first heap   total 114688K, used 52087K [0x0000000705e00000, 0x0000000800000000)
  region size 2048K, 1 young (2048K), 1 survivors (2048K)
 Metaspace       used 26324K, committed 26688K, reserved 1114112K
  class space    used 2731K, committed 2944K, reserved 1048576K
}
Event: 3.469 GC heap before
{Heap before GC invocations=12 (full 0):
 garbage-first heap   total 114688K, used 80759K [0x0000000705e00000, 0x0000000800000000)
  region size 2048K, 16 young (32768K), 1 survivors (2048K)
 Metaspace       used 27497K, committed 27904K, reserved 1114112K
  class space    used 2866K, committed 3072K, reserved 1048576K
}
Event: 3.470 GC heap after
{Heap after GC invocations=13 (full 0):
 garbage-first heap   total 114688K, used 51566K [0x0000000705e00000, 0x0000000800000000)
  region size 2048K, 1 young (2048K), 1 survivors (2048K)
 Metaspace       used 27497K, committed 27904K, reserved 1114112K
  class space    used 2866K, committed 3072K, reserved 1048576K
}
Event: 3.560 GC heap before
{Heap before GC invocations=13 (full 0):
 garbage-first heap   total 114688K, used 84334K [0x0000000705e00000, 0x0000000800000000)
  region size 2048K, 17 young (34816K), 1 survivors (2048K)
 Metaspace       used 27627K, committed 28160K, reserved 1114112K
  class space    used 2872K, committed 3136K, reserved 1048576K
}
Event: 3.561 GC heap after
{Heap after GC invocations=14 (full 0):
 garbage-first heap   total 114688K, used 51706K [0x0000000705e00000, 0x0000000800000000)
  region size 2048K, 1 young (2048K), 1 survivors (2048K)
 Metaspace       used 27627K, committed 28160K, reserved 1114112K
  class space    used 2872K, committed 3136K, reserved 1048576K
}
Event: 3.607 GC heap before
{Heap before GC invocations=14 (full 0):
 garbage-first heap   total 114688K, used 86522K [0x0000000705e00000, 0x0000000800000000)
  region size 2048K, 18 young (36864K), 1 survivors (2048K)
 Metaspace       used 27659K, committed 28160K, reserved 1114112K
  class space    used 2877K, committed 3136K, reserved 1048576K
}
Event: 3.609 GC heap after
{Heap after GC invocations=15 (full 0):
 garbage-first heap   total 114688K, used 52315K [0x0000000705e00000, 0x0000000800000000)
  region size 2048K, 1 young (2048K), 1 survivors (2048K)
 Metaspace       used 27659K, committed 28160K, reserved 1114112K
  class space    used 2877K, committed 3136K, reserved 1048576K
}
Event: 3.810 GC heap before
{Heap before GC invocations=15 (full 0):
 garbage-first heap   total 114688K, used 89179K [0x0000000705e00000, 0x0000000800000000)
  region size 2048K, 19 young (38912K), 1 survivors (2048K)
 Metaspace       used 28275K, committed 28800K, reserved 1114112K
  class space    used 2957K, committed 3200K, reserved 1048576K
}
Event: 3.812 GC heap after
{Heap after GC invocations=16 (full 0):
 garbage-first heap   total 114688K, used 52382K [0x0000000705e00000, 0x0000000800000000)
  region size 2048K, 1 young (2048K), 1 survivors (2048K)
 Metaspace       used 28275K, committed 28800K, reserved 1114112K
  class space    used 2957K, committed 3200K, reserved 1048576K
}
Event: 3.911 GC heap before
{Heap before GC invocations=16 (full 0):
 garbage-first heap   total 114688K, used 91294K [0x0000000705e00000, 0x0000000800000000)
  region size 2048K, 20 young (40960K), 1 survivors (2048K)
 Metaspace       used 28406K, committed 28992K, reserved 1114112K
  class space    used 2966K, committed 3264K, reserved 1048576K
}
Event: 3.915 GC heap after
{Heap after GC invocations=17 (full 0):
 garbage-first heap   total 229376K, used 52920K [0x0000000705e00000, 0x0000000800000000)
  region size 2048K, 1 young (2048K), 1 survivors (2048K)
 Metaspace       used 28406K, committed 28992K, reserved 1114112K
  class space    used 2966K, committed 3264K, reserved 1048576K
}
Event: 4.257 GC heap before
{Heap before GC invocations=17 (full 0):
 garbage-first heap   total 229376K, used 181944K [0x0000000705e00000, 0x0000000800000000)
  region size 2048K, 64 young (131072K), 1 survivors (2048K)
 Metaspace       used 28709K, committed 29248K, reserved 1114112K
  class space    used 2977K, committed 3264K, reserved 1048576K
}
Event: 4.260 GC heap after
{Heap after GC invocations=18 (full 0):
 garbage-first heap   total 229376K, used 54468K [0x0000000705e00000, 0x0000000800000000)
  region size 2048K, 2 young (4096K), 2 survivors (4096K)
 Metaspace       used 28709K, committed 29248K, reserved 1114112K
  class space    used 2977K, committed 3264K, reserved 1048576K
}
Event: 5.027 GC heap before
{Heap before GC invocations=18 (full 0):
 garbage-first heap   total 229376K, used 183492K [0x0000000705e00000, 0x0000000800000000)
  region size 2048K, 65 young (133120K), 2 survivors (4096K)
 Metaspace       used 31045K, committed 31680K, reserved 1114112K
  class space    used 3233K, committed 3584K, reserved 1048576K
}
Event: 5.031 GC heap after
{Heap after GC invocations=19 (full 0):
 garbage-first heap   total 229376K, used 56462K [0x0000000705e00000, 0x0000000800000000)
  region size 2048K, 3 young (6144K), 3 survivors (6144K)
 Metaspace       used 31045K, committed 31680K, reserved 1114112K
  class space    used 3233K, committed 3584K, reserved 1048576K
}
Event: 5.734 GC heap before
{Heap before GC invocations=19 (full 0):
 garbage-first heap   total 229376K, used 191630K [0x0000000705e00000, 0x0000000800000000)
  region size 2048K, 67 young (137216K), 3 survivors (6144K)
 Metaspace       used 31776K, committed 32448K, reserved 1114112K
  class space    used 3248K, committed 3584K, reserved 1048576K
}
Event: 5.738 GC heap after
{Heap after GC invocations=20 (full 0):
 garbage-first heap   total 229376K, used 61279K [0x0000000705e00000, 0x0000000800000000)
  region size 2048K, 4 young (8192K), 4 survivors (8192K)
 Metaspace       used 31776K, committed 32448K, reserved 1114112K
  class space    used 3248K, committed 3584K, reserved 1048576K
}
Event: 6.610 GC heap before
{Heap before GC invocations=20 (full 0):
 garbage-first heap   total 229376K, used 188255K [0x0000000705e00000, 0x0000000800000000)
  region size 2048K, 67 young (137216K), 4 survivors (8192K)
 Metaspace       used 34981K, committed 35712K, reserved 1114112K
  class space    used 3587K, committed 3968K, reserved 1048576K
}
Event: 6.617 GC heap after
{Heap after GC invocations=21 (full 0):
 garbage-first heap   total 229376K, used 66754K [0x0000000705e00000, 0x0000000800000000)
  region size 2048K, 7 young (14336K), 7 survivors (14336K)
 Metaspace       used 34981K, committed 35712K, reserved 1114112K
  class space    used 3587K, committed 3968K, reserved 1048576K
}

