# JRE version: Java(TM) SE Runtime Environment (19.0.2+7) (build 19.0.2+7-44)
# Java VM: Java HotSpot(TM) 64-Bit Server VM (19.0.2+7-44, mixed mode, sharing, tiered, compressed oops, compressed class ptrs, g1 gc, windows-amd64)
GC Precious Log:
 CardTable entry size: 512
 Card Set container configuration: InlinePtr #cards 4 size 8 Array Of Cards #cards 16 size 48 Howl #buckets 8 coarsen threshold 3686 Howl Bitmap #cards 512 size 80 coarsen threshold 460 Card regions per heap region 1 cards per card region 4096
 CPUs: 16 total, 16 available
 Memory: 16005M
 Large Page Support: Disabled
 NUMA Support: Disabled
 Compressed Oops: Enabled (Zero based)
 Heap Region Size: 2M
 Heap Min Capacity: 8M
 Heap Initial Capacity: 252M
 Heap Max Capacity: 4002M
 Pre-touch: Disabled
 Parallel Workers: 13
 Concurrent Workers: 3
 Concurrent Refinement Workers: 13
 Periodic GC: Disabled
Heap:
 garbage-first heap   total 264192K, used 185215K [0x0000000705e00000, 0x0000000800000000)
  region size 2048K, 68 young (139264K), 5 survivors (10240K)
 Metaspace       used 36348K, committed 36992K, reserved 1114112K
  class space    used 3742K, committed 4096K, reserved 1048576K
GC Heap History (20 events):
Event: 3.154 GC heap before
{Heap before GC invocations=11 (full 0):
 garbage-first heap   total 102400K, used 50911K [0x0000000705e00000, 0x0000000800000000)
  region size 2048K, 3 young (6144K), 2 survivors (4096K)
 Metaspace       used 25541K, committed 25984K, reserved 1114112K
  class space    used 2662K, committed 2880K, reserved 1048576K
}
Event: 3.159 GC heap after
{Heap after GC invocations=12 (full 0):
 garbage-first heap   total 102400K, used 49073K [0x0000000705e00000, 0x0000000800000000)
  region size 2048K, 1 young (2048K), 1 survivors (2048K)
 Metaspace       used 25541K, committed 25984K, reserved 1114112K
  class space    used 2662K, committed 2880K, reserved 1048576K
}
Event: 3.495 GC heap before
{Heap before GC invocations=12 (full 0):
 garbage-first heap   total 102400K, used 71601K [0x0000000705e00000, 0x0000000800000000)
  region size 2048K, 13 young (26624K), 1 survivors (2048K)
 Metaspace       used 27032K, committed 27456K, reserved 1114112K
  class space    used 2827K, committed 3072K, reserved 1048576K
}
Event: 3.497 GC heap after
{Heap after GC invocations=13 (full 0):
 garbage-first heap   total 102400K, used 49327K [0x0000000705e00000, 0x0000000800000000)
  region size 2048K, 1 young (2048K), 1 survivors (2048K)
 Metaspace       used 27032K, committed 27456K, reserved 1114112K
  class space    used 2827K, committed 3072K, reserved 1048576K
}
Event: 3.691 GC heap before
{Heap before GC invocations=14 (full 0):
 garbage-first heap   total 102400K, used 73903K [0x0000000705e00000, 0x0000000800000000)
  region size 2048K, 14 young (28672K), 1 survivors (2048K)
 Metaspace       used 27463K, committed 27904K, reserved 1114112K
  class space    used 2864K, committed 3072K, reserved 1048576K
}
Event: 3.693 GC heap after
{Heap after GC invocations=15 (full 0):
 garbage-first heap   total 102400K, used 49628K [0x0000000705e00000, 0x0000000800000000)
  region size 2048K, 1 young (2048K), 1 survivors (2048K)
 Metaspace       used 27463K, committed 27904K, reserved 1114112K
  class space    used 2864K, committed 3072K, reserved 1048576K
}
Event: 3.701 GC heap before
{Heap before GC invocations=15 (full 0):
 garbage-first heap   total 102400K, used 51676K [0x0000000705e00000, 0x0000000800000000)
  region size 2048K, 2 young (4096K), 1 survivors (2048K)
 Metaspace       used 27471K, committed 27904K, reserved 1114112K
  class space    used 2864K, committed 3072K, reserved 1048576K
}
Event: 3.704 GC heap after
{Heap after GC invocations=16 (full 0):
 garbage-first heap   total 149504K, used 49218K [0x0000000705e00000, 0x0000000800000000)
  region size 2048K, 1 young (2048K), 1 survivors (2048K)
 Metaspace       used 27471K, committed 27904K, reserved 1114112K
  class space    used 2864K, committed 3072K, reserved 1048576K
}
Event: 3.942 GC heap before
{Heap before GC invocations=16 (full 0):
 garbage-first heap   total 149504K, used 106562K [0x0000000705e00000, 0x0000000800000000)
  region size 2048K, 30 young (61440K), 1 survivors (2048K)
 Metaspace       used 28100K, committed 28672K, reserved 1114112K
  class space    used 2946K, committed 3264K, reserved 1048576K
}
Event: 3.944 GC heap after
{Heap after GC invocations=17 (full 0):
 garbage-first heap   total 149504K, used 49650K [0x0000000705e00000, 0x0000000800000000)
  region size 2048K, 1 young (2048K), 1 survivors (2048K)
 Metaspace       used 28100K, committed 28672K, reserved 1114112K
  class space    used 2946K, committed 3264K, reserved 1048576K
}
Event: 4.102 GC heap before
{Heap before GC invocations=17 (full 0):
 garbage-first heap   total 149504K, used 113138K [0x0000000705e00000, 0x0000000800000000)
  region size 2048K, 32 young (65536K), 1 survivors (2048K)
 Metaspace       used 28372K, committed 28928K, reserved 1114112K
  class space    used 2962K, committed 3264K, reserved 1048576K
}
Event: 4.104 GC heap after
{Heap after GC invocations=18 (full 0):
 garbage-first heap   total 149504K, used 50958K [0x0000000705e00000, 0x0000000800000000)
  region size 2048K, 2 young (4096K), 2 survivors (4096K)
 Metaspace       used 28372K, committed 28928K, reserved 1114112K
  class space    used 2962K, committed 3264K, reserved 1048576K
}
Event: 4.233 GC heap before
{Heap before GC invocations=18 (full 0):
 garbage-first heap   total 149504K, used 114446K [0x0000000705e00000, 0x0000000800000000)
  region size 2048K, 33 young (67584K), 2 survivors (4096K)
 Metaspace       used 28484K, committed 29056K, reserved 1114112K
  class space    used 2967K, committed 3264K, reserved 1048576K
}
Event: 4.236 GC heap after
{Heap after GC invocations=19 (full 0):
 garbage-first heap   total 149504K, used 51369K [0x0000000705e00000, 0x0000000800000000)
  region size 2048K, 2 young (4096K), 2 survivors (4096K)
 Metaspace       used 28484K, committed 29056K, reserved 1114112K
  class space    used 2967K, committed 3264K, reserved 1048576K
}
Event: 4.414 GC heap before
{Heap before GC invocations=19 (full 0):
 garbage-first heap   total 149504K, used 118953K [0x0000000705e00000, 0x0000000800000000)
  region size 2048K, 35 young (71680K), 2 survivors (4096K)
 Metaspace       used 28636K, committed 29184K, reserved 1114112K
  class space    used 2967K, committed 3264K, reserved 1048576K
}
Event: 4.418 GC heap after
{Heap after GC invocations=20 (full 0):
 garbage-first heap   total 149504K, used 52518K [0x0000000705e00000, 0x0000000800000000)
  region size 2048K, 3 young (6144K), 3 survivors (6144K)
 Metaspace       used 28636K, committed 29184K, reserved 1114112K
  class space    used 2967K, committed 3264K, reserved 1048576K
}
Event: 4.961 GC heap before
{Heap before GC invocations=20 (full 0):
 garbage-first heap   total 149504K, used 118054K [0x0000000705e00000, 0x0000000800000000)
  region size 2048K, 35 young (71680K), 3 survivors (6144K)
 Metaspace       used 30299K, committed 30912K, reserved 1114112K
  class space    used 3166K, committed 3456K, reserved 1048576K
}
Event: 4.966 GC heap after
{Heap after GC invocations=21 (full 0):
 garbage-first heap   total 264192K, used 53284K [0x0000000705e00000, 0x0000000800000000)
  region size 2048K, 3 young (6144K), 3 survivors (6144K)
 Metaspace       used 30299K, committed 30912K, reserved 1114112K
  class space    used 3166K, committed 3456K, reserved 1048576K
}
Event: 6.141 GC heap before
{Heap before GC invocations=21 (full 0):
 garbage-first heap   total 264192K, used 208932K [0x0000000705e00000, 0x0000000800000000)
  region size 2048K, 77 young (157696K), 3 survivors (6144K)
 Metaspace       used 32214K, committed 32768K, reserved 1114112K
  class space    used 3283K, committed 3584K, reserved 1048576K
}
Event: 6.146 GC heap after
{Heap after GC invocations=22 (full 0):
 garbage-first heap   total 264192K, used 60287K [0x0000000705e00000, 0x0000000800000000)
  region size 2048K, 5 young (10240K), 5 survivors (10240K)
 Metaspace       used 32214K, committed 32768K, reserved 1114112K
  class space    used 3283K, committed 3584K, reserved 1048576K
}

