# JRE version: Java(TM) SE Runtime Environment (19.0.2+7) (build 19.0.2+7-44)
# Java VM: Java HotSpot(TM) 64-Bit Server VM (19.0.2+7-44, mixed mode, sharing, tiered, compressed oops, compressed class ptrs, g1 gc, windows-amd64)
GC Precious Log:
 CardTable entry size: 512
 Card Set container configuration: InlinePtr #cards 4 size 8 Array Of Cards #cards 16 size 48 Howl #buckets 8 coarsen threshold 3686 Howl Bitmap #cards 512 size 80 coarsen threshold 460 Card regions per heap region 1 cards per card region 4096
 CPUs: 16 total, 16 available
 Memory: 16005M
 Large Page Support: Disabled
 NUMA Support: Disabled
 Compressed Oops: Enabled (Zero based)
 Heap Region Size: 2M
 Heap Min Capacity: 8M
 Heap Initial Capacity: 252M
 Heap Max Capacity: 4002M
 Pre-touch: Disabled
 Parallel Workers: 13
 Concurrent Workers: 3
 Concurrent Refinement Workers: 13
 Periodic GC: Disabled
Heap:
 garbage-first heap   total 135168K, used 54109K [0x0000000705e00000, 0x0000000800000000)
  region size 2048K, 2 young (4096K), 2 survivors (4096K)
 Metaspace       used 28577K, committed 29120K, reserved 1114112K
  class space    used 2973K, committed 3264K, reserved 1048576K
GC Heap History (20 events):
Event: 2.421 GC heap after
{Heap after GC invocations=6 (full 0):
 garbage-first heap   total 83968K, used 30375K [0x0000000705e00000, 0x0000000800000000)
  region size 2048K, 1 young (2048K), 1 survivors (2048K)
 Metaspace       used 24286K, committed 24640K, reserved 1114112K
  class space    used 2574K, committed 2752K, reserved 1048576K
}
Event: 2.633 GC heap before
{Heap before GC invocations=6 (full 0):
 garbage-first heap   total 83968K, used 56999K [0x0000000705e00000, 0x0000000800000000)
  region size 2048K, 15 young (30720K), 1 survivors (2048K)
 Metaspace       used 24539K, committed 24832K, reserved 1114112K
  class space    used 2588K, committed 2752K, reserved 1048576K
}
Event: 2.637 GC heap after
{Heap after GC invocations=7 (full 0):
 garbage-first heap   total 83968K, used 38912K [0x0000000705e00000, 0x0000000800000000)
  region size 2048K, 2 young (4096K), 2 survivors (4096K)
 Metaspace       used 24539K, committed 24832K, reserved 1114112K
  class space    used 2588K, committed 2752K, reserved 1048576K
}
Event: 2.740 GC heap before
{Heap before GC invocations=7 (full 0):
 garbage-first heap   total 83968K, used 59392K [0x0000000705e00000, 0x0000000800000000)
  region size 2048K, 12 young (24576K), 2 survivors (4096K)
 Metaspace       used 24947K, committed 25344K, reserved 1114112K
  class space    used 2629K, committed 2880K, reserved 1048576K
}
Event: 2.746 GC heap after
{Heap after GC invocations=8 (full 0):
 garbage-first heap   total 83968K, used 43172K [0x0000000705e00000, 0x0000000800000000)
  region size 2048K, 2 young (4096K), 2 survivors (4096K)
 Metaspace       used 24947K, committed 25344K, reserved 1114112K
  class space    used 2629K, committed 2880K, reserved 1048576K
}
Event: 2.835 GC heap before
{Heap before GC invocations=8 (full 0):
 garbage-first heap   total 83968K, used 59556K [0x0000000705e00000, 0x0000000800000000)
  region size 2048K, 10 young (20480K), 2 survivors (4096K)
 Metaspace       used 25291K, committed 25728K, reserved 1114112K
  class space    used 2648K, committed 2880K, reserved 1048576K
}
Event: 2.840 GC heap after
{Heap after GC invocations=9 (full 0):
 garbage-first heap   total 122880K, used 46444K [0x0000000705e00000, 0x0000000800000000)
  region size 2048K, 2 young (4096K), 2 survivors (4096K)
 Metaspace       used 25291K, committed 25728K, reserved 1114112K
  class space    used 2648K, committed 2880K, reserved 1048576K
}
Event: 3.240 GC heap before
{Heap before GC invocations=10 (full 0):
 garbage-first heap   total 122880K, used 87404K [0x0000000705e00000, 0x0000000800000000)
  region size 2048K, 22 young (45056K), 2 survivors (4096K)
 Metaspace       used 26910K, committed 27328K, reserved 1114112K
  class space    used 2805K, committed 3008K, reserved 1048576K
}
Event: 3.247 GC heap after
{Heap after GC invocations=11 (full 0):
 garbage-first heap   total 122880K, used 52250K [0x0000000705e00000, 0x0000000800000000)
  region size 2048K, 3 young (6144K), 3 survivors (6144K)
 Metaspace       used 26910K, committed 27328K, reserved 1114112K
  class space    used 2805K, committed 3008K, reserved 1048576K
}
Event: 3.258 GC heap before
{Heap before GC invocations=11 (full 0):
 garbage-first heap   total 122880K, used 54298K [0x0000000705e00000, 0x0000000800000000)
  region size 2048K, 4 young (8192K), 3 survivors (6144K)
 Metaspace       used 26989K, committed 27456K, reserved 1114112K
  class space    used 2819K, committed 3072K, reserved 1048576K
}
Event: 3.263 GC heap after
{Heap after GC invocations=12 (full 0):
 garbage-first heap   total 122880K, used 52254K [0x0000000705e00000, 0x0000000800000000)
  region size 2048K, 1 young (2048K), 1 survivors (2048K)
 Metaspace       used 26989K, committed 27456K, reserved 1114112K
  class space    used 2819K, committed 3072K, reserved 1048576K
}
Event: 3.511 GC heap before
{Heap before GC invocations=12 (full 0):
 garbage-first heap   total 122880K, used 87070K [0x0000000705e00000, 0x0000000800000000)
  region size 2048K, 19 young (38912K), 1 survivors (2048K)
 Metaspace       used 27625K, committed 28096K, reserved 1114112K
  class space    used 2877K, committed 3136K, reserved 1048576K
}
Event: 3.511 GC heap after
{Heap after GC invocations=13 (full 0):
 garbage-first heap   total 122880K, used 51877K [0x0000000705e00000, 0x0000000800000000)
  region size 2048K, 1 young (2048K), 1 survivors (2048K)
 Metaspace       used 27625K, committed 28096K, reserved 1114112K
  class space    used 2877K, committed 3136K, reserved 1048576K
}
Event: 3.580 GC heap before
{Heap before GC invocations=13 (full 0):
 garbage-first heap   total 122880K, used 90789K [0x0000000705e00000, 0x0000000800000000)
  region size 2048K, 20 young (40960K), 1 survivors (2048K)
 Metaspace       used 27712K, committed 28160K, reserved 1114112K
  class space    used 2883K, committed 3136K, reserved 1048576K
}
Event: 3.581 GC heap after
{Heap after GC invocations=14 (full 0):
 garbage-first heap   total 122880K, used 51838K [0x0000000705e00000, 0x0000000800000000)
  region size 2048K, 1 young (2048K), 1 survivors (2048K)
 Metaspace       used 27712K, committed 28160K, reserved 1114112K
  class space    used 2883K, committed 3136K, reserved 1048576K
}
Event: 3.762 GC heap before
{Heap before GC invocations=14 (full 0):
 garbage-first heap   total 122880K, used 90750K [0x0000000705e00000, 0x0000000800000000)
  region size 2048K, 21 young (43008K), 1 survivors (2048K)
 Metaspace       used 28267K, committed 28800K, reserved 1114112K
  class space    used 2956K, committed 3200K, reserved 1048576K
}
Event: 3.764 GC heap after
{Heap after GC invocations=15 (full 0):
 garbage-first heap   total 122880K, used 52418K [0x0000000705e00000, 0x0000000800000000)
  region size 2048K, 1 young (2048K), 1 survivors (2048K)
 Metaspace       used 28267K, committed 28800K, reserved 1114112K
  class space    used 2956K, committed 3200K, reserved 1048576K
}
Event: 3.844 GC heap before
{Heap before GC invocations=15 (full 0):
 garbage-first heap   total 122880K, used 95426K [0x0000000705e00000, 0x0000000800000000)
  region size 2048K, 22 young (45056K), 1 survivors (2048K)
 Metaspace       used 28440K, committed 28992K, reserved 1114112K
  class space    used 2968K, committed 3264K, reserved 1048576K
}
Event: 3.847 GC heap after
{Heap after GC invocations=16 (full 0):
 garbage-first heap   total 122880K, used 53267K [0x0000000705e00000, 0x0000000800000000)
  region size 2048K, 1 young (2048K), 1 survivors (2048K)
 Metaspace       used 28440K, committed 28992K, reserved 1114112K
  class space    used 2968K, committed 3264K, reserved 1048576K
}
Event: 3.916 GC heap before
{Heap before GC invocations=16 (full 0):
 garbage-first heap   total 122880K, used 98323K [0x0000000705e00000, 0x0000000800000000)
  region size 2048K, 23 young (47104K), 1 survivors (2048K)
 Metaspace       used 28577K, committed 29120K, reserved 1114112K
  class space    used 2973K, committed 3264K, reserved 1048576K
}

