# JRE version: Java(TM) SE Runtime Environment (19.0.2+7) (build 19.0.2+7-44)
# Java VM: Java HotSpot(TM) 64-Bit Server VM (19.0.2+7-44, mixed mode, sharing, tiered, compressed oops, compressed class ptrs, g1 gc, windows-amd64)
GC Precious Log:
 CardTable entry size: 512
 Card Set container configuration: InlinePtr #cards 4 size 8 Array Of Cards #cards 16 size 48 Howl #buckets 8 coarsen threshold 3686 Howl Bitmap #cards 512 size 80 coarsen threshold 460 Card regions per heap region 1 cards per card region 4096
 CPUs: 16 total, 16 available
 Memory: 16005M
 Large Page Support: Disabled
 NUMA Support: Disabled
 Compressed Oops: Enabled (Zero based)
 Heap Region Size: 2M
 Heap Min Capacity: 8M
 Heap Initial Capacity: 252M
 Heap Max Capacity: 4002M
 Pre-touch: Disabled
 Parallel Workers: 13
 Concurrent Workers: 3
 Concurrent Refinement Workers: 13
 Periodic GC: Disabled
Heap:
 garbage-first heap   total 147456K, used 91415K [0x0000000705e00000, 0x0000000800000000)
  region size 2048K, 22 young (45056K), 1 survivors (2048K)
 Metaspace       used 27651K, committed 28160K, reserved 1114112K
  class space    used 2872K, committed 3136K, reserved 1048576K
GC Heap History (20 events):
Event: 0.928 GC heap before
{Heap before GC invocations=1 (full 0):
 garbage-first heap   total 258048K, used 38455K [0x0000000705e00000, 0x0000000800000000)
  region size 2048K, 19 young (38912K), 2 survivors (4096K)
 Metaspace       used 10502K, committed 10688K, reserved 1114112K
  class space    used 1226K, committed 1344K, reserved 1048576K
}
Event: 0.931 GC heap after
{Heap after GC invocations=2 (full 0):
 garbage-first heap   total 258048K, used 5656K [0x0000000705e00000, 0x0000000800000000)
  region size 2048K, 2 young (4096K), 2 survivors (4096K)
 Metaspace       used 10502K, committed 10688K, reserved 1114112K
  class space    used 1226K, committed 1344K, reserved 1048576K
}
Event: 2.848 GC heap before
{Heap before GC invocations=2 (full 0):
 garbage-first heap   total 258048K, used 169496K [0x0000000705e00000, 0x0000000800000000)
  region size 2048K, 68 young (139264K), 2 survivors (4096K)
 Metaspace       used 21154K, committed 21504K, reserved 1114112K
  class space    used 2274K, committed 2496K, reserved 1048576K
}
Event: 2.854 GC heap after
{Heap after GC invocations=3 (full 0):
 garbage-first heap   total 258048K, used 15686K [0x0000000705e00000, 0x0000000800000000)
  region size 2048K, 6 young (12288K), 6 survivors (12288K)
 Metaspace       used 21154K, committed 21504K, reserved 1114112K
  class space    used 2274K, committed 2496K, reserved 1048576K
}
Event: 3.159 GC heap before
{Heap before GC invocations=4 (full 0):
 garbage-first heap   total 61440K, used 48454K [0x0000000705e00000, 0x0000000800000000)
  region size 2048K, 22 young (45056K), 6 survivors (12288K)
 Metaspace       used 23641K, committed 24000K, reserved 1114112K
  class space    used 2495K, committed 2688K, reserved 1048576K
}
Event: 3.168 GC heap after
{Heap after GC invocations=5 (full 0):
 garbage-first heap   total 73728K, used 26610K [0x0000000705e00000, 0x0000000800000000)
  region size 2048K, 3 young (6144K), 3 survivors (6144K)
 Metaspace       used 23641K, committed 24000K, reserved 1114112K
  class space    used 2495K, committed 2688K, reserved 1048576K
}
Event: 3.176 GC heap before
{Heap before GC invocations=5 (full 0):
 garbage-first heap   total 73728K, used 28658K [0x0000000705e00000, 0x0000000800000000)
  region size 2048K, 4 young (8192K), 3 survivors (6144K)
 Metaspace       used 23641K, committed 24000K, reserved 1114112K
  class space    used 2495K, committed 2688K, reserved 1048576K
}
Event: 3.180 GC heap after
{Heap after GC invocations=6 (full 0):
 garbage-first heap   total 73728K, used 28911K [0x0000000705e00000, 0x0000000800000000)
  region size 2048K, 1 young (2048K), 1 survivors (2048K)
 Metaspace       used 23641K, committed 24000K, reserved 1114112K
  class space    used 2495K, committed 2688K, reserved 1048576K
}
Event: 3.569 GC heap before
{Heap before GC invocations=6 (full 0):
 garbage-first heap   total 73728K, used 51439K [0x0000000705e00000, 0x0000000800000000)
  region size 2048K, 12 young (24576K), 1 survivors (2048K)
 Metaspace       used 24414K, committed 24768K, reserved 1114112K
  class space    used 2578K, committed 2752K, reserved 1048576K
}
Event: 3.573 GC heap after
{Heap after GC invocations=7 (full 0):
 garbage-first heap   total 73728K, used 35582K [0x0000000705e00000, 0x0000000800000000)
  region size 2048K, 2 young (4096K), 2 survivors (4096K)
 Metaspace       used 24414K, committed 24768K, reserved 1114112K
  class space    used 2578K, committed 2752K, reserved 1048576K
}
Event: 3.730 GC heap before
{Heap before GC invocations=7 (full 0):
 garbage-first heap   total 73728K, used 51966K [0x0000000705e00000, 0x0000000800000000)
  region size 2048K, 10 young (20480K), 2 survivors (4096K)
 Metaspace       used 24430K, committed 24768K, reserved 1114112K
  class space    used 2578K, committed 2752K, reserved 1048576K
}
Event: 3.734 GC heap after
{Heap after GC invocations=8 (full 0):
 garbage-first heap   total 73728K, used 40591K [0x0000000705e00000, 0x0000000800000000)
  region size 2048K, 2 young (4096K), 2 survivors (4096K)
 Metaspace       used 24430K, committed 24768K, reserved 1114112K
  class space    used 2578K, committed 2752K, reserved 1048576K
}
Event: 3.844 GC heap before
{Heap before GC invocations=8 (full 0):
 garbage-first heap   total 73728K, used 52879K [0x0000000705e00000, 0x0000000800000000)
  region size 2048K, 8 young (16384K), 2 survivors (4096K)
 Metaspace       used 24860K, committed 25216K, reserved 1114112K
  class space    used 2619K, committed 2816K, reserved 1048576K
}
Event: 3.848 GC heap after
{Heap after GC invocations=9 (full 0):
 garbage-first heap   total 147456K, used 42906K [0x0000000705e00000, 0x0000000800000000)
  region size 2048K, 1 young (2048K), 1 survivors (2048K)
 Metaspace       used 24860K, committed 25216K, reserved 1114112K
  class space    used 2619K, committed 2816K, reserved 1048576K
}
Event: 4.270 GC heap before
{Heap before GC invocations=10 (full 0):
 garbage-first heap   total 147456K, used 94106K [0x0000000705e00000, 0x0000000800000000)
  region size 2048K, 26 young (53248K), 1 survivors (2048K)
 Metaspace       used 26163K, committed 26560K, reserved 1114112K
  class space    used 2708K, committed 2944K, reserved 1048576K
}
Event: 4.278 GC heap after
{Heap after GC invocations=11 (full 0):
 garbage-first heap   total 147456K, used 52381K [0x0000000705e00000, 0x0000000800000000)
  region size 2048K, 4 young (8192K), 4 survivors (8192K)
 Metaspace       used 26163K, committed 26560K, reserved 1114112K
  class space    used 2708K, committed 2944K, reserved 1048576K
}
Event: 4.296 GC heap before
{Heap before GC invocations=11 (full 0):
 garbage-first heap   total 147456K, used 54429K [0x0000000705e00000, 0x0000000800000000)
  region size 2048K, 5 young (10240K), 4 survivors (8192K)
 Metaspace       used 26314K, committed 26752K, reserved 1114112K
  class space    used 2724K, committed 2944K, reserved 1048576K
}
Event: 4.302 GC heap after
{Heap after GC invocations=12 (full 0):
 garbage-first heap   total 147456K, used 53156K [0x0000000705e00000, 0x0000000800000000)
  region size 2048K, 1 young (2048K), 1 survivors (2048K)
 Metaspace       used 26314K, committed 26752K, reserved 1114112K
  class space    used 2724K, committed 2944K, reserved 1048576K
}
Event: 4.670 GC heap before
{Heap before GC invocations=12 (full 0):
 garbage-first heap   total 147456K, used 98212K [0x0000000705e00000, 0x0000000800000000)
  region size 2048K, 24 young (49152K), 1 survivors (2048K)
 Metaspace       used 27568K, committed 28032K, reserved 1114112K
  class space    used 2868K, committed 3136K, reserved 1048576K
}
Event: 4.672 GC heap after
{Heap after GC invocations=13 (full 0):
 garbage-first heap   total 147456K, used 52503K [0x0000000705e00000, 0x0000000800000000)
  region size 2048K, 1 young (2048K), 1 survivors (2048K)
 Metaspace       used 27568K, committed 28032K, reserved 1114112K
  class space    used 2868K, committed 3136K, reserved 1048576K
}

