# JRE version: Java(TM) SE Runtime Environment (19.0.2+7) (build 19.0.2+7-44)
# Java VM: Java HotSpot(TM) 64-Bit Server VM (19.0.2+7-44, mixed mode, sharing, tiered, compressed oops, compressed class ptrs, g1 gc, windows-amd64)
GC Precious Log:
 CardTable entry size: 512
 Card Set container configuration: InlinePtr #cards 4 size 8 Array Of Cards #cards 16 size 48 Howl #buckets 8 coarsen threshold 3686 Howl Bitmap #cards 512 size 80 coarsen threshold 460 Card regions per heap region 1 cards per card region 4096
 CPUs: 16 total, 16 available
 Memory: 16005M
 Large Page Support: Disabled
 NUMA Support: Disabled
 Compressed Oops: Enabled (Zero based)
 Heap Region Size: 2M
 Heap Min Capacity: 8M
 Heap Initial Capacity: 252M
 Heap Max Capacity: 4002M
 Pre-touch: Disabled
 Parallel Workers: 13
 Concurrent Workers: 3
 Concurrent Refinement Workers: 13
 Periodic GC: Disabled
Heap:
 garbage-first heap   total 159744K, used 54927K [0x0000000705e00000, 0x0000000800000000)
  region size 2048K, 2 young (4096K), 2 survivors (4096K)
 Metaspace       used 28761K, committed 29312K, reserved 1114112K
  class space    used 2968K, committed 3264K, reserved 1048576K
GC Heap History (20 events):
Event: 3.205 GC heap after
{Heap after GC invocations=7 (full 0):
 garbage-first heap   total 73728K, used 34816K [0x0000000705e00000, 0x0000000800000000)
  region size 2048K, 2 young (4096K), 2 survivors (4096K)
 Metaspace       used 24453K, committed 24832K, reserved 1114112K
  class space    used 2580K, committed 2752K, reserved 1048576K
}
Event: 3.318 GC heap before
{Heap before GC invocations=7 (full 0):
 garbage-first heap   total 73728K, used 49152K [0x0000000705e00000, 0x0000000800000000)
  region size 2048K, 10 young (20480K), 2 survivors (4096K)
 Metaspace       used 24640K, committed 24960K, reserved 1114112K
  class space    used 2600K, committed 2752K, reserved 1048576K
}
Event: 3.322 GC heap after
{Heap after GC invocations=8 (full 0):
 garbage-first heap   total 73728K, used 38876K [0x0000000705e00000, 0x0000000800000000)
  region size 2048K, 2 young (4096K), 2 survivors (4096K)
 Metaspace       used 24640K, committed 24960K, reserved 1114112K
  class space    used 2600K, committed 2752K, reserved 1048576K
}
Event: 3.387 GC heap before
{Heap before GC invocations=8 (full 0):
 garbage-first heap   total 73728K, used 51164K [0x0000000705e00000, 0x0000000800000000)
  region size 2048K, 9 young (18432K), 2 survivors (4096K)
 Metaspace       used 24960K, committed 25344K, reserved 1114112K
  class space    used 2637K, committed 2880K, reserved 1048576K
}
Event: 3.391 GC heap after
{Heap after GC invocations=9 (full 0):
 garbage-first heap   total 73728K, used 41931K [0x0000000705e00000, 0x0000000800000000)
  region size 2048K, 2 young (4096K), 2 survivors (4096K)
 Metaspace       used 24960K, committed 25344K, reserved 1114112K
  class space    used 2637K, committed 2880K, reserved 1048576K
}
Event: 3.439 GC heap before
{Heap before GC invocations=10 (full 0):
 garbage-first heap   total 79872K, used 52171K [0x0000000705e00000, 0x0000000800000000)
  region size 2048K, 7 young (14336K), 2 survivors (4096K)
 Metaspace       used 25108K, committed 25536K, reserved 1114112K
  class space    used 2639K, committed 2880K, reserved 1048576K
}
Event: 3.442 GC heap after
{Heap after GC invocations=11 (full 0):
 garbage-first heap   total 79872K, used 44091K [0x0000000705e00000, 0x0000000800000000)
  region size 2048K, 1 young (2048K), 1 survivors (2048K)
 Metaspace       used 25108K, committed 25536K, reserved 1114112K
  class space    used 2639K, committed 2880K, reserved 1048576K
}
Event: 3.451 GC heap before
{Heap before GC invocations=11 (full 0):
 garbage-first heap   total 79872K, used 46139K [0x0000000705e00000, 0x0000000800000000)
  region size 2048K, 2 young (4096K), 1 survivors (2048K)
 Metaspace       used 25153K, committed 25600K, reserved 1114112K
  class space    used 2640K, committed 2880K, reserved 1048576K
}
Event: 3.454 GC heap after
{Heap after GC invocations=12 (full 0):
 garbage-first heap   total 159744K, used 43892K [0x0000000705e00000, 0x0000000800000000)
  region size 2048K, 1 young (2048K), 1 survivors (2048K)
 Metaspace       used 25153K, committed 25600K, reserved 1114112K
  class space    used 2640K, committed 2880K, reserved 1048576K
}
Event: 4.117 GC heap before
{Heap before GC invocations=12 (full 0):
 garbage-first heap   total 159744K, used 111476K [0x0000000705e00000, 0x0000000800000000)
  region size 2048K, 34 young (69632K), 1 survivors (2048K)
 Metaspace       used 27496K, committed 27904K, reserved 1114112K
  class space    used 2862K, committed 3072K, reserved 1048576K
}
Event: 4.123 GC heap after
{Heap after GC invocations=13 (full 0):
 garbage-first heap   total 159744K, used 51920K [0x0000000705e00000, 0x0000000800000000)
  region size 2048K, 4 young (8192K), 4 survivors (8192K)
 Metaspace       used 27496K, committed 27904K, reserved 1114112K
  class space    used 2862K, committed 3072K, reserved 1048576K
}
Event: 4.241 GC heap before
{Heap before GC invocations=13 (full 0):
 garbage-first heap   total 159744K, used 115408K [0x0000000705e00000, 0x0000000800000000)
  region size 2048K, 35 young (71680K), 4 survivors (8192K)
 Metaspace       used 27641K, committed 28096K, reserved 1114112K
  class space    used 2872K, committed 3072K, reserved 1048576K
}
Event: 4.245 GC heap after
{Heap after GC invocations=14 (full 0):
 garbage-first heap   total 159744K, used 51952K [0x0000000705e00000, 0x0000000800000000)
  region size 2048K, 1 young (2048K), 1 survivors (2048K)
 Metaspace       used 27641K, committed 28096K, reserved 1114112K
  class space    used 2872K, committed 3072K, reserved 1048576K
}
Event: 4.505 GC heap before
{Heap before GC invocations=14 (full 0):
 garbage-first heap   total 159744K, used 119536K [0x0000000705e00000, 0x0000000800000000)
  region size 2048K, 34 young (69632K), 1 survivors (2048K)
 Metaspace       used 28387K, committed 28928K, reserved 1114112K
  class space    used 2961K, committed 3264K, reserved 1048576K
}
Event: 4.507 GC heap after
{Heap after GC invocations=15 (full 0):
 garbage-first heap   total 159744K, used 52540K [0x0000000705e00000, 0x0000000800000000)
  region size 2048K, 1 young (2048K), 1 survivors (2048K)
 Metaspace       used 28387K, committed 28928K, reserved 1114112K
  class space    used 2961K, committed 3264K, reserved 1048576K
}
Event: 4.603 GC heap before
{Heap before GC invocations=15 (full 0):
 garbage-first heap   total 159744K, used 124220K [0x0000000705e00000, 0x0000000800000000)
  region size 2048K, 36 young (73728K), 1 survivors (2048K)
 Metaspace       used 28539K, committed 29120K, reserved 1114112K
  class space    used 2965K, committed 3264K, reserved 1048576K
}
Event: 4.605 GC heap after
{Heap after GC invocations=16 (full 0):
 garbage-first heap   total 159744K, used 53408K [0x0000000705e00000, 0x0000000800000000)
  region size 2048K, 2 young (4096K), 2 survivors (4096K)
 Metaspace       used 28539K, committed 29120K, reserved 1114112K
  class space    used 2965K, committed 3264K, reserved 1048576K
}
Event: 4.765 GC heap before
{Heap before GC invocations=16 (full 0):
 garbage-first heap   total 159744K, used 125088K [0x0000000705e00000, 0x0000000800000000)
  region size 2048K, 37 young (75776K), 2 survivors (4096K)
 Metaspace       used 28688K, committed 29248K, reserved 1114112K
  class space    used 2968K, committed 3264K, reserved 1048576K
}
Event: 4.770 GC heap after
{Heap after GC invocations=17 (full 0):
 garbage-first heap   total 159744K, used 54748K [0x0000000705e00000, 0x0000000800000000)
  region size 2048K, 2 young (4096K), 2 survivors (4096K)
 Metaspace       used 28688K, committed 29248K, reserved 1114112K
  class space    used 2968K, committed 3264K, reserved 1048576K
}
Event: 4.898 GC heap before
{Heap before GC invocations=17 (full 0):
 garbage-first heap   total 159744K, used 128476K [0x0000000705e00000, 0x0000000800000000)
  region size 2048K, 38 young (77824K), 2 survivors (4096K)
 Metaspace       used 28761K, committed 29312K, reserved 1114112K
  class space    used 2968K, committed 3264K, reserved 1048576K
}

