# JRE version: Java(TM) SE Runtime Environment (19.0.2+7) (build 19.0.2+7-44)
# Java VM: Java HotSpot(TM) 64-Bit Server VM (19.0.2+7-44, mixed mode, sharing, tiered, compressed oops, compressed class ptrs, g1 gc, windows-amd64)
GC Precious Log:
 CardTable entry size: 512
 Card Set container configuration: InlinePtr #cards 4 size 8 Array Of Cards #cards 16 size 48 Howl #buckets 8 coarsen threshold 3686 Howl Bitmap #cards 512 size 80 coarsen threshold 460 Card regions per heap region 1 cards per card region 4096
 CPUs: 16 total, 16 available
 Memory: 16005M
 Large Page Support: Disabled
 NUMA Support: Disabled
 Compressed Oops: Enabled (Zero based)
 Heap Region Size: 2M
 Heap Min Capacity: 8M
 Heap Initial Capacity: 252M
 Heap Max Capacity: 4002M
 Pre-touch: Disabled
 Parallel Workers: 13
 Concurrent Workers: 3
 Concurrent Refinement Workers: 13
 Periodic GC: Disabled
Heap:
 garbage-first heap   total 135168K, used 73280K [0x0000000705e00000, 0x0000000800000000)
  region size 2048K, 14 young (28672K), 1 survivors (2048K)
 Metaspace       used 27886K, committed 28352K, reserved 1114112K
  class space    used 2910K, committed 3136K, reserved 1048576K
GC Heap History (20 events):
Event: 2.056 GC heap before
{Heap before GC invocations=2 (full 0):
 garbage-first heap   total 258048K, used 171750K [0x0000000705e00000, 0x0000000800000000)
  region size 2048K, 68 young (139264K), 2 survivors (4096K)
 Metaspace       used 21151K, committed 21504K, reserved 1114112K
  class space    used 2273K, committed 2496K, reserved 1048576K
}
Event: 2.061 GC heap after
{Heap after GC invocations=3 (full 0):
 garbage-first heap   total 258048K, used 15779K [0x0000000705e00000, 0x0000000800000000)
  region size 2048K, 7 young (14336K), 7 survivors (14336K)
 Metaspace       used 21151K, committed 21504K, reserved 1114112K
  class space    used 2273K, committed 2496K, reserved 1048576K
}
Event: 2.399 GC heap before
{Heap before GC invocations=4 (full 0):
 garbage-first heap   total 69632K, used 54691K [0x0000000705e00000, 0x0000000800000000)
  region size 2048K, 26 young (53248K), 7 survivors (14336K)
 Metaspace       used 23969K, committed 24320K, reserved 1114112K
  class space    used 2536K, committed 2688K, reserved 1048576K
}
Event: 2.407 GC heap after
{Heap after GC invocations=5 (full 0):
 garbage-first heap   total 81920K, used 27929K [0x0000000705e00000, 0x0000000800000000)
  region size 2048K, 4 young (8192K), 4 survivors (8192K)
 Metaspace       used 23969K, committed 24320K, reserved 1114112K
  class space    used 2536K, committed 2688K, reserved 1048576K
}
Event: 2.450 GC heap before
{Heap before GC invocations=5 (full 0):
 garbage-first heap   total 81920K, used 29977K [0x0000000705e00000, 0x0000000800000000)
  region size 2048K, 5 young (10240K), 4 survivors (8192K)
 Metaspace       used 24389K, committed 24704K, reserved 1114112K
  class space    used 2579K, committed 2752K, reserved 1048576K
}
Event: 2.453 GC heap after
{Heap after GC invocations=6 (full 0):
 garbage-first heap   total 81920K, used 29843K [0x0000000705e00000, 0x0000000800000000)
  region size 2048K, 1 young (2048K), 1 survivors (2048K)
 Metaspace       used 24389K, committed 24704K, reserved 1114112K
  class space    used 2579K, committed 2752K, reserved 1048576K
}
Event: 2.649 GC heap before
{Heap before GC invocations=6 (full 0):
 garbage-first heap   total 81920K, used 56467K [0x0000000705e00000, 0x0000000800000000)
  region size 2048K, 15 young (30720K), 1 survivors (2048K)
 Metaspace       used 24460K, committed 24832K, reserved 1114112K
  class space    used 2579K, committed 2752K, reserved 1048576K
}
Event: 2.653 GC heap after
{Heap after GC invocations=7 (full 0):
 garbage-first heap   total 81920K, used 38477K [0x0000000705e00000, 0x0000000800000000)
  region size 2048K, 2 young (4096K), 2 survivors (4096K)
 Metaspace       used 24460K, committed 24832K, reserved 1114112K
  class space    used 2579K, committed 2752K, reserved 1048576K
}
Event: 2.770 GC heap before
{Heap before GC invocations=7 (full 0):
 garbage-first heap   total 81920K, used 58957K [0x0000000705e00000, 0x0000000800000000)
  region size 2048K, 12 young (24576K), 2 survivors (4096K)
 Metaspace       used 24957K, committed 25344K, reserved 1114112K
  class space    used 2636K, committed 2880K, reserved 1048576K
}
Event: 2.775 GC heap after
{Heap after GC invocations=8 (full 0):
 garbage-first heap   total 108544K, used 42498K [0x0000000705e00000, 0x0000000800000000)
  region size 2048K, 2 young (4096K), 2 survivors (4096K)
 Metaspace       used 24957K, committed 25344K, reserved 1114112K
  class space    used 2636K, committed 2880K, reserved 1048576K
}
Event: 2.939 GC heap before
{Heap before GC invocations=8 (full 0):
 garbage-first heap   total 108544K, used 75266K [0x0000000705e00000, 0x0000000800000000)
  region size 2048K, 18 young (36864K), 2 survivors (4096K)
 Metaspace       used 25379K, committed 25792K, reserved 1114112K
  class space    used 2644K, committed 2880K, reserved 1048576K
}
Event: 2.947 GC heap after
{Heap after GC invocations=9 (full 0):
 garbage-first heap   total 108544K, used 50246K [0x0000000705e00000, 0x0000000800000000)
  region size 2048K, 3 young (6144K), 3 survivors (6144K)
 Metaspace       used 25379K, committed 25792K, reserved 1114112K
  class space    used 2644K, committed 2880K, reserved 1048576K
}
Event: 3.302 GC heap before
{Heap before GC invocations=9 (full 0):
 garbage-first heap   total 108544K, used 76870K [0x0000000705e00000, 0x0000000800000000)
  region size 2048K, 17 young (34816K), 3 survivors (6144K)
 Metaspace       used 27136K, committed 27584K, reserved 1114112K
  class space    used 2828K, committed 3072K, reserved 1048576K
}
Event: 3.308 GC heap after
{Heap after GC invocations=10 (full 0):
 garbage-first heap   total 108544K, used 52128K [0x0000000705e00000, 0x0000000800000000)
  region size 2048K, 1 young (2048K), 1 survivors (2048K)
 Metaspace       used 27136K, committed 27584K, reserved 1114112K
  class space    used 2828K, committed 3072K, reserved 1048576K
}
Event: 3.483 GC heap before
{Heap before GC invocations=10 (full 0):
 garbage-first heap   total 108544K, used 80800K [0x0000000705e00000, 0x0000000800000000)
  region size 2048K, 15 young (30720K), 1 survivors (2048K)
 Metaspace       used 27574K, committed 28032K, reserved 1114112K
  class space    used 2865K, committed 3072K, reserved 1048576K
}
Event: 3.486 GC heap after
{Heap after GC invocations=11 (full 0):
 garbage-first heap   total 108544K, used 52264K [0x0000000705e00000, 0x0000000800000000)
  region size 2048K, 2 young (4096K), 2 survivors (4096K)
 Metaspace       used 27574K, committed 28032K, reserved 1114112K
  class space    used 2865K, committed 3072K, reserved 1048576K
}
Event: 3.556 GC heap before
{Heap before GC invocations=12 (full 0):
 garbage-first heap   total 108544K, used 80936K [0x0000000705e00000, 0x0000000800000000)
  region size 2048K, 16 young (32768K), 2 survivors (4096K)
 Metaspace       used 27637K, committed 28096K, reserved 1114112K
  class space    used 2869K, committed 3136K, reserved 1048576K
}
Event: 3.559 GC heap after
{Heap after GC invocations=13 (full 0):
 garbage-first heap   total 135168K, used 51674K [0x0000000705e00000, 0x0000000800000000)
  region size 2048K, 1 young (2048K), 1 survivors (2048K)
 Metaspace       used 27637K, committed 28096K, reserved 1114112K
  class space    used 2869K, committed 3136K, reserved 1048576K
}
Event: 3.567 GC heap before
{Heap before GC invocations=13 (full 0):
 garbage-first heap   total 135168K, used 55770K [0x0000000705e00000, 0x0000000800000000)
  region size 2048K, 3 young (6144K), 1 survivors (2048K)
 Metaspace       used 27646K, committed 28160K, reserved 1114112K
  class space    used 2871K, committed 3136K, reserved 1048576K
}
Event: 3.570 GC heap after
{Heap after GC invocations=14 (full 0):
 garbage-first heap   total 135168K, used 50752K [0x0000000705e00000, 0x0000000800000000)
  region size 2048K, 1 young (2048K), 1 survivors (2048K)
 Metaspace       used 27646K, committed 28160K, reserved 1114112K
  class space    used 2871K, committed 3136K, reserved 1048576K
}

