# JRE version: Java(TM) SE Runtime Environment (19.0.2+7) (build 19.0.2+7-44)
# Java VM: Java HotSpot(TM) 64-Bit Server VM (19.0.2+7-44, mixed mode, sharing, tiered, compressed oops, compressed class ptrs, g1 gc, windows-amd64)
GC Precious Log:
 CardTable entry size: 512
 Card Set container configuration: InlinePtr #cards 4 size 8 Array Of Cards #cards 16 size 48 Howl #buckets 8 coarsen threshold 3686 Howl Bitmap #cards 512 size 80 coarsen threshold 460 Card regions per heap region 1 cards per card region 4096
 CPUs: 16 total, 16 available
 Memory: 16005M
 Large Page Support: Disabled
 NUMA Support: Disabled
 Compressed Oops: Enabled (Zero based)
 Heap Region Size: 2M
 Heap Min Capacity: 8M
 Heap Initial Capacity: 252M
 Heap Max Capacity: 4002M
 Pre-touch: Disabled
 Parallel Workers: 13
 Concurrent Workers: 3
 Concurrent Refinement Workers: 13
 Periodic GC: Disabled
Heap:
 garbage-first heap   total 174080K, used 96281K [0x0000000705e00000, 0x0000000800000000)
  region size 2048K, 10 young (20480K), 3 survivors (6144K)
 Metaspace       used 35978K, committed 36672K, reserved 1114112K
  class space    used 3719K, committed 4096K, reserved 1048576K
GC Heap History (20 events):
Event: 3.531 GC heap before
{Heap before GC invocations=11 (full 0):
 garbage-first heap   total 118784K, used 90056K [0x0000000705e00000, 0x0000000800000000)
  region size 2048K, 20 young (40960K), 1 survivors (2048K)
 Metaspace       used 27728K, committed 28224K, reserved 1114112K
  class space    used 2888K, committed 3136K, reserved 1048576K
}
Event: 3.532 GC heap after
{Heap after GC invocations=12 (full 0):
 garbage-first heap   total 143360K, used 51212K [0x0000000705e00000, 0x0000000800000000)
  region size 2048K, 1 young (2048K), 1 survivors (2048K)
 Metaspace       used 27728K, committed 28224K, reserved 1114112K
  class space    used 2888K, committed 3136K, reserved 1048576K
}
Event: 3.756 GC heap before
{Heap before GC invocations=12 (full 0):
 garbage-first heap   total 143360K, used 110604K [0x0000000705e00000, 0x0000000800000000)
  region size 2048K, 30 young (61440K), 1 survivors (2048K)
 Metaspace       used 28391K, committed 28928K, reserved 1114112K
  class space    used 2968K, committed 3264K, reserved 1048576K
}
Event: 3.758 GC heap after
{Heap after GC invocations=13 (full 0):
 garbage-first heap   total 143360K, used 52529K [0x0000000705e00000, 0x0000000800000000)
  region size 2048K, 2 young (4096K), 2 survivors (4096K)
 Metaspace       used 28391K, committed 28928K, reserved 1114112K
  class space    used 2968K, committed 3264K, reserved 1048576K
}
Event: 3.855 GC heap before
{Heap before GC invocations=13 (full 0):
 garbage-first heap   total 143360K, used 113969K [0x0000000705e00000, 0x0000000800000000)
  region size 2048K, 32 young (65536K), 2 survivors (4096K)
 Metaspace       used 28540K, committed 29120K, reserved 1114112K
  class space    used 2971K, committed 3264K, reserved 1048576K
}
Event: 3.857 GC heap after
{Heap after GC invocations=14 (full 0):
 garbage-first heap   total 143360K, used 53537K [0x0000000705e00000, 0x0000000800000000)
  region size 2048K, 2 young (4096K), 2 survivors (4096K)
 Metaspace       used 28540K, committed 29120K, reserved 1114112K
  class space    used 2971K, committed 3264K, reserved 1048576K
}
Event: 3.963 GC heap before
{Heap before GC invocations=14 (full 0):
 garbage-first heap   total 143360K, used 114977K [0x0000000705e00000, 0x0000000800000000)
  region size 2048K, 32 young (65536K), 2 survivors (4096K)
 Metaspace       used 28624K, committed 29184K, reserved 1114112K
  class space    used 2975K, committed 3264K, reserved 1048576K
}
Event: 3.967 GC heap after
{Heap after GC invocations=15 (full 0):
 garbage-first heap   total 143360K, used 54524K [0x0000000705e00000, 0x0000000800000000)
  region size 2048K, 2 young (4096K), 2 survivors (4096K)
 Metaspace       used 28624K, committed 29184K, reserved 1114112K
  class space    used 2975K, committed 3264K, reserved 1048576K
}
Event: 4.107 GC heap before
{Heap before GC invocations=15 (full 0):
 garbage-first heap   total 143360K, used 118012K [0x0000000705e00000, 0x0000000800000000)
  region size 2048K, 33 young (67584K), 2 survivors (4096K)
 Metaspace       used 28730K, committed 29312K, reserved 1114112K
  class space    used 2975K, committed 3264K, reserved 1048576K
}
Event: 4.111 GC heap after
{Heap after GC invocations=16 (full 0):
 garbage-first heap   total 143360K, used 55009K [0x0000000705e00000, 0x0000000800000000)
  region size 2048K, 3 young (6144K), 3 survivors (6144K)
 Metaspace       used 28730K, committed 29312K, reserved 1114112K
  class space    used 2975K, committed 3264K, reserved 1048576K
}
Event: 4.487 GC heap before
{Heap before GC invocations=16 (full 0):
 garbage-first heap   total 143360K, used 118497K [0x0000000705e00000, 0x0000000800000000)
  region size 2048K, 34 young (69632K), 3 survivors (6144K)
 Metaspace       used 29951K, committed 30528K, reserved 1114112K
  class space    used 3135K, committed 3392K, reserved 1048576K
}
Event: 4.492 GC heap after
{Heap after GC invocations=17 (full 0):
 garbage-first heap   total 174080K, used 55337K [0x0000000705e00000, 0x0000000800000000)
  region size 2048K, 3 young (6144K), 3 survivors (6144K)
 Metaspace       used 29951K, committed 30528K, reserved 1114112K
  class space    used 3135K, committed 3392K, reserved 1048576K
}
Event: 5.125 GC heap before
{Heap before GC invocations=17 (full 0):
 garbage-first heap   total 174080K, used 143401K [0x0000000705e00000, 0x0000000800000000)
  region size 2048K, 46 young (94208K), 3 survivors (6144K)
 Metaspace       used 31529K, committed 32128K, reserved 1114112K
  class space    used 3237K, committed 3520K, reserved 1048576K
}
Event: 5.132 GC heap after
{Heap after GC invocations=18 (full 0):
 garbage-first heap   total 174080K, used 56787K [0x0000000705e00000, 0x0000000800000000)
  region size 2048K, 4 young (8192K), 4 survivors (8192K)
 Metaspace       used 31529K, committed 32128K, reserved 1114112K
  class space    used 3237K, committed 3520K, reserved 1048576K
}
Event: 5.572 GC heap before
{Heap before GC invocations=18 (full 0):
 garbage-first heap   total 174080K, used 146899K [0x0000000705e00000, 0x0000000800000000)
  region size 2048K, 46 young (94208K), 4 survivors (8192K)
 Metaspace       used 31892K, committed 32512K, reserved 1114112K
  class space    used 3254K, committed 3584K, reserved 1048576K
}
Event: 5.578 GC heap after
{Heap after GC invocations=19 (full 0):
 garbage-first heap   total 174080K, used 62454K [0x0000000705e00000, 0x0000000800000000)
  region size 2048K, 5 young (10240K), 5 survivors (10240K)
 Metaspace       used 31892K, committed 32512K, reserved 1114112K
  class space    used 3254K, committed 3584K, reserved 1048576K
}
Event: 6.131 GC heap before
{Heap before GC invocations=19 (full 0):
 garbage-first heap   total 174080K, used 142326K [0x0000000705e00000, 0x0000000800000000)
  region size 2048K, 45 young (92160K), 5 survivors (10240K)
 Metaspace       used 34553K, committed 35200K, reserved 1114112K
  class space    used 3557K, committed 3904K, reserved 1048576K
}
Event: 6.136 GC heap after
{Heap after GC invocations=20 (full 0):
 garbage-first heap   total 174080K, used 78507K [0x0000000705e00000, 0x0000000800000000)
  region size 2048K, 6 young (12288K), 6 survivors (12288K)
 Metaspace       used 34553K, committed 35200K, reserved 1114112K
  class space    used 3557K, committed 3904K, reserved 1048576K
}
Event: 6.368 GC heap before
{Heap before GC invocations=20 (full 0):
 garbage-first heap   total 174080K, used 111275K [0x0000000705e00000, 0x0000000800000000)
  region size 2048K, 24 young (49152K), 6 survivors (12288K)
 Metaspace       used 35462K, committed 36096K, reserved 1114112K
  class space    used 3647K, committed 3968K, reserved 1048576K
}
Event: 6.372 GC heap after
{Heap after GC invocations=21 (full 0):
 garbage-first heap   total 174080K, used 83993K [0x0000000705e00000, 0x0000000800000000)
  region size 2048K, 3 young (6144K), 3 survivors (6144K)
 Metaspace       used 35462K, committed 36096K, reserved 1114112K
  class space    used 3647K, committed 3968K, reserved 1048576K
}

