# JRE version: Java(TM) SE Runtime Environment (19.0.2+7) (build 19.0.2+7-44)
# Java VM: Java HotSpot(TM) 64-Bit Server VM (19.0.2+7-44, mixed mode, sharing, tiered, compressed oops, compressed class ptrs, g1 gc, windows-amd64)
GC Precious Log:
 CardTable entry size: 512
 Card Set container configuration: InlinePtr #cards 4 size 8 Array Of Cards #cards 16 size 48 Howl #buckets 8 coarsen threshold 3686 Howl Bitmap #cards 512 size 80 coarsen threshold 460 Card regions per heap region 1 cards per card region 4096
 CPUs: 16 total, 16 available
 Memory: 16005M
 Large Page Support: Disabled
 NUMA Support: Disabled
 Compressed Oops: Enabled (Zero based)
 Heap Region Size: 2M
 Heap Min Capacity: 8M
 Heap Initial Capacity: 252M
 Heap Max Capacity: 4002M
 Pre-touch: Disabled
 Parallel Workers: 13
 Concurrent Workers: 3
 Concurrent Refinement Workers: 13
 Periodic GC: Disabled
Heap:
 garbage-first heap   total 249856K, used 133716K [0x0000000705e00000, 0x0000000800000000)
  region size 2048K, 43 young (88064K), 6 survivors (12288K)
 Metaspace       used 35760K, committed 36352K, reserved 1114112K
  class space    used 3698K, committed 4032K, reserved 1048576K
GC Heap History (20 events):
Event: 4.448 GC heap before
{Heap before GC invocations=11 (full 0):
 garbage-first heap   total 98304K, used 42782K [0x0000000705e00000, 0x0000000800000000)
  region size 2048K, 3 young (6144K), 2 survivors (4096K)
 Metaspace       used 25211K, committed 25664K, reserved 1114112K
  class space    used 2643K, committed 2880K, reserved 1048576K
}
Event: 4.452 GC heap after
{Heap after GC invocations=12 (full 0):
 garbage-first heap   total 98304K, used 42840K [0x0000000705e00000, 0x0000000800000000)
  region size 2048K, 1 young (2048K), 1 survivors (2048K)
 Metaspace       used 25211K, committed 25664K, reserved 1114112K
  class space    used 2643K, committed 2880K, reserved 1048576K
}
Event: 4.584 GC heap before
{Heap before GC invocations=12 (full 0):
 garbage-first heap   total 98304K, used 67416K [0x0000000705e00000, 0x0000000800000000)
  region size 2048K, 12 young (24576K), 1 survivors (2048K)
 Metaspace       used 25339K, committed 25792K, reserved 1114112K
  class space    used 2644K, committed 2880K, reserved 1048576K
}
Event: 4.589 GC heap after
{Heap after GC invocations=13 (full 0):
 garbage-first heap   total 98304K, used 48685K [0x0000000705e00000, 0x0000000800000000)
  region size 2048K, 2 young (4096K), 2 survivors (4096K)
 Metaspace       used 25339K, committed 25792K, reserved 1114112K
  class space    used 2644K, committed 2880K, reserved 1048576K
}
Event: 4.875 GC heap before
{Heap before GC invocations=13 (full 0):
 garbage-first heap   total 98304K, used 67117K [0x0000000705e00000, 0x0000000800000000)
  region size 2048K, 12 young (24576K), 2 survivors (4096K)
 Metaspace       used 26803K, committed 27200K, reserved 1114112K
  class space    used 2796K, committed 3008K, reserved 1048576K
}
Event: 4.880 GC heap after
{Heap after GC invocations=14 (full 0):
 garbage-first heap   total 98304K, used 50034K [0x0000000705e00000, 0x0000000800000000)
  region size 2048K, 1 young (2048K), 1 survivors (2048K)
 Metaspace       used 26803K, committed 27200K, reserved 1114112K
  class space    used 2796K, committed 3008K, reserved 1048576K
}
Event: 5.075 GC heap before
{Heap before GC invocations=15 (full 0):
 garbage-first heap   total 98304K, used 72562K [0x0000000705e00000, 0x0000000800000000)
  region size 2048K, 12 young (24576K), 1 survivors (2048K)
 Metaspace       used 27459K, committed 27840K, reserved 1114112K
  class space    used 2864K, committed 3072K, reserved 1048576K
}
Event: 5.078 GC heap after
{Heap after GC invocations=16 (full 0):
 garbage-first heap   total 196608K, used 50054K [0x0000000705e00000, 0x0000000800000000)
  region size 2048K, 1 young (2048K), 1 survivors (2048K)
 Metaspace       used 27459K, committed 27840K, reserved 1114112K
  class space    used 2864K, committed 3072K, reserved 1048576K
}
Event: 5.098 GC heap before
{Heap before GC invocations=16 (full 0):
 garbage-first heap   total 196608K, used 56198K [0x0000000705e00000, 0x0000000800000000)
  region size 2048K, 4 young (8192K), 1 survivors (2048K)
 Metaspace       used 27501K, committed 27968K, reserved 1114112K
  class space    used 2865K, committed 3072K, reserved 1048576K
}
Event: 5.100 GC heap after
{Heap after GC invocations=17 (full 0):
 garbage-first heap   total 196608K, used 49447K [0x0000000705e00000, 0x0000000800000000)
  region size 2048K, 1 young (2048K), 1 survivors (2048K)
 Metaspace       used 27501K, committed 27968K, reserved 1114112K
  class space    used 2865K, committed 3072K, reserved 1048576K
}
Event: 5.453 GC heap before
{Heap before GC invocations=17 (full 0):
 garbage-first heap   total 196608K, used 129319K [0x0000000705e00000, 0x0000000800000000)
  region size 2048K, 41 young (83968K), 1 survivors (2048K)
 Metaspace       used 28253K, committed 28736K, reserved 1114112K
  class space    used 2954K, committed 3200K, reserved 1048576K
}
Event: 5.455 GC heap after
{Heap after GC invocations=18 (full 0):
 garbage-first heap   total 196608K, used 50217K [0x0000000705e00000, 0x0000000800000000)
  region size 2048K, 1 young (2048K), 1 survivors (2048K)
 Metaspace       used 28253K, committed 28736K, reserved 1114112K
  class space    used 2954K, committed 3200K, reserved 1048576K
}
Event: 5.599 GC heap before
{Heap before GC invocations=18 (full 0):
 garbage-first heap   total 196608K, used 138281K [0x0000000705e00000, 0x0000000800000000)
  region size 2048K, 44 young (90112K), 1 survivors (2048K)
 Metaspace       used 28474K, committed 28992K, reserved 1114112K
  class space    used 2965K, committed 3264K, reserved 1048576K
}
Event: 5.602 GC heap after
{Heap after GC invocations=19 (full 0):
 garbage-first heap   total 196608K, used 51398K [0x0000000705e00000, 0x0000000800000000)
  region size 2048K, 2 young (4096K), 2 survivors (4096K)
 Metaspace       used 28474K, committed 28992K, reserved 1114112K
  class space    used 2965K, committed 3264K, reserved 1048576K
}
Event: 5.781 GC heap before
{Heap before GC invocations=19 (full 0):
 garbage-first heap   total 196608K, used 143558K [0x0000000705e00000, 0x0000000800000000)
  region size 2048K, 47 young (96256K), 2 survivors (4096K)
 Metaspace       used 28639K, committed 29184K, reserved 1114112K
  class space    used 2967K, committed 3264K, reserved 1048576K
}
Event: 5.785 GC heap after
{Heap after GC invocations=20 (full 0):
 garbage-first heap   total 196608K, used 52795K [0x0000000705e00000, 0x0000000800000000)
  region size 2048K, 2 young (4096K), 2 survivors (4096K)
 Metaspace       used 28639K, committed 29184K, reserved 1114112K
  class space    used 2967K, committed 3264K, reserved 1048576K
}
Event: 6.684 GC heap before
{Heap before GC invocations=20 (full 0):
 garbage-first heap   total 196608K, used 149051K [0x0000000705e00000, 0x0000000800000000)
  region size 2048K, 49 young (100352K), 2 survivors (4096K)
 Metaspace       used 31285K, committed 31872K, reserved 1114112K
  class space    used 3219K, committed 3520K, reserved 1048576K
}
Event: 6.690 GC heap after
{Heap after GC invocations=21 (full 0):
 garbage-first heap   total 249856K, used 54341K [0x0000000705e00000, 0x0000000800000000)
  region size 2048K, 3 young (6144K), 3 survivors (6144K)
 Metaspace       used 31285K, committed 31872K, reserved 1114112K
  class space    used 3219K, committed 3520K, reserved 1048576K
}
Event: 7.855 GC heap before
{Heap before GC invocations=21 (full 0):
 garbage-first heap   total 249856K, used 195653K [0x0000000705e00000, 0x0000000800000000)
  region size 2048K, 70 young (143360K), 3 survivors (6144K)
 Metaspace       used 32875K, committed 33472K, reserved 1114112K
  class space    used 3334K, committed 3648K, reserved 1048576K
}
Event: 7.860 GC heap after
{Heap after GC invocations=22 (full 0):
 garbage-first heap   total 249856K, used 62036K [0x0000000705e00000, 0x0000000800000000)
  region size 2048K, 6 young (12288K), 6 survivors (12288K)
 Metaspace       used 32875K, committed 33472K, reserved 1114112K
  class space    used 3334K, committed 3648K, reserved 1048576K
}

