# JRE version: Java(TM) SE Runtime Environment (19.0.2+7) (build 19.0.2+7-44)
# Java VM: Java HotSpot(TM) 64-Bit Server VM (19.0.2+7-44, mixed mode, sharing, tiered, compressed oops, compressed class ptrs, g1 gc, windows-amd64)
GC Precious Log:
 CardTable entry size: 512
 Card Set container configuration: InlinePtr #cards 4 size 8 Array Of Cards #cards 16 size 48 Howl #buckets 8 coarsen threshold 3686 Howl Bitmap #cards 512 size 80 coarsen threshold 460 Card regions per heap region 1 cards per card region 4096
 CPUs: 16 total, 16 available
 Memory: 16005M
 Large Page Support: Disabled
 NUMA Support: Disabled
 Compressed Oops: Enabled (Zero based)
 Heap Region Size: 2M
 Heap Min Capacity: 8M
 Heap Initial Capacity: 252M
 Heap Max Capacity: 4002M
 Pre-touch: Disabled
 Parallel Workers: 13
 Concurrent Workers: 3
 Concurrent Refinement Workers: 13
 Periodic GC: Disabled
Heap:
 garbage-first heap   total 212992K, used 100974K [0x0000000705e00000, 0x0000000800000000)
  region size 2048K, 24 young (49152K), 8 survivors (16384K)
 Metaspace       used 35339K, committed 35968K, reserved 1114112K
  class space    used 3591K, committed 3904K, reserved 1048576K
GC Heap History (20 events):
Event: 3.765 GC heap before
{Heap before GC invocations=13 (full 0):
 garbage-first heap   total 114688K, used 82233K [0x0000000705e00000, 0x0000000800000000)
  region size 2048K, 16 young (32768K), 1 survivors (2048K)
 Metaspace       used 27642K, committed 28096K, reserved 1114112K
  class space    used 2876K, committed 3072K, reserved 1048576K
}
Event: 3.766 GC heap after
{Heap after GC invocations=14 (full 0):
 garbage-first heap   total 114688K, used 51316K [0x0000000705e00000, 0x0000000800000000)
  region size 2048K, 1 young (2048K), 1 survivors (2048K)
 Metaspace       used 27642K, committed 28096K, reserved 1114112K
  class space    used 2876K, committed 3072K, reserved 1048576K
}
Event: 3.817 GC heap before
{Heap before GC invocations=14 (full 0):
 garbage-first heap   total 114688K, used 84084K [0x0000000705e00000, 0x0000000800000000)
  region size 2048K, 17 young (34816K), 1 survivors (2048K)
 Metaspace       used 27702K, committed 28160K, reserved 1114112K
  class space    used 2881K, committed 3072K, reserved 1048576K
}
Event: 3.818 GC heap after
{Heap after GC invocations=15 (full 0):
 garbage-first heap   total 114688K, used 51329K [0x0000000705e00000, 0x0000000800000000)
  region size 2048K, 1 young (2048K), 1 survivors (2048K)
 Metaspace       used 27702K, committed 28160K, reserved 1114112K
  class space    used 2881K, committed 3072K, reserved 1048576K
}
Event: 3.985 GC heap before
{Heap before GC invocations=15 (full 0):
 garbage-first heap   total 114688K, used 86145K [0x0000000705e00000, 0x0000000800000000)
  region size 2048K, 19 young (38912K), 1 survivors (2048K)
 Metaspace       used 28246K, committed 28800K, reserved 1114112K
  class space    used 2951K, committed 3200K, reserved 1048576K
}
Event: 3.987 GC heap after
{Heap after GC invocations=16 (full 0):
 garbage-first heap   total 114688K, used 51896K [0x0000000705e00000, 0x0000000800000000)
  region size 2048K, 1 young (2048K), 1 survivors (2048K)
 Metaspace       used 28246K, committed 28800K, reserved 1114112K
  class space    used 2951K, committed 3200K, reserved 1048576K
}
Event: 4.065 GC heap before
{Heap before GC invocations=16 (full 0):
 garbage-first heap   total 114688K, used 88760K [0x0000000705e00000, 0x0000000800000000)
  region size 2048K, 19 young (38912K), 1 survivors (2048K)
 Metaspace       used 28419K, committed 28992K, reserved 1114112K
  class space    used 2968K, committed 3264K, reserved 1048576K
}
Event: 4.067 GC heap after
{Heap after GC invocations=17 (full 0):
 garbage-first heap   total 169984K, used 52457K [0x0000000705e00000, 0x0000000800000000)
  region size 2048K, 1 young (2048K), 1 survivors (2048K)
 Metaspace       used 28419K, committed 28992K, reserved 1114112K
  class space    used 2968K, committed 3264K, reserved 1048576K
}
Event: 4.209 GC heap before
{Heap before GC invocations=17 (full 0):
 garbage-first heap   total 169984K, used 132329K [0x0000000705e00000, 0x0000000800000000)
  region size 2048K, 40 young (81920K), 1 survivors (2048K)
 Metaspace       used 28573K, committed 29120K, reserved 1114112K
  class space    used 2971K, committed 3264K, reserved 1048576K
}
Event: 4.212 GC heap after
{Heap after GC invocations=18 (full 0):
 garbage-first heap   total 169984K, used 54501K [0x0000000705e00000, 0x0000000800000000)
  region size 2048K, 2 young (4096K), 2 survivors (4096K)
 Metaspace       used 28573K, committed 29120K, reserved 1114112K
  class space    used 2971K, committed 3264K, reserved 1048576K
}
Event: 4.379 GC heap before
{Heap before GC invocations=18 (full 0):
 garbage-first heap   total 169984K, used 134373K [0x0000000705e00000, 0x0000000800000000)
  region size 2048K, 41 young (83968K), 2 survivors (4096K)
 Metaspace       used 28763K, committed 29312K, reserved 1114112K
  class space    used 2975K, committed 3264K, reserved 1048576K
}
Event: 4.382 GC heap after
{Heap after GC invocations=19 (full 0):
 garbage-first heap   total 169984K, used 54796K [0x0000000705e00000, 0x0000000800000000)
  region size 2048K, 2 young (4096K), 2 survivors (4096K)
 Metaspace       used 28763K, committed 29312K, reserved 1114112K
  class space    used 2975K, committed 3264K, reserved 1048576K
}
Event: 4.499 GC heap before
{Heap before GC invocations=19 (full 0):
 garbage-first heap   total 169984K, used 136716K [0x0000000705e00000, 0x0000000800000000)
  region size 2048K, 42 young (86016K), 2 survivors (4096K)
 Metaspace       used 28832K, committed 29376K, reserved 1114112K
  class space    used 2975K, committed 3264K, reserved 1048576K
}
Event: 4.504 GC heap after
{Heap after GC invocations=20 (full 0):
 garbage-first heap   total 169984K, used 55525K [0x0000000705e00000, 0x0000000800000000)
  region size 2048K, 3 young (6144K), 3 survivors (6144K)
 Metaspace       used 28832K, committed 29376K, reserved 1114112K
  class space    used 2975K, committed 3264K, reserved 1048576K
}
Event: 5.388 GC heap before
{Heap before GC invocations=20 (full 0):
 garbage-first heap   total 169984K, used 137445K [0x0000000705e00000, 0x0000000800000000)
  region size 2048K, 43 young (88064K), 3 survivors (6144K)
 Metaspace       used 31495K, committed 32128K, reserved 1114112K
  class space    used 3234K, committed 3520K, reserved 1048576K
}
Event: 5.394 GC heap after
{Heap after GC invocations=21 (full 0):
 garbage-first heap   total 212992K, used 56844K [0x0000000705e00000, 0x0000000800000000)
  region size 2048K, 3 young (6144K), 3 survivors (6144K)
 Metaspace       used 31495K, committed 32128K, reserved 1114112K
  class space    used 3234K, committed 3520K, reserved 1048576K
}
Event: 6.089 GC heap before
{Heap before GC invocations=21 (full 0):
 garbage-first heap   total 212992K, used 177676K [0x0000000705e00000, 0x0000000800000000)
  region size 2048K, 60 young (122880K), 3 survivors (6144K)
 Metaspace       used 31916K, committed 32512K, reserved 1114112K
  class space    used 3254K, committed 3584K, reserved 1048576K
}
Event: 6.094 GC heap after
{Heap after GC invocations=22 (full 0):
 garbage-first heap   total 212992K, used 62457K [0x0000000705e00000, 0x0000000800000000)
  region size 2048K, 5 young (10240K), 5 survivors (10240K)
 Metaspace       used 31916K, committed 32512K, reserved 1114112K
  class space    used 3254K, committed 3584K, reserved 1048576K
}
Event: 6.895 GC heap before
{Heap before GC invocations=22 (full 0):
 garbage-first heap   total 212992K, used 175097K [0x0000000705e00000, 0x0000000800000000)
  region size 2048K, 60 young (122880K), 5 survivors (10240K)
 Metaspace       used 33524K, committed 34112K, reserved 1114112K
  class space    used 3418K, committed 3712K, reserved 1048576K
}
Event: 6.901 GC heap after
{Heap after GC invocations=23 (full 0):
 garbage-first heap   total 212992K, used 70254K [0x0000000705e00000, 0x0000000800000000)
  region size 2048K, 8 young (16384K), 8 survivors (16384K)
 Metaspace       used 33524K, committed 34112K, reserved 1114112K
  class space    used 3418K, committed 3712K, reserved 1048576K
}

