# JRE version: Java(TM) SE Runtime Environment (19.0.2+7) (build 19.0.2+7-44)
# Java VM: Java HotSpot(TM) 64-Bit Server VM (19.0.2+7-44, mixed mode, sharing, tiered, compressed oops, compressed class ptrs, g1 gc, windows-amd64)
GC Precious Log:
 CardTable entry size: 512
 Card Set container configuration: InlinePtr #cards 4 size 8 Array Of Cards #cards 16 size 48 Howl #buckets 8 coarsen threshold 3686 Howl Bitmap #cards 512 size 80 coarsen threshold 460 Card regions per heap region 1 cards per card region 4096
 CPUs: 16 total, 16 available
 Memory: 16004M
 Large Page Support: Disabled
 NUMA Support: Disabled
 Compressed Oops: Enabled (Zero based)
 Heap Region Size: 2M
 Heap Min Capacity: 8M
 Heap Initial Capacity: 252M
 Heap Max Capacity: 4002M
 Pre-touch: Disabled
 Parallel Workers: 13
 Concurrent Workers: 3
 Concurrent Refinement Workers: 13
 Periodic GC: Disabled
Heap:
 garbage-first heap   total 157696K, used 58021K [0x0000000705e00000, 0x0000000800000000)
  region size 2048K, 4 young (8192K), 4 survivors (8192K)
 Metaspace       used 28660K, committed 29184K, reserved 1114112K
  class space    used 2977K, committed 3264K, reserved 1048576K
GC Heap History (20 events):
Event: 2.203 GC heap after
{Heap after GC invocations=6 (full 0):
 garbage-first heap   total 83968K, used 30777K [0x0000000705e00000, 0x0000000800000000)
  region size 2048K, 1 young (2048K), 1 survivors (2048K)
 Metaspace       used 24276K, committed 24576K, reserved 1114112K
  class space    used 2586K, committed 2752K, reserved 1048576K
}
Event: 2.344 GC heap before
{Heap before GC invocations=6 (full 0):
 garbage-first heap   total 83968K, used 55353K [0x0000000705e00000, 0x0000000800000000)
  region size 2048K, 14 young (28672K), 1 survivors (2048K)
 Metaspace       used 24450K, committed 24832K, reserved 1114112K
  class space    used 2588K, committed 2752K, reserved 1048576K
}
Event: 2.347 GC heap after
{Heap after GC invocations=7 (full 0):
 garbage-first heap   total 83968K, used 38194K [0x0000000705e00000, 0x0000000800000000)
  region size 2048K, 2 young (4096K), 2 survivors (4096K)
 Metaspace       used 24450K, committed 24832K, reserved 1114112K
  class space    used 2588K, committed 2752K, reserved 1048576K
}
Event: 2.468 GC heap before
{Heap before GC invocations=7 (full 0):
 garbage-first heap   total 83968K, used 56626K [0x0000000705e00000, 0x0000000800000000)
  region size 2048K, 12 young (24576K), 2 survivors (4096K)
 Metaspace       used 24874K, committed 25280K, reserved 1114112K
  class space    used 2629K, committed 2880K, reserved 1048576K
}
Event: 2.473 GC heap after
{Heap after GC invocations=8 (full 0):
 garbage-first heap   total 124928K, used 43421K [0x0000000705e00000, 0x0000000800000000)
  region size 2048K, 2 young (4096K), 2 survivors (4096K)
 Metaspace       used 24874K, committed 25280K, reserved 1114112K
  class space    used 2629K, committed 2880K, reserved 1048576K
}
Event: 2.632 GC heap before
{Heap before GC invocations=8 (full 0):
 garbage-first heap   total 124928K, used 78237K [0x0000000705e00000, 0x0000000800000000)
  region size 2048K, 19 young (38912K), 2 survivors (4096K)
 Metaspace       used 25332K, committed 25792K, reserved 1114112K
  class space    used 2654K, committed 2880K, reserved 1048576K
}
Event: 2.641 GC heap after
{Heap after GC invocations=9 (full 0):
 garbage-first heap   total 124928K, used 51745K [0x0000000705e00000, 0x0000000800000000)
  region size 2048K, 3 young (6144K), 3 survivors (6144K)
 Metaspace       used 25332K, committed 25792K, reserved 1114112K
  class space    used 2654K, committed 2880K, reserved 1048576K
}
Event: 2.973 GC heap before
{Heap before GC invocations=9 (full 0):
 garbage-first heap   total 124928K, used 84513K [0x0000000705e00000, 0x0000000800000000)
  region size 2048K, 19 young (38912K), 3 survivors (6144K)
 Metaspace       used 27027K, committed 27456K, reserved 1114112K
  class space    used 2826K, committed 3072K, reserved 1048576K
}
Event: 2.979 GC heap after
{Heap after GC invocations=10 (full 0):
 garbage-first heap   total 124928K, used 54105K [0x0000000705e00000, 0x0000000800000000)
  region size 2048K, 2 young (4096K), 2 survivors (4096K)
 Metaspace       used 27027K, committed 27456K, reserved 1114112K
  class space    used 2826K, committed 3072K, reserved 1048576K
}
Event: 3.201 GC heap before
{Heap before GC invocations=10 (full 0):
 garbage-first heap   total 124928K, used 86873K [0x0000000705e00000, 0x0000000800000000)
  region size 2048K, 18 young (36864K), 2 survivors (4096K)
 Metaspace       used 27575K, committed 28032K, reserved 1114112K
  class space    used 2877K, committed 3136K, reserved 1048576K
}
Event: 3.204 GC heap after
{Heap after GC invocations=11 (full 0):
 garbage-first heap   total 124928K, used 54186K [0x0000000705e00000, 0x0000000800000000)
  region size 2048K, 2 young (4096K), 2 survivors (4096K)
 Metaspace       used 27575K, committed 28032K, reserved 1114112K
  class space    used 2877K, committed 3136K, reserved 1048576K
}
Event: 3.264 GC heap before
{Heap before GC invocations=11 (full 0):
 garbage-first heap   total 124928K, used 89002K [0x0000000705e00000, 0x0000000800000000)
  region size 2048K, 19 young (38912K), 2 survivors (4096K)
 Metaspace       used 27664K, committed 28160K, reserved 1114112K
  class space    used 2883K, committed 3136K, reserved 1048576K
}
Event: 3.268 GC heap after
{Heap after GC invocations=12 (full 0):
 garbage-first heap   total 157696K, used 54132K [0x0000000705e00000, 0x0000000800000000)
  region size 2048K, 2 young (4096K), 2 survivors (4096K)
 Metaspace       used 27664K, committed 28160K, reserved 1114112K
  class space    used 2883K, committed 3136K, reserved 1048576K
}
Event: 3.495 GC heap before
{Heap before GC invocations=12 (full 0):
 garbage-first heap   total 157696K, used 111476K [0x0000000705e00000, 0x0000000800000000)
  region size 2048K, 30 young (61440K), 2 survivors (4096K)
 Metaspace       used 28216K, committed 28736K, reserved 1114112K
  class space    used 2956K, committed 3200K, reserved 1048576K
}
Event: 3.498 GC heap after
{Heap after GC invocations=13 (full 0):
 garbage-first heap   total 157696K, used 54934K [0x0000000705e00000, 0x0000000800000000)
  region size 2048K, 2 young (4096K), 2 survivors (4096K)
 Metaspace       used 28216K, committed 28736K, reserved 1114112K
  class space    used 2956K, committed 3200K, reserved 1048576K
}
Event: 3.603 GC heap before
{Heap before GC invocations=13 (full 0):
 garbage-first heap   total 157696K, used 116374K [0x0000000705e00000, 0x0000000800000000)
  region size 2048K, 32 young (65536K), 2 survivors (4096K)
 Metaspace       used 28475K, committed 29056K, reserved 1114112K
  class space    used 2972K, committed 3264K, reserved 1048576K
}
Event: 3.606 GC heap after
{Heap after GC invocations=14 (full 0):
 garbage-first heap   total 157696K, used 56053K [0x0000000705e00000, 0x0000000800000000)
  region size 2048K, 3 young (6144K), 3 survivors (6144K)
 Metaspace       used 28475K, committed 29056K, reserved 1114112K
  class space    used 2972K, committed 3264K, reserved 1048576K
}
Event: 3.672 GC heap before
{Heap before GC invocations=14 (full 0):
 garbage-first heap   total 157696K, used 119541K [0x0000000705e00000, 0x0000000800000000)
  region size 2048K, 34 young (69632K), 3 survivors (6144K)
 Metaspace       used 28523K, committed 29120K, reserved 1114112K
  class space    used 2975K, committed 3264K, reserved 1048576K
}
Event: 3.676 GC heap after
{Heap after GC invocations=15 (full 0):
 garbage-first heap   total 157696K, used 56978K [0x0000000705e00000, 0x0000000800000000)
  region size 2048K, 3 young (6144K), 3 survivors (6144K)
 Metaspace       used 28523K, committed 29120K, reserved 1114112K
  class space    used 2975K, committed 3264K, reserved 1048576K
}
Event: 3.797 GC heap before
{Heap before GC invocations=15 (full 0):
 garbage-first heap   total 157696K, used 122514K [0x0000000705e00000, 0x0000000800000000)
  region size 2048K, 35 young (71680K), 3 survivors (6144K)
 Metaspace       used 28660K, committed 29184K, reserved 1114112K
  class space    used 2977K, committed 3264K, reserved 1048576K
}

