# JRE version: Java(TM) SE Runtime Environment (19.0.2+7) (build 19.0.2+7-44)
# Java VM: Java HotSpot(TM) 64-Bit Server VM (19.0.2+7-44, mixed mode, sharing, tiered, compressed oops, compressed class ptrs, g1 gc, windows-amd64)
GC Precious Log:
 CardTable entry size: 512
 Card Set container configuration: InlinePtr #cards 4 size 8 Array Of Cards #cards 16 size 48 Howl #buckets 8 coarsen threshold 3686 Howl Bitmap #cards 512 size 80 coarsen threshold 460 Card regions per heap region 1 cards per card region 4096
 CPUs: 16 total, 16 available
 Memory: 16005M
 Large Page Support: Disabled
 NUMA Support: Disabled
 Compressed Oops: Enabled (Zero based)
 Heap Region Size: 2M
 Heap Min Capacity: 8M
 Heap Initial Capacity: 252M
 Heap Max Capacity: 4002M
 Pre-touch: Disabled
 Parallel Workers: 13
 Concurrent Workers: 3
 Concurrent Refinement Workers: 13
 Periodic GC: Disabled
Heap:
 garbage-first heap   total 135168K, used 55244K [0x0000000705e00000, 0x0000000800000000)
  region size 2048K, 2 young (4096K), 2 survivors (4096K)
 Metaspace       used 28578K, committed 29120K, reserved 1114112K
  class space    used 2971K, committed 3264K, reserved 1048576K
GC Heap History (20 events):
Event: 3.505 GC heap after
{Heap after GC invocations=7 (full 0):
 garbage-first heap   total 65536K, used 31437K [0x0000000705e00000, 0x0000000800000000)
  region size 2048K, 2 young (4096K), 2 survivors (4096K)
 Metaspace       used 24444K, committed 24832K, reserved 1114112K
  class space    used 2580K, committed 2752K, reserved 1048576K
}
Event: 3.835 GC heap before
{Heap before GC invocations=7 (full 0):
 garbage-first heap   total 65536K, used 45773K [0x0000000705e00000, 0x0000000800000000)
  region size 2048K, 9 young (18432K), 2 survivors (4096K)
 Metaspace       used 24460K, committed 24832K, reserved 1114112K
  class space    used 2580K, committed 2752K, reserved 1048576K
}
Event: 3.842 GC heap after
{Heap after GC invocations=8 (full 0):
 garbage-first heap   total 108544K, used 37647K [0x0000000705e00000, 0x0000000800000000)
  region size 2048K, 2 young (4096K), 2 survivors (4096K)
 Metaspace       used 24460K, committed 24832K, reserved 1114112K
  class space    used 2580K, committed 2752K, reserved 1048576K
}
Event: 4.050 GC heap before
{Heap before GC invocations=8 (full 0):
 garbage-first heap   total 108544K, used 68367K [0x0000000705e00000, 0x0000000800000000)
  region size 2048K, 17 young (34816K), 2 survivors (4096K)
 Metaspace       used 24898K, committed 25280K, reserved 1114112K
  class space    used 2621K, committed 2816K, reserved 1048576K
}
Event: 4.056 GC heap after
{Heap after GC invocations=9 (full 0):
 garbage-first heap   total 108544K, used 44482K [0x0000000705e00000, 0x0000000800000000)
  region size 2048K, 3 young (6144K), 3 survivors (6144K)
 Metaspace       used 24898K, committed 25280K, reserved 1114112K
  class space    used 2621K, committed 2816K, reserved 1048576K
}
Event: 4.251 GC heap before
{Heap before GC invocations=9 (full 0):
 garbage-first heap   total 108544K, used 75202K [0x0000000705e00000, 0x0000000800000000)
  region size 2048K, 17 young (34816K), 3 survivors (6144K)
 Metaspace       used 25386K, committed 25792K, reserved 1114112K
  class space    used 2646K, committed 2880K, reserved 1048576K
}
Event: 4.259 GC heap after
{Heap after GC invocations=10 (full 0):
 garbage-first heap   total 108544K, used 51505K [0x0000000705e00000, 0x0000000800000000)
  region size 2048K, 3 young (6144K), 3 survivors (6144K)
 Metaspace       used 25386K, committed 25792K, reserved 1114112K
  class space    used 2646K, committed 2880K, reserved 1048576K
}
Event: 4.548 GC heap before
{Heap before GC invocations=10 (full 0):
 garbage-first heap   total 108544K, used 74033K [0x0000000705e00000, 0x0000000800000000)
  region size 2048K, 15 young (30720K), 3 survivors (6144K)
 Metaspace       used 26683K, committed 27136K, reserved 1114112K
  class space    used 2780K, committed 3008K, reserved 1048576K
}
Event: 4.554 GC heap after
{Heap after GC invocations=11 (full 0):
 garbage-first heap   total 108544K, used 53703K [0x0000000705e00000, 0x0000000800000000)
  region size 2048K, 1 young (2048K), 1 survivors (2048K)
 Metaspace       used 26683K, committed 27136K, reserved 1114112K
  class space    used 2780K, committed 3008K, reserved 1048576K
}
Event: 4.783 GC heap before
{Heap before GC invocations=11 (full 0):
 garbage-first heap   total 108544K, used 78279K [0x0000000705e00000, 0x0000000800000000)
  region size 2048K, 13 young (26624K), 1 survivors (2048K)
 Metaspace       used 27540K, committed 28032K, reserved 1114112K
  class space    used 2865K, committed 3072K, reserved 1048576K
}
Event: 4.786 GC heap after
{Heap after GC invocations=12 (full 0):
 garbage-first heap   total 135168K, used 54217K [0x0000000705e00000, 0x0000000800000000)
  region size 2048K, 2 young (4096K), 2 survivors (4096K)
 Metaspace       used 27540K, committed 28032K, reserved 1114112K
  class space    used 2865K, committed 3072K, reserved 1048576K
}
Event: 4.900 GC heap before
{Heap before GC invocations=13 (full 0):
 garbage-first heap   total 135168K, used 97225K [0x0000000705e00000, 0x0000000800000000)
  region size 2048K, 23 young (47104K), 2 survivors (4096K)
 Metaspace       used 27675K, committed 28160K, reserved 1114112K
  class space    used 2872K, committed 3136K, reserved 1048576K
}
Event: 4.902 GC heap after
{Heap after GC invocations=14 (full 0):
 garbage-first heap   total 135168K, used 53852K [0x0000000705e00000, 0x0000000800000000)
  region size 2048K, 2 young (4096K), 2 survivors (4096K)
 Metaspace       used 27675K, committed 28160K, reserved 1114112K
  class space    used 2872K, committed 3136K, reserved 1048576K
}
Event: 4.908 GC heap before
{Heap before GC invocations=14 (full 0):
 garbage-first heap   total 135168K, used 55900K [0x0000000705e00000, 0x0000000800000000)
  region size 2048K, 3 young (6144K), 2 survivors (4096K)
 Metaspace       used 27683K, committed 28224K, reserved 1114112K
  class space    used 2874K, committed 3136K, reserved 1048576K
}
Event: 4.910 GC heap after
{Heap after GC invocations=15 (full 0):
 garbage-first heap   total 135168K, used 52990K [0x0000000705e00000, 0x0000000800000000)
  region size 2048K, 1 young (2048K), 1 survivors (2048K)
 Metaspace       used 27683K, committed 28224K, reserved 1114112K
  class space    used 2874K, committed 3136K, reserved 1048576K
}
Event: 5.106 GC heap before
{Heap before GC invocations=15 (full 0):
 garbage-first heap   total 135168K, used 100094K [0x0000000705e00000, 0x0000000800000000)
  region size 2048K, 25 young (51200K), 1 survivors (2048K)
 Metaspace       used 28244K, committed 28736K, reserved 1114112K
  class space    used 2954K, committed 3200K, reserved 1048576K
}
Event: 5.108 GC heap after
{Heap after GC invocations=16 (full 0):
 garbage-first heap   total 135168K, used 53401K [0x0000000705e00000, 0x0000000800000000)
  region size 2048K, 1 young (2048K), 1 survivors (2048K)
 Metaspace       used 28244K, committed 28736K, reserved 1114112K
  class space    used 2954K, committed 3200K, reserved 1048576K
}
Event: 5.239 GC heap before
{Heap before GC invocations=16 (full 0):
 garbage-first heap   total 135168K, used 104601K [0x0000000705e00000, 0x0000000800000000)
  region size 2048K, 26 young (53248K), 1 survivors (2048K)
 Metaspace       used 28515K, committed 29056K, reserved 1114112K
  class space    used 2968K, committed 3264K, reserved 1048576K
}
Event: 5.241 GC heap after
{Heap after GC invocations=17 (full 0):
 garbage-first heap   total 135168K, used 54472K [0x0000000705e00000, 0x0000000800000000)
  region size 2048K, 1 young (2048K), 1 survivors (2048K)
 Metaspace       used 28515K, committed 29056K, reserved 1114112K
  class space    used 2968K, committed 3264K, reserved 1048576K
}
Event: 5.316 GC heap before
{Heap before GC invocations=17 (full 0):
 garbage-first heap   total 135168K, used 105672K [0x0000000705e00000, 0x0000000800000000)
  region size 2048K, 27 young (55296K), 1 survivors (2048K)
 Metaspace       used 28578K, committed 29120K, reserved 1114112K
  class space    used 2971K, committed 3264K, reserved 1048576K
}

