# JRE version: Java(TM) SE Runtime Environment (19.0.2+7) (build 19.0.2+7-44)
# Java VM: Java HotSpot(TM) 64-Bit Server VM (19.0.2+7-44, mixed mode, sharing, tiered, compressed oops, compressed class ptrs, g1 gc, windows-amd64)
GC Precious Log:
 CardTable entry size: 512
 Card Set container configuration: InlinePtr #cards 4 size 8 Array Of Cards #cards 16 size 48 Howl #buckets 8 coarsen threshold 3686 Howl Bitmap #cards 512 size 80 coarsen threshold 460 Card regions per heap region 1 cards per card region 4096
 CPUs: 16 total, 16 available
 Memory: 16005M
 Large Page Support: Disabled
 NUMA Support: Disabled
 Compressed Oops: Enabled (Zero based)
 Heap Region Size: 2M
 Heap Min Capacity: 8M
 Heap Initial Capacity: 252M
 Heap Max Capacity: 4002M
 Pre-touch: Disabled
 Parallel Workers: 13
 Concurrent Workers: 3
 Concurrent Refinement Workers: 13
 Periodic GC: Disabled
Heap:
 garbage-first heap   total 182272K, used 81822K [0x0000000705e00000, 0x0000000800000000)
  region size 2048K, 13 young (26624K), 4 survivors (8192K)
 Metaspace       used 36355K, committed 36992K, reserved 1114112K
  class space    used 3750K, committed 4096K, reserved 1048576K
GC Heap History (20 events):
Event: 3.514 GC heap before
{Heap before GC invocations=14 (full 0):
 garbage-first heap   total 108544K, used 79468K [0x0000000705e00000, 0x0000000800000000)
  region size 2048K, 15 young (30720K), 1 survivors (2048K)
 Metaspace       used 27542K, committed 28032K, reserved 1114112K
  class space    used 2868K, committed 3136K, reserved 1048576K
}
Event: 3.515 GC heap after
{Heap after GC invocations=15 (full 0):
 garbage-first heap   total 108544K, used 50390K [0x0000000705e00000, 0x0000000800000000)
  region size 2048K, 1 young (2048K), 1 survivors (2048K)
 Metaspace       used 27542K, committed 28032K, reserved 1114112K
  class space    used 2868K, committed 3136K, reserved 1048576K
}
Event: 3.518 GC heap before
{Heap before GC invocations=15 (full 0):
 garbage-first heap   total 108544K, used 52438K [0x0000000705e00000, 0x0000000800000000)
  region size 2048K, 2 young (4096K), 1 survivors (2048K)
 Metaspace       used 27546K, committed 28032K, reserved 1114112K
  class space    used 2868K, committed 3136K, reserved 1048576K
}
Event: 3.521 GC heap after
{Heap after GC invocations=16 (full 0):
 garbage-first heap   total 108544K, used 49591K [0x0000000705e00000, 0x0000000800000000)
  region size 2048K, 1 young (2048K), 1 survivors (2048K)
 Metaspace       used 27546K, committed 28032K, reserved 1114112K
  class space    used 2868K, committed 3136K, reserved 1048576K
}
Event: 3.584 GC heap before
{Heap before GC invocations=16 (full 0):
 garbage-first heap   total 108544K, used 80311K [0x0000000705e00000, 0x0000000800000000)
  region size 2048K, 17 young (34816K), 1 survivors (2048K)
 Metaspace       used 27580K, committed 28096K, reserved 1114112K
  class space    used 2874K, committed 3136K, reserved 1048576K
}
Event: 3.585 GC heap after
{Heap after GC invocations=17 (full 0):
 garbage-first heap   total 278528K, used 49580K [0x0000000705e00000, 0x0000000800000000)
  region size 2048K, 1 young (2048K), 1 survivors (2048K)
 Metaspace       used 27580K, committed 28096K, reserved 1114112K
  class space    used 2874K, committed 3136K, reserved 1048576K
}
Event: 4.116 GC heap before
{Heap before GC invocations=18 (full 0):
 garbage-first heap   total 178176K, used 174508K [0x0000000705e00000, 0x0000000800000000)
  region size 2048K, 63 young (129024K), 1 survivors (2048K)
 Metaspace       used 28496K, committed 29056K, reserved 1114112K
  class space    used 2968K, committed 3264K, reserved 1048576K
}
Event: 4.120 GC heap after
{Heap after GC invocations=19 (full 0):
 garbage-first heap   total 182272K, used 51623K [0x0000000705e00000, 0x0000000800000000)
  region size 2048K, 2 young (4096K), 2 survivors (4096K)
 Metaspace       used 28496K, committed 29056K, reserved 1114112K
  class space    used 2968K, committed 3264K, reserved 1048576K
}
Event: 4.135 GC heap before
{Heap before GC invocations=19 (full 0):
 garbage-first heap   total 182272K, used 55719K [0x0000000705e00000, 0x0000000800000000)
  region size 2048K, 4 young (8192K), 2 survivors (4096K)
 Metaspace       used 28496K, committed 29056K, reserved 1114112K
  class space    used 2968K, committed 3264K, reserved 1048576K
}
Event: 4.138 GC heap after
{Heap after GC invocations=20 (full 0):
 garbage-first heap   total 182272K, used 51153K [0x0000000705e00000, 0x0000000800000000)
  region size 2048K, 1 young (2048K), 1 survivors (2048K)
 Metaspace       used 28496K, committed 29056K, reserved 1114112K
  class space    used 2968K, committed 3264K, reserved 1048576K
}
Event: 4.375 GC heap before
{Heap before GC invocations=20 (full 0):
 garbage-first heap   total 182272K, used 141265K [0x0000000705e00000, 0x0000000800000000)
  region size 2048K, 46 young (94208K), 1 survivors (2048K)
 Metaspace       used 28670K, committed 29184K, reserved 1114112K
  class space    used 2970K, committed 3264K, reserved 1048576K
}
Event: 4.377 GC heap after
{Heap after GC invocations=21 (full 0):
 garbage-first heap   total 182272K, used 52218K [0x0000000705e00000, 0x0000000800000000)
  region size 2048K, 1 young (2048K), 1 survivors (2048K)
 Metaspace       used 28670K, committed 29184K, reserved 1114112K
  class space    used 2970K, committed 3264K, reserved 1048576K
}
Event: 4.967 GC heap before
{Heap before GC invocations=21 (full 0):
 garbage-first heap   total 182272K, used 146426K [0x0000000705e00000, 0x0000000800000000)
  region size 2048K, 47 young (96256K), 1 survivors (2048K)
 Metaspace       used 30902K, committed 31488K, reserved 1114112K
  class space    used 3210K, committed 3520K, reserved 1048576K
}
Event: 4.969 GC heap after
{Heap after GC invocations=22 (full 0):
 garbage-first heap   total 182272K, used 53457K [0x0000000705e00000, 0x0000000800000000)
  region size 2048K, 2 young (4096K), 2 survivors (4096K)
 Metaspace       used 30902K, committed 31488K, reserved 1114112K
  class space    used 3210K, committed 3520K, reserved 1048576K
}
Event: 5.541 GC heap before
{Heap before GC invocations=22 (full 0):
 garbage-first heap   total 182272K, used 147665K [0x0000000705e00000, 0x0000000800000000)
  region size 2048K, 48 young (98304K), 2 survivors (4096K)
 Metaspace       used 31552K, committed 32128K, reserved 1114112K
  class space    used 3234K, committed 3520K, reserved 1048576K
}
Event: 5.545 GC heap after
{Heap after GC invocations=23 (full 0):
 garbage-first heap   total 182272K, used 55673K [0x0000000705e00000, 0x0000000800000000)
  region size 2048K, 3 young (6144K), 3 survivors (6144K)
 Metaspace       used 31552K, committed 32128K, reserved 1114112K
  class space    used 3234K, committed 3520K, reserved 1048576K
}
Event: 6.107 GC heap before
{Heap before GC invocations=23 (full 0):
 garbage-first heap   total 182272K, used 153977K [0x0000000705e00000, 0x0000000800000000)
  region size 2048K, 49 young (100352K), 3 survivors (6144K)
 Metaspace       used 33128K, committed 33792K, reserved 1114112K
  class space    used 3360K, committed 3712K, reserved 1048576K
}
Event: 6.113 GC heap after
{Heap after GC invocations=24 (full 0):
 garbage-first heap   total 182272K, used 62136K [0x0000000705e00000, 0x0000000800000000)
  region size 2048K, 5 young (10240K), 5 survivors (10240K)
 Metaspace       used 33128K, committed 33792K, reserved 1114112K
  class space    used 3360K, committed 3712K, reserved 1048576K
}
Event: 6.776 GC heap before
{Heap before GC invocations=24 (full 0):
 garbage-first heap   total 182272K, used 148152K [0x0000000705e00000, 0x0000000800000000)
  region size 2048K, 48 young (98304K), 5 survivors (10240K)
 Metaspace       used 36283K, committed 36928K, reserved 1114112K
  class space    used 3746K, committed 4096K, reserved 1048576K
}
Event: 6.782 GC heap after
{Heap after GC invocations=25 (full 0):
 garbage-first heap   total 182272K, used 65438K [0x0000000705e00000, 0x0000000800000000)
  region size 2048K, 4 young (8192K), 4 survivors (8192K)
 Metaspace       used 36283K, committed 36928K, reserved 1114112K
  class space    used 3746K, committed 4096K, reserved 1048576K
}

