# JRE version: Java(TM) SE Runtime Environment (19.0.2+7) (build 19.0.2+7-44)
# Java VM: Java HotSpot(TM) 64-Bit Server VM (19.0.2+7-44, mixed mode, sharing, tiered, compressed oops, compressed class ptrs, g1 gc, windows-amd64)
GC Precious Log:
 CardTable entry size: 512
 Card Set container configuration: InlinePtr #cards 4 size 8 Array Of Cards #cards 16 size 48 Howl #buckets 8 coarsen threshold 3686 Howl Bitmap #cards 512 size 80 coarsen threshold 460 Card regions per heap region 1 cards per card region 4096
 CPUs: 16 total, 16 available
 Memory: 16005M
 Large Page Support: Disabled
 NUMA Support: Disabled
 Compressed Oops: Enabled (Zero based)
 Heap Region Size: 2M
 Heap Min Capacity: 8M
 Heap Initial Capacity: 252M
 Heap Max Capacity: 4002M
 Pre-touch: Disabled
 Parallel Workers: 13
 Concurrent Workers: 3
 Concurrent Refinement Workers: 13
 Periodic GC: Disabled
Heap:
 garbage-first heap   total 290816K, used 181120K [0x0000000705e00000, 0x0000000800000000)
  region size 2048K, 63 young (129024K), 9 survivors (18432K)
 Metaspace       used 33632K, committed 34176K, reserved 1114112K
  class space    used 3431K, committed 3712K, reserved 1048576K
GC Heap History (20 events):
Event: 3.218 GC heap before
{Heap before GC invocations=8 (full 0):
 garbage-first heap   total 77824K, used 55669K [0x0000000705e00000, 0x0000000800000000)
  region size 2048K, 9 young (18432K), 2 survivors (4096K)
 Metaspace       used 25065K, committed 25536K, reserved 1114112K
  class space    used 2640K, committed 2880K, reserved 1048576K
}
Event: 3.223 GC heap after
{Heap after GC invocations=9 (full 0):
 garbage-first heap   total 77824K, used 44072K [0x0000000705e00000, 0x0000000800000000)
  region size 2048K, 2 young (4096K), 2 survivors (4096K)
 Metaspace       used 25065K, committed 25536K, reserved 1114112K
  class space    used 2640K, committed 2880K, reserved 1048576K
}
Event: 3.294 GC heap before
{Heap before GC invocations=10 (full 0):
 garbage-first heap   total 81920K, used 54312K [0x0000000705e00000, 0x0000000800000000)
  region size 2048K, 8 young (16384K), 2 survivors (4096K)
 Metaspace       used 25306K, committed 25728K, reserved 1114112K
  class space    used 2652K, committed 2880K, reserved 1048576K
}
Event: 3.298 GC heap after
{Heap after GC invocations=11 (full 0):
 garbage-first heap   total 81920K, used 46769K [0x0000000705e00000, 0x0000000800000000)
  region size 2048K, 1 young (2048K), 1 survivors (2048K)
 Metaspace       used 25306K, committed 25728K, reserved 1114112K
  class space    used 2652K, committed 2880K, reserved 1048576K
}
Event: 3.312 GC heap before
{Heap before GC invocations=11 (full 0):
 garbage-first heap   total 81920K, used 48817K [0x0000000705e00000, 0x0000000800000000)
  region size 2048K, 2 young (4096K), 1 survivors (2048K)
 Metaspace       used 25356K, committed 25792K, reserved 1114112K
  class space    used 2656K, committed 2880K, reserved 1048576K
}
Event: 3.315 GC heap after
{Heap after GC invocations=12 (full 0):
 garbage-first heap   total 163840K, used 46685K [0x0000000705e00000, 0x0000000800000000)
  region size 2048K, 1 young (2048K), 1 survivors (2048K)
 Metaspace       used 25356K, committed 25792K, reserved 1114112K
  class space    used 2656K, committed 2880K, reserved 1048576K
}
Event: 3.920 GC heap before
{Heap before GC invocations=12 (full 0):
 garbage-first heap   total 163840K, used 110173K [0x0000000705e00000, 0x0000000800000000)
  region size 2048K, 32 young (65536K), 1 survivors (2048K)
 Metaspace       used 27580K, committed 28096K, reserved 1114112K
  class space    used 2875K, committed 3136K, reserved 1048576K
}
Event: 3.925 GC heap after
{Heap after GC invocations=13 (full 0):
 garbage-first heap   total 163840K, used 52848K [0x0000000705e00000, 0x0000000800000000)
  region size 2048K, 3 young (6144K), 3 survivors (6144K)
 Metaspace       used 27580K, committed 28096K, reserved 1114112K
  class space    used 2875K, committed 3136K, reserved 1048576K
}
Event: 4.052 GC heap before
{Heap before GC invocations=13 (full 0):
 garbage-first heap   total 163840K, used 116336K [0x0000000705e00000, 0x0000000800000000)
  region size 2048K, 34 young (69632K), 3 survivors (6144K)
 Metaspace       used 27736K, committed 28224K, reserved 1114112K
  class space    used 2885K, committed 3136K, reserved 1048576K
}
Event: 4.056 GC heap after
{Heap after GC invocations=14 (full 0):
 garbage-first heap   total 163840K, used 52962K [0x0000000705e00000, 0x0000000800000000)
  region size 2048K, 3 young (6144K), 3 survivors (6144K)
 Metaspace       used 27736K, committed 28224K, reserved 1114112K
  class space    used 2885K, committed 3136K, reserved 1048576K
}
Event: 4.297 GC heap before
{Heap before GC invocations=14 (full 0):
 garbage-first heap   total 163840K, used 118498K [0x0000000705e00000, 0x0000000800000000)
  region size 2048K, 35 young (71680K), 3 survivors (6144K)
 Metaspace       used 28396K, committed 28928K, reserved 1114112K
  class space    used 2965K, committed 3264K, reserved 1048576K
}
Event: 4.301 GC heap after
{Heap after GC invocations=15 (full 0):
 garbage-first heap   total 163840K, used 53934K [0x0000000705e00000, 0x0000000800000000)
  region size 2048K, 3 young (6144K), 3 survivors (6144K)
 Metaspace       used 28396K, committed 28928K, reserved 1114112K
  class space    used 2965K, committed 3264K, reserved 1048576K
}
Event: 4.416 GC heap before
{Heap before GC invocations=15 (full 0):
 garbage-first heap   total 163840K, used 123566K [0x0000000705e00000, 0x0000000800000000)
  region size 2048K, 37 young (75776K), 3 survivors (6144K)
 Metaspace       used 28590K, committed 29120K, reserved 1114112K
  class space    used 2975K, committed 3264K, reserved 1048576K
}
Event: 4.422 GC heap after
{Heap after GC invocations=16 (full 0):
 garbage-first heap   total 163840K, used 55382K [0x0000000705e00000, 0x0000000800000000)
  region size 2048K, 2 young (4096K), 2 survivors (4096K)
 Metaspace       used 28590K, committed 29120K, reserved 1114112K
  class space    used 2975K, committed 3264K, reserved 1048576K
}
Event: 4.535 GC heap before
{Heap before GC invocations=16 (full 0):
 garbage-first heap   total 163840K, used 127062K [0x0000000705e00000, 0x0000000800000000)
  region size 2048K, 37 young (75776K), 2 survivors (4096K)
 Metaspace       used 28674K, committed 29184K, reserved 1114112K
  class space    used 2979K, committed 3264K, reserved 1048576K
}
Event: 4.539 GC heap after
{Heap after GC invocations=17 (full 0):
 garbage-first heap   total 290816K, used 56501K [0x0000000705e00000, 0x0000000800000000)
  region size 2048K, 2 young (4096K), 2 survivors (4096K)
 Metaspace       used 28674K, committed 29184K, reserved 1114112K
  class space    used 2979K, committed 3264K, reserved 1048576K
}
Event: 5.640 GC heap before
{Heap before GC invocations=17 (full 0):
 garbage-first heap   total 290816K, used 226485K [0x0000000705e00000, 0x0000000800000000)
  region size 2048K, 85 young (174080K), 2 survivors (4096K)
 Metaspace       used 31373K, committed 31936K, reserved 1114112K
  class space    used 3239K, committed 3520K, reserved 1048576K
}
Event: 5.645 GC heap after
{Heap after GC invocations=18 (full 0):
 garbage-first heap   total 290816K, used 58058K [0x0000000705e00000, 0x0000000800000000)
  region size 2048K, 3 young (6144K), 3 survivors (6144K)
 Metaspace       used 31373K, committed 31936K, reserved 1114112K
  class space    used 3239K, committed 3520K, reserved 1048576K
}
Event: 6.720 GC heap before
{Heap before GC invocations=18 (full 0):
 garbage-first heap   total 290816K, used 230090K [0x0000000705e00000, 0x0000000800000000)
  region size 2048K, 85 young (174080K), 3 survivors (6144K)
 Metaspace       used 31999K, committed 32640K, reserved 1114112K
  class space    used 3262K, committed 3584K, reserved 1048576K
}
Event: 6.727 GC heap after
{Heap after GC invocations=19 (full 0):
 garbage-first heap   total 290816K, used 72576K [0x0000000705e00000, 0x0000000800000000)
  region size 2048K, 9 young (18432K), 9 survivors (18432K)
 Metaspace       used 31999K, committed 32640K, reserved 1114112K
  class space    used 3262K, committed 3584K, reserved 1048576K
}

