# JRE version: Java(TM) SE Runtime Environment (19.0.2+7) (build 19.0.2+7-44)
# Java VM: Java HotSpot(TM) 64-Bit Server VM (19.0.2+7-44, mixed mode, sharing, tiered, compressed oops, compressed class ptrs, g1 gc, windows-amd64)
GC Precious Log:
 CardTable entry size: 512
 Card Set container configuration: InlinePtr #cards 4 size 8 Array Of Cards #cards 16 size 48 Howl #buckets 8 coarsen threshold 3686 Howl Bitmap #cards 512 size 80 coarsen threshold 460 Card regions per heap region 1 cards per card region 4096
 CPUs: 16 total, 16 available
 Memory: 16005M
 Large Page Support: Disabled
 NUMA Support: Disabled
 Compressed Oops: Enabled (Zero based)
 Heap Region Size: 2M
 Heap Min Capacity: 8M
 Heap Initial Capacity: 252M
 Heap Max Capacity: 4002M
 Pre-touch: Disabled
 Parallel Workers: 13
 Concurrent Workers: 3
 Concurrent Refinement Workers: 13
 Periodic GC: Disabled
Heap:
 garbage-first heap   total 241664K, used 168273K [0x0000000705e00000, 0x0000000800000000)
  region size 2048K, 58 young (118784K), 6 survivors (12288K)
 Metaspace       used 36517K, committed 37120K, reserved 1114112K
  class space    used 3758K, committed 4096K, reserved 1048576K
GC Heap History (20 events):
Event: 3.562 GC heap before
{Heap before GC invocations=10 (full 0):
 garbage-first heap   total 114688K, used 81430K [0x0000000705e00000, 0x0000000800000000)
  region size 2048K, 16 young (32768K), 2 survivors (4096K)
 Metaspace       used 27568K, committed 28032K, reserved 1114112K
  class space    used 2868K, committed 3136K, reserved 1048576K
}
Event: 3.566 GC heap after
{Heap after GC invocations=11 (full 0):
 garbage-first heap   total 114688K, used 53158K [0x0000000705e00000, 0x0000000800000000)
  region size 2048K, 1 young (2048K), 1 survivors (2048K)
 Metaspace       used 27568K, committed 28032K, reserved 1114112K
  class space    used 2868K, committed 3136K, reserved 1048576K
}
Event: 3.693 GC heap before
{Heap before GC invocations=11 (full 0):
 garbage-first heap   total 114688K, used 81830K [0x0000000705e00000, 0x0000000800000000)
  region size 2048K, 16 young (32768K), 1 survivors (2048K)
 Metaspace       used 27645K, committed 28160K, reserved 1114112K
  class space    used 2872K, committed 3136K, reserved 1048576K
}
Event: 3.694 GC heap after
{Heap after GC invocations=12 (full 0):
 garbage-first heap   total 143360K, used 53193K [0x0000000705e00000, 0x0000000800000000)
  region size 2048K, 1 young (2048K), 1 survivors (2048K)
 Metaspace       used 27645K, committed 28160K, reserved 1114112K
  class space    used 2872K, committed 3136K, reserved 1048576K
}
Event: 3.962 GC heap before
{Heap before GC invocations=13 (full 0):
 garbage-first heap   total 143360K, used 106441K [0x0000000705e00000, 0x0000000800000000)
  region size 2048K, 27 young (55296K), 1 survivors (2048K)
 Metaspace       used 28239K, committed 28736K, reserved 1114112K
  class space    used 2952K, committed 3200K, reserved 1048576K
}
Event: 3.963 GC heap after
{Heap after GC invocations=14 (full 0):
 garbage-first heap   total 143360K, used 53566K [0x0000000705e00000, 0x0000000800000000)
  region size 2048K, 1 young (2048K), 1 survivors (2048K)
 Metaspace       used 28239K, committed 28736K, reserved 1114112K
  class space    used 2952K, committed 3200K, reserved 1048576K
}
Event: 3.973 GC heap before
{Heap before GC invocations=14 (full 0):
 garbage-first heap   total 143360K, used 57662K [0x0000000705e00000, 0x0000000800000000)
  region size 2048K, 3 young (6144K), 1 survivors (2048K)
 Metaspace       used 28261K, committed 28800K, reserved 1114112K
  class space    used 2953K, committed 3200K, reserved 1048576K
}
Event: 3.975 GC heap after
{Heap after GC invocations=15 (full 0):
 garbage-first heap   total 143360K, used 52850K [0x0000000705e00000, 0x0000000800000000)
  region size 2048K, 1 young (2048K), 1 survivors (2048K)
 Metaspace       used 28261K, committed 28800K, reserved 1114112K
  class space    used 2953K, committed 3200K, reserved 1048576K
}
Event: 4.075 GC heap before
{Heap before GC invocations=15 (full 0):
 garbage-first heap   total 143360K, used 106098K [0x0000000705e00000, 0x0000000800000000)
  region size 2048K, 28 young (57344K), 1 survivors (2048K)
 Metaspace       used 28466K, committed 29056K, reserved 1114112K
  class space    used 2965K, committed 3264K, reserved 1048576K
}
Event: 4.077 GC heap after
{Heap after GC invocations=16 (full 0):
 garbage-first heap   total 143360K, used 53784K [0x0000000705e00000, 0x0000000800000000)
  region size 2048K, 1 young (2048K), 1 survivors (2048K)
 Metaspace       used 28466K, committed 29056K, reserved 1114112K
  class space    used 2965K, committed 3264K, reserved 1048576K
}
Event: 4.153 GC heap before
{Heap before GC invocations=16 (full 0):
 garbage-first heap   total 143360K, used 113176K [0x0000000705e00000, 0x0000000800000000)
  region size 2048K, 30 young (61440K), 1 survivors (2048K)
 Metaspace       used 28542K, committed 29120K, reserved 1114112K
  class space    used 2968K, committed 3264K, reserved 1048576K
}
Event: 4.156 GC heap after
{Heap after GC invocations=17 (full 0):
 garbage-first heap   total 143360K, used 54466K [0x0000000705e00000, 0x0000000800000000)
  region size 2048K, 2 young (4096K), 2 survivors (4096K)
 Metaspace       used 28542K, committed 29120K, reserved 1114112K
  class space    used 2968K, committed 3264K, reserved 1048576K
}
Event: 4.254 GC heap before
{Heap before GC invocations=17 (full 0):
 garbage-first heap   total 143360K, used 113858K [0x0000000705e00000, 0x0000000800000000)
  region size 2048K, 31 young (63488K), 2 survivors (4096K)
 Metaspace       used 28648K, committed 29184K, reserved 1114112K
  class space    used 2970K, committed 3264K, reserved 1048576K
}
Event: 4.257 GC heap after
{Heap after GC invocations=18 (full 0):
 garbage-first heap   total 143360K, used 54696K [0x0000000705e00000, 0x0000000800000000)
  region size 2048K, 2 young (4096K), 2 survivors (4096K)
 Metaspace       used 28648K, committed 29184K, reserved 1114112K
  class space    used 2970K, committed 3264K, reserved 1048576K
}
Event: 4.341 GC heap before
{Heap before GC invocations=18 (full 0):
 garbage-first heap   total 143360K, used 116136K [0x0000000705e00000, 0x0000000800000000)
  region size 2048K, 32 young (65536K), 2 survivors (4096K)
 Metaspace       used 28703K, committed 29248K, reserved 1114112K
  class space    used 2970K, committed 3264K, reserved 1048576K
}
Event: 4.345 GC heap after
{Heap after GC invocations=19 (full 0):
 garbage-first heap   total 241664K, used 55799K [0x0000000705e00000, 0x0000000800000000)
  region size 2048K, 2 young (4096K), 2 survivors (4096K)
 Metaspace       used 28703K, committed 29248K, reserved 1114112K
  class space    used 2970K, committed 3264K, reserved 1048576K
}
Event: 5.391 GC heap before
{Heap before GC invocations=19 (full 0):
 garbage-first heap   total 241664K, used 193015K [0x0000000705e00000, 0x0000000800000000)
  region size 2048K, 69 young (141312K), 2 survivors (4096K)
 Metaspace       used 31571K, committed 32192K, reserved 1114112K
  class space    used 3234K, committed 3520K, reserved 1048576K
}
Event: 5.395 GC heap after
{Heap after GC invocations=20 (full 0):
 garbage-first heap   total 241664K, used 58721K [0x0000000705e00000, 0x0000000800000000)
  region size 2048K, 4 young (8192K), 4 survivors (8192K)
 Metaspace       used 31571K, committed 32192K, reserved 1114112K
  class space    used 3234K, committed 3520K, reserved 1048576K
}
Event: 6.486 GC heap before
{Heap before GC invocations=20 (full 0):
 garbage-first heap   total 241664K, used 197985K [0x0000000705e00000, 0x0000000800000000)
  region size 2048K, 70 young (143360K), 4 survivors (8192K)
 Metaspace       used 33625K, committed 34240K, reserved 1114112K
  class space    used 3444K, committed 3776K, reserved 1048576K
}
Event: 6.501 GC heap after
{Heap after GC invocations=21 (full 0):
 garbage-first heap   total 241664K, used 65873K [0x0000000705e00000, 0x0000000800000000)
  region size 2048K, 6 young (12288K), 6 survivors (12288K)
 Metaspace       used 33625K, committed 34240K, reserved 1114112K
  class space    used 3444K, committed 3776K, reserved 1048576K
}

