# JRE version: Java(TM) SE Runtime Environment (19.0.2+7) (build 19.0.2+7-44)
# Java VM: Java HotSpot(TM) 64-Bit Server VM (19.0.2+7-44, mixed mode, sharing, tiered, compressed oops, compressed class ptrs, g1 gc, windows-amd64)
GC Precious Log:
 CardTable entry size: 512
 Card Set container configuration: InlinePtr #cards 4 size 8 Array Of Cards #cards 16 size 48 Howl #buckets 8 coarsen threshold 3686 Howl Bitmap #cards 512 size 80 coarsen threshold 460 Card regions per heap region 1 cards per card region 4096
 CPUs: 16 total, 16 available
 Memory: 16005M
 Large Page Support: Disabled
 NUMA Support: Disabled
 Compressed Oops: Enabled (Zero based)
 Heap Region Size: 2M
 Heap Min Capacity: 8M
 Heap Initial Capacity: 252M
 Heap Max Capacity: 4002M
 Pre-touch: Disabled
 Parallel Workers: 13
 Concurrent Workers: 3
 Concurrent Refinement Workers: 13
 Periodic GC: Disabled
Heap:
 garbage-first heap   total 139264K, used 55200K [0x0000000705e00000, 0x0000000800000000)
  region size 2048K, 2 young (4096K), 2 survivors (4096K)
 Metaspace       used 28694K, committed 29184K, reserved 1114112K
  class space    used 2968K, committed 3264K, reserved 1048576K
GC Heap History (20 events):
Event: 2.784 GC heap after
{Heap after GC invocations=8 (full 0):
 garbage-first heap   total 108544K, used 41351K [0x0000000705e00000, 0x0000000800000000)
  region size 2048K, 2 young (4096K), 2 survivors (4096K)
 Metaspace       used 24946K, committed 25344K, reserved 1114112K
  class space    used 2636K, committed 2880K, reserved 1048576K
}
Event: 2.911 GC heap before
{Heap before GC invocations=8 (full 0):
 garbage-first heap   total 108544K, used 70023K [0x0000000705e00000, 0x0000000800000000)
  region size 2048K, 16 young (32768K), 2 survivors (4096K)
 Metaspace       used 25316K, committed 25792K, reserved 1114112K
  class space    used 2644K, committed 2880K, reserved 1048576K
}
Event: 2.918 GC heap after
{Heap after GC invocations=9 (full 0):
 garbage-first heap   total 108544K, used 46749K [0x0000000705e00000, 0x0000000800000000)
  region size 2048K, 2 young (4096K), 2 survivors (4096K)
 Metaspace       used 25316K, committed 25792K, reserved 1114112K
  class space    used 2644K, committed 2880K, reserved 1048576K
}
Event: 3.182 GC heap before
{Heap before GC invocations=9 (full 0):
 garbage-first heap   total 108544K, used 75421K [0x0000000705e00000, 0x0000000800000000)
  region size 2048K, 16 young (32768K), 2 survivors (4096K)
 Metaspace       used 26421K, committed 26880K, reserved 1114112K
  class space    used 2760K, committed 3008K, reserved 1048576K
}
Event: 3.190 GC heap after
{Heap after GC invocations=10 (full 0):
 garbage-first heap   total 108544K, used 52745K [0x0000000705e00000, 0x0000000800000000)
  region size 2048K, 2 young (4096K), 2 survivors (4096K)
 Metaspace       used 26421K, committed 26880K, reserved 1114112K
  class space    used 2760K, committed 3008K, reserved 1048576K
}
Event: 3.465 GC heap before
{Heap before GC invocations=10 (full 0):
 garbage-first heap   total 108544K, used 77321K [0x0000000705e00000, 0x0000000800000000)
  region size 2048K, 15 young (30720K), 2 survivors (4096K)
 Metaspace       used 27474K, committed 27840K, reserved 1114112K
  class space    used 2862K, committed 3072K, reserved 1048576K
}
Event: 3.469 GC heap after
{Heap after GC invocations=11 (full 0):
 garbage-first heap   total 108544K, used 53340K [0x0000000705e00000, 0x0000000800000000)
  region size 2048K, 1 young (2048K), 1 survivors (2048K)
 Metaspace       used 27474K, committed 27840K, reserved 1114112K
  class space    used 2862K, committed 3072K, reserved 1048576K
}
Event: 3.590 GC heap before
{Heap before GC invocations=12 (full 0):
 garbage-first heap   total 108544K, used 79964K [0x0000000705e00000, 0x0000000800000000)
  region size 2048K, 14 young (28672K), 1 survivors (2048K)
 Metaspace       used 27575K, committed 28096K, reserved 1114112K
  class space    used 2866K, committed 3136K, reserved 1048576K
}
Event: 3.591 GC heap after
{Heap after GC invocations=13 (full 0):
 garbage-first heap   total 108544K, used 52949K [0x0000000705e00000, 0x0000000800000000)
  region size 2048K, 1 young (2048K), 1 survivors (2048K)
 Metaspace       used 27575K, committed 28096K, reserved 1114112K
  class space    used 2866K, committed 3136K, reserved 1048576K
}
Event: 3.598 GC heap before
{Heap before GC invocations=13 (full 0):
 garbage-first heap   total 108544K, used 54997K [0x0000000705e00000, 0x0000000800000000)
  region size 2048K, 2 young (4096K), 1 survivors (2048K)
 Metaspace       used 27588K, committed 28096K, reserved 1114112K
  class space    used 2866K, committed 3136K, reserved 1048576K
}
Event: 3.600 GC heap after
{Heap after GC invocations=14 (full 0):
 garbage-first heap   total 139264K, used 51671K [0x0000000705e00000, 0x0000000800000000)
  region size 2048K, 1 young (2048K), 1 survivors (2048K)
 Metaspace       used 27588K, committed 28096K, reserved 1114112K
  class space    used 2866K, committed 3136K, reserved 1048576K
}
Event: 3.949 GC heap before
{Heap before GC invocations=14 (full 0):
 garbage-first heap   total 139264K, used 100823K [0x0000000705e00000, 0x0000000800000000)
  region size 2048K, 26 young (53248K), 1 survivors (2048K)
 Metaspace       used 28087K, committed 28608K, reserved 1114112K
  class space    used 2945K, committed 3200K, reserved 1048576K
}
Event: 3.951 GC heap after
{Heap after GC invocations=15 (full 0):
 garbage-first heap   total 139264K, used 51974K [0x0000000705e00000, 0x0000000800000000)
  region size 2048K, 1 young (2048K), 1 survivors (2048K)
 Metaspace       used 28087K, committed 28608K, reserved 1114112K
  class space    used 2945K, committed 3200K, reserved 1048576K
}
Event: 4.090 GC heap before
{Heap before GC invocations=15 (full 0):
 garbage-first heap   total 139264K, used 107270K [0x0000000705e00000, 0x0000000800000000)
  region size 2048K, 28 young (57344K), 1 survivors (2048K)
 Metaspace       used 28375K, committed 28928K, reserved 1114112K
  class space    used 2962K, committed 3264K, reserved 1048576K
}
Event: 4.092 GC heap after
{Heap after GC invocations=16 (full 0):
 garbage-first heap   total 139264K, used 53107K [0x0000000705e00000, 0x0000000800000000)
  region size 2048K, 1 young (2048K), 1 survivors (2048K)
 Metaspace       used 28375K, committed 28928K, reserved 1114112K
  class space    used 2962K, committed 3264K, reserved 1048576K
}
Event: 4.180 GC heap before
{Heap before GC invocations=16 (full 0):
 garbage-first heap   total 139264K, used 110451K [0x0000000705e00000, 0x0000000800000000)
  region size 2048K, 29 young (59392K), 1 survivors (2048K)
 Metaspace       used 28517K, committed 29056K, reserved 1114112K
  class space    used 2966K, committed 3264K, reserved 1048576K
}
Event: 4.183 GC heap after
{Heap after GC invocations=17 (full 0):
 garbage-first heap   total 139264K, used 54228K [0x0000000705e00000, 0x0000000800000000)
  region size 2048K, 2 young (4096K), 2 survivors (4096K)
 Metaspace       used 28517K, committed 29056K, reserved 1114112K
  class space    used 2966K, committed 3264K, reserved 1048576K
}
Event: 4.337 GC heap before
{Heap before GC invocations=17 (full 0):
 garbage-first heap   total 139264K, used 111572K [0x0000000705e00000, 0x0000000800000000)
  region size 2048K, 30 young (61440K), 2 survivors (4096K)
 Metaspace       used 28602K, committed 29120K, reserved 1114112K
  class space    used 2968K, committed 3264K, reserved 1048576K
}
Event: 4.342 GC heap after
{Heap after GC invocations=18 (full 0):
 garbage-first heap   total 139264K, used 55185K [0x0000000705e00000, 0x0000000800000000)
  region size 2048K, 2 young (4096K), 2 survivors (4096K)
 Metaspace       used 28602K, committed 29120K, reserved 1114112K
  class space    used 2968K, committed 3264K, reserved 1048576K
}
Event: 4.443 GC heap before
{Heap before GC invocations=18 (full 0):
 garbage-first heap   total 139264K, used 114577K [0x0000000705e00000, 0x0000000800000000)
  region size 2048K, 31 young (63488K), 2 survivors (4096K)
 Metaspace       used 28694K, committed 29184K, reserved 1114112K
  class space    used 2968K, committed 3264K, reserved 1048576K
}

