# JRE version: Java(TM) SE Runtime Environment (19.0.2+7) (build 19.0.2+7-44)
# Java VM: Java HotSpot(TM) 64-Bit Server VM (19.0.2+7-44, mixed mode, sharing, tiered, compressed oops, compressed class ptrs, g1 gc, windows-amd64)
GC Precious Log:
 CardTable entry size: 512
 Card Set container configuration: InlinePtr #cards 4 size 8 Array Of Cards #cards 16 size 48 Howl #buckets 8 coarsen threshold 3686 Howl Bitmap #cards 512 size 80 coarsen threshold 460 Card regions per heap region 1 cards per card region 4096
 CPUs: 16 total, 16 available
 Memory: 16005M
 Large Page Support: Disabled
 NUMA Support: Disabled
 Compressed Oops: Enabled (Zero based)
 Heap Region Size: 2M
 Heap Min Capacity: 8M
 Heap Initial Capacity: 252M
 Heap Max Capacity: 4002M
 Pre-touch: Disabled
 Parallel Workers: 13
 Concurrent Workers: 3
 Concurrent Refinement Workers: 13
 Periodic GC: Disabled
Heap:
 garbage-first heap   total 235520K, used 123646K [0x0000000705e00000, 0x0000000800000000)
  region size 2048K, 37 young (75776K), 2 survivors (4096K)
 Metaspace       used 29876K, committed 30400K, reserved 1114112K
  class space    used 3132K, committed 3392K, reserved 1048576K
GC Heap History (20 events):
Event: 2.965 GC heap before
{Heap before GC invocations=8 (full 0):
 garbage-first heap   total 106496K, used 70852K [0x0000000705e00000, 0x0000000800000000)
  region size 2048K, 17 young (34816K), 2 survivors (4096K)
 Metaspace       used 25345K, committed 25792K, reserved 1114112K
  class space    used 2645K, committed 2880K, reserved 1048576K
}
Event: 2.972 GC heap after
{Heap after GC invocations=9 (full 0):
 garbage-first heap   total 106496K, used 47018K [0x0000000705e00000, 0x0000000800000000)
  region size 2048K, 3 young (6144K), 3 survivors (6144K)
 Metaspace       used 25345K, committed 25792K, reserved 1114112K
  class space    used 2645K, committed 2880K, reserved 1048576K
}
Event: 3.306 GC heap before
{Heap before GC invocations=9 (full 0):
 garbage-first heap   total 106496K, used 75690K [0x0000000705e00000, 0x0000000800000000)
  region size 2048K, 17 young (34816K), 3 survivors (6144K)
 Metaspace       used 26817K, committed 27200K, reserved 1114112K
  class space    used 2794K, committed 3008K, reserved 1048576K
}
Event: 3.313 GC heap after
{Heap after GC invocations=10 (full 0):
 garbage-first heap   total 106496K, used 51473K [0x0000000705e00000, 0x0000000800000000)
  region size 2048K, 2 young (4096K), 2 survivors (4096K)
 Metaspace       used 26817K, committed 27200K, reserved 1114112K
  class space    used 2794K, committed 3008K, reserved 1048576K
}
Event: 3.552 GC heap before
{Heap before GC invocations=10 (full 0):
 garbage-first heap   total 106496K, used 76049K [0x0000000705e00000, 0x0000000800000000)
  region size 2048K, 15 young (30720K), 2 survivors (4096K)
 Metaspace       used 27501K, committed 27904K, reserved 1114112K
  class space    used 2865K, committed 3072K, reserved 1048576K
}
Event: 3.555 GC heap after
{Heap after GC invocations=11 (full 0):
 garbage-first heap   total 106496K, used 51877K [0x0000000705e00000, 0x0000000800000000)
  region size 2048K, 1 young (2048K), 1 survivors (2048K)
 Metaspace       used 27501K, committed 27904K, reserved 1114112K
  class space    used 2865K, committed 3072K, reserved 1048576K
}
Event: 3.625 GC heap before
{Heap before GC invocations=12 (full 0):
 garbage-first heap   total 106496K, used 80549K [0x0000000705e00000, 0x0000000800000000)
  region size 2048K, 15 young (30720K), 1 survivors (2048K)
 Metaspace       used 27600K, committed 28096K, reserved 1114112K
  class space    used 2868K, committed 3072K, reserved 1048576K
}
Event: 3.626 GC heap after
{Heap after GC invocations=13 (full 0):
 garbage-first heap   total 106496K, used 51469K [0x0000000705e00000, 0x0000000800000000)
  region size 2048K, 1 young (2048K), 1 survivors (2048K)
 Metaspace       used 27600K, committed 28096K, reserved 1114112K
  class space    used 2868K, committed 3072K, reserved 1048576K
}
Event: 3.633 GC heap before
{Heap before GC invocations=13 (full 0):
 garbage-first heap   total 106496K, used 53517K [0x0000000705e00000, 0x0000000800000000)
  region size 2048K, 2 young (4096K), 1 survivors (2048K)
 Metaspace       used 27608K, committed 28096K, reserved 1114112K
  class space    used 2870K, committed 3072K, reserved 1048576K
}
Event: 3.635 GC heap after
{Heap after GC invocations=14 (full 0):
 garbage-first heap   total 135168K, used 50587K [0x0000000705e00000, 0x0000000800000000)
  region size 2048K, 1 young (2048K), 1 survivors (2048K)
 Metaspace       used 27608K, committed 28096K, reserved 1114112K
  class space    used 2870K, committed 3072K, reserved 1048576K
}
Event: 3.842 GC heap before
{Heap before GC invocations=14 (full 0):
 garbage-first heap   total 135168K, used 99739K [0x0000000705e00000, 0x0000000800000000)
  region size 2048K, 26 young (53248K), 1 survivors (2048K)
 Metaspace       used 28135K, committed 28672K, reserved 1114112K
  class space    used 2951K, committed 3264K, reserved 1048576K
}
Event: 3.843 GC heap after
{Heap after GC invocations=15 (full 0):
 garbage-first heap   total 135168K, used 50812K [0x0000000705e00000, 0x0000000800000000)
  region size 2048K, 1 young (2048K), 1 survivors (2048K)
 Metaspace       used 28135K, committed 28672K, reserved 1114112K
  class space    used 2951K, committed 3264K, reserved 1048576K
}
Event: 3.945 GC heap before
{Heap before GC invocations=15 (full 0):
 garbage-first heap   total 135168K, used 104060K [0x0000000705e00000, 0x0000000800000000)
  region size 2048K, 27 young (55296K), 1 survivors (2048K)
 Metaspace       used 28383K, committed 28992K, reserved 1114112K
  class space    used 2964K, committed 3264K, reserved 1048576K
}
Event: 3.947 GC heap after
{Heap after GC invocations=16 (full 0):
 garbage-first heap   total 135168K, used 51836K [0x0000000705e00000, 0x0000000800000000)
  region size 2048K, 1 young (2048K), 1 survivors (2048K)
 Metaspace       used 28383K, committed 28992K, reserved 1114112K
  class space    used 2964K, committed 3264K, reserved 1048576K
}
Event: 4.033 GC heap before
{Heap before GC invocations=16 (full 0):
 garbage-first heap   total 135168K, used 107132K [0x0000000705e00000, 0x0000000800000000)
  region size 2048K, 28 young (57344K), 1 survivors (2048K)
 Metaspace       used 28518K, committed 29120K, reserved 1114112K
  class space    used 2968K, committed 3264K, reserved 1048576K
}
Event: 4.035 GC heap after
{Heap after GC invocations=17 (full 0):
 garbage-first heap   total 135168K, used 52607K [0x0000000705e00000, 0x0000000800000000)
  region size 2048K, 2 young (4096K), 2 survivors (4096K)
 Metaspace       used 28518K, committed 29120K, reserved 1114112K
  class space    used 2968K, committed 3264K, reserved 1048576K
}
Event: 4.135 GC heap before
{Heap before GC invocations=17 (full 0):
 garbage-first heap   total 135168K, used 107903K [0x0000000705e00000, 0x0000000800000000)
  region size 2048K, 29 young (59392K), 2 survivors (4096K)
 Metaspace       used 28594K, committed 29184K, reserved 1114112K
  class space    used 2970K, committed 3264K, reserved 1048576K
}
Event: 4.138 GC heap after
{Heap after GC invocations=18 (full 0):
 garbage-first heap   total 135168K, used 53923K [0x0000000705e00000, 0x0000000800000000)
  region size 2048K, 2 young (4096K), 2 survivors (4096K)
 Metaspace       used 28594K, committed 29184K, reserved 1114112K
  class space    used 2970K, committed 3264K, reserved 1048576K
}
Event: 4.231 GC heap before
{Heap before GC invocations=18 (full 0):
 garbage-first heap   total 135168K, used 111267K [0x0000000705e00000, 0x0000000800000000)
  region size 2048K, 30 young (61440K), 2 survivors (4096K)
 Metaspace       used 28691K, committed 29248K, reserved 1114112K
  class space    used 2970K, committed 3264K, reserved 1048576K
}
Event: 4.236 GC heap after
{Heap after GC invocations=19 (full 0):
 garbage-first heap   total 235520K, used 54014K [0x0000000705e00000, 0x0000000800000000)
  region size 2048K, 2 young (4096K), 2 survivors (4096K)
 Metaspace       used 28691K, committed 29248K, reserved 1114112K
  class space    used 2970K, committed 3264K, reserved 1048576K
}

