# JRE version: Java(TM) SE Runtime Environment (19.0.2+7) (build 19.0.2+7-44)
# Java VM: Java HotSpot(TM) 64-Bit Server VM (19.0.2+7-44, mixed mode, sharing, tiered, compressed oops, compressed class ptrs, g1 gc, windows-amd64)
GC Precious Log:
 CardTable entry size: 512
 Card Set container configuration: InlinePtr #cards 4 size 8 Array Of Cards #cards 16 size 48 Howl #buckets 8 coarsen threshold 3686 Howl Bitmap #cards 512 size 80 coarsen threshold 460 Card regions per heap region 1 cards per card region 4096
 CPUs: 16 total, 16 available
 Memory: 16005M
 Large Page Support: Disabled
 NUMA Support: Disabled
 Compressed Oops: Enabled (Zero based)
 Heap Region Size: 2M
 Heap Min Capacity: 8M
 Heap Initial Capacity: 252M
 Heap Max Capacity: 4002M
 Pre-touch: Disabled
 Parallel Workers: 13
 Concurrent Workers: 3
 Concurrent Refinement Workers: 13
 Periodic GC: Disabled
Heap:
 garbage-first heap   total 149504K, used 54970K [0x0000000705e00000, 0x0000000800000000)
  region size 2048K, 2 young (4096K), 2 survivors (4096K)
 Metaspace       used 28764K, committed 29312K, reserved 1114112K
  class space    used 2968K, committed 3264K, reserved 1048576K
GC Heap History (20 events):
Event: 2.846 GC heap after
{Heap after GC invocations=8 (full 0):
 garbage-first heap   total 112640K, used 42363K [0x0000000705e00000, 0x0000000800000000)
  region size 2048K, 2 young (4096K), 2 survivors (4096K)
 Metaspace       used 24943K, committed 25344K, reserved 1114112K
  class space    used 2637K, committed 2880K, reserved 1048576K
}
Event: 3.036 GC heap before
{Heap before GC invocations=8 (full 0):
 garbage-first heap   total 112640K, used 79227K [0x0000000705e00000, 0x0000000800000000)
  region size 2048K, 19 young (38912K), 2 survivors (4096K)
 Metaspace       used 25372K, committed 25792K, reserved 1114112K
  class space    used 2644K, committed 2880K, reserved 1048576K
}
Event: 3.045 GC heap after
{Heap after GC invocations=9 (full 0):
 garbage-first heap   total 112640K, used 50268K [0x0000000705e00000, 0x0000000800000000)
  region size 2048K, 3 young (6144K), 3 survivors (6144K)
 Metaspace       used 25372K, committed 25792K, reserved 1114112K
  class space    used 2644K, committed 2880K, reserved 1048576K
}
Event: 3.454 GC heap before
{Heap before GC invocations=9 (full 0):
 garbage-first heap   total 112640K, used 78940K [0x0000000705e00000, 0x0000000800000000)
  region size 2048K, 18 young (36864K), 3 survivors (6144K)
 Metaspace       used 27163K, committed 27648K, reserved 1114112K
  class space    used 2835K, committed 3072K, reserved 1048576K
}
Event: 3.460 GC heap after
{Heap after GC invocations=10 (full 0):
 garbage-first heap   total 112640K, used 51869K [0x0000000705e00000, 0x0000000800000000)
  region size 2048K, 1 young (2048K), 1 survivors (2048K)
 Metaspace       used 27163K, committed 27648K, reserved 1114112K
  class space    used 2835K, committed 3072K, reserved 1048576K
}
Event: 3.634 GC heap before
{Heap before GC invocations=10 (full 0):
 garbage-first heap   total 112640K, used 82589K [0x0000000705e00000, 0x0000000800000000)
  region size 2048K, 16 young (32768K), 1 survivors (2048K)
 Metaspace       used 27553K, committed 28096K, reserved 1114112K
  class space    used 2867K, committed 3136K, reserved 1048576K
}
Event: 3.636 GC heap after
{Heap after GC invocations=11 (full 0):
 garbage-first heap   total 112640K, used 52076K [0x0000000705e00000, 0x0000000800000000)
  region size 2048K, 1 young (2048K), 1 survivors (2048K)
 Metaspace       used 27553K, committed 28096K, reserved 1114112K
  class space    used 2867K, committed 3136K, reserved 1048576K
}
Event: 3.710 GC heap before
{Heap before GC invocations=12 (full 0):
 garbage-first heap   total 112640K, used 84844K [0x0000000705e00000, 0x0000000800000000)
  region size 2048K, 17 young (34816K), 1 survivors (2048K)
 Metaspace       used 27627K, committed 28160K, reserved 1114112K
  class space    used 2873K, committed 3136K, reserved 1048576K
}
Event: 3.712 GC heap after
{Heap after GC invocations=13 (full 0):
 garbage-first heap   total 112640K, used 51868K [0x0000000705e00000, 0x0000000800000000)
  region size 2048K, 1 young (2048K), 1 survivors (2048K)
 Metaspace       used 27627K, committed 28160K, reserved 1114112K
  class space    used 2873K, committed 3136K, reserved 1048576K
}
Event: 3.715 GC heap before
{Heap before GC invocations=13 (full 0):
 garbage-first heap   total 112640K, used 53916K [0x0000000705e00000, 0x0000000800000000)
  region size 2048K, 2 young (4096K), 1 survivors (2048K)
 Metaspace       used 27632K, committed 28160K, reserved 1114112K
  class space    used 2873K, committed 3136K, reserved 1048576K
}
Event: 3.718 GC heap after
{Heap after GC invocations=14 (full 0):
 garbage-first heap   total 149504K, used 51317K [0x0000000705e00000, 0x0000000800000000)
  region size 2048K, 1 young (2048K), 1 survivors (2048K)
 Metaspace       used 27632K, committed 28160K, reserved 1114112K
  class space    used 2873K, committed 3136K, reserved 1048576K
}
Event: 3.971 GC heap before
{Heap before GC invocations=14 (full 0):
 garbage-first heap   total 149504K, used 110709K [0x0000000705e00000, 0x0000000800000000)
  region size 2048K, 31 young (63488K), 1 survivors (2048K)
 Metaspace       used 28315K, committed 28800K, reserved 1114112K
  class space    used 2959K, committed 3200K, reserved 1048576K
}
Event: 3.973 GC heap after
{Heap after GC invocations=15 (full 0):
 garbage-first heap   total 149504K, used 52192K [0x0000000705e00000, 0x0000000800000000)
  region size 2048K, 1 young (2048K), 1 survivors (2048K)
 Metaspace       used 28315K, committed 28800K, reserved 1114112K
  class space    used 2959K, committed 3200K, reserved 1048576K
}
Event: 4.063 GC heap before
{Heap before GC invocations=15 (full 0):
 garbage-first heap   total 149504K, used 115680K [0x0000000705e00000, 0x0000000800000000)
  region size 2048K, 32 young (65536K), 1 survivors (2048K)
 Metaspace       used 28505K, committed 29056K, reserved 1114112K
  class space    used 2965K, committed 3264K, reserved 1048576K
}
Event: 4.066 GC heap after
{Heap after GC invocations=16 (full 0):
 garbage-first heap   total 149504K, used 53270K [0x0000000705e00000, 0x0000000800000000)
  region size 2048K, 2 young (4096K), 2 survivors (4096K)
 Metaspace       used 28505K, committed 29056K, reserved 1114112K
  class space    used 2965K, committed 3264K, reserved 1048576K
}
Event: 4.158 GC heap before
{Heap before GC invocations=16 (full 0):
 garbage-first heap   total 149504K, used 116758K [0x0000000705e00000, 0x0000000800000000)
  region size 2048K, 33 young (67584K), 2 survivors (4096K)
 Metaspace       used 28571K, committed 29120K, reserved 1114112K
  class space    used 2968K, committed 3264K, reserved 1048576K
}
Event: 4.161 GC heap after
{Heap after GC invocations=17 (full 0):
 garbage-first heap   total 149504K, used 54177K [0x0000000705e00000, 0x0000000800000000)
  region size 2048K, 2 young (4096K), 2 survivors (4096K)
 Metaspace       used 28571K, committed 29120K, reserved 1114112K
  class space    used 2968K, committed 3264K, reserved 1048576K
}
Event: 4.305 GC heap before
{Heap before GC invocations=17 (full 0):
 garbage-first heap   total 149504K, used 119713K [0x0000000705e00000, 0x0000000800000000)
  region size 2048K, 34 young (69632K), 2 survivors (4096K)
 Metaspace       used 28687K, committed 29248K, reserved 1114112K
  class space    used 2968K, committed 3264K, reserved 1048576K
}
Event: 4.309 GC heap after
{Heap after GC invocations=18 (full 0):
 garbage-first heap   total 149504K, used 54802K [0x0000000705e00000, 0x0000000800000000)
  region size 2048K, 2 young (4096K), 2 survivors (4096K)
 Metaspace       used 28687K, committed 29248K, reserved 1114112K
  class space    used 2968K, committed 3264K, reserved 1048576K
}
Event: 4.429 GC heap before
{Heap before GC invocations=18 (full 0):
 garbage-first heap   total 149504K, used 122386K [0x0000000705e00000, 0x0000000800000000)
  region size 2048K, 35 young (71680K), 2 survivors (4096K)
 Metaspace       used 28764K, committed 29312K, reserved 1114112K
  class space    used 2968K, committed 3264K, reserved 1048576K
}

