# JRE version: Java(TM) SE Runtime Environment (19.0.2+7) (build 19.0.2+7-44)
# Java VM: Java HotSpot(TM) 64-Bit Server VM (19.0.2+7-44, mixed mode, sharing, tiered, compressed oops, compressed class ptrs, g1 gc, windows-amd64)
GC Precious Log:
 CardTable entry size: 512
 Card Set container configuration: InlinePtr #cards 4 size 8 Array Of Cards #cards 16 size 48 Howl #buckets 8 coarsen threshold 3686 Howl Bitmap #cards 512 size 80 coarsen threshold 460 Card regions per heap region 1 cards per card region 4096
 CPUs: 16 total, 16 available
 Memory: 16005M
 Large Page Support: Disabled
 NUMA Support: Disabled
 Compressed Oops: Enabled (Zero based)
 Heap Region Size: 2M
 Heap Min Capacity: 8M
 Heap Initial Capacity: 252M
 Heap Max Capacity: 4002M
 Pre-touch: Disabled
 Parallel Workers: 13
 Concurrent Workers: 3
 Concurrent Refinement Workers: 13
 Periodic GC: Disabled
Heap:
 garbage-first heap   total 274432K, used 140507K [0x0000000705e00000, 0x0000000800000000)
  region size 2048K, 41 young (83968K), 10 survivors (20480K)
 Metaspace       used 36399K, committed 37056K, reserved 1114112K
  class space    used 3749K, committed 4096K, reserved 1048576K
GC Heap History (20 events):
Event: 3.420 GC heap before
{Heap before GC invocations=10 (full 0):
 garbage-first heap   total 108544K, used 78129K [0x0000000705e00000, 0x0000000800000000)
  region size 2048K, 15 young (30720K), 2 survivors (4096K)
 Metaspace       used 27499K, committed 27904K, reserved 1114112K
  class space    used 2864K, committed 3072K, reserved 1048576K
}
Event: 3.423 GC heap after
{Heap after GC invocations=11 (full 0):
 garbage-first heap   total 108544K, used 51928K [0x0000000705e00000, 0x0000000800000000)
  region size 2048K, 1 young (2048K), 1 survivors (2048K)
 Metaspace       used 27499K, committed 27904K, reserved 1114112K
  class space    used 2864K, committed 3072K, reserved 1048576K
}
Event: 3.499 GC heap before
{Heap before GC invocations=12 (full 0):
 garbage-first heap   total 108544K, used 80600K [0x0000000705e00000, 0x0000000800000000)
  region size 2048K, 15 young (30720K), 1 survivors (2048K)
 Metaspace       used 27611K, committed 28096K, reserved 1114112K
  class space    used 2868K, committed 3136K, reserved 1048576K
}
Event: 3.500 GC heap after
{Heap after GC invocations=13 (full 0):
 garbage-first heap   total 108544K, used 51433K [0x0000000705e00000, 0x0000000800000000)
  region size 2048K, 1 young (2048K), 1 survivors (2048K)
 Metaspace       used 27611K, committed 28096K, reserved 1114112K
  class space    used 2868K, committed 3136K, reserved 1048576K
}
Event: 3.503 GC heap before
{Heap before GC invocations=13 (full 0):
 garbage-first heap   total 108544K, used 53481K [0x0000000705e00000, 0x0000000800000000)
  region size 2048K, 2 young (4096K), 1 survivors (2048K)
 Metaspace       used 27611K, committed 28096K, reserved 1114112K
  class space    used 2868K, committed 3136K, reserved 1048576K
}
Event: 3.505 GC heap after
{Heap after GC invocations=14 (full 0):
 garbage-first heap   total 137216K, used 50467K [0x0000000705e00000, 0x0000000800000000)
  region size 2048K, 1 young (2048K), 1 survivors (2048K)
 Metaspace       used 27611K, committed 28096K, reserved 1114112K
  class space    used 2868K, committed 3136K, reserved 1048576K
}
Event: 3.735 GC heap before
{Heap before GC invocations=14 (full 0):
 garbage-first heap   total 137216K, used 99619K [0x0000000705e00000, 0x0000000800000000)
  region size 2048K, 26 young (53248K), 1 survivors (2048K)
 Metaspace       used 28162K, committed 28672K, reserved 1114112K
  class space    used 2951K, committed 3200K, reserved 1048576K
}
Event: 3.737 GC heap after
{Heap after GC invocations=15 (full 0):
 garbage-first heap   total 137216K, used 50924K [0x0000000705e00000, 0x0000000800000000)
  region size 2048K, 1 young (2048K), 1 survivors (2048K)
 Metaspace       used 28162K, committed 28672K, reserved 1114112K
  class space    used 2951K, committed 3200K, reserved 1048576K
}
Event: 3.861 GC heap before
{Heap before GC invocations=15 (full 0):
 garbage-first heap   total 137216K, used 102124K [0x0000000705e00000, 0x0000000800000000)
  region size 2048K, 27 young (55296K), 1 survivors (2048K)
 Metaspace       used 28401K, committed 28928K, reserved 1114112K
  class space    used 2965K, committed 3264K, reserved 1048576K
}
Event: 3.863 GC heap after
{Heap after GC invocations=16 (full 0):
 garbage-first heap   total 137216K, used 51876K [0x0000000705e00000, 0x0000000800000000)
  region size 2048K, 1 young (2048K), 1 survivors (2048K)
 Metaspace       used 28401K, committed 28928K, reserved 1114112K
  class space    used 2965K, committed 3264K, reserved 1048576K
}
Event: 3.960 GC heap before
{Heap before GC invocations=16 (full 0):
 garbage-first heap   total 137216K, used 107172K [0x0000000705e00000, 0x0000000800000000)
  region size 2048K, 28 young (57344K), 1 survivors (2048K)
 Metaspace       used 28533K, committed 29056K, reserved 1114112K
  class space    used 2968K, committed 3264K, reserved 1048576K
}
Event: 3.962 GC heap after
{Heap after GC invocations=17 (full 0):
 garbage-first heap   total 137216K, used 52651K [0x0000000705e00000, 0x0000000800000000)
  region size 2048K, 2 young (4096K), 2 survivors (4096K)
 Metaspace       used 28533K, committed 29056K, reserved 1114112K
  class space    used 2968K, committed 3264K, reserved 1048576K
}
Event: 4.065 GC heap before
{Heap before GC invocations=17 (full 0):
 garbage-first heap   total 137216K, used 109995K [0x0000000705e00000, 0x0000000800000000)
  region size 2048K, 30 young (61440K), 2 survivors (4096K)
 Metaspace       used 28614K, committed 29120K, reserved 1114112K
  class space    used 2970K, committed 3264K, reserved 1048576K
}
Event: 4.069 GC heap after
{Heap after GC invocations=18 (full 0):
 garbage-first heap   total 137216K, used 54114K [0x0000000705e00000, 0x0000000800000000)
  region size 2048K, 2 young (4096K), 2 survivors (4096K)
 Metaspace       used 28614K, committed 29120K, reserved 1114112K
  class space    used 2970K, committed 3264K, reserved 1048576K
}
Event: 4.203 GC heap before
{Heap before GC invocations=18 (full 0):
 garbage-first heap   total 137216K, used 111458K [0x0000000705e00000, 0x0000000800000000)
  region size 2048K, 30 young (61440K), 2 survivors (4096K)
 Metaspace       used 28718K, committed 29248K, reserved 1114112K
  class space    used 2970K, committed 3264K, reserved 1048576K
}
Event: 4.208 GC heap after
{Heap after GC invocations=19 (full 0):
 garbage-first heap   total 274432K, used 54097K [0x0000000705e00000, 0x0000000800000000)
  region size 2048K, 2 young (4096K), 2 survivors (4096K)
 Metaspace       used 28718K, committed 29248K, reserved 1114112K
  class space    used 2970K, committed 3264K, reserved 1048576K
}
Event: 5.684 GC heap before
{Heap before GC invocations=19 (full 0):
 garbage-first heap   total 274432K, used 213841K [0x0000000705e00000, 0x0000000800000000)
  region size 2048K, 80 young (163840K), 2 survivors (4096K)
 Metaspace       used 31527K, committed 32128K, reserved 1114112K
  class space    used 3226K, committed 3520K, reserved 1048576K
}
Event: 5.688 GC heap after
{Heap after GC invocations=20 (full 0):
 garbage-first heap   total 274432K, used 56842K [0x0000000705e00000, 0x0000000800000000)
  region size 2048K, 4 young (8192K), 4 survivors (8192K)
 Metaspace       used 31527K, committed 32128K, reserved 1114112K
  class space    used 3226K, committed 3520K, reserved 1048576K
}
Event: 6.605 GC heap before
{Heap before GC invocations=20 (full 0):
 garbage-first heap   total 274432K, used 214538K [0x0000000705e00000, 0x0000000800000000)
  region size 2048K, 80 young (163840K), 4 survivors (8192K)
 Metaspace       used 34535K, committed 35136K, reserved 1114112K
  class space    used 3551K, committed 3904K, reserved 1048576K
}
Event: 6.611 GC heap after
{Heap after GC invocations=21 (full 0):
 garbage-first heap   total 274432K, used 81115K [0x0000000705e00000, 0x0000000800000000)
  region size 2048K, 10 young (20480K), 10 survivors (20480K)
 Metaspace       used 34535K, committed 35136K, reserved 1114112K
  class space    used 3551K, committed 3904K, reserved 1048576K
}

