# JRE version: Java(TM) SE Runtime Environment (19.0.2+7) (build 19.0.2+7-44)
# Java VM: Java HotSpot(TM) 64-Bit Server VM (19.0.2+7-44, mixed mode, sharing, tiered, compressed oops, compressed class ptrs, g1 gc, windows-amd64)
GC Precious Log:
 CardTable entry size: 512
 Card Set container configuration: InlinePtr #cards 4 size 8 Array Of Cards #cards 16 size 48 Howl #buckets 8 coarsen threshold 3686 Howl Bitmap #cards 512 size 80 coarsen threshold 460 Card regions per heap region 1 cards per card region 4096
 CPUs: 16 total, 16 available
 Memory: 16004M
 Large Page Support: Disabled
 NUMA Support: Disabled
 Compressed Oops: Enabled (Zero based)
 Heap Region Size: 2M
 Heap Min Capacity: 8M
 Heap Initial Capacity: 252M
 Heap Max Capacity: 4002M
 Pre-touch: Disabled
 Parallel Workers: 13
 Concurrent Workers: 3
 Concurrent Refinement Workers: 13
 Periodic GC: Disabled
Heap:
 garbage-first heap   total 139264K, used 64538K [0x0000000705e00000, 0x0000000800000000)
  region size 2048K, 8 young (16384K), 1 survivors (2048K)
 Metaspace       used 28216K, committed 28736K, reserved 1114112K
  class space    used 2955K, committed 3200K, reserved 1048576K
GC Heap History (20 events):
Event: 2.887 GC heap before
{Heap before GC invocations=4 (full 0):
 garbage-first heap   total 61440K, used 50455K [0x0000000705e00000, 0x0000000800000000)
  region size 2048K, 24 young (49152K), 6 survivors (12288K)
 Metaspace       used 23741K, committed 24064K, reserved 1114112K
  class space    used 2507K, committed 2688K, reserved 1048576K
}
Event: 2.896 GC heap after
{Heap after GC invocations=5 (full 0):
 garbage-first heap   total 77824K, used 27675K [0x0000000705e00000, 0x0000000800000000)
  region size 2048K, 3 young (6144K), 3 survivors (6144K)
 Metaspace       used 23741K, committed 24064K, reserved 1114112K
  class space    used 2507K, committed 2688K, reserved 1048576K
}
Event: 2.923 GC heap before
{Heap before GC invocations=5 (full 0):
 garbage-first heap   total 77824K, used 29723K [0x0000000705e00000, 0x0000000800000000)
  region size 2048K, 4 young (8192K), 3 survivors (6144K)
 Metaspace       used 23746K, committed 24064K, reserved 1114112K
  class space    used 2507K, committed 2688K, reserved 1048576K
}
Event: 2.925 GC heap after
{Heap after GC invocations=6 (full 0):
 garbage-first heap   total 77824K, used 29424K [0x0000000705e00000, 0x0000000800000000)
  region size 2048K, 1 young (2048K), 1 survivors (2048K)
 Metaspace       used 23746K, committed 24064K, reserved 1114112K
  class space    used 2507K, committed 2688K, reserved 1048576K
}
Event: 3.329 GC heap before
{Heap before GC invocations=6 (full 0):
 garbage-first heap   total 77824K, used 54000K [0x0000000705e00000, 0x0000000800000000)
  region size 2048K, 13 young (26624K), 1 survivors (2048K)
 Metaspace       used 24535K, committed 24832K, reserved 1114112K
  class space    used 2588K, committed 2752K, reserved 1048576K
}
Event: 3.334 GC heap after
{Heap after GC invocations=7 (full 0):
 garbage-first heap   total 77824K, used 38193K [0x0000000705e00000, 0x0000000800000000)
  region size 2048K, 2 young (4096K), 2 survivors (4096K)
 Metaspace       used 24535K, committed 24832K, reserved 1114112K
  class space    used 2588K, committed 2752K, reserved 1048576K
}
Event: 3.439 GC heap before
{Heap before GC invocations=7 (full 0):
 garbage-first heap   total 77824K, used 52529K [0x0000000705e00000, 0x0000000800000000)
  region size 2048K, 10 young (20480K), 2 survivors (4096K)
 Metaspace       used 24719K, committed 25152K, reserved 1114112K
  class space    used 2609K, committed 2816K, reserved 1048576K
}
Event: 3.443 GC heap after
{Heap after GC invocations=8 (full 0):
 garbage-first heap   total 110592K, used 43008K [0x0000000705e00000, 0x0000000800000000)
  region size 2048K, 2 young (4096K), 2 survivors (4096K)
 Metaspace       used 24719K, committed 25152K, reserved 1114112K
  class space    used 2609K, committed 2816K, reserved 1048576K
}
Event: 3.633 GC heap before
{Heap before GC invocations=8 (full 0):
 garbage-first heap   total 110592K, used 75776K [0x0000000705e00000, 0x0000000800000000)
  region size 2048K, 18 young (36864K), 2 survivors (4096K)
 Metaspace       used 25372K, committed 25792K, reserved 1114112K
  class space    used 2654K, committed 2880K, reserved 1048576K
}
Event: 3.640 GC heap after
{Heap after GC invocations=9 (full 0):
 garbage-first heap   total 110592K, used 49562K [0x0000000705e00000, 0x0000000800000000)
  region size 2048K, 3 young (6144K), 3 survivors (6144K)
 Metaspace       used 25372K, committed 25792K, reserved 1114112K
  class space    used 2654K, committed 2880K, reserved 1048576K
}
Event: 3.947 GC heap before
{Heap before GC invocations=9 (full 0):
 garbage-first heap   total 110592K, used 80282K [0x0000000705e00000, 0x0000000800000000)
  region size 2048K, 17 young (34816K), 3 survivors (6144K)
 Metaspace       used 26416K, committed 26816K, reserved 1114112K
  class space    used 2728K, committed 2944K, reserved 1048576K
}
Event: 3.955 GC heap after
{Heap after GC invocations=10 (full 0):
 garbage-first heap   total 110592K, used 54861K [0x0000000705e00000, 0x0000000800000000)
  region size 2048K, 2 young (4096K), 2 survivors (4096K)
 Metaspace       used 26416K, committed 26816K, reserved 1114112K
  class space    used 2728K, committed 2944K, reserved 1048576K
}
Event: 4.240 GC heap before
{Heap before GC invocations=10 (full 0):
 garbage-first heap   total 110592K, used 81485K [0x0000000705e00000, 0x0000000800000000)
  region size 2048K, 15 young (30720K), 2 survivors (4096K)
 Metaspace       used 27561K, committed 28032K, reserved 1114112K
  class space    used 2870K, committed 3136K, reserved 1048576K
}
Event: 4.244 GC heap after
{Heap after GC invocations=11 (full 0):
 garbage-first heap   total 110592K, used 55340K [0x0000000705e00000, 0x0000000800000000)
  region size 2048K, 1 young (2048K), 1 survivors (2048K)
 Metaspace       used 27561K, committed 28032K, reserved 1114112K
  class space    used 2870K, committed 3136K, reserved 1048576K
}
Event: 4.341 GC heap before
{Heap before GC invocations=12 (full 0):
 garbage-first heap   total 110592K, used 84012K [0x0000000705e00000, 0x0000000800000000)
  region size 2048K, 15 young (30720K), 1 survivors (2048K)
 Metaspace       used 27695K, committed 28160K, reserved 1114112K
  class space    used 2878K, committed 3136K, reserved 1048576K
}
Event: 4.342 GC heap after
{Heap after GC invocations=13 (full 0):
 garbage-first heap   total 110592K, used 55253K [0x0000000705e00000, 0x0000000800000000)
  region size 2048K, 1 young (2048K), 1 survivors (2048K)
 Metaspace       used 27695K, committed 28160K, reserved 1114112K
  class space    used 2878K, committed 3136K, reserved 1048576K
}
Event: 4.346 GC heap before
{Heap before GC invocations=13 (full 0):
 garbage-first heap   total 110592K, used 57301K [0x0000000705e00000, 0x0000000800000000)
  region size 2048K, 2 young (4096K), 1 survivors (2048K)
 Metaspace       used 27710K, committed 28160K, reserved 1114112K
  class space    used 2878K, committed 3136K, reserved 1048576K
}
Event: 4.348 GC heap after
{Heap after GC invocations=14 (full 0):
 garbage-first heap   total 139264K, used 53916K [0x0000000705e00000, 0x0000000800000000)
  region size 2048K, 1 young (2048K), 1 survivors (2048K)
 Metaspace       used 27710K, committed 28160K, reserved 1114112K
  class space    used 2878K, committed 3136K, reserved 1048576K
}
Event: 4.454 GC heap before
{Heap before GC invocations=14 (full 0):
 garbage-first heap   total 139264K, used 103068K [0x0000000705e00000, 0x0000000800000000)
  region size 2048K, 26 young (53248K), 1 survivors (2048K)
 Metaspace       used 27773K, committed 28288K, reserved 1114112K
  class space    used 2884K, committed 3136K, reserved 1048576K
}
Event: 4.455 GC heap after
{Heap after GC invocations=15 (full 0):
 garbage-first heap   total 139264K, used 54298K [0x0000000705e00000, 0x0000000800000000)
  region size 2048K, 1 young (2048K), 1 survivors (2048K)
 Metaspace       used 27773K, committed 28288K, reserved 1114112K
  class space    used 2884K, committed 3136K, reserved 1048576K
}

