# JRE version: Java(TM) SE Runtime Environment (19.0.2+7) (build 19.0.2+7-44)
# Java VM: Java HotSpot(TM) 64-Bit Server VM (19.0.2+7-44, mixed mode, sharing, tiered, compressed oops, compressed class ptrs, g1 gc, windows-amd64)
GC Precious Log:
 CardTable entry size: 512
 Card Set container configuration: InlinePtr #cards 4 size 8 Array Of Cards #cards 16 size 48 Howl #buckets 8 coarsen threshold 3686 Howl Bitmap #cards 512 size 80 coarsen threshold 460 Card regions per heap region 1 cards per card region 4096
 CPUs: 16 total, 16 available
 Memory: 16005M
 Large Page Support: Disabled
 NUMA Support: Disabled
 Compressed Oops: Enabled (Zero based)
 Heap Region Size: 2M
 Heap Min Capacity: 8M
 Heap Initial Capacity: 252M
 Heap Max Capacity: 4002M
 Pre-touch: Disabled
 Parallel Workers: 13
 Concurrent Workers: 3
 Concurrent Refinement Workers: 13
 Periodic GC: Disabled
Heap:
 garbage-first heap   total 227328K, used 81526K [0x0000000705e00000, 0x0000000800000000)
  region size 2048K, 15 young (30720K), 7 survivors (14336K)
 Metaspace       used 36413K, committed 37056K, reserved 1114112K
  class space    used 3749K, committed 4096K, reserved 1048576K
GC Heap History (20 events):
Event: 4.405 GC heap before
{Heap before GC invocations=10 (full 0):
 garbage-first heap   total 112640K, used 84804K [0x0000000705e00000, 0x0000000800000000)
  region size 2048K, 17 young (34816K), 1 survivors (2048K)
 Metaspace       used 27629K, committed 28096K, reserved 1114112K
  class space    used 2867K, committed 3072K, reserved 1048576K
}
Event: 4.407 GC heap after
{Heap after GC invocations=11 (full 0):
 garbage-first heap   total 135168K, used 51885K [0x0000000705e00000, 0x0000000800000000)
  region size 2048K, 1 young (2048K), 1 survivors (2048K)
 Metaspace       used 27629K, committed 28096K, reserved 1114112K
  class space    used 2867K, committed 3072K, reserved 1048576K
}
Event: 4.739 GC heap before
{Heap before GC invocations=12 (full 0):
 garbage-first heap   total 135168K, used 96941K [0x0000000705e00000, 0x0000000800000000)
  region size 2048K, 24 young (49152K), 1 survivors (2048K)
 Metaspace       used 28140K, committed 28736K, reserved 1114112K
  class space    used 2947K, committed 3264K, reserved 1048576K
}
Event: 4.741 GC heap after
{Heap after GC invocations=13 (full 0):
 garbage-first heap   total 135168K, used 52117K [0x0000000705e00000, 0x0000000800000000)
  region size 2048K, 1 young (2048K), 1 survivors (2048K)
 Metaspace       used 28140K, committed 28736K, reserved 1114112K
  class space    used 2947K, committed 3264K, reserved 1048576K
}
Event: 4.750 GC heap before
{Heap before GC invocations=13 (full 0):
 garbage-first heap   total 135168K, used 56213K [0x0000000705e00000, 0x0000000800000000)
  region size 2048K, 3 young (6144K), 1 survivors (2048K)
 Metaspace       used 28148K, committed 28736K, reserved 1114112K
  class space    used 2947K, committed 3264K, reserved 1048576K
}
Event: 4.752 GC heap after
{Heap after GC invocations=14 (full 0):
 garbage-first heap   total 135168K, used 51165K [0x0000000705e00000, 0x0000000800000000)
  region size 2048K, 1 young (2048K), 1 survivors (2048K)
 Metaspace       used 28148K, committed 28736K, reserved 1114112K
  class space    used 2947K, committed 3264K, reserved 1048576K
}
Event: 4.896 GC heap before
{Heap before GC invocations=14 (full 0):
 garbage-first heap   total 135168K, used 100317K [0x0000000705e00000, 0x0000000800000000)
  region size 2048K, 26 young (53248K), 1 survivors (2048K)
 Metaspace       used 28400K, committed 28992K, reserved 1114112K
  class space    used 2964K, committed 3264K, reserved 1048576K
}
Event: 4.899 GC heap after
{Heap after GC invocations=15 (full 0):
 garbage-first heap   total 135168K, used 52170K [0x0000000705e00000, 0x0000000800000000)
  region size 2048K, 1 young (2048K), 1 survivors (2048K)
 Metaspace       used 28400K, committed 28992K, reserved 1114112K
  class space    used 2964K, committed 3264K, reserved 1048576K
}
Event: 4.994 GC heap before
{Heap before GC invocations=15 (full 0):
 garbage-first heap   total 135168K, used 103370K [0x0000000705e00000, 0x0000000800000000)
  region size 2048K, 27 young (55296K), 1 survivors (2048K)
 Metaspace       used 28535K, committed 29120K, reserved 1114112K
  class space    used 2966K, committed 3264K, reserved 1048576K
}
Event: 4.997 GC heap after
{Heap after GC invocations=16 (full 0):
 garbage-first heap   total 135168K, used 53076K [0x0000000705e00000, 0x0000000800000000)
  region size 2048K, 2 young (4096K), 2 survivors (4096K)
 Metaspace       used 28535K, committed 29120K, reserved 1114112K
  class space    used 2966K, committed 3264K, reserved 1048576K
}
Event: 5.134 GC heap before
{Heap before GC invocations=16 (full 0):
 garbage-first heap   total 135168K, used 104276K [0x0000000705e00000, 0x0000000800000000)
  region size 2048K, 28 young (57344K), 2 survivors (4096K)
 Metaspace       used 28592K, committed 29120K, reserved 1114112K
  class space    used 2969K, committed 3264K, reserved 1048576K
}
Event: 5.143 GC heap after
{Heap after GC invocations=17 (full 0):
 garbage-first heap   total 135168K, used 54638K [0x0000000705e00000, 0x0000000800000000)
  region size 2048K, 3 young (6144K), 3 survivors (6144K)
 Metaspace       used 28592K, committed 29120K, reserved 1114112K
  class space    used 2969K, committed 3264K, reserved 1048576K
}
Event: 5.284 GC heap before
{Heap before GC invocations=17 (full 0):
 garbage-first heap   total 135168K, used 105838K [0x0000000705e00000, 0x0000000800000000)
  region size 2048K, 29 young (59392K), 3 survivors (6144K)
 Metaspace       used 28711K, committed 29248K, reserved 1114112K
  class space    used 2969K, committed 3264K, reserved 1048576K
}
Event: 5.289 GC heap after
{Heap after GC invocations=18 (full 0):
 garbage-first heap   total 227328K, used 54397K [0x0000000705e00000, 0x0000000800000000)
  region size 2048K, 2 young (4096K), 2 survivors (4096K)
 Metaspace       used 28711K, committed 29248K, reserved 1114112K
  class space    used 2969K, committed 3264K, reserved 1048576K
}
Event: 6.296 GC heap before
{Heap before GC invocations=18 (full 0):
 garbage-first heap   total 227328K, used 179325K [0x0000000705e00000, 0x0000000800000000)
  region size 2048K, 63 young (129024K), 2 survivors (4096K)
 Metaspace       used 31335K, committed 31936K, reserved 1114112K
  class space    used 3218K, committed 3520K, reserved 1048576K
}
Event: 6.300 GC heap after
{Heap after GC invocations=19 (full 0):
 garbage-first heap   total 227328K, used 55983K [0x0000000705e00000, 0x0000000800000000)
  region size 2048K, 3 young (6144K), 3 survivors (6144K)
 Metaspace       used 31335K, committed 31936K, reserved 1114112K
  class space    used 3218K, committed 3520K, reserved 1048576K
}
Event: 7.084 GC heap before
{Heap before GC invocations=19 (full 0):
 garbage-first heap   total 227328K, used 185007K [0x0000000705e00000, 0x0000000800000000)
  region size 2048K, 64 young (131072K), 3 survivors (6144K)
 Metaspace       used 31871K, committed 32448K, reserved 1114112K
  class space    used 3248K, committed 3520K, reserved 1048576K
}
Event: 7.089 GC heap after
{Heap after GC invocations=20 (full 0):
 garbage-first heap   total 227328K, used 61658K [0x0000000705e00000, 0x0000000800000000)
  region size 2048K, 5 young (10240K), 5 survivors (10240K)
 Metaspace       used 31871K, committed 32448K, reserved 1114112K
  class space    used 3248K, committed 3520K, reserved 1048576K
}
Event: 8.011 GC heap before
{Heap before GC invocations=20 (full 0):
 garbage-first heap   total 227328K, used 180442K [0x0000000705e00000, 0x0000000800000000)
  region size 2048K, 64 young (131072K), 5 survivors (10240K)
 Metaspace       used 35586K, committed 36224K, reserved 1114112K
  class space    used 3653K, committed 3968K, reserved 1048576K
}
Event: 8.019 GC heap after
{Heap after GC invocations=21 (full 0):
 garbage-first heap   total 227328K, used 67190K [0x0000000705e00000, 0x0000000800000000)
  region size 2048K, 7 young (14336K), 7 survivors (14336K)
 Metaspace       used 35586K, committed 36224K, reserved 1114112K
  class space    used 3653K, committed 3968K, reserved 1048576K
}

