# JRE version: Java(TM) SE Runtime Environment (19.0.2+7) (build 19.0.2+7-44)
# Java VM: Java HotSpot(TM) 64-Bit Server VM (19.0.2+7-44, mixed mode, sharing, tiered, compressed oops, compressed class ptrs, g1 gc, windows-amd64)
GC Precious Log:
 CardTable entry size: 512
 Card Set container configuration: InlinePtr #cards 4 size 8 Array Of Cards #cards 16 size 48 Howl #buckets 8 coarsen threshold 3686 Howl Bitmap #cards 512 size 80 coarsen threshold 460 Card regions per heap region 1 cards per card region 4096
 CPUs: 16 total, 16 available
 Memory: 16005M
 Large Page Support: Disabled
 NUMA Support: Disabled
 Compressed Oops: Enabled (Zero based)
 Heap Region Size: 2M
 Heap Min Capacity: 8M
 Heap Initial Capacity: 252M
 Heap Max Capacity: 4002M
 Pre-touch: Disabled
 Parallel Workers: 13
 Concurrent Workers: 3
 Concurrent Refinement Workers: 13
 Periodic GC: Disabled
Heap:
 garbage-first heap   total 135168K, used 52198K [0x0000000705e00000, 0x0000000800000000)
  region size 2048K, 1 young (2048K), 1 survivors (2048K)
 Metaspace       used 27734K, committed 28160K, reserved 1114112K
  class space    used 2882K, committed 3136K, reserved 1048576K
GC Heap History (20 events):
Event: 2.558 GC heap after
{Heap after GC invocations=5 (full 0):
 garbage-first heap   total 79872K, used 27926K [0x0000000705e00000, 0x0000000800000000)
  region size 2048K, 4 young (8192K), 4 survivors (8192K)
 Metaspace       used 23740K, committed 24064K, reserved 1114112K
  class space    used 2507K, committed 2688K, reserved 1048576K
}
Event: 2.594 GC heap before
{Heap before GC invocations=5 (full 0):
 garbage-first heap   total 79872K, used 29974K [0x0000000705e00000, 0x0000000800000000)
  region size 2048K, 5 young (10240K), 4 survivors (8192K)
 Metaspace       used 23972K, committed 24320K, reserved 1114112K
  class space    used 2541K, committed 2752K, reserved 1048576K
}
Event: 2.598 GC heap after
{Heap after GC invocations=6 (full 0):
 garbage-first heap   total 79872K, used 29940K [0x0000000705e00000, 0x0000000800000000)
  region size 2048K, 1 young (2048K), 1 survivors (2048K)
 Metaspace       used 23972K, committed 24320K, reserved 1114112K
  class space    used 2541K, committed 2752K, reserved 1048576K
}
Event: 2.825 GC heap before
{Heap before GC invocations=6 (full 0):
 garbage-first heap   total 79872K, used 54516K [0x0000000705e00000, 0x0000000800000000)
  region size 2048K, 14 young (28672K), 1 survivors (2048K)
 Metaspace       used 24532K, committed 24832K, reserved 1114112K
  class space    used 2588K, committed 2752K, reserved 1048576K
}
Event: 2.829 GC heap after
{Heap after GC invocations=7 (full 0):
 garbage-first heap   total 79872K, used 37694K [0x0000000705e00000, 0x0000000800000000)
  region size 2048K, 2 young (4096K), 2 survivors (4096K)
 Metaspace       used 24532K, committed 24832K, reserved 1114112K
  class space    used 2588K, committed 2752K, reserved 1048576K
}
Event: 2.953 GC heap before
{Heap before GC invocations=7 (full 0):
 garbage-first heap   total 79872K, used 56126K [0x0000000705e00000, 0x0000000800000000)
  region size 2048K, 11 young (22528K), 2 survivors (4096K)
 Metaspace       used 24949K, committed 25408K, reserved 1114112K
  class space    used 2629K, committed 2880K, reserved 1048576K
}
Event: 2.958 GC heap after
{Heap after GC invocations=8 (full 0):
 garbage-first heap   total 79872K, used 42111K [0x0000000705e00000, 0x0000000800000000)
  region size 2048K, 2 young (4096K), 2 survivors (4096K)
 Metaspace       used 24949K, committed 25408K, reserved 1114112K
  class space    used 2629K, committed 2880K, reserved 1048576K
}
Event: 3.024 GC heap before
{Heap before GC invocations=8 (full 0):
 garbage-first heap   total 79872K, used 58495K [0x0000000705e00000, 0x0000000800000000)
  region size 2048K, 10 young (20480K), 2 survivors (4096K)
 Metaspace       used 25193K, committed 25600K, reserved 1114112K
  class space    used 2644K, committed 2880K, reserved 1048576K
}
Event: 3.030 GC heap after
{Heap after GC invocations=9 (full 0):
 garbage-first heap   total 116736K, used 46170K [0x0000000705e00000, 0x0000000800000000)
  region size 2048K, 2 young (4096K), 2 survivors (4096K)
 Metaspace       used 25193K, committed 25600K, reserved 1114112K
  class space    used 2644K, committed 2880K, reserved 1048576K
}
Event: 3.250 GC heap before
{Heap before GC invocations=10 (full 0):
 garbage-first heap   total 116736K, used 78938K [0x0000000705e00000, 0x0000000800000000)
  region size 2048K, 17 young (34816K), 2 survivors (4096K)
 Metaspace       used 25914K, committed 26368K, reserved 1114112K
  class space    used 2692K, committed 2944K, reserved 1048576K
}
Event: 3.258 GC heap after
{Heap after GC invocations=11 (full 0):
 garbage-first heap   total 116736K, used 52637K [0x0000000705e00000, 0x0000000800000000)
  region size 2048K, 3 young (6144K), 3 survivors (6144K)
 Metaspace       used 25914K, committed 26368K, reserved 1114112K
  class space    used 2692K, committed 2944K, reserved 1048576K
}
Event: 3.299 GC heap before
{Heap before GC invocations=11 (full 0):
 garbage-first heap   total 116736K, used 54685K [0x0000000705e00000, 0x0000000800000000)
  region size 2048K, 4 young (8192K), 3 survivors (6144K)
 Metaspace       used 26056K, committed 26432K, reserved 1114112K
  class space    used 2710K, committed 2944K, reserved 1048576K
}
Event: 3.304 GC heap after
{Heap after GC invocations=12 (full 0):
 garbage-first heap   total 116736K, used 52617K [0x0000000705e00000, 0x0000000800000000)
  region size 2048K, 1 young (2048K), 1 survivors (2048K)
 Metaspace       used 26056K, committed 26432K, reserved 1114112K
  class space    used 2710K, committed 2944K, reserved 1048576K
}
Event: 3.614 GC heap before
{Heap before GC invocations=12 (full 0):
 garbage-first heap   total 116736K, used 79241K [0x0000000705e00000, 0x0000000800000000)
  region size 2048K, 15 young (30720K), 1 survivors (2048K)
 Metaspace       used 27526K, committed 27904K, reserved 1114112K
  class space    used 2865K, committed 3072K, reserved 1048576K
}
Event: 3.616 GC heap after
{Heap after GC invocations=13 (full 0):
 garbage-first heap   total 116736K, used 52622K [0x0000000705e00000, 0x0000000800000000)
  region size 2048K, 1 young (2048K), 1 survivors (2048K)
 Metaspace       used 27526K, committed 27904K, reserved 1114112K
  class space    used 2865K, committed 3072K, reserved 1048576K
}
Event: 3.714 GC heap before
{Heap before GC invocations=14 (full 0):
 garbage-first heap   total 116736K, used 83342K [0x0000000705e00000, 0x0000000800000000)
  region size 2048K, 16 young (32768K), 1 survivors (2048K)
 Metaspace       used 27678K, committed 28160K, reserved 1114112K
  class space    used 2877K, committed 3136K, reserved 1048576K
}
Event: 3.715 GC heap after
{Heap after GC invocations=15 (full 0):
 garbage-first heap   total 116736K, used 52599K [0x0000000705e00000, 0x0000000800000000)
  region size 2048K, 1 young (2048K), 1 survivors (2048K)
 Metaspace       used 27678K, committed 28160K, reserved 1114112K
  class space    used 2877K, committed 3136K, reserved 1048576K
}
Event: 3.717 GC heap before
{Heap before GC invocations=15 (full 0):
 garbage-first heap   total 116736K, used 54647K [0x0000000705e00000, 0x0000000800000000)
  region size 2048K, 2 young (4096K), 1 survivors (2048K)
 Metaspace       used 27678K, committed 28160K, reserved 1114112K
  class space    used 2877K, committed 3136K, reserved 1048576K
}
Event: 3.720 GC heap after
{Heap after GC invocations=16 (full 0):
 garbage-first heap   total 116736K, used 52911K [0x0000000705e00000, 0x0000000800000000)
  region size 2048K, 1 young (2048K), 1 survivors (2048K)
 Metaspace       used 27678K, committed 28160K, reserved 1114112K
  class space    used 2877K, committed 3136K, reserved 1048576K
}
Event: 3.775 GC heap before
{Heap before GC invocations=16 (full 0):
 garbage-first heap   total 116736K, used 83631K [0x0000000705e00000, 0x0000000800000000)
  region size 2048K, 17 young (34816K), 1 survivors (2048K)
 Metaspace       used 27734K, committed 28160K, reserved 1114112K
  class space    used 2882K, committed 3136K, reserved 1048576K
}

