# JRE version: Java(TM) SE Runtime Environment (19.0.2+7) (build 19.0.2+7-44)
# Java VM: Java HotSpot(TM) 64-Bit Server VM (19.0.2+7-44, mixed mode, sharing, tiered, compressed oops, compressed class ptrs, g1 gc, windows-amd64)
GC Precious Log:
 CardTable entry size: 512
 Card Set container configuration: InlinePtr #cards 4 size 8 Array Of Cards #cards 16 size 48 Howl #buckets 8 coarsen threshold 3686 Howl Bitmap #cards 512 size 80 coarsen threshold 460 Card regions per heap region 1 cards per card region 4096
 CPUs: 16 total, 16 available
 Memory: 16005M
 Large Page Support: Disabled
 NUMA Support: Disabled
 Compressed Oops: Enabled (Zero based)
 Heap Region Size: 2M
 Heap Min Capacity: 8M
 Heap Initial Capacity: 252M
 Heap Max Capacity: 4002M
 Pre-touch: Disabled
 Parallel Workers: 13
 Concurrent Workers: 3
 Concurrent Refinement Workers: 13
 Periodic GC: Disabled
Heap:
 garbage-first heap   total 188416K, used 88357K [0x0000000705e00000, 0x0000000800000000)
  region size 2048K, 18 young (36864K), 6 survivors (12288K)
 Metaspace       used 36390K, committed 37056K, reserved 1114112K
  class space    used 3747K, committed 4096K, reserved 1048576K
GC Heap History (20 events):
Event: 3.513 GC heap before
{Heap before GC invocations=14 (full 0):
 garbage-first heap   total 108544K, used 78980K [0x0000000705e00000, 0x0000000800000000)
  region size 2048K, 15 young (30720K), 1 survivors (2048K)
 Metaspace       used 27551K, committed 28032K, reserved 1114112K
  class space    used 2866K, committed 3072K, reserved 1048576K
}
Event: 3.514 GC heap after
{Heap after GC invocations=15 (full 0):
 garbage-first heap   total 108544K, used 50656K [0x0000000705e00000, 0x0000000800000000)
  region size 2048K, 1 young (2048K), 1 survivors (2048K)
 Metaspace       used 27551K, committed 28032K, reserved 1114112K
  class space    used 2866K, committed 3072K, reserved 1048576K
}
Event: 3.519 GC heap before
{Heap before GC invocations=15 (full 0):
 garbage-first heap   total 108544K, used 52704K [0x0000000705e00000, 0x0000000800000000)
  region size 2048K, 2 young (4096K), 1 survivors (2048K)
 Metaspace       used 27559K, committed 28096K, reserved 1114112K
  class space    used 2867K, committed 3136K, reserved 1048576K
}
Event: 3.523 GC heap after
{Heap after GC invocations=16 (full 0):
 garbage-first heap   total 108544K, used 49616K [0x0000000705e00000, 0x0000000800000000)
  region size 2048K, 1 young (2048K), 1 survivors (2048K)
 Metaspace       used 27559K, committed 28096K, reserved 1114112K
  class space    used 2867K, committed 3136K, reserved 1048576K
}
Event: 3.575 GC heap before
{Heap before GC invocations=16 (full 0):
 garbage-first heap   total 108544K, used 80336K [0x0000000705e00000, 0x0000000800000000)
  region size 2048K, 17 young (34816K), 1 survivors (2048K)
 Metaspace       used 27620K, committed 28160K, reserved 1114112K
  class space    used 2873K, committed 3136K, reserved 1048576K
}
Event: 3.576 GC heap after
{Heap after GC invocations=17 (full 0):
 garbage-first heap   total 247808K, used 49300K [0x0000000705e00000, 0x0000000800000000)
  region size 2048K, 1 young (2048K), 1 survivors (2048K)
 Metaspace       used 27620K, committed 28160K, reserved 1114112K
  class space    used 2873K, committed 3136K, reserved 1048576K
}
Event: 3.987 GC heap before
{Heap before GC invocations=18 (full 0):
 garbage-first heap   total 184320K, used 180372K [0x0000000705e00000, 0x0000000800000000)
  region size 2048K, 66 young (135168K), 1 survivors (2048K)
 Metaspace       used 28522K, committed 29120K, reserved 1114112K
  class space    used 2966K, committed 3264K, reserved 1048576K
}
Event: 3.989 GC heap after
{Heap after GC invocations=19 (full 0):
 garbage-first heap   total 188416K, used 51587K [0x0000000705e00000, 0x0000000800000000)
  region size 2048K, 2 young (4096K), 2 survivors (4096K)
 Metaspace       used 28522K, committed 29120K, reserved 1114112K
  class space    used 2966K, committed 3264K, reserved 1048576K
}
Event: 3.994 GC heap before
{Heap before GC invocations=19 (full 0):
 garbage-first heap   total 188416K, used 55683K [0x0000000705e00000, 0x0000000800000000)
  region size 2048K, 4 young (8192K), 2 survivors (4096K)
 Metaspace       used 28524K, committed 29120K, reserved 1114112K
  class space    used 2967K, committed 3264K, reserved 1048576K
}
Event: 3.997 GC heap after
{Heap after GC invocations=20 (full 0):
 garbage-first heap   total 188416K, used 51456K [0x0000000705e00000, 0x0000000800000000)
  region size 2048K, 1 young (2048K), 1 survivors (2048K)
 Metaspace       used 28524K, committed 29120K, reserved 1114112K
  class space    used 2967K, committed 3264K, reserved 1048576K
}
Event: 4.175 GC heap before
{Heap before GC invocations=20 (full 0):
 garbage-first heap   total 188416K, used 143616K [0x0000000705e00000, 0x0000000800000000)
  region size 2048K, 46 young (94208K), 1 survivors (2048K)
 Metaspace       used 28682K, committed 29248K, reserved 1114112K
  class space    used 2969K, committed 3264K, reserved 1048576K
}
Event: 4.177 GC heap after
{Heap after GC invocations=21 (full 0):
 garbage-first heap   total 188416K, used 52676K [0x0000000705e00000, 0x0000000800000000)
  region size 2048K, 1 young (2048K), 1 survivors (2048K)
 Metaspace       used 28682K, committed 29248K, reserved 1114112K
  class space    used 2969K, committed 3264K, reserved 1048576K
}
Event: 4.508 GC heap before
{Heap before GC invocations=21 (full 0):
 garbage-first heap   total 188416K, used 146884K [0x0000000705e00000, 0x0000000800000000)
  region size 2048K, 47 young (96256K), 1 survivors (2048K)
 Metaspace       used 29635K, committed 30272K, reserved 1114112K
  class space    used 3095K, committed 3392K, reserved 1048576K
}
Event: 4.510 GC heap after
{Heap after GC invocations=22 (full 0):
 garbage-first heap   total 188416K, used 52850K [0x0000000705e00000, 0x0000000800000000)
  region size 2048K, 1 young (2048K), 1 survivors (2048K)
 Metaspace       used 29635K, committed 30272K, reserved 1114112K
  class space    used 3095K, committed 3392K, reserved 1048576K
}
Event: 5.408 GC heap before
{Heap before GC invocations=22 (full 0):
 garbage-first heap   total 188416K, used 149106K [0x0000000705e00000, 0x0000000800000000)
  region size 2048K, 48 young (98304K), 1 survivors (2048K)
 Metaspace       used 31524K, committed 32128K, reserved 1114112K
  class space    used 3227K, committed 3520K, reserved 1048576K
}
Event: 5.412 GC heap after
{Heap after GC invocations=23 (full 0):
 garbage-first heap   total 188416K, used 55388K [0x0000000705e00000, 0x0000000800000000)
  region size 2048K, 3 young (6144K), 3 survivors (6144K)
 Metaspace       used 31524K, committed 32128K, reserved 1114112K
  class space    used 3227K, committed 3520K, reserved 1048576K
}
Event: 6.160 GC heap before
{Heap before GC invocations=23 (full 0):
 garbage-first heap   total 188416K, used 153692K [0x0000000705e00000, 0x0000000800000000)
  region size 2048K, 49 young (100352K), 3 survivors (6144K)
 Metaspace       used 32892K, committed 33472K, reserved 1114112K
  class space    used 3334K, committed 3648K, reserved 1048576K
}
Event: 6.167 GC heap after
{Heap after GC invocations=24 (full 0):
 garbage-first heap   total 188416K, used 60990K [0x0000000705e00000, 0x0000000800000000)
  region size 2048K, 4 young (8192K), 4 survivors (8192K)
 Metaspace       used 32892K, committed 33472K, reserved 1114112K
  class space    used 3334K, committed 3648K, reserved 1048576K
}
Event: 6.892 GC heap before
{Heap before GC invocations=24 (full 0):
 garbage-first heap   total 188416K, used 151102K [0x0000000705e00000, 0x0000000800000000)
  region size 2048K, 49 young (100352K), 4 survivors (8192K)
 Metaspace       used 35564K, committed 36160K, reserved 1114112K
  class space    used 3652K, committed 3968K, reserved 1048576K
}
Event: 6.898 GC heap after
{Heap after GC invocations=25 (full 0):
 garbage-first heap   total 188416K, used 65829K [0x0000000705e00000, 0x0000000800000000)
  region size 2048K, 6 young (12288K), 6 survivors (12288K)
 Metaspace       used 35564K, committed 36160K, reserved 1114112K
  class space    used 3652K, committed 3968K, reserved 1048576K
}

