# JRE version: Java(TM) SE Runtime Environment (19.0.2+7) (build 19.0.2+7-44)
# Java VM: Java HotSpot(TM) 64-Bit Server VM (19.0.2+7-44, mixed mode, sharing, tiered, compressed oops, compressed class ptrs, g1 gc, windows-amd64)
GC Precious Log:
 CardTable entry size: 512
 Card Set container configuration: InlinePtr #cards 4 size 8 Array Of Cards #cards 16 size 48 Howl #buckets 8 coarsen threshold 3686 Howl Bitmap #cards 512 size 80 coarsen threshold 460 Card regions per heap region 1 cards per card region 4096
 CPUs: 16 total, 16 available
 Memory: 16004M
 Large Page Support: Disabled
 NUMA Support: Disabled
 Compressed Oops: Enabled (Zero based)
 Heap Region Size: 2M
 Heap Min Capacity: 8M
 Heap Initial Capacity: 252M
 Heap Max Capacity: 4002M
 Pre-touch: Disabled
 Parallel Workers: 13
 Concurrent Workers: 3
 Concurrent Refinement Workers: 13
 Periodic GC: Disabled
Heap:
 garbage-first heap   total 141312K, used 56245K [0x0000000705e00000, 0x0000000800000000)
  region size 2048K, 2 young (4096K), 2 survivors (4096K)
 Metaspace       used 28552K, committed 29120K, reserved 1114112K
  class space    used 2969K, committed 3264K, reserved 1048576K
GC Heap History (20 events):
Event: 2.636 GC heap after
{Heap after GC invocations=6 (full 0):
 garbage-first heap   total 75776K, used 28682K [0x0000000705e00000, 0x0000000800000000)
  region size 2048K, 1 young (2048K), 1 survivors (2048K)
 Metaspace       used 23652K, committed 24064K, reserved 1114112K
  class space    used 2496K, committed 2688K, reserved 1048576K
}
Event: 2.979 GC heap before
{Heap before GC invocations=6 (full 0):
 garbage-first heap   total 75776K, used 49162K [0x0000000705e00000, 0x0000000800000000)
  region size 2048K, 12 young (24576K), 1 survivors (2048K)
 Metaspace       used 24431K, committed 24832K, reserved 1114112K
  class space    used 2579K, committed 2752K, reserved 1048576K
}
Event: 2.984 GC heap after
{Heap after GC invocations=7 (full 0):
 garbage-first heap   total 75776K, used 35476K [0x0000000705e00000, 0x0000000800000000)
  region size 2048K, 2 young (4096K), 2 survivors (4096K)
 Metaspace       used 24431K, committed 24832K, reserved 1114112K
  class space    used 2579K, committed 2752K, reserved 1048576K
}
Event: 3.097 GC heap before
{Heap before GC invocations=7 (full 0):
 garbage-first heap   total 75776K, used 51860K [0x0000000705e00000, 0x0000000800000000)
  region size 2048K, 11 young (22528K), 2 survivors (4096K)
 Metaspace       used 24451K, committed 24832K, reserved 1114112K
  class space    used 2579K, committed 2752K, reserved 1048576K
}
Event: 3.102 GC heap after
{Heap after GC invocations=8 (full 0):
 garbage-first heap   total 75776K, used 41327K [0x0000000705e00000, 0x0000000800000000)
  region size 2048K, 2 young (4096K), 2 survivors (4096K)
 Metaspace       used 24451K, committed 24832K, reserved 1114112K
  class space    used 2579K, committed 2752K, reserved 1048576K
}
Event: 3.196 GC heap before
{Heap before GC invocations=8 (full 0):
 garbage-first heap   total 75776K, used 53615K [0x0000000705e00000, 0x0000000800000000)
  region size 2048K, 8 young (16384K), 2 survivors (4096K)
 Metaspace       used 24888K, committed 25280K, reserved 1114112K
  class space    used 2620K, committed 2816K, reserved 1048576K
}
Event: 3.199 GC heap after
{Heap after GC invocations=9 (full 0):
 garbage-first heap   total 141312K, used 43437K [0x0000000705e00000, 0x0000000800000000)
  region size 2048K, 1 young (2048K), 1 survivors (2048K)
 Metaspace       used 24888K, committed 25280K, reserved 1114112K
  class space    used 2620K, committed 2816K, reserved 1048576K
}
Event: 3.476 GC heap before
{Heap before GC invocations=10 (full 0):
 garbage-first heap   total 141312K, used 88493K [0x0000000705e00000, 0x0000000800000000)
  region size 2048K, 23 young (47104K), 1 survivors (2048K)
 Metaspace       used 25482K, committed 25920K, reserved 1114112K
  class space    used 2658K, committed 2880K, reserved 1048576K
}
Event: 3.484 GC heap after
{Heap after GC invocations=11 (full 0):
 garbage-first heap   total 141312K, used 53035K [0x0000000705e00000, 0x0000000800000000)
  region size 2048K, 3 young (6144K), 3 survivors (6144K)
 Metaspace       used 25482K, committed 25920K, reserved 1114112K
  class space    used 2658K, committed 2880K, reserved 1048576K
}
Event: 3.516 GC heap before
{Heap before GC invocations=11 (full 0):
 garbage-first heap   total 141312K, used 55083K [0x0000000705e00000, 0x0000000800000000)
  region size 2048K, 4 young (8192K), 3 survivors (6144K)
 Metaspace       used 25659K, committed 26112K, reserved 1114112K
  class space    used 2666K, committed 2880K, reserved 1048576K
}
Event: 3.522 GC heap after
{Heap after GC invocations=12 (full 0):
 garbage-first heap   total 141312K, used 53438K [0x0000000705e00000, 0x0000000800000000)
  region size 2048K, 1 young (2048K), 1 survivors (2048K)
 Metaspace       used 25659K, committed 26112K, reserved 1114112K
  class space    used 2666K, committed 2880K, reserved 1048576K
}
Event: 3.979 GC heap before
{Heap before GC invocations=12 (full 0):
 garbage-first heap   total 141312K, used 92350K [0x0000000705e00000, 0x0000000800000000)
  region size 2048K, 21 young (43008K), 1 survivors (2048K)
 Metaspace       used 27532K, committed 27968K, reserved 1114112K
  class space    used 2867K, committed 3072K, reserved 1048576K
}
Event: 3.980 GC heap after
{Heap after GC invocations=13 (full 0):
 garbage-first heap   total 141312K, used 53596K [0x0000000705e00000, 0x0000000800000000)
  region size 2048K, 1 young (2048K), 1 survivors (2048K)
 Metaspace       used 27532K, committed 27968K, reserved 1114112K
  class space    used 2867K, committed 3072K, reserved 1048576K
}
Event: 4.079 GC heap before
{Heap before GC invocations=13 (full 0):
 garbage-first heap   total 141312K, used 98652K [0x0000000705e00000, 0x0000000800000000)
  region size 2048K, 23 young (47104K), 1 survivors (2048K)
 Metaspace       used 27672K, committed 28224K, reserved 1114112K
  class space    used 2875K, committed 3136K, reserved 1048576K
}
Event: 4.080 GC heap after
{Heap after GC invocations=14 (full 0):
 garbage-first heap   total 141312K, used 53489K [0x0000000705e00000, 0x0000000800000000)
  region size 2048K, 1 young (2048K), 1 survivors (2048K)
 Metaspace       used 27672K, committed 28224K, reserved 1114112K
  class space    used 2875K, committed 3136K, reserved 1048576K
}
Event: 4.270 GC heap before
{Heap before GC invocations=14 (full 0):
 garbage-first heap   total 141312K, used 102641K [0x0000000705e00000, 0x0000000800000000)
  region size 2048K, 25 young (51200K), 1 survivors (2048K)
 Metaspace       used 28176K, committed 28736K, reserved 1114112K
  class space    used 2948K, committed 3200K, reserved 1048576K
}
Event: 4.272 GC heap after
{Heap after GC invocations=15 (full 0):
 garbage-first heap   total 141312K, used 54072K [0x0000000705e00000, 0x0000000800000000)
  region size 2048K, 1 young (2048K), 1 survivors (2048K)
 Metaspace       used 28176K, committed 28736K, reserved 1114112K
  class space    used 2948K, committed 3200K, reserved 1048576K
}
Event: 4.386 GC heap before
{Heap before GC invocations=15 (full 0):
 garbage-first heap   total 141312K, used 105272K [0x0000000705e00000, 0x0000000800000000)
  region size 2048K, 26 young (53248K), 1 survivors (2048K)
 Metaspace       used 28410K, committed 28992K, reserved 1114112K
  class space    used 2965K, committed 3264K, reserved 1048576K
}
Event: 4.390 GC heap after
{Heap after GC invocations=16 (full 0):
 garbage-first heap   total 141312K, used 55033K [0x0000000705e00000, 0x0000000800000000)
  region size 2048K, 2 young (4096K), 2 survivors (4096K)
 Metaspace       used 28410K, committed 28992K, reserved 1114112K
  class space    used 2965K, committed 3264K, reserved 1048576K
}
Event: 4.478 GC heap before
{Heap before GC invocations=16 (full 0):
 garbage-first heap   total 141312K, used 108281K [0x0000000705e00000, 0x0000000800000000)
  region size 2048K, 28 young (57344K), 2 survivors (4096K)
 Metaspace       used 28552K, committed 29120K, reserved 1114112K
  class space    used 2969K, committed 3264K, reserved 1048576K
}

