# JRE version: Java(TM) SE Runtime Environment (19.0.2+7) (build 19.0.2+7-44)
# Java VM: Java HotSpot(TM) 64-Bit Server VM (19.0.2+7-44, mixed mode, sharing, tiered, compressed oops, compressed class ptrs, g1 gc, windows-amd64)
GC Precious Log:
 CardTable entry size: 512
 Card Set container configuration: InlinePtr #cards 4 size 8 Array Of Cards #cards 16 size 48 Howl #buckets 8 coarsen threshold 3686 Howl Bitmap #cards 512 size 80 coarsen threshold 460 Card regions per heap region 1 cards per card region 4096
 CPUs: 16 total, 16 available
 Memory: 16005M
 Large Page Support: Disabled
 NUMA Support: Disabled
 Compressed Oops: Enabled (Zero based)
 Heap Region Size: 2M
 Heap Min Capacity: 8M
 Heap Initial Capacity: 252M
 Heap Max Capacity: 4002M
 Pre-touch: Disabled
 Parallel Workers: 13
 Concurrent Workers: 3
 Concurrent Refinement Workers: 13
 Periodic GC: Disabled
Heap:
 garbage-first heap   total 233472K, used 92787K [0x0000000705e00000, 0x0000000800000000)
  region size 2048K, 14 young (28672K), 4 survivors (8192K)
 Metaspace       used 35420K, committed 36032K, reserved 1114112K
  class space    used 3597K, committed 3904K, reserved 1048576K
GC Heap History (20 events):
Event: 4.941 GC heap before
{Heap before GC invocations=8 (full 0):
 garbage-first heap   total 161792K, used 104095K [0x0000000705e00000, 0x0000000800000000)
  region size 2048K, 35 young (71680K), 2 survivors (4096K)
 Metaspace       used 25465K, committed 25856K, reserved 1114112K
  class space    used 2655K, committed 2880K, reserved 1048576K
}
Event: 4.951 GC heap after
{Heap after GC invocations=9 (full 0):
 garbage-first heap   total 161792K, used 49391K [0x0000000705e00000, 0x0000000800000000)
  region size 2048K, 5 young (10240K), 5 survivors (10240K)
 Metaspace       used 25465K, committed 25856K, reserved 1114112K
  class space    used 2655K, committed 2880K, reserved 1048576K
}
Event: 5.514 GC heap before
{Heap before GC invocations=9 (full 0):
 garbage-first heap   total 161792K, used 106735K [0x0000000705e00000, 0x0000000800000000)
  region size 2048K, 33 young (67584K), 5 survivors (10240K)
 Metaspace       used 27653K, committed 28096K, reserved 1114112K
  class space    used 2877K, committed 3136K, reserved 1048576K
}
Event: 5.520 GC heap after
{Heap after GC invocations=10 (full 0):
 garbage-first heap   total 161792K, used 51306K [0x0000000705e00000, 0x0000000800000000)
  region size 2048K, 1 young (2048K), 1 survivors (2048K)
 Metaspace       used 27653K, committed 28096K, reserved 1114112K
  class space    used 2877K, committed 3136K, reserved 1048576K
}
Event: 5.677 GC heap before
{Heap before GC invocations=10 (full 0):
 garbage-first heap   total 161792K, used 112746K [0x0000000705e00000, 0x0000000800000000)
  region size 2048K, 31 young (63488K), 1 survivors (2048K)
 Metaspace       used 27854K, committed 28288K, reserved 1114112K
  class space    used 2897K, committed 3136K, reserved 1048576K
}
Event: 5.679 GC heap after
{Heap after GC invocations=11 (full 0):
 garbage-first heap   total 161792K, used 51084K [0x0000000705e00000, 0x0000000800000000)
  region size 2048K, 1 young (2048K), 1 survivors (2048K)
 Metaspace       used 27854K, committed 28288K, reserved 1114112K
  class space    used 2897K, committed 3136K, reserved 1048576K
}
Event: 5.932 GC heap before
{Heap before GC invocations=11 (full 0):
 garbage-first heap   total 161792K, used 116620K [0x0000000705e00000, 0x0000000800000000)
  region size 2048K, 33 young (67584K), 1 survivors (2048K)
 Metaspace       used 28498K, committed 28992K, reserved 1114112K
  class space    used 2970K, committed 3264K, reserved 1048576K
}
Event: 5.936 GC heap after
{Heap after GC invocations=12 (full 0):
 garbage-first heap   total 194560K, used 52500K [0x0000000705e00000, 0x0000000800000000)
  region size 2048K, 2 young (4096K), 2 survivors (4096K)
 Metaspace       used 28498K, committed 28992K, reserved 1114112K
  class space    used 2970K, committed 3264K, reserved 1048576K
}
Event: 6.101 GC heap before
{Heap before GC invocations=12 (full 0):
 garbage-first heap   total 194560K, used 138516K [0x0000000705e00000, 0x0000000800000000)
  region size 2048K, 44 young (90112K), 2 survivors (4096K)
 Metaspace       used 28615K, committed 29120K, reserved 1114112K
  class space    used 2975K, committed 3264K, reserved 1048576K
}
Event: 6.104 GC heap after
{Heap after GC invocations=13 (full 0):
 garbage-first heap   total 194560K, used 53219K [0x0000000705e00000, 0x0000000800000000)
  region size 2048K, 2 young (4096K), 2 survivors (4096K)
 Metaspace       used 28615K, committed 29120K, reserved 1114112K
  class space    used 2975K, committed 3264K, reserved 1048576K
}
Event: 6.305 GC heap before
{Heap before GC invocations=13 (full 0):
 garbage-first heap   total 194560K, used 143331K [0x0000000705e00000, 0x0000000800000000)
  region size 2048K, 46 young (94208K), 2 survivors (4096K)
 Metaspace       used 28795K, committed 29376K, reserved 1114112K
  class space    used 2977K, committed 3264K, reserved 1048576K
}
Event: 6.309 GC heap after
{Heap after GC invocations=14 (full 0):
 garbage-first heap   total 194560K, used 54551K [0x0000000705e00000, 0x0000000800000000)
  region size 2048K, 3 young (6144K), 3 survivors (6144K)
 Metaspace       used 28795K, committed 29376K, reserved 1114112K
  class space    used 2977K, committed 3264K, reserved 1048576K
}
Event: 7.032 GC heap before
{Heap before GC invocations=14 (full 0):
 garbage-first heap   total 194560K, used 146711K [0x0000000705e00000, 0x0000000800000000)
  region size 2048K, 48 young (98304K), 3 survivors (6144K)
 Metaspace       used 31099K, committed 31616K, reserved 1114112K
  class space    used 3234K, committed 3520K, reserved 1048576K
}
Event: 7.037 GC heap after
{Heap after GC invocations=15 (full 0):
 garbage-first heap   total 194560K, used 55654K [0x0000000705e00000, 0x0000000800000000)
  region size 2048K, 4 young (8192K), 4 survivors (8192K)
 Metaspace       used 31099K, committed 31616K, reserved 1114112K
  class space    used 3234K, committed 3520K, reserved 1048576K
}
Event: 7.600 GC heap before
{Heap before GC invocations=15 (full 0):
 garbage-first heap   total 194560K, used 149862K [0x0000000705e00000, 0x0000000800000000)
  region size 2048K, 50 young (102400K), 4 survivors (8192K)
 Metaspace       used 31700K, committed 32256K, reserved 1114112K
  class space    used 3248K, committed 3520K, reserved 1048576K
}
Event: 7.607 GC heap after
{Heap after GC invocations=16 (full 0):
 garbage-first heap   total 194560K, used 57756K [0x0000000705e00000, 0x0000000800000000)
  region size 2048K, 5 young (10240K), 5 survivors (10240K)
 Metaspace       used 31700K, committed 32256K, reserved 1114112K
  class space    used 3248K, committed 3520K, reserved 1048576K
}
Event: 8.647 GC heap before
{Heap before GC invocations=16 (full 0):
 garbage-first heap   total 194560K, used 156060K [0x0000000705e00000, 0x0000000800000000)
  region size 2048K, 51 young (104448K), 5 survivors (10240K)
 Metaspace       used 32026K, committed 32640K, reserved 1114112K
  class space    used 3261K, committed 3584K, reserved 1048576K
}
Event: 8.660 GC heap after
{Heap after GC invocations=17 (full 0):
 garbage-first heap   total 233472K, used 72904K [0x0000000705e00000, 0x0000000800000000)
  region size 2048K, 7 young (14336K), 7 survivors (14336K)
 Metaspace       used 32026K, committed 32640K, reserved 1114112K
  class space    used 3261K, committed 3584K, reserved 1048576K
}
Event: 10.858 GC heap before
{Heap before GC invocations=17 (full 0):
 garbage-first heap   total 233472K, used 179400K [0x0000000705e00000, 0x0000000800000000)
  region size 2048K, 59 young (120832K), 7 survivors (14336K)
 Metaspace       used 34658K, committed 35264K, reserved 1114112K
  class space    used 3529K, committed 3840K, reserved 1048576K
}
Event: 10.868 GC heap after
{Heap after GC invocations=18 (full 0):
 garbage-first heap   total 233472K, used 74355K [0x0000000705e00000, 0x0000000800000000)
  region size 2048K, 4 young (8192K), 4 survivors (8192K)
 Metaspace       used 34658K, committed 35264K, reserved 1114112K
  class space    used 3529K, committed 3840K, reserved 1048576K
}

