# JRE version: Java(TM) SE Runtime Environment (19.0.2+7) (build 19.0.2+7-44)
# Java VM: Java HotSpot(TM) 64-Bit Server VM (19.0.2+7-44, mixed mode, sharing, tiered, compressed oops, compressed class ptrs, g1 gc, windows-amd64)
GC Precious Log:
 CardTable entry size: 512
 Card Set container configuration: InlinePtr #cards 4 size 8 Array Of Cards #cards 16 size 48 Howl #buckets 8 coarsen threshold 3686 Howl Bitmap #cards 512 size 80 coarsen threshold 460 Card regions per heap region 1 cards per card region 4096
 CPUs: 16 total, 16 available
 Memory: 16005M
 Large Page Support: Disabled
 NUMA Support: Disabled
 Compressed Oops: Enabled (Zero based)
 Heap Region Size: 2M
 Heap Min Capacity: 8M
 Heap Initial Capacity: 252M
 Heap Max Capacity: 4002M
 Pre-touch: Disabled
 Parallel Workers: 13
 Concurrent Workers: 3
 Concurrent Refinement Workers: 13
 Periodic GC: Disabled
Heap:
 garbage-first heap   total 245760K, used 53765K [0x0000000705e00000, 0x0000000800000000)
  region size 2048K, 3 young (6144K), 1 survivors (2048K)
 Metaspace       used 27924K, committed 28416K, reserved 1114112K
  class space    used 2916K, committed 3136K, reserved 1048576K
GC Heap History (20 events):
Event: 2.391 GC heap before
{Heap before GC invocations=5 (full 0):
 garbage-first heap   total 83968K, used 30216K [0x0000000705e00000, 0x0000000800000000)
  region size 2048K, 5 young (10240K), 4 survivors (8192K)
 Metaspace       used 24373K, committed 24704K, reserved 1114112K
  class space    used 2576K, committed 2752K, reserved 1048576K
}
Event: 2.395 GC heap after
{Heap after GC invocations=6 (full 0):
 garbage-first heap   total 83968K, used 30307K [0x0000000705e00000, 0x0000000800000000)
  region size 2048K, 1 young (2048K), 1 survivors (2048K)
 Metaspace       used 24373K, committed 24704K, reserved 1114112K
  class space    used 2576K, committed 2752K, reserved 1048576K
}
Event: 2.575 GC heap before
{Heap before GC invocations=6 (full 0):
 garbage-first heap   total 83968K, used 56931K [0x0000000705e00000, 0x0000000800000000)
  region size 2048K, 15 young (30720K), 1 survivors (2048K)
 Metaspace       used 24454K, committed 24832K, reserved 1114112K
  class space    used 2578K, committed 2752K, reserved 1048576K
}
Event: 2.579 GC heap after
{Heap after GC invocations=7 (full 0):
 garbage-first heap   total 83968K, used 38292K [0x0000000705e00000, 0x0000000800000000)
  region size 2048K, 2 young (4096K), 2 survivors (4096K)
 Metaspace       used 24454K, committed 24832K, reserved 1114112K
  class space    used 2578K, committed 2752K, reserved 1048576K
}
Event: 2.691 GC heap before
{Heap before GC invocations=7 (full 0):
 garbage-first heap   total 83968K, used 58772K [0x0000000705e00000, 0x0000000800000000)
  region size 2048K, 12 young (24576K), 2 survivors (4096K)
 Metaspace       used 24874K, committed 25280K, reserved 1114112K
  class space    used 2619K, committed 2816K, reserved 1048576K
}
Event: 2.695 GC heap after
{Heap after GC invocations=8 (full 0):
 garbage-first heap   total 83968K, used 42459K [0x0000000705e00000, 0x0000000800000000)
  region size 2048K, 2 young (4096K), 2 survivors (4096K)
 Metaspace       used 24874K, committed 25280K, reserved 1114112K
  class space    used 2619K, committed 2816K, reserved 1048576K
}
Event: 2.809 GC heap before
{Heap before GC invocations=8 (full 0):
 garbage-first heap   total 83968K, used 60891K [0x0000000705e00000, 0x0000000800000000)
  region size 2048K, 11 young (22528K), 2 survivors (4096K)
 Metaspace       used 25293K, committed 25664K, reserved 1114112K
  class space    used 2644K, committed 2880K, reserved 1048576K
}
Event: 2.815 GC heap after
{Heap after GC invocations=9 (full 0):
 garbage-first heap   total 114688K, used 46705K [0x0000000705e00000, 0x0000000800000000)
  region size 2048K, 2 young (4096K), 2 survivors (4096K)
 Metaspace       used 25293K, committed 25664K, reserved 1114112K
  class space    used 2644K, committed 2880K, reserved 1048576K
}
Event: 3.130 GC heap before
{Heap before GC invocations=10 (full 0):
 garbage-first heap   total 114688K, used 81521K [0x0000000705e00000, 0x0000000800000000)
  region size 2048K, 19 young (38912K), 2 survivors (4096K)
 Metaspace       used 26490K, committed 26944K, reserved 1114112K
  class space    used 2765K, committed 3008K, reserved 1048576K
}
Event: 3.138 GC heap after
{Heap after GC invocations=11 (full 0):
 garbage-first heap   total 114688K, used 52353K [0x0000000705e00000, 0x0000000800000000)
  region size 2048K, 2 young (4096K), 2 survivors (4096K)
 Metaspace       used 26490K, committed 26944K, reserved 1114112K
  class space    used 2765K, committed 3008K, reserved 1048576K
}
Event: 3.191 GC heap before
{Heap before GC invocations=11 (full 0):
 garbage-first heap   total 114688K, used 54401K [0x0000000705e00000, 0x0000000800000000)
  region size 2048K, 3 young (6144K), 2 survivors (4096K)
 Metaspace       used 26591K, committed 27008K, reserved 1114112K
  class space    used 2775K, committed 3008K, reserved 1048576K
}
Event: 3.196 GC heap after
{Heap after GC invocations=12 (full 0):
 garbage-first heap   total 114688K, used 52547K [0x0000000705e00000, 0x0000000800000000)
  region size 2048K, 1 young (2048K), 1 survivors (2048K)
 Metaspace       used 26591K, committed 27008K, reserved 1114112K
  class space    used 2775K, committed 3008K, reserved 1048576K
}
Event: 3.433 GC heap before
{Heap before GC invocations=12 (full 0):
 garbage-first heap   total 114688K, used 81219K [0x0000000705e00000, 0x0000000800000000)
  region size 2048K, 16 young (32768K), 1 survivors (2048K)
 Metaspace       used 27560K, committed 27968K, reserved 1114112K
  class space    used 2866K, committed 3072K, reserved 1048576K
}
Event: 3.434 GC heap after
{Heap after GC invocations=13 (full 0):
 garbage-first heap   total 114688K, used 52337K [0x0000000705e00000, 0x0000000800000000)
  region size 2048K, 1 young (2048K), 1 survivors (2048K)
 Metaspace       used 27560K, committed 27968K, reserved 1114112K
  class space    used 2866K, committed 3072K, reserved 1048576K
}
Event: 3.519 GC heap before
{Heap before GC invocations=14 (full 0):
 garbage-first heap   total 114688K, used 85105K [0x0000000705e00000, 0x0000000800000000)
  region size 2048K, 17 young (34816K), 1 survivors (2048K)
 Metaspace       used 27653K, committed 28160K, reserved 1114112K
  class space    used 2869K, committed 3136K, reserved 1048576K
}
Event: 3.520 GC heap after
{Heap after GC invocations=15 (full 0):
 garbage-first heap   total 114688K, used 52306K [0x0000000705e00000, 0x0000000800000000)
  region size 2048K, 1 young (2048K), 1 survivors (2048K)
 Metaspace       used 27653K, committed 28160K, reserved 1114112K
  class space    used 2869K, committed 3136K, reserved 1048576K
}
Event: 3.523 GC heap before
{Heap before GC invocations=15 (full 0):
 garbage-first heap   total 114688K, used 54354K [0x0000000705e00000, 0x0000000800000000)
  region size 2048K, 2 young (4096K), 1 survivors (2048K)
 Metaspace       used 27653K, committed 28160K, reserved 1114112K
  class space    used 2869K, committed 3136K, reserved 1048576K
}
Event: 3.526 GC heap after
{Heap after GC invocations=16 (full 0):
 garbage-first heap   total 114688K, used 51625K [0x0000000705e00000, 0x0000000800000000)
  region size 2048K, 1 young (2048K), 1 survivors (2048K)
 Metaspace       used 27653K, committed 28160K, reserved 1114112K
  class space    used 2869K, committed 3136K, reserved 1048576K
}
Event: 3.579 GC heap before
{Heap before GC invocations=16 (full 0):
 garbage-first heap   total 114688K, used 86441K [0x0000000705e00000, 0x0000000800000000)
  region size 2048K, 19 young (38912K), 1 survivors (2048K)
 Metaspace       used 27678K, committed 28224K, reserved 1114112K
  class space    used 2873K, committed 3136K, reserved 1048576K
}
Event: 3.580 GC heap after
{Heap after GC invocations=17 (full 0):
 garbage-first heap   total 245760K, used 51717K [0x0000000705e00000, 0x0000000800000000)
  region size 2048K, 1 young (2048K), 1 survivors (2048K)
 Metaspace       used 27678K, committed 28224K, reserved 1114112K
  class space    used 2873K, committed 3136K, reserved 1048576K
}

