# JRE version: Java(TM) SE Runtime Environment (19.0.2+7) (build 19.0.2+7-44)
# Java VM: Java HotSpot(TM) 64-Bit Server VM (19.0.2+7-44, mixed mode, sharing, tiered, compressed oops, compressed class ptrs, g1 gc, windows-amd64)
GC Precious Log:
 CardTable entry size: 512
 Card Set container configuration: InlinePtr #cards 4 size 8 Array Of Cards #cards 16 size 48 Howl #buckets 8 coarsen threshold 3686 Howl Bitmap #cards 512 size 80 coarsen threshold 460 Card regions per heap region 1 cards per card region 4096
 CPUs: 16 total, 16 available
 Memory: 16005M
 Large Page Support: Disabled
 NUMA Support: Disabled
 Compressed Oops: Enabled (Zero based)
 Heap Region Size: 2M
 Heap Min Capacity: 8M
 Heap Initial Capacity: 252M
 Heap Max Capacity: 4002M
 Pre-touch: Disabled
 Parallel Workers: 13
 Concurrent Workers: 3
 Concurrent Refinement Workers: 13
 Periodic GC: Disabled
Heap:
 garbage-first heap   total 135168K, used 51024K [0x0000000705e00000, 0x0000000800000000)
  region size 2048K, 2 young (4096K), 2 survivors (4096K)
 Metaspace       used 28340K, committed 28928K, reserved 1114112K
  class space    used 2965K, committed 3264K, reserved 1048576K
GC Heap History (20 events):
Event: 2.316 GC heap after
{Heap after GC invocations=6 (full 0):
 garbage-first heap   total 75776K, used 29493K [0x0000000705e00000, 0x0000000800000000)
  region size 2048K, 1 young (2048K), 1 survivors (2048K)
 Metaspace       used 24290K, committed 24640K, reserved 1114112K
  class space    used 2580K, committed 2752K, reserved 1048576K
}
Event: 2.418 GC heap before
{Heap before GC invocations=6 (full 0):
 garbage-first heap   total 75776K, used 49973K [0x0000000705e00000, 0x0000000800000000)
  region size 2048K, 12 young (24576K), 1 survivors (2048K)
 Metaspace       used 24323K, committed 24704K, reserved 1114112K
  class space    used 2580K, committed 2752K, reserved 1048576K
}
Event: 2.421 GC heap after
{Heap after GC invocations=7 (full 0):
 garbage-first heap   total 75776K, used 35514K [0x0000000705e00000, 0x0000000800000000)
  region size 2048K, 2 young (4096K), 2 survivors (4096K)
 Metaspace       used 24323K, committed 24704K, reserved 1114112K
  class space    used 2580K, committed 2752K, reserved 1048576K
}
Event: 2.563 GC heap before
{Heap before GC invocations=7 (full 0):
 garbage-first heap   total 75776K, used 53946K [0x0000000705e00000, 0x0000000800000000)
  region size 2048K, 11 young (22528K), 2 survivors (4096K)
 Metaspace       used 24809K, committed 25216K, reserved 1114112K
  class space    used 2637K, committed 2880K, reserved 1048576K
}
Event: 2.566 GC heap after
{Heap after GC invocations=8 (full 0):
 garbage-first heap   total 75776K, used 39874K [0x0000000705e00000, 0x0000000800000000)
  region size 2048K, 2 young (4096K), 2 survivors (4096K)
 Metaspace       used 24809K, committed 25216K, reserved 1114112K
  class space    used 2637K, committed 2880K, reserved 1048576K
}
Event: 2.617 GC heap before
{Heap before GC invocations=8 (full 0):
 garbage-first heap   total 75776K, used 54210K [0x0000000705e00000, 0x0000000800000000)
  region size 2048K, 9 young (18432K), 2 survivors (4096K)
 Metaspace       used 25032K, committed 25472K, reserved 1114112K
  class space    used 2642K, committed 2880K, reserved 1048576K
}
Event: 2.621 GC heap after
{Heap after GC invocations=9 (full 0):
 garbage-first heap   total 116736K, used 42625K [0x0000000705e00000, 0x0000000800000000)
  region size 2048K, 2 young (4096K), 2 survivors (4096K)
 Metaspace       used 25032K, committed 25472K, reserved 1114112K
  class space    used 2642K, committed 2880K, reserved 1048576K
}
Event: 2.884 GC heap before
{Heap before GC invocations=10 (full 0):
 garbage-first heap   total 116736K, used 75393K [0x0000000705e00000, 0x0000000800000000)
  region size 2048K, 18 young (36864K), 2 survivors (4096K)
 Metaspace       used 25881K, committed 26304K, reserved 1114112K
  class space    used 2703K, committed 2944K, reserved 1048576K
}
Event: 2.891 GC heap after
{Heap after GC invocations=11 (full 0):
 garbage-first heap   total 116736K, used 49483K [0x0000000705e00000, 0x0000000800000000)
  region size 2048K, 3 young (6144K), 3 survivors (6144K)
 Metaspace       used 25881K, committed 26304K, reserved 1114112K
  class space    used 2703K, committed 2944K, reserved 1048576K
}
Event: 2.910 GC heap before
{Heap before GC invocations=11 (full 0):
 garbage-first heap   total 116736K, used 51531K [0x0000000705e00000, 0x0000000800000000)
  region size 2048K, 4 young (8192K), 3 survivors (6144K)
 Metaspace       used 26126K, committed 26560K, reserved 1114112K
  class space    used 2720K, committed 2944K, reserved 1048576K
}
Event: 2.915 GC heap after
{Heap after GC invocations=12 (full 0):
 garbage-first heap   total 116736K, used 49318K [0x0000000705e00000, 0x0000000800000000)
  region size 2048K, 1 young (2048K), 1 survivors (2048K)
 Metaspace       used 26126K, committed 26560K, reserved 1114112K
  class space    used 2720K, committed 2944K, reserved 1048576K
}
Event: 3.204 GC heap before
{Heap before GC invocations=12 (full 0):
 garbage-first heap   total 116736K, used 77990K [0x0000000705e00000, 0x0000000800000000)
  region size 2048K, 16 young (32768K), 1 survivors (2048K)
 Metaspace       used 27308K, committed 27712K, reserved 1114112K
  class space    used 2861K, committed 3072K, reserved 1048576K
}
Event: 3.206 GC heap after
{Heap after GC invocations=13 (full 0):
 garbage-first heap   total 116736K, used 48948K [0x0000000705e00000, 0x0000000800000000)
  region size 2048K, 1 young (2048K), 1 survivors (2048K)
 Metaspace       used 27308K, committed 27712K, reserved 1114112K
  class space    used 2861K, committed 3072K, reserved 1048576K
}
Event: 3.304 GC heap before
{Heap before GC invocations=13 (full 0):
 garbage-first heap   total 116736K, used 83764K [0x0000000705e00000, 0x0000000800000000)
  region size 2048K, 18 young (36864K), 1 survivors (2048K)
 Metaspace       used 27466K, committed 27840K, reserved 1114112K
  class space    used 2869K, committed 3072K, reserved 1048576K
}
Event: 3.305 GC heap after
{Heap after GC invocations=14 (full 0):
 garbage-first heap   total 116736K, used 48927K [0x0000000705e00000, 0x0000000800000000)
  region size 2048K, 1 young (2048K), 1 survivors (2048K)
 Metaspace       used 27466K, committed 27840K, reserved 1114112K
  class space    used 2869K, committed 3072K, reserved 1048576K
}
Event: 3.493 GC heap before
{Heap before GC invocations=14 (full 0):
 garbage-first heap   total 116736K, used 85791K [0x0000000705e00000, 0x0000000800000000)
  region size 2048K, 19 young (38912K), 1 survivors (2048K)
 Metaspace       used 27989K, committed 28416K, reserved 1114112K
  class space    used 2946K, committed 3200K, reserved 1048576K
}
Event: 3.495 GC heap after
{Heap after GC invocations=15 (full 0):
 garbage-first heap   total 116736K, used 49341K [0x0000000705e00000, 0x0000000800000000)
  region size 2048K, 1 young (2048K), 1 survivors (2048K)
 Metaspace       used 27989K, committed 28416K, reserved 1114112K
  class space    used 2946K, committed 3200K, reserved 1048576K
}
Event: 3.587 GC heap before
{Heap before GC invocations=15 (full 0):
 garbage-first heap   total 116736K, used 88253K [0x0000000705e00000, 0x0000000800000000)
  region size 2048K, 20 young (40960K), 1 survivors (2048K)
 Metaspace       used 28234K, committed 28800K, reserved 1114112K
  class space    used 2963K, committed 3264K, reserved 1048576K
}
Event: 3.590 GC heap after
{Heap after GC invocations=16 (full 0):
 garbage-first heap   total 116736K, used 50423K [0x0000000705e00000, 0x0000000800000000)
  region size 2048K, 2 young (4096K), 2 survivors (4096K)
 Metaspace       used 28234K, committed 28800K, reserved 1114112K
  class space    used 2963K, committed 3264K, reserved 1048576K
}
Event: 3.649 GC heap before
{Heap before GC invocations=16 (full 0):
 garbage-first heap   total 116736K, used 89335K [0x0000000705e00000, 0x0000000800000000)
  region size 2048K, 21 young (43008K), 2 survivors (4096K)
 Metaspace       used 28340K, committed 28928K, reserved 1114112K
  class space    used 2965K, committed 3264K, reserved 1048576K
}

