# JRE version: Java(TM) SE Runtime Environment (19.0.2+7) (build 19.0.2+7-44)
# Java VM: Java HotSpot(TM) 64-Bit Server VM (19.0.2+7-44, mixed mode, sharing, tiered, compressed oops, compressed class ptrs, g1 gc, windows-amd64)
GC Precious Log:
 CardTable entry size: 512
 Card Set container configuration: InlinePtr #cards 4 size 8 Array Of Cards #cards 16 size 48 Howl #buckets 8 coarsen threshold 3686 Howl Bitmap #cards 512 size 80 coarsen threshold 460 Card regions per heap region 1 cards per card region 4096
 CPUs: 16 total, 16 available
 Memory: 16005M
 Large Page Support: Disabled
 NUMA Support: Disabled
 Compressed Oops: Enabled (Zero based)
 Heap Region Size: 2M
 Heap Min Capacity: 8M
 Heap Initial Capacity: 252M
 Heap Max Capacity: 4002M
 Pre-touch: Disabled
 Parallel Workers: 13
 Concurrent Workers: 3
 Concurrent Refinement Workers: 13
 Periodic GC: Disabled
Heap:
 garbage-first heap   total 190464K, used 90522K [0x0000000705e00000, 0x0000000800000000)
  region size 2048K, 18 young (36864K), 5 survivors (10240K)
 Metaspace       used 36351K, committed 36992K, reserved 1114112K
  class space    used 3744K, committed 4096K, reserved 1048576K
GC Heap History (20 events):
Event: 3.474 GC heap before
{Heap before GC invocations=10 (full 0):
 garbage-first heap   total 116736K, used 81284K [0x0000000705e00000, 0x0000000800000000)
  region size 2048K, 17 young (34816K), 2 survivors (4096K)
 Metaspace       used 27546K, committed 27968K, reserved 1114112K
  class space    used 2865K, committed 3072K, reserved 1048576K
}
Event: 3.477 GC heap after
{Heap after GC invocations=11 (full 0):
 garbage-first heap   total 116736K, used 50787K [0x0000000705e00000, 0x0000000800000000)
  region size 2048K, 2 young (4096K), 2 survivors (4096K)
 Metaspace       used 27546K, committed 27968K, reserved 1114112K
  class space    used 2865K, committed 3072K, reserved 1048576K
}
Event: 3.541 GC heap before
{Heap before GC invocations=11 (full 0):
 garbage-first heap   total 116736K, used 83555K [0x0000000705e00000, 0x0000000800000000)
  region size 2048K, 18 young (36864K), 2 survivors (4096K)
 Metaspace       used 27623K, committed 28096K, reserved 1114112K
  class space    used 2871K, committed 3136K, reserved 1048576K
}
Event: 3.543 GC heap after
{Heap after GC invocations=12 (full 0):
 garbage-first heap   total 147456K, used 50634K [0x0000000705e00000, 0x0000000800000000)
  region size 2048K, 2 young (4096K), 2 survivors (4096K)
 Metaspace       used 27623K, committed 28096K, reserved 1114112K
  class space    used 2871K, committed 3136K, reserved 1048576K
}
Event: 3.810 GC heap before
{Heap before GC invocations=12 (full 0):
 garbage-first heap   total 147456K, used 101834K [0x0000000705e00000, 0x0000000800000000)
  region size 2048K, 28 young (57344K), 2 survivors (4096K)
 Metaspace       used 28254K, committed 28800K, reserved 1114112K
  class space    used 2952K, committed 3264K, reserved 1048576K
}
Event: 3.814 GC heap after
{Heap after GC invocations=13 (full 0):
 garbage-first heap   total 147456K, used 51678K [0x0000000705e00000, 0x0000000800000000)
  region size 2048K, 2 young (4096K), 2 survivors (4096K)
 Metaspace       used 28254K, committed 28800K, reserved 1114112K
  class space    used 2952K, committed 3264K, reserved 1048576K
}
Event: 3.933 GC heap before
{Heap before GC invocations=13 (full 0):
 garbage-first heap   total 147456K, used 109022K [0x0000000705e00000, 0x0000000800000000)
  region size 2048K, 30 young (61440K), 2 survivors (4096K)
 Metaspace       used 28502K, committed 29056K, reserved 1114112K
  class space    used 2966K, committed 3264K, reserved 1048576K
}
Event: 3.936 GC heap after
{Heap after GC invocations=14 (full 0):
 garbage-first heap   total 147456K, used 52747K [0x0000000705e00000, 0x0000000800000000)
  region size 2048K, 3 young (6144K), 3 survivors (6144K)
 Metaspace       used 28502K, committed 29056K, reserved 1114112K
  class space    used 2966K, committed 3264K, reserved 1048576K
}
Event: 4.033 GC heap before
{Heap before GC invocations=14 (full 0):
 garbage-first heap   total 147456K, used 110091K [0x0000000705e00000, 0x0000000800000000)
  region size 2048K, 31 young (63488K), 3 survivors (6144K)
 Metaspace       used 28578K, committed 29120K, reserved 1114112K
  class space    used 2969K, committed 3264K, reserved 1048576K
}
Event: 4.037 GC heap after
{Heap after GC invocations=15 (full 0):
 garbage-first heap   total 147456K, used 53257K [0x0000000705e00000, 0x0000000800000000)
  region size 2048K, 2 young (4096K), 2 survivors (4096K)
 Metaspace       used 28578K, committed 29120K, reserved 1114112K
  class space    used 2969K, committed 3264K, reserved 1048576K
}
Event: 4.191 GC heap before
{Heap before GC invocations=15 (full 0):
 garbage-first heap   total 147456K, used 114697K [0x0000000705e00000, 0x0000000800000000)
  region size 2048K, 32 young (65536K), 2 survivors (4096K)
 Metaspace       used 28707K, committed 29248K, reserved 1114112K
  class space    used 2969K, committed 3264K, reserved 1048576K
}
Event: 4.195 GC heap after
{Heap after GC invocations=16 (full 0):
 garbage-first heap   total 190464K, used 53827K [0x0000000705e00000, 0x0000000800000000)
  region size 2048K, 2 young (4096K), 2 survivors (4096K)
 Metaspace       used 28707K, committed 29248K, reserved 1114112K
  class space    used 2969K, committed 3264K, reserved 1048576K
}
Event: 4.923 GC heap before
{Heap before GC invocations=16 (full 0):
 garbage-first heap   total 190464K, used 148035K [0x0000000705e00000, 0x0000000800000000)
  region size 2048K, 48 young (98304K), 2 survivors (4096K)
 Metaspace       used 31063K, committed 31616K, reserved 1114112K
  class space    used 3210K, committed 3520K, reserved 1048576K
}
Event: 4.927 GC heap after
{Heap after GC invocations=17 (full 0):
 garbage-first heap   total 190464K, used 55097K [0x0000000705e00000, 0x0000000800000000)
  region size 2048K, 3 young (6144K), 3 survivors (6144K)
 Metaspace       used 31063K, committed 31616K, reserved 1114112K
  class space    used 3210K, committed 3520K, reserved 1048576K
}
Event: 5.476 GC heap before
{Heap before GC invocations=17 (full 0):
 garbage-first heap   total 190464K, used 153401K [0x0000000705e00000, 0x0000000800000000)
  region size 2048K, 49 young (100352K), 3 survivors (6144K)
 Metaspace       used 31628K, committed 32192K, reserved 1114112K
  class space    used 3233K, committed 3520K, reserved 1048576K
}
Event: 5.482 GC heap after
{Heap after GC invocations=18 (full 0):
 garbage-first heap   total 190464K, used 59798K [0x0000000705e00000, 0x0000000800000000)
  region size 2048K, 4 young (8192K), 4 survivors (8192K)
 Metaspace       used 31628K, committed 32192K, reserved 1114112K
  class space    used 3233K, committed 3520K, reserved 1048576K
}
Event: 6.078 GC heap before
{Heap before GC invocations=18 (full 0):
 garbage-first heap   total 190464K, used 151958K [0x0000000705e00000, 0x0000000800000000)
  region size 2048K, 49 young (100352K), 4 survivors (8192K)
 Metaspace       used 34037K, committed 34688K, reserved 1114112K
  class space    used 3503K, committed 3840K, reserved 1048576K
}
Event: 6.085 GC heap after
{Heap after GC invocations=19 (full 0):
 garbage-first heap   total 190464K, used 64318K [0x0000000705e00000, 0x0000000800000000)
  region size 2048K, 6 young (12288K), 6 survivors (12288K)
 Metaspace       used 34037K, committed 34688K, reserved 1114112K
  class space    used 3503K, committed 3840K, reserved 1048576K
}
Event: 6.461 GC heap before
{Heap before GC invocations=19 (full 0):
 garbage-first heap   total 190464K, used 111422K [0x0000000705e00000, 0x0000000800000000)
  region size 2048K, 31 young (63488K), 6 survivors (12288K)
 Metaspace       used 35468K, committed 36096K, reserved 1114112K
  class space    used 3643K, committed 3968K, reserved 1048576K
}
Event: 6.469 GC heap after
{Heap after GC invocations=20 (full 0):
 garbage-first heap   total 190464K, used 65946K [0x0000000705e00000, 0x0000000800000000)
  region size 2048K, 5 young (10240K), 5 survivors (10240K)
 Metaspace       used 35468K, committed 36096K, reserved 1114112K
  class space    used 3643K, committed 3968K, reserved 1048576K
}

