# JRE version: Java(TM) SE Runtime Environment (19.0.2+7) (build 19.0.2+7-44)
# Java VM: Java HotSpot(TM) 64-Bit Server VM (19.0.2+7-44, mixed mode, sharing, tiered, compressed oops, compressed class ptrs, g1 gc, windows-amd64)
GC Precious Log:
 CardTable entry size: 512
 Card Set container configuration: InlinePtr #cards 4 size 8 Array Of Cards #cards 16 size 48 Howl #buckets 8 coarsen threshold 3686 Howl Bitmap #cards 512 size 80 coarsen threshold 460 Card regions per heap region 1 cards per card region 4096
 CPUs: 16 total, 16 available
 Memory: 16005M
 Large Page Support: Disabled
 NUMA Support: Disabled
 Compressed Oops: Enabled (Zero based)
 Heap Region Size: 2M
 Heap Min Capacity: 8M
 Heap Initial Capacity: 252M
 Heap Max Capacity: 4002M
 Pre-touch: Disabled
 Parallel Workers: 13
 Concurrent Workers: 3
 Concurrent Refinement Workers: 13
 Periodic GC: Disabled
Heap:
 garbage-first heap   total 192512K, used 101206K [0x0000000705e00000, 0x0000000800000000)
  region size 2048K, 21 young (43008K), 5 survivors (10240K)
 Metaspace       used 36094K, committed 36800K, reserved 1114112K
  class space    used 3744K, committed 4096K, reserved 1048576K
GC Heap History (20 events):
Event: 3.080 GC heap before
{Heap before GC invocations=5 (full 0):
 garbage-first heap   total 61440K, used 25272K [0x0000000705e00000, 0x0000000800000000)
  region size 2048K, 4 young (8192K), 3 survivors (6144K)
 Metaspace       used 23762K, committed 24128K, reserved 1114112K
  class space    used 2533K, committed 2688K, reserved 1048576K
}
Event: 3.085 GC heap after
{Heap after GC invocations=6 (full 0):
 garbage-first heap   total 61440K, used 24499K [0x0000000705e00000, 0x0000000800000000)
  region size 2048K, 1 young (2048K), 1 survivors (2048K)
 Metaspace       used 23762K, committed 24128K, reserved 1114112K
  class space    used 2533K, committed 2688K, reserved 1048576K
}
Event: 3.497 GC heap before
{Heap before GC invocations=6 (full 0):
 garbage-first heap   total 61440K, used 40883K [0x0000000705e00000, 0x0000000800000000)
  region size 2048K, 10 young (20480K), 1 survivors (2048K)
 Metaspace       used 24261K, committed 24704K, reserved 1114112K
  class space    used 2579K, committed 2816K, reserved 1048576K
}
Event: 3.503 GC heap after
{Heap after GC invocations=7 (full 0):
 garbage-first heap   total 61440K, used 29909K [0x0000000705e00000, 0x0000000800000000)
  region size 2048K, 2 young (4096K), 2 survivors (4096K)
 Metaspace       used 24261K, committed 24704K, reserved 1114112K
  class space    used 2579K, committed 2816K, reserved 1048576K
}
Event: 3.763 GC heap before
{Heap before GC invocations=7 (full 0):
 garbage-first heap   total 61440K, used 44245K [0x0000000705e00000, 0x0000000800000000)
  region size 2048K, 9 young (18432K), 2 survivors (4096K)
 Metaspace       used 24737K, committed 25152K, reserved 1114112K
  class space    used 2635K, committed 2816K, reserved 1048576K
}
Event: 3.768 GC heap after
{Heap after GC invocations=8 (full 0):
 garbage-first heap   total 159744K, used 32503K [0x0000000705e00000, 0x0000000800000000)
  region size 2048K, 2 young (4096K), 2 survivors (4096K)
 Metaspace       used 24737K, committed 25152K, reserved 1114112K
  class space    used 2635K, committed 2816K, reserved 1048576K
}
Event: 4.971 GC heap before
{Heap before GC invocations=8 (full 0):
 garbage-first heap   total 159744K, used 106231K [0x0000000705e00000, 0x0000000800000000)
  region size 2048K, 38 young (77824K), 2 survivors (4096K)
 Metaspace       used 27222K, committed 27648K, reserved 1114112K
  class space    used 2858K, committed 3072K, reserved 1048576K
}
Event: 4.982 GC heap after
{Heap after GC invocations=9 (full 0):
 garbage-first heap   total 159744K, used 40409K [0x0000000705e00000, 0x0000000800000000)
  region size 2048K, 4 young (8192K), 4 survivors (8192K)
 Metaspace       used 27222K, committed 27648K, reserved 1114112K
  class space    used 2858K, committed 3072K, reserved 1048576K
}
Event: 5.515 GC heap before
{Heap before GC invocations=9 (full 0):
 garbage-first heap   total 159744K, used 112089K [0x0000000705e00000, 0x0000000800000000)
  region size 2048K, 39 young (79872K), 4 survivors (8192K)
 Metaspace       used 27987K, committed 28480K, reserved 1114112K
  class space    used 2946K, committed 3200K, reserved 1048576K
}
Event: 5.523 GC heap after
{Heap after GC invocations=10 (full 0):
 garbage-first heap   total 159744K, used 41836K [0x0000000705e00000, 0x0000000800000000)
  region size 2048K, 1 young (2048K), 1 survivors (2048K)
 Metaspace       used 27987K, committed 28480K, reserved 1114112K
  class space    used 2946K, committed 3200K, reserved 1048576K
}
Event: 5.840 GC heap before
{Heap before GC invocations=10 (full 0):
 garbage-first heap   total 159744K, used 115564K [0x0000000705e00000, 0x0000000800000000)
  region size 2048K, 37 young (75776K), 1 survivors (2048K)
 Metaspace       used 28211K, committed 28736K, reserved 1114112K
  class space    used 2957K, committed 3200K, reserved 1048576K
}
Event: 5.846 GC heap after
{Heap after GC invocations=11 (full 0):
 garbage-first heap   total 159744K, used 42975K [0x0000000705e00000, 0x0000000800000000)
  region size 2048K, 2 young (4096K), 2 survivors (4096K)
 Metaspace       used 28211K, committed 28736K, reserved 1114112K
  class space    used 2957K, committed 3200K, reserved 1048576K
}
Event: 6.152 GC heap before
{Heap before GC invocations=11 (full 0):
 garbage-first heap   total 159744K, used 118751K [0x0000000705e00000, 0x0000000800000000)
  region size 2048K, 39 young (79872K), 2 survivors (4096K)
 Metaspace       used 28436K, committed 28928K, reserved 1114112K
  class space    used 2957K, committed 3200K, reserved 1048576K
}
Event: 6.157 GC heap after
{Heap after GC invocations=12 (full 0):
 garbage-first heap   total 159744K, used 42870K [0x0000000705e00000, 0x0000000800000000)
  region size 2048K, 2 young (4096K), 2 survivors (4096K)
 Metaspace       used 28436K, committed 28928K, reserved 1114112K
  class space    used 2957K, committed 3200K, reserved 1048576K
}
Event: 8.369 GC heap before
{Heap before GC invocations=12 (full 0):
 garbage-first heap   total 159744K, used 122742K [0x0000000705e00000, 0x0000000800000000)
  region size 2048K, 41 young (83968K), 2 survivors (4096K)
 Metaspace       used 31188K, committed 31808K, reserved 1114112K
  class space    used 3217K, committed 3520K, reserved 1048576K
}
Event: 8.381 GC heap after
{Heap after GC invocations=13 (full 0):
 garbage-first heap   total 192512K, used 45685K [0x0000000705e00000, 0x0000000800000000)
  region size 2048K, 3 young (6144K), 3 survivors (6144K)
 Metaspace       used 31188K, committed 31808K, reserved 1114112K
  class space    used 3217K, committed 3520K, reserved 1048576K
}
Event: 9.745 GC heap before
{Heap before GC invocations=13 (full 0):
 garbage-first heap   total 192512K, used 150133K [0x0000000705e00000, 0x0000000800000000)
  region size 2048K, 53 young (108544K), 3 survivors (6144K)
 Metaspace       used 34110K, committed 34816K, reserved 1114112K
  class space    used 3536K, committed 3904K, reserved 1048576K
}
Event: 9.752 GC heap after
{Heap after GC invocations=14 (full 0):
 garbage-first heap   total 192512K, used 61677K [0x0000000705e00000, 0x0000000800000000)
  region size 2048K, 7 young (14336K), 7 survivors (14336K)
 Metaspace       used 34110K, committed 34816K, reserved 1114112K
  class space    used 3536K, committed 3904K, reserved 1048576K
}
Event: 10.571 GC heap before
{Heap before GC invocations=14 (full 0):
 garbage-first heap   total 192512K, used 106733K [0x0000000705e00000, 0x0000000800000000)
  region size 2048K, 31 young (63488K), 7 survivors (14336K)
 Metaspace       used 35525K, committed 36160K, reserved 1114112K
  class space    used 3691K, committed 4032K, reserved 1048576K
}
Event: 10.590 GC heap after
{Heap after GC invocations=15 (full 0):
 garbage-first heap   total 192512K, used 70486K [0x0000000705e00000, 0x0000000800000000)
  region size 2048K, 5 young (10240K), 5 survivors (10240K)
 Metaspace       used 35525K, committed 36160K, reserved 1114112K
  class space    used 3691K, committed 4032K, reserved 1048576K
}

