# JRE version: Java(TM) SE Runtime Environment (19.0.2+7) (build 19.0.2+7-44)
# Java VM: Java HotSpot(TM) 64-Bit Server VM (19.0.2+7-44, mixed mode, sharing, tiered, compressed oops, compressed class ptrs, g1 gc, windows-amd64)
GC Precious Log:
 CardTable entry size: 512
 Card Set container configuration: InlinePtr #cards 4 size 8 Array Of Cards #cards 16 size 48 Howl #buckets 8 coarsen threshold 3686 Howl Bitmap #cards 512 size 80 coarsen threshold 460 Card regions per heap region 1 cards per card region 4096
 CPUs: 16 total, 16 available
 Memory: 16005M
 Large Page Support: Disabled
 NUMA Support: Disabled
 Compressed Oops: Enabled (Zero based)
 Heap Region Size: 2M
 Heap Min Capacity: 8M
 Heap Initial Capacity: 252M
 Heap Max Capacity: 4002M
 Pre-touch: Disabled
 Parallel Workers: 13
 Concurrent Workers: 3
 Concurrent Refinement Workers: 13
 Periodic GC: Disabled
Heap:
 garbage-first heap   total 223232K, used 94781K [0x0000000705e00000, 0x0000000800000000)
  region size 2048K, 22 young (45056K), 7 survivors (14336K)
 Metaspace       used 36335K, committed 36992K, reserved 1114112K
  class space    used 3747K, committed 4096K, reserved 1048576K
GC Heap History (20 events):
Event: 3.458 GC heap before
{Heap before GC invocations=11 (full 0):
 garbage-first heap   total 98304K, used 75381K [0x0000000705e00000, 0x0000000800000000)
  region size 2048K, 13 young (26624K), 1 survivors (2048K)
 Metaspace       used 27482K, committed 27904K, reserved 1114112K
  class space    used 2863K, committed 3072K, reserved 1048576K
}
Event: 3.460 GC heap after
{Heap after GC invocations=12 (full 0):
 garbage-first heap   total 135168K, used 50647K [0x0000000705e00000, 0x0000000800000000)
  region size 2048K, 1 young (2048K), 1 survivors (2048K)
 Metaspace       used 27482K, committed 27904K, reserved 1114112K
  class space    used 2863K, committed 3072K, reserved 1048576K
}
Event: 3.470 GC heap before
{Heap before GC invocations=12 (full 0):
 garbage-first heap   total 135168K, used 54743K [0x0000000705e00000, 0x0000000800000000)
  region size 2048K, 3 young (6144K), 1 survivors (2048K)
 Metaspace       used 27485K, committed 27904K, reserved 1114112K
  class space    used 2863K, committed 3072K, reserved 1048576K
}
Event: 3.472 GC heap after
{Heap after GC invocations=13 (full 0):
 garbage-first heap   total 135168K, used 49828K [0x0000000705e00000, 0x0000000800000000)
  region size 2048K, 1 young (2048K), 1 survivors (2048K)
 Metaspace       used 27485K, committed 27904K, reserved 1114112K
  class space    used 2863K, committed 3072K, reserved 1048576K
}
Event: 3.567 GC heap before
{Heap before GC invocations=13 (full 0):
 garbage-first heap   total 135168K, used 94884K [0x0000000705e00000, 0x0000000800000000)
  region size 2048K, 23 young (47104K), 1 survivors (2048K)
 Metaspace       used 27576K, committed 28032K, reserved 1114112K
  class space    used 2871K, committed 3136K, reserved 1048576K
}
Event: 3.567 GC heap after
{Heap after GC invocations=14 (full 0):
 garbage-first heap   total 135168K, used 49779K [0x0000000705e00000, 0x0000000800000000)
  region size 2048K, 1 young (2048K), 1 survivors (2048K)
 Metaspace       used 27576K, committed 28032K, reserved 1114112K
  class space    used 2871K, committed 3136K, reserved 1048576K
}
Event: 3.795 GC heap before
{Heap before GC invocations=14 (full 0):
 garbage-first heap   total 135168K, used 94835K [0x0000000705e00000, 0x0000000800000000)
  region size 2048K, 24 young (49152K), 1 survivors (2048K)
 Metaspace       used 28280K, committed 28800K, reserved 1114112K
  class space    used 2958K, committed 3200K, reserved 1048576K
}
Event: 3.796 GC heap after
{Heap after GC invocations=15 (full 0):
 garbage-first heap   total 135168K, used 50853K [0x0000000705e00000, 0x0000000800000000)
  region size 2048K, 1 young (2048K), 1 survivors (2048K)
 Metaspace       used 28280K, committed 28800K, reserved 1114112K
  class space    used 2958K, committed 3200K, reserved 1048576K
}
Event: 3.891 GC heap before
{Heap before GC invocations=15 (full 0):
 garbage-first heap   total 135168K, used 102053K [0x0000000705e00000, 0x0000000800000000)
  region size 2048K, 26 young (53248K), 1 survivors (2048K)
 Metaspace       used 28458K, committed 29056K, reserved 1114112K
  class space    used 2963K, committed 3264K, reserved 1048576K
}
Event: 3.893 GC heap after
{Heap after GC invocations=16 (full 0):
 garbage-first heap   total 135168K, used 51670K [0x0000000705e00000, 0x0000000800000000)
  region size 2048K, 2 young (4096K), 2 survivors (4096K)
 Metaspace       used 28458K, committed 29056K, reserved 1114112K
  class space    used 2963K, committed 3264K, reserved 1048576K
}
Event: 3.967 GC heap before
{Heap before GC invocations=16 (full 0):
 garbage-first heap   total 135168K, used 102870K [0x0000000705e00000, 0x0000000800000000)
  region size 2048K, 27 young (55296K), 2 survivors (4096K)
 Metaspace       used 28500K, committed 29056K, reserved 1114112K
  class space    used 2965K, committed 3264K, reserved 1048576K
}
Event: 3.970 GC heap after
{Heap after GC invocations=17 (full 0):
 garbage-first heap   total 135168K, used 51937K [0x0000000705e00000, 0x0000000800000000)
  region size 2048K, 2 young (4096K), 2 survivors (4096K)
 Metaspace       used 28500K, committed 29056K, reserved 1114112K
  class space    used 2965K, committed 3264K, reserved 1048576K
}
Event: 4.094 GC heap before
{Heap before GC invocations=17 (full 0):
 garbage-first heap   total 135168K, used 103137K [0x0000000705e00000, 0x0000000800000000)
  region size 2048K, 28 young (57344K), 2 survivors (4096K)
 Metaspace       used 28649K, committed 29184K, reserved 1114112K
  class space    used 2968K, committed 3264K, reserved 1048576K
}
Event: 4.099 GC heap after
{Heap after GC invocations=18 (full 0):
 garbage-first heap   total 223232K, used 53511K [0x0000000705e00000, 0x0000000800000000)
  region size 2048K, 2 young (4096K), 2 survivors (4096K)
 Metaspace       used 28649K, committed 29184K, reserved 1114112K
  class space    used 2968K, committed 3264K, reserved 1048576K
}
Event: 4.887 GC heap before
{Heap before GC invocations=18 (full 0):
 garbage-first heap   total 223232K, used 174343K [0x0000000705e00000, 0x0000000800000000)
  region size 2048K, 61 young (124928K), 2 survivors (4096K)
 Metaspace       used 31149K, committed 31744K, reserved 1114112K
  class space    used 3210K, committed 3520K, reserved 1048576K
}
Event: 4.891 GC heap after
{Heap after GC invocations=19 (full 0):
 garbage-first heap   total 223232K, used 54579K [0x0000000705e00000, 0x0000000800000000)
  region size 2048K, 3 young (6144K), 3 survivors (6144K)
 Metaspace       used 31149K, committed 31744K, reserved 1114112K
  class space    used 3210K, committed 3520K, reserved 1048576K
}
Event: 5.659 GC heap before
{Heap before GC invocations=19 (full 0):
 garbage-first heap   total 223232K, used 181555K [0x0000000705e00000, 0x0000000800000000)
  region size 2048K, 63 young (129024K), 3 survivors (6144K)
 Metaspace       used 31914K, committed 32448K, reserved 1114112K
  class space    used 3249K, committed 3520K, reserved 1048576K
}
Event: 5.666 GC heap after
{Heap after GC invocations=20 (full 0):
 garbage-first heap   total 223232K, used 60547K [0x0000000705e00000, 0x0000000800000000)
  region size 2048K, 5 young (10240K), 5 survivors (10240K)
 Metaspace       used 31914K, committed 32448K, reserved 1114112K
  class space    used 3249K, committed 3520K, reserved 1048576K
}
Event: 6.453 GC heap before
{Heap before GC invocations=20 (full 0):
 garbage-first heap   total 223232K, used 177283K [0x0000000705e00000, 0x0000000800000000)
  region size 2048K, 63 young (129024K), 5 survivors (10240K)
 Metaspace       used 35971K, committed 36608K, reserved 1114112K
  class space    used 3713K, committed 4032K, reserved 1048576K
}
Event: 6.459 GC heap after
{Heap after GC invocations=21 (full 0):
 garbage-first heap   total 223232K, used 66109K [0x0000000705e00000, 0x0000000800000000)
  region size 2048K, 7 young (14336K), 7 survivors (14336K)
 Metaspace       used 35971K, committed 36608K, reserved 1114112K
  class space    used 3713K, committed 4032K, reserved 1048576K
}

