# JRE version: Java(TM) SE Runtime Environment (19.0.2+7) (build 19.0.2+7-44)
# Java VM: Java HotSpot(TM) 64-Bit Server VM (19.0.2+7-44, mixed mode, sharing, tiered, compressed oops, compressed class ptrs, g1 gc, windows-amd64)
GC Precious Log:
 CardTable entry size: 512
 Card Set container configuration: InlinePtr #cards 4 size 8 Array Of Cards #cards 16 size 48 Howl #buckets 8 coarsen threshold 3686 Howl Bitmap #cards 512 size 80 coarsen threshold 460 Card regions per heap region 1 cards per card region 4096
 CPUs: 16 total, 16 available
 Memory: 16005M
 Large Page Support: Disabled
 NUMA Support: Disabled
 Compressed Oops: Enabled (Zero based)
 Heap Region Size: 2M
 Heap Min Capacity: 8M
 Heap Initial Capacity: 252M
 Heap Max Capacity: 4002M
 Pre-touch: Disabled
 Parallel Workers: 13
 Concurrent Workers: 3
 Concurrent Refinement Workers: 13
 Periodic GC: Disabled
Heap:
 garbage-first heap   total 225280K, used 151762K [0x0000000705e00000, 0x0000000800000000)
  region size 2048K, 52 young (106496K), 6 survivors (12288K)
 Metaspace       used 36307K, committed 36992K, reserved 1114112K
  class space    used 3746K, committed 4096K, reserved 1048576K
GC Heap History (20 events):
Event: 3.126 GC heap before
{Heap before GC invocations=10 (full 0):
 garbage-first heap   total 112640K, used 80196K [0x0000000705e00000, 0x0000000800000000)
  region size 2048K, 19 young (38912K), 2 survivors (4096K)
 Metaspace       used 26295K, committed 26752K, reserved 1114112K
  class space    used 2745K, committed 2944K, reserved 1048576K
}
Event: 3.133 GC heap after
{Heap after GC invocations=11 (full 0):
 garbage-first heap   total 112640K, used 49016K [0x0000000705e00000, 0x0000000800000000)
  region size 2048K, 3 young (6144K), 3 survivors (6144K)
 Metaspace       used 26295K, committed 26752K, reserved 1114112K
  class space    used 2745K, committed 2944K, reserved 1048576K
}
Event: 3.144 GC heap before
{Heap before GC invocations=11 (full 0):
 garbage-first heap   total 112640K, used 51064K [0x0000000705e00000, 0x0000000800000000)
  region size 2048K, 4 young (8192K), 3 survivors (6144K)
 Metaspace       used 26358K, committed 26752K, reserved 1114112K
  class space    used 2760K, committed 2944K, reserved 1048576K
}
Event: 3.149 GC heap after
{Heap after GC invocations=12 (full 0):
 garbage-first heap   total 112640K, used 49350K [0x0000000705e00000, 0x0000000800000000)
  region size 2048K, 1 young (2048K), 1 survivors (2048K)
 Metaspace       used 26358K, committed 26752K, reserved 1114112K
  class space    used 2760K, committed 2944K, reserved 1048576K
}
Event: 3.431 GC heap before
{Heap before GC invocations=12 (full 0):
 garbage-first heap   total 112640K, used 78022K [0x0000000705e00000, 0x0000000800000000)
  region size 2048K, 16 young (32768K), 1 survivors (2048K)
 Metaspace       used 27443K, committed 27840K, reserved 1114112K
  class space    used 2864K, committed 3072K, reserved 1048576K
}
Event: 3.432 GC heap after
{Heap after GC invocations=13 (full 0):
 garbage-first heap   total 112640K, used 48829K [0x0000000705e00000, 0x0000000800000000)
  region size 2048K, 1 young (2048K), 1 survivors (2048K)
 Metaspace       used 27443K, committed 27840K, reserved 1114112K
  class space    used 2864K, committed 3072K, reserved 1048576K
}
Event: 3.517 GC heap before
{Heap before GC invocations=13 (full 0):
 garbage-first heap   total 112640K, used 83645K [0x0000000705e00000, 0x0000000800000000)
  region size 2048K, 18 young (36864K), 1 survivors (2048K)
 Metaspace       used 27561K, committed 28096K, reserved 1114112K
  class space    used 2871K, committed 3136K, reserved 1048576K
}
Event: 3.518 GC heap after
{Heap after GC invocations=14 (full 0):
 garbage-first heap   total 112640K, used 48875K [0x0000000705e00000, 0x0000000800000000)
  region size 2048K, 1 young (2048K), 1 survivors (2048K)
 Metaspace       used 27561K, committed 28096K, reserved 1114112K
  class space    used 2871K, committed 3136K, reserved 1048576K
}
Event: 3.736 GC heap before
{Heap before GC invocations=14 (full 0):
 garbage-first heap   total 112640K, used 85739K [0x0000000705e00000, 0x0000000800000000)
  region size 2048K, 19 young (38912K), 1 survivors (2048K)
 Metaspace       used 28121K, committed 28608K, reserved 1114112K
  class space    used 2948K, committed 3200K, reserved 1048576K
}
Event: 3.738 GC heap after
{Heap after GC invocations=15 (full 0):
 garbage-first heap   total 112640K, used 49313K [0x0000000705e00000, 0x0000000800000000)
  region size 2048K, 1 young (2048K), 1 survivors (2048K)
 Metaspace       used 28121K, committed 28608K, reserved 1114112K
  class space    used 2948K, committed 3200K, reserved 1048576K
}
Event: 3.804 GC heap before
{Heap before GC invocations=15 (full 0):
 garbage-first heap   total 112640K, used 88225K [0x0000000705e00000, 0x0000000800000000)
  region size 2048K, 20 young (40960K), 1 survivors (2048K)
 Metaspace       used 28286K, committed 28864K, reserved 1114112K
  class space    used 2957K, committed 3264K, reserved 1048576K
}
Event: 3.807 GC heap after
{Heap after GC invocations=16 (full 0):
 garbage-first heap   total 112640K, used 49961K [0x0000000705e00000, 0x0000000800000000)
  region size 2048K, 1 young (2048K), 1 survivors (2048K)
 Metaspace       used 28286K, committed 28864K, reserved 1114112K
  class space    used 2957K, committed 3264K, reserved 1048576K
}
Event: 3.891 GC heap before
{Heap before GC invocations=16 (full 0):
 garbage-first heap   total 112640K, used 88873K [0x0000000705e00000, 0x0000000800000000)
  region size 2048K, 20 young (40960K), 1 survivors (2048K)
 Metaspace       used 28436K, committed 28992K, reserved 1114112K
  class space    used 2964K, committed 3264K, reserved 1048576K
}
Event: 3.894 GC heap after
{Heap after GC invocations=17 (full 0):
 garbage-first heap   total 225280K, used 50754K [0x0000000705e00000, 0x0000000800000000)
  region size 2048K, 2 young (4096K), 2 survivors (4096K)
 Metaspace       used 28436K, committed 28992K, reserved 1114112K
  class space    used 2964K, committed 3264K, reserved 1048576K
}
Event: 4.167 GC heap before
{Heap before GC invocations=17 (full 0):
 garbage-first heap   total 225280K, used 177730K [0x0000000705e00000, 0x0000000800000000)
  region size 2048K, 64 young (131072K), 2 survivors (4096K)
 Metaspace       used 28639K, committed 29184K, reserved 1114112K
  class space    used 2968K, committed 3264K, reserved 1048576K
}
Event: 4.170 GC heap after
{Heap after GC invocations=18 (full 0):
 garbage-first heap   total 225280K, used 52101K [0x0000000705e00000, 0x0000000800000000)
  region size 2048K, 2 young (4096K), 2 survivors (4096K)
 Metaspace       used 28639K, committed 29184K, reserved 1114112K
  class space    used 2968K, committed 3264K, reserved 1048576K
}
Event: 5.076 GC heap before
{Heap before GC invocations=18 (full 0):
 garbage-first heap   total 225280K, used 181125K [0x0000000705e00000, 0x0000000800000000)
  region size 2048K, 65 young (133120K), 2 survivors (4096K)
 Metaspace       used 31359K, committed 31936K, reserved 1114112K
  class space    used 3220K, committed 3520K, reserved 1048576K
}
Event: 5.080 GC heap after
{Heap after GC invocations=19 (full 0):
 garbage-first heap   total 225280K, used 54576K [0x0000000705e00000, 0x0000000800000000)
  region size 2048K, 4 young (8192K), 4 survivors (8192K)
 Metaspace       used 31359K, committed 31936K, reserved 1114112K
  class space    used 3220K, committed 3520K, reserved 1048576K
}
Event: 5.822 GC heap before
{Heap before GC invocations=19 (full 0):
 garbage-first heap   total 225280K, used 185648K [0x0000000705e00000, 0x0000000800000000)
  region size 2048K, 66 young (135168K), 4 survivors (8192K)
 Metaspace       used 32903K, committed 33472K, reserved 1114112K
  class space    used 3334K, committed 3648K, reserved 1048576K
}
Event: 5.828 GC heap after
{Heap after GC invocations=20 (full 0):
 garbage-first heap   total 225280K, used 61650K [0x0000000705e00000, 0x0000000800000000)
  region size 2048K, 6 young (12288K), 6 survivors (12288K)
 Metaspace       used 32903K, committed 33472K, reserved 1114112K
  class space    used 3334K, committed 3648K, reserved 1048576K
}

