# JRE version: Java(TM) SE Runtime Environment (19.0.2+7) (build 19.0.2+7-44)
# Java VM: Java HotSpot(TM) 64-Bit Server VM (19.0.2+7-44, mixed mode, sharing, tiered, compressed oops, compressed class ptrs, g1 gc, windows-amd64)
GC Precious Log:
 CardTable entry size: 512
 Card Set container configuration: InlinePtr #cards 4 size 8 Array Of Cards #cards 16 size 48 Howl #buckets 8 coarsen threshold 3686 Howl Bitmap #cards 512 size 80 coarsen threshold 460 Card regions per heap region 1 cards per card region 4096
 CPUs: 16 total, 16 available
 Memory: 16005M
 Large Page Support: Disabled
 NUMA Support: Disabled
 Compressed Oops: Enabled (Zero based)
 Heap Region Size: 2M
 Heap Min Capacity: 8M
 Heap Initial Capacity: 252M
 Heap Max Capacity: 4002M
 Pre-touch: Disabled
 Parallel Workers: 13
 Concurrent Workers: 3
 Concurrent Refinement Workers: 13
 Periodic GC: Disabled
Heap:
 garbage-first heap   total 151552K, used 94209K [0x0000000705e00000, 0x0000000800000000)
  region size 2048K, 23 young (47104K), 1 survivors (2048K)
 Metaspace       used 28382K, committed 28928K, reserved 1114112K
  class space    used 2964K, committed 3264K, reserved 1048576K
GC Heap History (20 events):
Event: 2.879 GC heap before
{Heap before GC invocations=2 (full 0):
 garbage-first heap   total 258048K, used 167662K [0x0000000705e00000, 0x0000000800000000)
  region size 2048K, 67 young (137216K), 2 survivors (4096K)
 Metaspace       used 21115K, committed 21504K, reserved 1114112K
  class space    used 2272K, committed 2496K, reserved 1048576K
}
Event: 2.886 GC heap after
{Heap after GC invocations=3 (full 0):
 garbage-first heap   total 258048K, used 15711K [0x0000000705e00000, 0x0000000800000000)
  region size 2048K, 6 young (12288K), 6 survivors (12288K)
 Metaspace       used 21115K, committed 21504K, reserved 1114112K
  class space    used 2272K, committed 2496K, reserved 1048576K
}
Event: 3.221 GC heap before
{Heap before GC invocations=4 (full 0):
 garbage-first heap   total 61440K, used 40287K [0x0000000705e00000, 0x0000000800000000)
  region size 2048K, 18 young (36864K), 6 survivors (12288K)
 Metaspace       used 23652K, committed 24064K, reserved 1114112K
  class space    used 2499K, committed 2688K, reserved 1048576K
}
Event: 3.229 GC heap after
{Heap after GC invocations=5 (full 0):
 garbage-first heap   total 63488K, used 24549K [0x0000000705e00000, 0x0000000800000000)
  region size 2048K, 3 young (6144K), 3 survivors (6144K)
 Metaspace       used 23652K, committed 24064K, reserved 1114112K
  class space    used 2499K, committed 2688K, reserved 1048576K
}
Event: 3.249 GC heap before
{Heap before GC invocations=5 (full 0):
 garbage-first heap   total 63488K, used 24549K [0x0000000705e00000, 0x0000000800000000)
  region size 2048K, 4 young (8192K), 3 survivors (6144K)
 Metaspace       used 23653K, committed 24064K, reserved 1114112K
  class space    used 2499K, committed 2688K, reserved 1048576K
}
Event: 3.252 GC heap after
{Heap after GC invocations=6 (full 0):
 garbage-first heap   total 63488K, used 26570K [0x0000000705e00000, 0x0000000800000000)
  region size 2048K, 1 young (2048K), 1 survivors (2048K)
 Metaspace       used 23653K, committed 24064K, reserved 1114112K
  class space    used 2499K, committed 2688K, reserved 1048576K
}
Event: 3.535 GC heap before
{Heap before GC invocations=6 (full 0):
 garbage-first heap   total 63488K, used 40906K [0x0000000705e00000, 0x0000000800000000)
  region size 2048K, 9 young (18432K), 1 survivors (2048K)
 Metaspace       used 24448K, committed 24832K, reserved 1114112K
  class space    used 2582K, committed 2752K, reserved 1048576K
}
Event: 3.540 GC heap after
{Heap after GC invocations=7 (full 0):
 garbage-first heap   total 63488K, used 30372K [0x0000000705e00000, 0x0000000800000000)
  region size 2048K, 2 young (4096K), 2 survivors (4096K)
 Metaspace       used 24448K, committed 24832K, reserved 1114112K
  class space    used 2582K, committed 2752K, reserved 1048576K
}
Event: 3.693 GC heap before
{Heap before GC invocations=7 (full 0):
 garbage-first heap   total 63488K, used 44708K [0x0000000705e00000, 0x0000000800000000)
  region size 2048K, 9 young (18432K), 2 survivors (4096K)
 Metaspace       used 24475K, committed 24832K, reserved 1114112K
  class space    used 2582K, committed 2752K, reserved 1048576K
}
Event: 3.699 GC heap after
{Heap after GC invocations=8 (full 0):
 garbage-first heap   total 63488K, used 36117K [0x0000000705e00000, 0x0000000800000000)
  region size 2048K, 2 young (4096K), 2 survivors (4096K)
 Metaspace       used 24475K, committed 24832K, reserved 1114112K
  class space    used 2582K, committed 2752K, reserved 1048576K
}
Event: 3.749 GC heap before
{Heap before GC invocations=8 (full 0):
 garbage-first heap   total 63488K, used 42261K [0x0000000705e00000, 0x0000000800000000)
  region size 2048K, 6 young (12288K), 2 survivors (4096K)
 Metaspace       used 24481K, committed 24832K, reserved 1114112K
  class space    used 2582K, committed 2752K, reserved 1048576K
}
Event: 3.752 GC heap after
{Heap after GC invocations=9 (full 0):
 garbage-first heap   total 161792K, used 37765K [0x0000000705e00000, 0x0000000800000000)
  region size 2048K, 1 young (2048K), 1 survivors (2048K)
 Metaspace       used 24481K, committed 24832K, reserved 1114112K
  class space    used 2582K, committed 2752K, reserved 1048576K
}
Event: 4.363 GC heap before
{Heap before GC invocations=10 (full 0):
 garbage-first heap   total 151552K, used 105349K [0x0000000705e00000, 0x0000000800000000)
  region size 2048K, 34 young (69632K), 1 survivors (2048K)
 Metaspace       used 26284K, committed 26752K, reserved 1114112K
  class space    used 2720K, committed 2944K, reserved 1048576K
}
Event: 4.374 GC heap after
{Heap after GC invocations=11 (full 0):
 garbage-first heap   total 151552K, used 50352K [0x0000000705e00000, 0x0000000800000000)
  region size 2048K, 5 young (10240K), 5 survivors (10240K)
 Metaspace       used 26284K, committed 26752K, reserved 1114112K
  class space    used 2720K, committed 2944K, reserved 1048576K
}
Event: 4.385 GC heap before
{Heap before GC invocations=11 (full 0):
 garbage-first heap   total 151552K, used 52400K [0x0000000705e00000, 0x0000000800000000)
  region size 2048K, 6 young (12288K), 5 survivors (10240K)
 Metaspace       used 26320K, committed 26752K, reserved 1114112K
  class space    used 2733K, committed 2944K, reserved 1048576K
}
Event: 4.392 GC heap after
{Heap after GC invocations=12 (full 0):
 garbage-first heap   total 151552K, used 51768K [0x0000000705e00000, 0x0000000800000000)
  region size 2048K, 1 young (2048K), 1 survivors (2048K)
 Metaspace       used 26320K, committed 26752K, reserved 1114112K
  class space    used 2733K, committed 2944K, reserved 1048576K
}
Event: 4.977 GC heap before
{Heap before GC invocations=12 (full 0):
 garbage-first heap   total 151552K, used 102968K [0x0000000705e00000, 0x0000000800000000)
  region size 2048K, 27 young (55296K), 1 survivors (2048K)
 Metaspace       used 27584K, committed 28096K, reserved 1114112K
  class space    used 2869K, committed 3136K, reserved 1048576K
}
Event: 4.978 GC heap after
{Heap after GC invocations=13 (full 0):
 garbage-first heap   total 151552K, used 51036K [0x0000000705e00000, 0x0000000800000000)
  region size 2048K, 1 young (2048K), 1 survivors (2048K)
 Metaspace       used 27584K, committed 28096K, reserved 1114112K
  class space    used 2869K, committed 3136K, reserved 1048576K
}
Event: 5.430 GC heap before
{Heap before GC invocations=13 (full 0):
 garbage-first heap   total 151552K, used 108380K [0x0000000705e00000, 0x0000000800000000)
  region size 2048K, 29 young (59392K), 1 survivors (2048K)
 Metaspace       used 28047K, committed 28608K, reserved 1114112K
  class space    used 2936K, committed 3200K, reserved 1048576K
}
Event: 5.431 GC heap after
{Heap after GC invocations=14 (full 0):
 garbage-first heap   total 151552K, used 51201K [0x0000000705e00000, 0x0000000800000000)
  region size 2048K, 1 young (2048K), 1 survivors (2048K)
 Metaspace       used 28047K, committed 28608K, reserved 1114112K
  class space    used 2936K, committed 3200K, reserved 1048576K
}

