# JRE version: Java(TM) SE Runtime Environment (19.0.2+7) (build 19.0.2+7-44)
# Java VM: Java HotSpot(TM) 64-Bit Server VM (19.0.2+7-44, mixed mode, sharing, tiered, compressed oops, compressed class ptrs, g1 gc, windows-amd64)
GC Precious Log:
 CardTable entry size: 512
 Card Set container configuration: InlinePtr #cards 4 size 8 Array Of Cards #cards 16 size 48 Howl #buckets 8 coarsen threshold 3686 Howl Bitmap #cards 512 size 80 coarsen threshold 460 Card regions per heap region 1 cards per card region 4096
 CPUs: 16 total, 16 available
 Memory: 16005M
 Large Page Support: Disabled
 NUMA Support: Disabled
 Compressed Oops: Enabled (Zero based)
 Heap Region Size: 2M
 Heap Min Capacity: 8M
 Heap Initial Capacity: 252M
 Heap Max Capacity: 4002M
 Pre-touch: Disabled
 Parallel Workers: 13
 Concurrent Workers: 3
 Concurrent Refinement Workers: 13
 Periodic GC: Disabled
Heap:
 garbage-first heap   total 143360K, used 85461K [0x0000000705e00000, 0x0000000800000000)
  region size 2048K, 19 young (38912K), 1 survivors (2048K)
 Metaspace       used 28005K, committed 28480K, reserved 1114112K
  class space    used 2938K, committed 3200K, reserved 1048576K
GC Heap History (20 events):
Event: 0.828 GC heap before
{Heap before GC invocations=1 (full 0):
 garbage-first heap   total 258048K, used 38499K [0x0000000705e00000, 0x0000000800000000)
  region size 2048K, 19 young (38912K), 2 survivors (4096K)
 Metaspace       used 10604K, committed 10816K, reserved 1114112K
  class space    used 1234K, committed 1344K, reserved 1048576K
}
Event: 0.831 GC heap after
{Heap after GC invocations=2 (full 0):
 garbage-first heap   total 258048K, used 5777K [0x0000000705e00000, 0x0000000800000000)
  region size 2048K, 2 young (4096K), 2 survivors (4096K)
 Metaspace       used 10604K, committed 10816K, reserved 1114112K
  class space    used 1234K, committed 1344K, reserved 1048576K
}
Event: 2.032 GC heap before
{Heap before GC invocations=2 (full 0):
 garbage-first heap   total 258048K, used 169617K [0x0000000705e00000, 0x0000000800000000)
  region size 2048K, 68 young (139264K), 2 survivors (4096K)
 Metaspace       used 21143K, committed 21504K, reserved 1114112K
  class space    used 2271K, committed 2496K, reserved 1048576K
}
Event: 2.039 GC heap after
{Heap after GC invocations=3 (full 0):
 garbage-first heap   total 258048K, used 15658K [0x0000000705e00000, 0x0000000800000000)
  region size 2048K, 6 young (12288K), 6 survivors (12288K)
 Metaspace       used 21143K, committed 21504K, reserved 1114112K
  class space    used 2271K, committed 2496K, reserved 1048576K
}
Event: 2.397 GC heap before
{Heap before GC invocations=4 (full 0):
 garbage-first heap   total 61440K, used 50474K [0x0000000705e00000, 0x0000000800000000)
  region size 2048K, 24 young (49152K), 6 survivors (12288K)
 Metaspace       used 23916K, committed 24256K, reserved 1114112K
  class space    used 2530K, committed 2688K, reserved 1048576K
}
Event: 2.407 GC heap after
{Heap after GC invocations=5 (full 0):
 garbage-first heap   total 77824K, used 27221K [0x0000000705e00000, 0x0000000800000000)
  region size 2048K, 3 young (6144K), 3 survivors (6144K)
 Metaspace       used 23916K, committed 24256K, reserved 1114112K
  class space    used 2530K, committed 2688K, reserved 1048576K
}
Event: 2.438 GC heap before
{Heap before GC invocations=5 (full 0):
 garbage-first heap   total 77824K, used 29269K [0x0000000705e00000, 0x0000000800000000)
  region size 2048K, 4 young (8192K), 3 survivors (6144K)
 Metaspace       used 24254K, committed 24640K, reserved 1114112K
  class space    used 2574K, committed 2752K, reserved 1048576K
}
Event: 2.441 GC heap after
{Heap after GC invocations=6 (full 0):
 garbage-first heap   total 77824K, used 29054K [0x0000000705e00000, 0x0000000800000000)
  region size 2048K, 1 young (2048K), 1 survivors (2048K)
 Metaspace       used 24254K, committed 24640K, reserved 1114112K
  class space    used 2574K, committed 2752K, reserved 1048576K
}
Event: 2.612 GC heap before
{Heap before GC invocations=6 (full 0):
 garbage-first heap   total 77824K, used 53630K [0x0000000705e00000, 0x0000000800000000)
  region size 2048K, 13 young (26624K), 1 survivors (2048K)
 Metaspace       used 24427K, committed 24832K, reserved 1114112K
  class space    used 2577K, committed 2752K, reserved 1048576K
}
Event: 2.615 GC heap after
{Heap after GC invocations=7 (full 0):
 garbage-first heap   total 77824K, used 36633K [0x0000000705e00000, 0x0000000800000000)
  region size 2048K, 2 young (4096K), 2 survivors (4096K)
 Metaspace       used 24427K, committed 24832K, reserved 1114112K
  class space    used 2577K, committed 2752K, reserved 1048576K
}
Event: 2.745 GC heap before
{Heap before GC invocations=7 (full 0):
 garbage-first heap   total 77824K, used 53017K [0x0000000705e00000, 0x0000000800000000)
  region size 2048K, 11 young (22528K), 2 survivors (4096K)
 Metaspace       used 24925K, committed 25344K, reserved 1114112K
  class space    used 2633K, committed 2880K, reserved 1048576K
}
Event: 2.749 GC heap after
{Heap after GC invocations=8 (full 0):
 garbage-first heap   total 112640K, used 40960K [0x0000000705e00000, 0x0000000800000000)
  region size 2048K, 2 young (4096K), 2 survivors (4096K)
 Metaspace       used 24925K, committed 25344K, reserved 1114112K
  class space    used 2633K, committed 2880K, reserved 1048576K
}
Event: 2.878 GC heap before
{Heap before GC invocations=8 (full 0):
 garbage-first heap   total 112640K, used 73728K [0x0000000705e00000, 0x0000000800000000)
  region size 2048K, 18 young (36864K), 2 survivors (4096K)
 Metaspace       used 25308K, committed 25728K, reserved 1114112K
  class space    used 2640K, committed 2880K, reserved 1048576K
}
Event: 2.885 GC heap after
{Heap after GC invocations=9 (full 0):
 garbage-first heap   total 112640K, used 47786K [0x0000000705e00000, 0x0000000800000000)
  region size 2048K, 3 young (6144K), 3 survivors (6144K)
 Metaspace       used 25308K, committed 25728K, reserved 1114112K
  class space    used 2640K, committed 2880K, reserved 1048576K
}
Event: 3.193 GC heap before
{Heap before GC invocations=9 (full 0):
 garbage-first heap   total 112640K, used 78506K [0x0000000705e00000, 0x0000000800000000)
  region size 2048K, 17 young (34816K), 3 survivors (6144K)
 Metaspace       used 26698K, committed 27136K, reserved 1114112K
  class space    used 2783K, committed 3008K, reserved 1048576K
}
Event: 3.199 GC heap after
{Heap after GC invocations=10 (full 0):
 garbage-first heap   total 112640K, used 52100K [0x0000000705e00000, 0x0000000800000000)
  region size 2048K, 2 young (4096K), 2 survivors (4096K)
 Metaspace       used 26698K, committed 27136K, reserved 1114112K
  class space    used 2783K, committed 3008K, reserved 1048576K
}
Event: 3.414 GC heap before
{Heap before GC invocations=10 (full 0):
 garbage-first heap   total 112640K, used 78724K [0x0000000705e00000, 0x0000000800000000)
  region size 2048K, 16 young (32768K), 2 survivors (4096K)
 Metaspace       used 27488K, committed 27904K, reserved 1114112K
  class space    used 2862K, committed 3072K, reserved 1048576K
}
Event: 3.418 GC heap after
{Heap after GC invocations=11 (full 0):
 garbage-first heap   total 112640K, used 53033K [0x0000000705e00000, 0x0000000800000000)
  region size 2048K, 1 young (2048K), 1 survivors (2048K)
 Metaspace       used 27488K, committed 27904K, reserved 1114112K
  class space    used 2862K, committed 3072K, reserved 1048576K
}
Event: 3.481 GC heap before
{Heap before GC invocations=11 (full 0):
 garbage-first heap   total 112640K, used 81705K [0x0000000705e00000, 0x0000000800000000)
  region size 2048K, 15 young (30720K), 1 survivors (2048K)
 Metaspace       used 27571K, committed 28096K, reserved 1114112K
  class space    used 2865K, committed 3136K, reserved 1048576K
}
Event: 3.482 GC heap after
{Heap after GC invocations=12 (full 0):
 garbage-first heap   total 143360K, used 52693K [0x0000000705e00000, 0x0000000800000000)
  region size 2048K, 1 young (2048K), 1 survivors (2048K)
 Metaspace       used 27571K, committed 28096K, reserved 1114112K
  class space    used 2865K, committed 3136K, reserved 1048576K
}

