# JRE version: Java(TM) SE Runtime Environment (19.0.2+7) (build 19.0.2+7-44)
# Java VM: Java HotSpot(TM) 64-Bit Server VM (19.0.2+7-44, mixed mode, sharing, tiered, compressed oops, compressed class ptrs, g1 gc, windows-amd64)
GC Precious Log:
 CardTable entry size: 512
 Card Set container configuration: InlinePtr #cards 4 size 8 Array Of Cards #cards 16 size 48 Howl #buckets 8 coarsen threshold 3686 Howl Bitmap #cards 512 size 80 coarsen threshold 460 Card regions per heap region 1 cards per card region 4096
 CPUs: 16 total, 16 available
 Memory: 16005M
 Large Page Support: Disabled
 NUMA Support: Disabled
 Compressed Oops: Enabled (Zero based)
 Heap Region Size: 2M
 Heap Min Capacity: 8M
 Heap Initial Capacity: 252M
 Heap Max Capacity: 4002M
 Pre-touch: Disabled
 Parallel Workers: 13
 Concurrent Workers: 3
 Concurrent Refinement Workers: 13
 Periodic GC: Disabled
Heap:
 garbage-first heap   total 243712K, used 106922K [0x0000000705e00000, 0x0000000800000000)
  region size 2048K, 29 young (59392K), 1 survivors (2048K)
 Metaspace       used 28478K, committed 28992K, reserved 1114112K
  class space    used 2972K, committed 3264K, reserved 1048576K
GC Heap History (20 events):
Event: 2.557 GC heap before
{Heap before GC invocations=5 (full 0):
 garbage-first heap   total 83968K, used 30294K [0x0000000705e00000, 0x0000000800000000)
  region size 2048K, 5 young (10240K), 4 survivors (8192K)
 Metaspace       used 24461K, committed 24832K, reserved 1114112K
  class space    used 2589K, committed 2752K, reserved 1048576K
}
Event: 2.560 GC heap after
{Heap after GC invocations=6 (full 0):
 garbage-first heap   total 83968K, used 30779K [0x0000000705e00000, 0x0000000800000000)
  region size 2048K, 1 young (2048K), 1 survivors (2048K)
 Metaspace       used 24461K, committed 24832K, reserved 1114112K
  class space    used 2589K, committed 2752K, reserved 1048576K
}
Event: 2.755 GC heap before
{Heap before GC invocations=6 (full 0):
 garbage-first heap   total 83968K, used 55355K [0x0000000705e00000, 0x0000000800000000)
  region size 2048K, 14 young (28672K), 1 survivors (2048K)
 Metaspace       used 24534K, committed 24896K, reserved 1114112K
  class space    used 2589K, committed 2752K, reserved 1048576K
}
Event: 2.759 GC heap after
{Heap after GC invocations=7 (full 0):
 garbage-first heap   total 83968K, used 38912K [0x0000000705e00000, 0x0000000800000000)
  region size 2048K, 2 young (4096K), 2 survivors (4096K)
 Metaspace       used 24534K, committed 24896K, reserved 1114112K
  class space    used 2589K, committed 2752K, reserved 1048576K
}
Event: 2.862 GC heap before
{Heap before GC invocations=7 (full 0):
 garbage-first heap   total 83968K, used 59392K [0x0000000705e00000, 0x0000000800000000)
  region size 2048K, 12 young (24576K), 2 survivors (4096K)
 Metaspace       used 24937K, committed 25344K, reserved 1114112K
  class space    used 2629K, committed 2880K, reserved 1048576K
}
Event: 2.866 GC heap after
{Heap after GC invocations=8 (full 0):
 garbage-first heap   total 83968K, used 42305K [0x0000000705e00000, 0x0000000800000000)
  region size 2048K, 2 young (4096K), 2 survivors (4096K)
 Metaspace       used 24937K, committed 25344K, reserved 1114112K
  class space    used 2629K, committed 2880K, reserved 1048576K
}
Event: 2.990 GC heap before
{Heap before GC invocations=8 (full 0):
 garbage-first heap   total 83968K, used 60737K [0x0000000705e00000, 0x0000000800000000)
  region size 2048K, 11 young (22528K), 2 survivors (4096K)
 Metaspace       used 25298K, committed 25728K, reserved 1114112K
  class space    used 2650K, committed 2880K, reserved 1048576K
}
Event: 2.995 GC heap after
{Heap after GC invocations=9 (full 0):
 garbage-first heap   total 116736K, used 46022K [0x0000000705e00000, 0x0000000800000000)
  region size 2048K, 2 young (4096K), 2 survivors (4096K)
 Metaspace       used 25298K, committed 25728K, reserved 1114112K
  class space    used 2650K, committed 2880K, reserved 1048576K
}
Event: 3.326 GC heap before
{Heap before GC invocations=10 (full 0):
 garbage-first heap   total 116736K, used 84934K [0x0000000705e00000, 0x0000000800000000)
  region size 2048K, 20 young (40960K), 2 survivors (4096K)
 Metaspace       used 26594K, committed 27008K, reserved 1114112K
  class space    used 2781K, committed 3008K, reserved 1048576K
}
Event: 3.334 GC heap after
{Heap after GC invocations=11 (full 0):
 garbage-first heap   total 116736K, used 52342K [0x0000000705e00000, 0x0000000800000000)
  region size 2048K, 3 young (6144K), 3 survivors (6144K)
 Metaspace       used 26594K, committed 27008K, reserved 1114112K
  class space    used 2781K, committed 3008K, reserved 1048576K
}
Event: 3.387 GC heap before
{Heap before GC invocations=11 (full 0):
 garbage-first heap   total 116736K, used 54390K [0x0000000705e00000, 0x0000000800000000)
  region size 2048K, 4 young (8192K), 3 survivors (6144K)
 Metaspace       used 26738K, committed 27200K, reserved 1114112K
  class space    used 2792K, committed 3008K, reserved 1048576K
}
Event: 3.391 GC heap after
{Heap after GC invocations=12 (full 0):
 garbage-first heap   total 116736K, used 52265K [0x0000000705e00000, 0x0000000800000000)
  region size 2048K, 1 young (2048K), 1 survivors (2048K)
 Metaspace       used 26738K, committed 27200K, reserved 1114112K
  class space    used 2792K, committed 3008K, reserved 1048576K
}
Event: 3.635 GC heap before
{Heap before GC invocations=12 (full 0):
 garbage-first heap   total 116736K, used 82985K [0x0000000705e00000, 0x0000000800000000)
  region size 2048K, 17 young (34816K), 1 survivors (2048K)
 Metaspace       used 27625K, committed 28160K, reserved 1114112K
  class space    used 2877K, committed 3136K, reserved 1048576K
}
Event: 3.636 GC heap after
{Heap after GC invocations=13 (full 0):
 garbage-first heap   total 116736K, used 51894K [0x0000000705e00000, 0x0000000800000000)
  region size 2048K, 1 young (2048K), 1 survivors (2048K)
 Metaspace       used 27625K, committed 28160K, reserved 1114112K
  class space    used 2877K, committed 3136K, reserved 1048576K
}
Event: 3.729 GC heap before
{Heap before GC invocations=14 (full 0):
 garbage-first heap   total 116736K, used 86710K [0x0000000705e00000, 0x0000000800000000)
  region size 2048K, 18 young (36864K), 1 survivors (2048K)
 Metaspace       used 27717K, committed 28224K, reserved 1114112K
  class space    used 2883K, committed 3136K, reserved 1048576K
}
Event: 3.730 GC heap after
{Heap after GC invocations=15 (full 0):
 garbage-first heap   total 116736K, used 51921K [0x0000000705e00000, 0x0000000800000000)
  region size 2048K, 1 young (2048K), 1 survivors (2048K)
 Metaspace       used 27717K, committed 28224K, reserved 1114112K
  class space    used 2883K, committed 3136K, reserved 1048576K
}
Event: 3.733 GC heap before
{Heap before GC invocations=15 (full 0):
 garbage-first heap   total 116736K, used 53969K [0x0000000705e00000, 0x0000000800000000)
  region size 2048K, 2 young (4096K), 1 survivors (2048K)
 Metaspace       used 27721K, committed 28224K, reserved 1114112K
  class space    used 2883K, committed 3136K, reserved 1048576K
}
Event: 3.735 GC heap after
{Heap after GC invocations=16 (full 0):
 garbage-first heap   total 116736K, used 51446K [0x0000000705e00000, 0x0000000800000000)
  region size 2048K, 1 young (2048K), 1 survivors (2048K)
 Metaspace       used 27721K, committed 28224K, reserved 1114112K
  class space    used 2883K, committed 3136K, reserved 1048576K
}
Event: 3.902 GC heap before
{Heap before GC invocations=16 (full 0):
 garbage-first heap   total 116736K, used 88310K [0x0000000705e00000, 0x0000000800000000)
  region size 2048K, 20 young (40960K), 1 survivors (2048K)
 Metaspace       used 28167K, committed 28672K, reserved 1114112K
  class space    used 2954K, committed 3200K, reserved 1048576K
}
Event: 3.904 GC heap after
{Heap after GC invocations=17 (full 0):
 garbage-first heap   total 243712K, used 51626K [0x0000000705e00000, 0x0000000800000000)
  region size 2048K, 1 young (2048K), 1 survivors (2048K)
 Metaspace       used 28167K, committed 28672K, reserved 1114112K
  class space    used 2954K, committed 3200K, reserved 1048576K
}

