# JRE version: Java(TM) SE Runtime Environment (19.0.2+7) (build 19.0.2+7-44)
# Java VM: Java HotSpot(TM) 64-Bit Server VM (19.0.2+7-44, mixed mode, sharing, tiered, compressed oops, compressed class ptrs, g1 gc, windows-amd64)
GC Precious Log:
 CardTable entry size: 512
 Card Set container configuration: InlinePtr #cards 4 size 8 Array Of Cards #cards 16 size 48 Howl #buckets 8 coarsen threshold 3686 Howl Bitmap #cards 512 size 80 coarsen threshold 460 Card regions per heap region 1 cards per card region 4096
 CPUs: 16 total, 16 available
 Memory: 16004M
 Large Page Support: Disabled
 NUMA Support: Disabled
 Compressed Oops: Enabled (Zero based)
 Heap Region Size: 2M
 Heap Min Capacity: 8M
 Heap Initial Capacity: 252M
 Heap Max Capacity: 4002M
 Pre-touch: Disabled
 Parallel Workers: 13
 Concurrent Workers: 3
 Concurrent Refinement Workers: 13
 Periodic GC: Disabled
Heap:
 garbage-first heap   total 243712K, used 77289K [0x0000000705e00000, 0x0000000800000000)
  region size 2048K, 14 young (28672K), 2 survivors (4096K)
 Metaspace       used 28490K, committed 29056K, reserved 1114112K
  class space    used 2968K, committed 3264K, reserved 1048576K
GC Heap History (20 events):
Event: 2.546 GC heap before
{Heap before GC invocations=6 (full 0):
 garbage-first heap   total 83968K, used 56438K [0x0000000705e00000, 0x0000000800000000)
  region size 2048K, 15 young (30720K), 1 survivors (2048K)
 Metaspace       used 24395K, committed 24768K, reserved 1114112K
  class space    used 2579K, committed 2752K, reserved 1048576K
}
Event: 2.550 GC heap after
{Heap after GC invocations=7 (full 0):
 garbage-first heap   total 83968K, used 38493K [0x0000000705e00000, 0x0000000800000000)
  region size 2048K, 2 young (4096K), 2 survivors (4096K)
 Metaspace       used 24395K, committed 24768K, reserved 1114112K
  class space    used 2579K, committed 2752K, reserved 1048576K
}
Event: 2.677 GC heap before
{Heap before GC invocations=7 (full 0):
 garbage-first heap   total 83968K, used 58973K [0x0000000705e00000, 0x0000000800000000)
  region size 2048K, 12 young (24576K), 2 survivors (4096K)
 Metaspace       used 24831K, committed 25216K, reserved 1114112K
  class space    used 2621K, committed 2816K, reserved 1048576K
}
Event: 2.681 GC heap after
{Heap after GC invocations=8 (full 0):
 garbage-first heap   total 83968K, used 42607K [0x0000000705e00000, 0x0000000800000000)
  region size 2048K, 2 young (4096K), 2 survivors (4096K)
 Metaspace       used 24831K, committed 25216K, reserved 1114112K
  class space    used 2621K, committed 2816K, reserved 1048576K
}
Event: 2.765 GC heap before
{Heap before GC invocations=8 (full 0):
 garbage-first heap   total 83968K, used 61039K [0x0000000705e00000, 0x0000000800000000)
  region size 2048K, 11 young (22528K), 2 survivors (4096K)
 Metaspace       used 25152K, committed 25600K, reserved 1114112K
  class space    used 2640K, committed 2880K, reserved 1048576K
}
Event: 2.770 GC heap after
{Heap after GC invocations=9 (full 0):
 garbage-first heap   total 126976K, used 46731K [0x0000000705e00000, 0x0000000800000000)
  region size 2048K, 2 young (4096K), 2 survivors (4096K)
 Metaspace       used 25152K, committed 25600K, reserved 1114112K
  class space    used 2640K, committed 2880K, reserved 1048576K
}
Event: 3.199 GC heap before
{Heap before GC invocations=10 (full 0):
 garbage-first heap   total 126976K, used 91787K [0x0000000705e00000, 0x0000000800000000)
  region size 2048K, 23 young (47104K), 2 survivors (4096K)
 Metaspace       used 26822K, committed 27200K, reserved 1114112K
  class space    used 2800K, committed 3008K, reserved 1048576K
}
Event: 3.207 GC heap after
{Heap after GC invocations=11 (full 0):
 garbage-first heap   total 126976K, used 52837K [0x0000000705e00000, 0x0000000800000000)
  region size 2048K, 3 young (6144K), 3 survivors (6144K)
 Metaspace       used 26822K, committed 27200K, reserved 1114112K
  class space    used 2800K, committed 3008K, reserved 1048576K
}
Event: 3.219 GC heap before
{Heap before GC invocations=11 (full 0):
 garbage-first heap   total 126976K, used 54885K [0x0000000705e00000, 0x0000000800000000)
  region size 2048K, 4 young (8192K), 3 survivors (6144K)
 Metaspace       used 26934K, committed 27264K, reserved 1114112K
  class space    used 2812K, committed 3008K, reserved 1048576K
}
Event: 3.224 GC heap after
{Heap after GC invocations=12 (full 0):
 garbage-first heap   total 126976K, used 52920K [0x0000000705e00000, 0x0000000800000000)
  region size 2048K, 1 young (2048K), 1 survivors (2048K)
 Metaspace       used 26934K, committed 27264K, reserved 1114112K
  class space    used 2812K, committed 3008K, reserved 1048576K
}
Event: 3.459 GC heap before
{Heap before GC invocations=12 (full 0):
 garbage-first heap   total 126976K, used 89784K [0x0000000705e00000, 0x0000000800000000)
  region size 2048K, 20 young (40960K), 1 survivors (2048K)
 Metaspace       used 27546K, committed 28032K, reserved 1114112K
  class space    used 2871K, committed 3136K, reserved 1048576K
}
Event: 3.460 GC heap after
{Heap after GC invocations=13 (full 0):
 garbage-first heap   total 126976K, used 52631K [0x0000000705e00000, 0x0000000800000000)
  region size 2048K, 1 young (2048K), 1 survivors (2048K)
 Metaspace       used 27546K, committed 28032K, reserved 1114112K
  class space    used 2871K, committed 3136K, reserved 1048576K
}
Event: 3.523 GC heap before
{Heap before GC invocations=13 (full 0):
 garbage-first heap   total 126976K, used 93591K [0x0000000705e00000, 0x0000000800000000)
  region size 2048K, 21 young (43008K), 1 survivors (2048K)
 Metaspace       used 27614K, committed 28096K, reserved 1114112K
  class space    used 2876K, committed 3136K, reserved 1048576K
}
Event: 3.523 GC heap after
{Heap after GC invocations=14 (full 0):
 garbage-first heap   total 126976K, used 52469K [0x0000000705e00000, 0x0000000800000000)
  region size 2048K, 1 young (2048K), 1 survivors (2048K)
 Metaspace       used 27614K, committed 28096K, reserved 1114112K
  class space    used 2876K, committed 3136K, reserved 1048576K
}
Event: 3.715 GC heap before
{Heap before GC invocations=14 (full 0):
 garbage-first heap   total 126976K, used 95477K [0x0000000705e00000, 0x0000000800000000)
  region size 2048K, 22 young (45056K), 1 survivors (2048K)
 Metaspace       used 28211K, committed 28736K, reserved 1114112K
  class space    used 2955K, committed 3200K, reserved 1048576K
}
Event: 3.717 GC heap after
{Heap after GC invocations=15 (full 0):
 garbage-first heap   total 126976K, used 53057K [0x0000000705e00000, 0x0000000800000000)
  region size 2048K, 1 young (2048K), 1 survivors (2048K)
 Metaspace       used 28211K, committed 28736K, reserved 1114112K
  class space    used 2955K, committed 3200K, reserved 1048576K
}
Event: 3.814 GC heap before
{Heap before GC invocations=15 (full 0):
 garbage-first heap   total 126976K, used 98113K [0x0000000705e00000, 0x0000000800000000)
  region size 2048K, 23 young (47104K), 1 survivors (2048K)
 Metaspace       used 28403K, committed 28928K, reserved 1114112K
  class space    used 2963K, committed 3264K, reserved 1048576K
}
Event: 3.816 GC heap after
{Heap after GC invocations=16 (full 0):
 garbage-first heap   total 126976K, used 54030K [0x0000000705e00000, 0x0000000800000000)
  region size 2048K, 1 young (2048K), 1 survivors (2048K)
 Metaspace       used 28403K, committed 28928K, reserved 1114112K
  class space    used 2963K, committed 3264K, reserved 1048576K
}
Event: 3.879 GC heap before
{Heap before GC invocations=16 (full 0):
 garbage-first heap   total 126976K, used 101134K [0x0000000705e00000, 0x0000000800000000)
  region size 2048K, 24 young (49152K), 1 survivors (2048K)
 Metaspace       used 28490K, committed 29056K, reserved 1114112K
  class space    used 2968K, committed 3264K, reserved 1048576K
}
Event: 3.883 GC heap after
{Heap after GC invocations=17 (full 0):
 garbage-first heap   total 243712K, used 54761K [0x0000000705e00000, 0x0000000800000000)
  region size 2048K, 2 young (4096K), 2 survivors (4096K)
 Metaspace       used 28490K, committed 29056K, reserved 1114112K
  class space    used 2968K, committed 3264K, reserved 1048576K
}

