# JRE version: Java(TM) SE Runtime Environment (19.0.2+7) (build 19.0.2+7-44)
# Java VM: Java HotSpot(TM) 64-Bit Server VM (19.0.2+7-44, mixed mode, sharing, tiered, compressed oops, compressed class ptrs, g1 gc, windows-amd64)
GC Precious Log:
 CardTable entry size: 512
 Card Set container configuration: InlinePtr #cards 4 size 8 Array Of Cards #cards 16 size 48 Howl #buckets 8 coarsen threshold 3686 Howl Bitmap #cards 512 size 80 coarsen threshold 460 Card regions per heap region 1 cards per card region 4096
 CPUs: 16 total, 16 available
 Memory: 16005M
 Large Page Support: Disabled
 NUMA Support: Disabled
 Compressed Oops: Enabled (Zero based)
 Heap Region Size: 2M
 Heap Min Capacity: 8M
 Heap Initial Capacity: 252M
 Heap Max Capacity: 4002M
 Pre-touch: Disabled
 Parallel Workers: 13
 Concurrent Workers: 3
 Concurrent Refinement Workers: 13
 Periodic GC: Disabled
Heap:
 garbage-first heap   total 202752K, used 67515K [0x0000000705e00000, 0x0000000800000000)
  region size 2048K, 14 young (28672K), 6 survivors (12288K)
 Metaspace       used 34763K, committed 35328K, reserved 1114112K
  class space    used 3592K, committed 3904K, reserved 1048576K
GC Heap History (20 events):
Event: 2.527 GC heap before
{Heap before GC invocations=8 (full 0):
 garbage-first heap   total 65536K, used 46895K [0x0000000705e00000, 0x0000000800000000)
  region size 2048K, 8 young (16384K), 1 survivors (2048K)
 Metaspace       used 24998K, committed 25408K, reserved 1114112K
  class space    used 2642K, committed 2880K, reserved 1048576K
}
Event: 2.531 GC heap after
{Heap after GC invocations=9 (full 0):
 garbage-first heap   total 110592K, used 35922K [0x0000000705e00000, 0x0000000800000000)
  region size 2048K, 1 young (2048K), 1 survivors (2048K)
 Metaspace       used 24998K, committed 25408K, reserved 1114112K
  class space    used 2642K, committed 2880K, reserved 1048576K
}
Event: 2.958 GC heap before
{Heap before GC invocations=10 (full 0):
 garbage-first heap   total 110592K, used 76882K [0x0000000705e00000, 0x0000000800000000)
  region size 2048K, 21 young (43008K), 1 survivors (2048K)
 Metaspace       used 26827K, committed 27264K, reserved 1114112K
  class space    used 2823K, committed 3008K, reserved 1048576K
}
Event: 2.965 GC heap after
{Heap after GC invocations=11 (full 0):
 garbage-first heap   total 110592K, used 41562K [0x0000000705e00000, 0x0000000800000000)
  region size 2048K, 3 young (6144K), 3 survivors (6144K)
 Metaspace       used 26827K, committed 27264K, reserved 1114112K
  class space    used 2823K, committed 3008K, reserved 1048576K
}
Event: 2.985 GC heap before
{Heap before GC invocations=11 (full 0):
 garbage-first heap   total 110592K, used 41562K [0x0000000705e00000, 0x0000000800000000)
  region size 2048K, 4 young (8192K), 3 survivors (6144K)
 Metaspace       used 26987K, committed 27392K, reserved 1114112K
  class space    used 2839K, committed 3072K, reserved 1048576K
}
Event: 2.990 GC heap after
{Heap after GC invocations=12 (full 0):
 garbage-first heap   total 110592K, used 41260K [0x0000000705e00000, 0x0000000800000000)
  region size 2048K, 1 young (2048K), 1 survivors (2048K)
 Metaspace       used 26987K, committed 27392K, reserved 1114112K
  class space    used 2839K, committed 3072K, reserved 1048576K
}
Event: 3.143 GC heap before
{Heap before GC invocations=12 (full 0):
 garbage-first heap   total 110592K, used 80172K [0x0000000705e00000, 0x0000000800000000)
  region size 2048K, 20 young (40960K), 1 survivors (2048K)
 Metaspace       used 27320K, committed 27840K, reserved 1114112K
  class space    used 2863K, committed 3136K, reserved 1048576K
}
Event: 3.144 GC heap after
{Heap after GC invocations=13 (full 0):
 garbage-first heap   total 110592K, used 40838K [0x0000000705e00000, 0x0000000800000000)
  region size 2048K, 1 young (2048K), 1 survivors (2048K)
 Metaspace       used 27320K, committed 27840K, reserved 1114112K
  class space    used 2863K, committed 3136K, reserved 1048576K
}
Event: 3.347 GC heap before
{Heap before GC invocations=13 (full 0):
 garbage-first heap   total 110592K, used 81798K [0x0000000705e00000, 0x0000000800000000)
  region size 2048K, 21 young (43008K), 1 survivors (2048K)
 Metaspace       used 27946K, committed 28416K, reserved 1114112K
  class space    used 2945K, committed 3200K, reserved 1048576K
}
Event: 3.348 GC heap after
{Heap after GC invocations=14 (full 0):
 garbage-first heap   total 110592K, used 41531K [0x0000000705e00000, 0x0000000800000000)
  region size 2048K, 1 young (2048K), 1 survivors (2048K)
 Metaspace       used 27946K, committed 28416K, reserved 1114112K
  class space    used 2945K, committed 3200K, reserved 1048576K
}
Event: 3.431 GC heap before
{Heap before GC invocations=14 (full 0):
 garbage-first heap   total 110592K, used 84539K [0x0000000705e00000, 0x0000000800000000)
  region size 2048K, 22 young (45056K), 1 survivors (2048K)
 Metaspace       used 28137K, committed 28672K, reserved 1114112K
  class space    used 2953K, committed 3264K, reserved 1048576K
}
Event: 3.434 GC heap after
{Heap after GC invocations=15 (full 0):
 garbage-first heap   total 110592K, used 42282K [0x0000000705e00000, 0x0000000800000000)
  region size 2048K, 1 young (2048K), 1 survivors (2048K)
 Metaspace       used 28137K, committed 28672K, reserved 1114112K
  class space    used 2953K, committed 3264K, reserved 1048576K
}
Event: 3.524 GC heap before
{Heap before GC invocations=15 (full 0):
 garbage-first heap   total 110592K, used 85290K [0x0000000705e00000, 0x0000000800000000)
  region size 2048K, 22 young (45056K), 1 survivors (2048K)
 Metaspace       used 28260K, committed 28800K, reserved 1114112K
  class space    used 2960K, committed 3264K, reserved 1048576K
}
Event: 3.528 GC heap after
{Heap after GC invocations=16 (full 0):
 garbage-first heap   total 110592K, used 43217K [0x0000000705e00000, 0x0000000800000000)
  region size 2048K, 2 young (4096K), 2 survivors (4096K)
 Metaspace       used 28260K, committed 28800K, reserved 1114112K
  class space    used 2960K, committed 3264K, reserved 1048576K
}
Event: 3.606 GC heap before
{Heap before GC invocations=16 (full 0):
 garbage-first heap   total 110592K, used 86225K [0x0000000705e00000, 0x0000000800000000)
  region size 2048K, 23 young (47104K), 2 survivors (4096K)
 Metaspace       used 28366K, committed 28928K, reserved 1114112K
  class space    used 2960K, committed 3264K, reserved 1048576K
}
Event: 3.610 GC heap after
{Heap after GC invocations=17 (full 0):
 garbage-first heap   total 202752K, used 43387K [0x0000000705e00000, 0x0000000800000000)
  region size 2048K, 2 young (4096K), 2 survivors (4096K)
 Metaspace       used 28366K, committed 28928K, reserved 1114112K
  class space    used 2960K, committed 3264K, reserved 1048576K
}
Event: 4.682 GC heap before
{Heap before GC invocations=17 (full 0):
 garbage-first heap   total 202752K, used 164219K [0x0000000705e00000, 0x0000000800000000)
  region size 2048K, 59 young (120832K), 2 survivors (4096K)
 Metaspace       used 31194K, committed 31808K, reserved 1114112K
  class space    used 3209K, committed 3520K, reserved 1048576K
}
Event: 4.689 GC heap after
{Heap after GC invocations=18 (full 0):
 garbage-first heap   total 202752K, used 50635K [0x0000000705e00000, 0x0000000800000000)
  region size 2048K, 3 young (6144K), 3 survivors (6144K)
 Metaspace       used 31194K, committed 31808K, reserved 1114112K
  class space    used 3209K, committed 3520K, reserved 1048576K
}
Event: 5.634 GC heap before
{Heap before GC invocations=18 (full 0):
 garbage-first heap   total 202752K, used 161227K [0x0000000705e00000, 0x0000000800000000)
  region size 2048K, 58 young (118784K), 3 survivors (6144K)
 Metaspace       used 34430K, committed 35072K, reserved 1114112K
  class space    used 3551K, committed 3904K, reserved 1048576K
}
Event: 5.641 GC heap after
{Heap after GC invocations=19 (full 0):
 garbage-first heap   total 202752K, used 53179K [0x0000000705e00000, 0x0000000800000000)
  region size 2048K, 6 young (12288K), 6 survivors (12288K)
 Metaspace       used 34430K, committed 35072K, reserved 1114112K
  class space    used 3551K, committed 3904K, reserved 1048576K
}

