# JRE version: Java(TM) SE Runtime Environment (19.0.2+7) (build 19.0.2+7-44)
# Java VM: Java HotSpot(TM) 64-Bit Server VM (19.0.2+7-44, mixed mode, sharing, tiered, compressed oops, compressed class ptrs, g1 gc, windows-amd64)
GC Precious Log:
 CardTable entry size: 512
 Card Set container configuration: InlinePtr #cards 4 size 8 Array Of Cards #cards 16 size 48 Howl #buckets 8 coarsen threshold 3686 Howl Bitmap #cards 512 size 80 coarsen threshold 460 Card regions per heap region 1 cards per card region 4096
 CPUs: 16 total, 16 available
 Memory: 16005M
 Large Page Support: Disabled
 NUMA Support: Disabled
 Compressed Oops: Enabled (Zero based)
 Heap Region Size: 2M
 Heap Min Capacity: 8M
 Heap Initial Capacity: 252M
 Heap Max Capacity: 4002M
 Pre-touch: Disabled
 Parallel Workers: 13
 Concurrent Workers: 3
 Concurrent Refinement Workers: 13
 Periodic GC: Disabled
Heap:
 garbage-first heap   total 192512K, used 62851K [0x0000000705e00000, 0x0000000800000000)
  region size 2048K, 9 young (18432K), 1 survivors (2048K)
 Metaspace       used 27960K, committed 28480K, reserved 1114112K
  class space    used 2930K, committed 3200K, reserved 1048576K
GC Heap History (20 events):
Event: 2.434 GC heap before
{Heap before GC invocations=5 (full 0):
 garbage-first heap   total 79872K, used 29820K [0x0000000705e00000, 0x0000000800000000)
  region size 2048K, 5 young (10240K), 4 survivors (8192K)
 Metaspace       used 24390K, committed 24768K, reserved 1114112K
  class space    used 2580K, committed 2752K, reserved 1048576K
}
Event: 2.437 GC heap after
{Heap after GC invocations=6 (full 0):
 garbage-first heap   total 79872K, used 29960K [0x0000000705e00000, 0x0000000800000000)
  region size 2048K, 1 young (2048K), 1 survivors (2048K)
 Metaspace       used 24390K, committed 24768K, reserved 1114112K
  class space    used 2580K, committed 2752K, reserved 1048576K
}
Event: 2.609 GC heap before
{Heap before GC invocations=6 (full 0):
 garbage-first heap   total 79872K, used 54536K [0x0000000705e00000, 0x0000000800000000)
  region size 2048K, 14 young (28672K), 1 survivors (2048K)
 Metaspace       used 24460K, committed 24832K, reserved 1114112K
  class space    used 2580K, committed 2752K, reserved 1048576K
}
Event: 2.612 GC heap after
{Heap after GC invocations=7 (full 0):
 garbage-first heap   total 79872K, used 37696K [0x0000000705e00000, 0x0000000800000000)
  region size 2048K, 2 young (4096K), 2 survivors (4096K)
 Metaspace       used 24460K, committed 24832K, reserved 1114112K
  class space    used 2580K, committed 2752K, reserved 1048576K
}
Event: 2.740 GC heap before
{Heap before GC invocations=7 (full 0):
 garbage-first heap   total 79872K, used 56128K [0x0000000705e00000, 0x0000000800000000)
  region size 2048K, 11 young (22528K), 2 survivors (4096K)
 Metaspace       used 24960K, committed 25408K, reserved 1114112K
  class space    used 2638K, committed 2880K, reserved 1048576K
}
Event: 2.744 GC heap after
{Heap after GC invocations=8 (full 0):
 garbage-first heap   total 79872K, used 42147K [0x0000000705e00000, 0x0000000800000000)
  region size 2048K, 2 young (4096K), 2 survivors (4096K)
 Metaspace       used 24960K, committed 25408K, reserved 1114112K
  class space    used 2638K, committed 2880K, reserved 1048576K
}
Event: 2.808 GC heap before
{Heap before GC invocations=8 (full 0):
 garbage-first heap   total 79872K, used 58531K [0x0000000705e00000, 0x0000000800000000)
  region size 2048K, 10 young (20480K), 2 survivors (4096K)
 Metaspace       used 25162K, committed 25600K, reserved 1114112K
  class space    used 2640K, committed 2880K, reserved 1048576K
}
Event: 2.813 GC heap after
{Heap after GC invocations=9 (full 0):
 garbage-first heap   total 108544K, used 45069K [0x0000000705e00000, 0x0000000800000000)
  region size 2048K, 2 young (4096K), 2 survivors (4096K)
 Metaspace       used 25162K, committed 25600K, reserved 1114112K
  class space    used 2640K, committed 2880K, reserved 1048576K
}
Event: 3.116 GC heap before
{Heap before GC invocations=10 (full 0):
 garbage-first heap   total 108544K, used 77837K [0x0000000705e00000, 0x0000000800000000)
  region size 2048K, 17 young (34816K), 2 survivors (4096K)
 Metaspace       used 26260K, committed 26688K, reserved 1114112K
  class space    used 2716K, committed 2944K, reserved 1048576K
}
Event: 3.123 GC heap after
{Heap after GC invocations=11 (full 0):
 garbage-first heap   total 108544K, used 51470K [0x0000000705e00000, 0x0000000800000000)
  region size 2048K, 3 young (6144K), 3 survivors (6144K)
 Metaspace       used 26260K, committed 26688K, reserved 1114112K
  class space    used 2716K, committed 2944K, reserved 1048576K
}
Event: 3.134 GC heap before
{Heap before GC invocations=11 (full 0):
 garbage-first heap   total 108544K, used 53518K [0x0000000705e00000, 0x0000000800000000)
  region size 2048K, 4 young (8192K), 3 survivors (6144K)
 Metaspace       used 26312K, committed 26752K, reserved 1114112K
  class space    used 2730K, committed 2944K, reserved 1048576K
}
Event: 3.139 GC heap after
{Heap after GC invocations=12 (full 0):
 garbage-first heap   total 108544K, used 51605K [0x0000000705e00000, 0x0000000800000000)
  region size 2048K, 1 young (2048K), 1 survivors (2048K)
 Metaspace       used 26312K, committed 26752K, reserved 1114112K
  class space    used 2730K, committed 2944K, reserved 1048576K
}
Event: 3.401 GC heap before
{Heap before GC invocations=12 (full 0):
 garbage-first heap   total 108544K, used 78229K [0x0000000705e00000, 0x0000000800000000)
  region size 2048K, 15 young (30720K), 1 survivors (2048K)
 Metaspace       used 27462K, committed 27904K, reserved 1114112K
  class space    used 2861K, committed 3072K, reserved 1048576K
}
Event: 3.402 GC heap after
{Heap after GC invocations=13 (full 0):
 garbage-first heap   total 108544K, used 51674K [0x0000000705e00000, 0x0000000800000000)
  region size 2048K, 1 young (2048K), 1 survivors (2048K)
 Metaspace       used 27462K, committed 27904K, reserved 1114112K
  class space    used 2861K, committed 3072K, reserved 1048576K
}
Event: 3.496 GC heap before
{Heap before GC invocations=14 (full 0):
 garbage-first heap   total 108544K, used 80346K [0x0000000705e00000, 0x0000000800000000)
  region size 2048K, 15 young (30720K), 1 survivors (2048K)
 Metaspace       used 27601K, committed 28096K, reserved 1114112K
  class space    used 2868K, committed 3136K, reserved 1048576K
}
Event: 3.497 GC heap after
{Heap after GC invocations=15 (full 0):
 garbage-first heap   total 108544K, used 51158K [0x0000000705e00000, 0x0000000800000000)
  region size 2048K, 1 young (2048K), 1 survivors (2048K)
 Metaspace       used 27601K, committed 28096K, reserved 1114112K
  class space    used 2868K, committed 3136K, reserved 1048576K
}
Event: 3.502 GC heap before
{Heap before GC invocations=15 (full 0):
 garbage-first heap   total 108544K, used 53206K [0x0000000705e00000, 0x0000000800000000)
  region size 2048K, 2 young (4096K), 1 survivors (2048K)
 Metaspace       used 27606K, committed 28096K, reserved 1114112K
  class space    used 2868K, committed 3136K, reserved 1048576K
}
Event: 3.503 GC heap after
{Heap after GC invocations=16 (full 0):
 garbage-first heap   total 108544K, used 50629K [0x0000000705e00000, 0x0000000800000000)
  region size 2048K, 1 young (2048K), 1 survivors (2048K)
 Metaspace       used 27606K, committed 28096K, reserved 1114112K
  class space    used 2868K, committed 3136K, reserved 1048576K
}
Event: 3.550 GC heap before
{Heap before GC invocations=16 (full 0):
 garbage-first heap   total 108544K, used 79301K [0x0000000705e00000, 0x0000000800000000)
  region size 2048K, 16 young (32768K), 1 survivors (2048K)
 Metaspace       used 27643K, committed 28160K, reserved 1114112K
  class space    used 2874K, committed 3136K, reserved 1048576K
}
Event: 3.551 GC heap after
{Heap after GC invocations=17 (full 0):
 garbage-first heap   total 233472K, used 50563K [0x0000000705e00000, 0x0000000800000000)
  region size 2048K, 1 young (2048K), 1 survivors (2048K)
 Metaspace       used 27643K, committed 28160K, reserved 1114112K
  class space    used 2874K, committed 3136K, reserved 1048576K
}

