# JRE version: Java(TM) SE Runtime Environment (19.0.2+7) (build 19.0.2+7-44)
# Java VM: Java HotSpot(TM) 64-Bit Server VM (19.0.2+7-44, mixed mode, sharing, tiered, compressed oops, compressed class ptrs, g1 gc, windows-amd64)
GC Precious Log:
 CardTable entry size: 512
 Card Set container configuration: InlinePtr #cards 4 size 8 Array Of Cards #cards 16 size 48 Howl #buckets 8 coarsen threshold 3686 Howl Bitmap #cards 512 size 80 coarsen threshold 460 Card regions per heap region 1 cards per card region 4096
 CPUs: 16 total, 16 available
 Memory: 16005M
 Large Page Support: Disabled
 NUMA Support: Disabled
 Compressed Oops: Enabled (Zero based)
 Heap Region Size: 2M
 Heap Min Capacity: 8M
 Heap Initial Capacity: 252M
 Heap Max Capacity: 4002M
 Pre-touch: Disabled
 Parallel Workers: 13
 Concurrent Workers: 3
 Concurrent Refinement Workers: 13
 Periodic GC: Disabled
Heap:
 garbage-first heap   total 147456K, used 55286K [0x0000000705e00000, 0x0000000800000000)
  region size 2048K, 3 young (6144K), 3 survivors (6144K)
 Metaspace       used 28784K, committed 29312K, reserved 1114112K
  class space    used 2974K, committed 3264K, reserved 1048576K
GC Heap History (20 events):
Event: 3.386 GC heap after
{Heap after GC invocations=8 (full 0):
 garbage-first heap   total 112640K, used 42327K [0x0000000705e00000, 0x0000000800000000)
  region size 2048K, 2 young (4096K), 2 survivors (4096K)
 Metaspace       used 24879K, committed 25280K, reserved 1114112K
  class space    used 2619K, committed 2816K, reserved 1048576K
}
Event: 3.634 GC heap before
{Heap before GC invocations=8 (full 0):
 garbage-first heap   total 112640K, used 81239K [0x0000000705e00000, 0x0000000800000000)
  region size 2048K, 20 young (40960K), 2 survivors (4096K)
 Metaspace       used 25397K, committed 25856K, reserved 1114112K
  class space    used 2645K, committed 2880K, reserved 1048576K
}
Event: 3.644 GC heap after
{Heap after GC invocations=9 (full 0):
 garbage-first heap   total 112640K, used 50323K [0x0000000705e00000, 0x0000000800000000)
  region size 2048K, 3 young (6144K), 3 survivors (6144K)
 Metaspace       used 25397K, committed 25856K, reserved 1114112K
  class space    used 2645K, committed 2880K, reserved 1048576K
}
Event: 4.116 GC heap before
{Heap before GC invocations=9 (full 0):
 garbage-first heap   total 112640K, used 78995K [0x0000000705e00000, 0x0000000800000000)
  region size 2048K, 18 young (36864K), 3 survivors (6144K)
 Metaspace       used 27300K, committed 27712K, reserved 1114112K
  class space    used 2844K, committed 3072K, reserved 1048576K
}
Event: 4.123 GC heap after
{Heap after GC invocations=10 (full 0):
 garbage-first heap   total 112640K, used 52389K [0x0000000705e00000, 0x0000000800000000)
  region size 2048K, 1 young (2048K), 1 survivors (2048K)
 Metaspace       used 27300K, committed 27712K, reserved 1114112K
  class space    used 2844K, committed 3072K, reserved 1048576K
}
Event: 4.249 GC heap before
{Heap before GC invocations=10 (full 0):
 garbage-first heap   total 112640K, used 83109K [0x0000000705e00000, 0x0000000800000000)
  region size 2048K, 17 young (34816K), 1 survivors (2048K)
 Metaspace       used 27607K, committed 28096K, reserved 1114112K
  class space    used 2870K, committed 3136K, reserved 1048576K
}
Event: 4.251 GC heap after
{Heap after GC invocations=11 (full 0):
 garbage-first heap   total 112640K, used 52248K [0x0000000705e00000, 0x0000000800000000)
  region size 2048K, 1 young (2048K), 1 survivors (2048K)
 Metaspace       used 27607K, committed 28096K, reserved 1114112K
  class space    used 2870K, committed 3136K, reserved 1048576K
}
Event: 4.329 GC heap before
{Heap before GC invocations=12 (full 0):
 garbage-first heap   total 112640K, used 85016K [0x0000000705e00000, 0x0000000800000000)
  region size 2048K, 17 young (34816K), 1 survivors (2048K)
 Metaspace       used 27669K, committed 28160K, reserved 1114112K
  class space    used 2874K, committed 3136K, reserved 1048576K
}
Event: 4.331 GC heap after
{Heap after GC invocations=13 (full 0):
 garbage-first heap   total 112640K, used 52118K [0x0000000705e00000, 0x0000000800000000)
  region size 2048K, 1 young (2048K), 1 survivors (2048K)
 Metaspace       used 27669K, committed 28160K, reserved 1114112K
  class space    used 2874K, committed 3136K, reserved 1048576K
}
Event: 4.336 GC heap before
{Heap before GC invocations=13 (full 0):
 garbage-first heap   total 112640K, used 54166K [0x0000000705e00000, 0x0000000800000000)
  region size 2048K, 2 young (4096K), 1 survivors (2048K)
 Metaspace       used 27669K, committed 28160K, reserved 1114112K
  class space    used 2874K, committed 3136K, reserved 1048576K
}
Event: 4.340 GC heap after
{Heap after GC invocations=14 (full 0):
 garbage-first heap   total 147456K, used 51351K [0x0000000705e00000, 0x0000000800000000)
  region size 2048K, 1 young (2048K), 1 survivors (2048K)
 Metaspace       used 27669K, committed 28160K, reserved 1114112K
  class space    used 2874K, committed 3136K, reserved 1048576K
}
Event: 4.618 GC heap before
{Heap before GC invocations=14 (full 0):
 garbage-first heap   total 147456K, used 108695K [0x0000000705e00000, 0x0000000800000000)
  region size 2048K, 30 young (61440K), 1 survivors (2048K)
 Metaspace       used 28334K, committed 28864K, reserved 1114112K
  class space    used 2961K, committed 3264K, reserved 1048576K
}
Event: 4.620 GC heap after
{Heap after GC invocations=15 (full 0):
 garbage-first heap   total 147456K, used 52023K [0x0000000705e00000, 0x0000000800000000)
  region size 2048K, 1 young (2048K), 1 survivors (2048K)
 Metaspace       used 28334K, committed 28864K, reserved 1114112K
  class space    used 2961K, committed 3264K, reserved 1048576K
}
Event: 4.736 GC heap before
{Heap before GC invocations=15 (full 0):
 garbage-first heap   total 147456K, used 115511K [0x0000000705e00000, 0x0000000800000000)
  region size 2048K, 32 young (65536K), 1 survivors (2048K)
 Metaspace       used 28550K, committed 29120K, reserved 1114112K
  class space    used 2968K, committed 3264K, reserved 1048576K
}
Event: 4.739 GC heap after
{Heap after GC invocations=16 (full 0):
 garbage-first heap   total 147456K, used 53364K [0x0000000705e00000, 0x0000000800000000)
  region size 2048K, 2 young (4096K), 2 survivors (4096K)
 Metaspace       used 28550K, committed 29120K, reserved 1114112K
  class space    used 2968K, committed 3264K, reserved 1048576K
}
Event: 4.826 GC heap before
{Heap before GC invocations=16 (full 0):
 garbage-first heap   total 147456K, used 116852K [0x0000000705e00000, 0x0000000800000000)
  region size 2048K, 33 young (67584K), 2 survivors (4096K)
 Metaspace       used 28574K, committed 29120K, reserved 1114112K
  class space    used 2971K, committed 3264K, reserved 1048576K
}
Event: 4.828 GC heap after
{Heap after GC invocations=17 (full 0):
 garbage-first heap   total 147456K, used 53500K [0x0000000705e00000, 0x0000000800000000)
  region size 2048K, 2 young (4096K), 2 survivors (4096K)
 Metaspace       used 28574K, committed 29120K, reserved 1114112K
  class space    used 2971K, committed 3264K, reserved 1048576K
}
Event: 4.989 GC heap before
{Heap before GC invocations=17 (full 0):
 garbage-first heap   total 147456K, used 119036K [0x0000000705e00000, 0x0000000800000000)
  region size 2048K, 34 young (69632K), 2 survivors (4096K)
 Metaspace       used 28733K, committed 29248K, reserved 1114112K
  class space    used 2974K, committed 3264K, reserved 1048576K
}
Event: 4.994 GC heap after
{Heap after GC invocations=18 (full 0):
 garbage-first heap   total 147456K, used 54795K [0x0000000705e00000, 0x0000000800000000)
  region size 2048K, 2 young (4096K), 2 survivors (4096K)
 Metaspace       used 28733K, committed 29248K, reserved 1114112K
  class space    used 2974K, committed 3264K, reserved 1048576K
}
Event: 5.111 GC heap before
{Heap before GC invocations=18 (full 0):
 garbage-first heap   total 147456K, used 120331K [0x0000000705e00000, 0x0000000800000000)
  region size 2048K, 34 young (69632K), 2 survivors (4096K)
 Metaspace       used 28784K, committed 29312K, reserved 1114112K
  class space    used 2974K, committed 3264K, reserved 1048576K
}

